[2025-01-13T17:40:47.943+0000] {local_task_job_runner.py:123} INFO - ::group::Pre task execution logs
[2025-01-13T17:40:48.019+0000] {taskinstance.py:2613} INFO - Dependencies all met for dep_context=non-requeueable deps ti=<TaskInstance: fetch_and_store_amazon_books.fetch_book_data scheduled__2024-07-29T00:00:00+00:00 [queued]>
[2025-01-13T17:40:48.090+0000] {taskinstance.py:2613} INFO - Dependencies all met for dep_context=requeueable deps ti=<TaskInstance: fetch_and_store_amazon_books.fetch_book_data scheduled__2024-07-29T00:00:00+00:00 [queued]>
[2025-01-13T17:40:48.092+0000] {taskinstance.py:2866} INFO - Starting attempt 1 of 2
[2025-01-13T17:40:48.409+0000] {taskinstance.py:2889} INFO - Executing <Task(PythonOperator): fetch_book_data> on 2024-07-29 00:00:00+00:00
[2025-01-13T17:40:48.438+0000] {warnings.py:112} WARNING - /home/***/.local/lib/python3.12/site-packages/***/task/task_runner/standard_task_runner.py:70: DeprecationWarning: This process (pid=319) is multi-threaded, use of fork() may lead to deadlocks in the child.
  pid = os.fork()

[2025-01-13T17:40:48.445+0000] {standard_task_runner.py:104} INFO - Running: ['***', 'tasks', 'run', 'fetch_and_store_amazon_books', 'fetch_book_data', 'scheduled__2024-07-29T00:00:00+00:00', '--job-id', '152', '--raw', '--subdir', 'DAGS_FOLDER/app.py', '--cfg-path', '/tmp/tmpzrcgpb24']
[2025-01-13T17:40:48.443+0000] {standard_task_runner.py:72} INFO - Started process 339 to run task
[2025-01-13T17:40:48.458+0000] {standard_task_runner.py:105} INFO - Job 152: Subtask fetch_book_data
[2025-01-13T17:40:48.712+0000] {task_command.py:467} INFO - Running <TaskInstance: fetch_and_store_amazon_books.fetch_book_data scheduled__2024-07-29T00:00:00+00:00 [running]> on host fd1694d66b9b
[2025-01-13T17:40:49.119+0000] {taskinstance.py:3132} INFO - Exporting env vars: AIRFLOW_CTX_DAG_OWNER='***' AIRFLOW_CTX_DAG_ID='fetch_and_store_amazon_books' AIRFLOW_CTX_TASK_ID='fetch_book_data' AIRFLOW_CTX_EXECUTION_DATE='2024-07-29T00:00:00+00:00' AIRFLOW_CTX_TRY_NUMBER='1' AIRFLOW_CTX_DAG_RUN_ID='scheduled__2024-07-29T00:00:00+00:00'
[2025-01-13T17:40:49.123+0000] {logging_mixin.py:190} INFO - Task instance is in running state
[2025-01-13T17:40:49.124+0000] {logging_mixin.py:190} INFO -  Previous state of the Task instance: queued
[2025-01-13T17:40:49.125+0000] {logging_mixin.py:190} INFO - Current task name:fetch_book_data state:running start_date:2025-01-13 17:40:48.028224+00:00
[2025-01-13T17:40:49.126+0000] {logging_mixin.py:190} INFO - Dag name:fetch_and_store_amazon_books and current dag run status:running
[2025-01-13T17:40:49.127+0000] {taskinstance.py:731} INFO - ::endgroup::
[2025-01-13T17:40:50.237+0000] {logging_mixin.py:190} INFO - Failed to retrieve the page
[2025-01-13T17:40:50.403+0000] {python.py:240} INFO - Done. Returned value was: None
[2025-01-13T17:40:50.450+0000] {taskinstance.py:340} INFO - ::group::Post task execution logs
[2025-01-13T17:40:50.466+0000] {taskinstance.py:352} INFO - Marking task as SUCCESS. dag_id=fetch_and_store_amazon_books, task_id=fetch_book_data, run_id=scheduled__2024-07-29T00:00:00+00:00, execution_date=20240729T000000, start_date=20250113T174048, end_date=20250113T174050
[2025-01-13T17:40:50.575+0000] {logging_mixin.py:190} INFO - Task instance in success state
[2025-01-13T17:40:50.581+0000] {logging_mixin.py:190} INFO -  Previous state of the Task instance: running
[2025-01-13T17:40:50.595+0000] {logging_mixin.py:190} INFO - Dag name:fetch_and_store_amazon_books queued_at:2025-01-13 17:40:41.172945+00:00
[2025-01-13T17:40:50.596+0000] {logging_mixin.py:190} INFO - Task hostname:fd1694d66b9b operator:PythonOperator
[2025-01-13T17:40:50.657+0000] {local_task_job_runner.py:266} INFO - Task exited with return code 0
[2025-01-13T17:40:50.775+0000] {local_task_job_runner.py:245} INFO - ::endgroup::
