[2025-01-13T05:33:39.693+0000] {local_task_job_runner.py:123} INFO - ::group::Pre task execution logs
[2025-01-13T05:33:39.717+0000] {taskinstance.py:2613} INFO - Dependencies all met for dep_context=non-requeueable deps ti=<TaskInstance: fetch_and_store_amazon_books.fetch_book_data scheduled__2024-06-26T00:00:00+00:00 [queued]>
[2025-01-13T05:33:39.728+0000] {taskinstance.py:2613} INFO - Dependencies all met for dep_context=requeueable deps ti=<TaskInstance: fetch_and_store_amazon_books.fetch_book_data scheduled__2024-06-26T00:00:00+00:00 [queued]>
[2025-01-13T05:33:39.739+0000] {taskinstance.py:2866} INFO - Starting attempt 2 of 2
[2025-01-13T05:33:39.943+0000] {taskinstance.py:2889} INFO - Executing <Task(PythonOperator): fetch_book_data> on 2024-06-26 00:00:00+00:00
[2025-01-13T05:33:39.954+0000] {warnings.py:112} WARNING - /home/***/.local/lib/python3.12/site-packages/***/task/task_runner/standard_task_runner.py:70: DeprecationWarning: This process (pid=868) is multi-threaded, use of fork() may lead to deadlocks in the child.
  pid = os.fork()

[2025-01-13T05:33:39.956+0000] {standard_task_runner.py:72} INFO - Started process 876 to run task
[2025-01-13T05:33:39.958+0000] {standard_task_runner.py:104} INFO - Running: ['***', 'tasks', 'run', 'fetch_and_store_amazon_books', 'fetch_book_data', 'scheduled__2024-06-26T00:00:00+00:00', '--job-id', '63', '--raw', '--subdir', 'DAGS_FOLDER/app.py', '--cfg-path', '/tmp/tmpqqokumbr']
[2025-01-13T05:33:39.960+0000] {standard_task_runner.py:105} INFO - Job 63: Subtask fetch_book_data
[2025-01-13T05:33:40.227+0000] {task_command.py:467} INFO - Running <TaskInstance: fetch_and_store_amazon_books.fetch_book_data scheduled__2024-06-26T00:00:00+00:00 [running]> on host 9620d6bb5a4b
[2025-01-13T05:33:40.489+0000] {taskinstance.py:3132} INFO - Exporting env vars: AIRFLOW_CTX_DAG_OWNER='***' AIRFLOW_CTX_DAG_ID='fetch_and_store_amazon_books' AIRFLOW_CTX_TASK_ID='fetch_book_data' AIRFLOW_CTX_EXECUTION_DATE='2024-06-26T00:00:00+00:00' AIRFLOW_CTX_TRY_NUMBER='2' AIRFLOW_CTX_DAG_RUN_ID='scheduled__2024-06-26T00:00:00+00:00'
[2025-01-13T05:33:40.493+0000] {logging_mixin.py:190} INFO - Task instance is in running state
[2025-01-13T05:33:40.495+0000] {logging_mixin.py:190} INFO -  Previous state of the Task instance: queued
[2025-01-13T05:33:40.495+0000] {logging_mixin.py:190} INFO - Current task name:fetch_book_data state:running start_date:2025-01-13 05:33:39.718101+00:00
[2025-01-13T05:33:40.496+0000] {logging_mixin.py:190} INFO - Dag name:fetch_and_store_amazon_books and current dag run status:running
[2025-01-13T05:33:40.497+0000] {taskinstance.py:731} INFO - ::endgroup::
[2025-01-13T05:33:41.086+0000] {logging_mixin.py:190} INFO - Failed to retrieve the page
[2025-01-13T05:33:41.900+0000] {python.py:240} INFO - Done. Returned value was: None
[2025-01-13T05:33:41.926+0000] {taskinstance.py:340} INFO - ::group::Post task execution logs
[2025-01-13T05:33:41.927+0000] {taskinstance.py:352} INFO - Marking task as SUCCESS. dag_id=fetch_and_store_amazon_books, task_id=fetch_book_data, run_id=scheduled__2024-06-26T00:00:00+00:00, execution_date=20240626T000000, start_date=20250113T053339, end_date=20250113T053341
[2025-01-13T05:33:42.077+0000] {logging_mixin.py:190} INFO - Task instance in success state
[2025-01-13T05:33:42.078+0000] {logging_mixin.py:190} INFO -  Previous state of the Task instance: running
[2025-01-13T05:33:42.078+0000] {logging_mixin.py:190} INFO - Dag name:fetch_and_store_amazon_books queued_at:2025-01-13 05:15:09.914138+00:00
[2025-01-13T05:33:42.079+0000] {logging_mixin.py:190} INFO - Task hostname:9620d6bb5a4b operator:PythonOperator
[2025-01-13T05:33:42.100+0000] {local_task_job_runner.py:266} INFO - Task exited with return code 0
[2025-01-13T05:33:42.131+0000] {taskinstance.py:3895} INFO - 1 downstream tasks scheduled from follow-on schedule check
[2025-01-13T05:33:42.255+0000] {local_task_job_runner.py:245} INFO - ::endgroup::
