[2025-01-13T05:21:36.052+0000] {local_task_job_runner.py:123} INFO - ::group::Pre task execution logs
[2025-01-13T05:21:36.079+0000] {taskinstance.py:2613} INFO - Dependencies all met for dep_context=non-requeueable deps ti=<TaskInstance: fetch_and_store_amazon_books.fetch_book_data scheduled__2024-06-21T00:00:00+00:00 [queued]>
[2025-01-13T05:21:36.093+0000] {taskinstance.py:2613} INFO - Dependencies all met for dep_context=requeueable deps ti=<TaskInstance: fetch_and_store_amazon_books.fetch_book_data scheduled__2024-06-21T00:00:00+00:00 [queued]>
[2025-01-13T05:21:36.094+0000] {taskinstance.py:2866} INFO - Starting attempt 1 of 2
[2025-01-13T05:21:36.177+0000] {taskinstance.py:2889} INFO - Executing <Task(PythonOperator): fetch_book_data> on 2024-06-21 00:00:00+00:00
[2025-01-13T05:21:36.188+0000] {warnings.py:112} WARNING - /home/***/.local/lib/python3.12/site-packages/***/task/task_runner/standard_task_runner.py:70: DeprecationWarning: This process (pid=521) is multi-threaded, use of fork() may lead to deadlocks in the child.
  pid = os.fork()

[2025-01-13T05:21:36.191+0000] {standard_task_runner.py:72} INFO - Started process 604 to run task
[2025-01-13T05:21:36.192+0000] {standard_task_runner.py:104} INFO - Running: ['***', 'tasks', 'run', 'fetch_and_store_amazon_books', 'fetch_book_data', 'scheduled__2024-06-21T00:00:00+00:00', '--job-id', '39', '--raw', '--subdir', 'DAGS_FOLDER/app.py', '--cfg-path', '/tmp/tmpxp_tgedv']
[2025-01-13T05:21:36.194+0000] {standard_task_runner.py:105} INFO - Job 39: Subtask fetch_book_data
[2025-01-13T05:21:36.349+0000] {task_command.py:467} INFO - Running <TaskInstance: fetch_and_store_amazon_books.fetch_book_data scheduled__2024-06-21T00:00:00+00:00 [running]> on host 9620d6bb5a4b
[2025-01-13T05:21:36.659+0000] {taskinstance.py:3132} INFO - Exporting env vars: AIRFLOW_CTX_DAG_OWNER='***' AIRFLOW_CTX_DAG_ID='fetch_and_store_amazon_books' AIRFLOW_CTX_TASK_ID='fetch_book_data' AIRFLOW_CTX_EXECUTION_DATE='2024-06-21T00:00:00+00:00' AIRFLOW_CTX_TRY_NUMBER='1' AIRFLOW_CTX_DAG_RUN_ID='scheduled__2024-06-21T00:00:00+00:00'
[2025-01-13T05:21:36.661+0000] {logging_mixin.py:190} INFO - Task instance is in running state
[2025-01-13T05:21:36.661+0000] {logging_mixin.py:190} INFO -  Previous state of the Task instance: queued
[2025-01-13T05:21:36.662+0000] {logging_mixin.py:190} INFO - Current task name:fetch_book_data state:running start_date:2025-01-13 05:21:36.080459+00:00
[2025-01-13T05:21:36.662+0000] {logging_mixin.py:190} INFO - Dag name:fetch_and_store_amazon_books and current dag run status:running
[2025-01-13T05:21:36.663+0000] {taskinstance.py:731} INFO - ::endgroup::
[2025-01-13T05:25:17.705+0000] {logging_mixin.py:190} INFO - Failed to retrieve the page
[2025-01-13T05:25:18.124+0000] {python.py:240} INFO - Done. Returned value was: None
[2025-01-13T05:25:18.139+0000] {taskinstance.py:340} INFO - ::group::Post task execution logs
[2025-01-13T05:25:18.139+0000] {taskinstance.py:352} INFO - Marking task as SUCCESS. dag_id=fetch_and_store_amazon_books, task_id=fetch_book_data, run_id=scheduled__2024-06-21T00:00:00+00:00, execution_date=20240621T000000, start_date=20250113T052136, end_date=20250113T052518
[2025-01-13T05:25:18.312+0000] {logging_mixin.py:190} INFO - Task instance in success state
[2025-01-13T05:25:18.313+0000] {logging_mixin.py:190} INFO -  Previous state of the Task instance: running
[2025-01-13T05:25:18.314+0000] {logging_mixin.py:190} INFO - Dag name:fetch_and_store_amazon_books queued_at:2025-01-13 05:15:02.271308+00:00
[2025-01-13T05:25:18.314+0000] {logging_mixin.py:190} INFO - Task hostname:9620d6bb5a4b operator:PythonOperator
[2025-01-13T05:25:18.359+0000] {local_task_job_runner.py:266} INFO - Task exited with return code 0
[2025-01-13T05:25:18.399+0000] {taskinstance.py:3895} INFO - 1 downstream tasks scheduled from follow-on schedule check
[2025-01-13T05:25:18.564+0000] {local_task_job_runner.py:245} INFO - ::endgroup::
