[2025-01-13T17:35:17.023+0000] {local_task_job_runner.py:123} INFO - ::group::Pre task execution logs
[2025-01-13T17:35:17.078+0000] {taskinstance.py:2613} INFO - Dependencies all met for dep_context=non-requeueable deps ti=<TaskInstance: fetch_and_store_amazon_books.fetch_book_data scheduled__2024-07-11T00:00:00+00:00 [queued]>
[2025-01-13T17:35:17.112+0000] {taskinstance.py:2613} INFO - Dependencies all met for dep_context=requeueable deps ti=<TaskInstance: fetch_and_store_amazon_books.fetch_book_data scheduled__2024-07-11T00:00:00+00:00 [queued]>
[2025-01-13T17:35:17.164+0000] {taskinstance.py:2866} INFO - Starting attempt 2 of 2
[2025-01-13T17:35:17.331+0000] {taskinstance.py:2889} INFO - Executing <Task(PythonOperator): fetch_book_data> on 2024-07-11 00:00:00+00:00
[2025-01-13T17:35:17.372+0000] {warnings.py:112} WARNING - /home/***/.local/lib/python3.12/site-packages/***/task/task_runner/standard_task_runner.py:70: DeprecationWarning: This process (pid=117) is multi-threaded, use of fork() may lead to deadlocks in the child.
  pid = os.fork()

[2025-01-13T17:35:17.376+0000] {standard_task_runner.py:72} INFO - Started process 164 to run task
[2025-01-13T17:35:17.378+0000] {standard_task_runner.py:104} INFO - Running: ['***', 'tasks', 'run', 'fetch_and_store_amazon_books', 'fetch_book_data', 'scheduled__2024-07-11T00:00:00+00:00', '--job-id', '124', '--raw', '--subdir', 'DAGS_FOLDER/app.py', '--cfg-path', '/tmp/tmpyzymhlyu']
[2025-01-13T17:35:17.387+0000] {standard_task_runner.py:105} INFO - Job 124: Subtask fetch_book_data
[2025-01-13T17:35:18.289+0000] {task_command.py:467} INFO - Running <TaskInstance: fetch_and_store_amazon_books.fetch_book_data scheduled__2024-07-11T00:00:00+00:00 [running]> on host fd1694d66b9b
[2025-01-13T17:35:21.847+0000] {taskinstance.py:3132} INFO - Exporting env vars: AIRFLOW_CTX_DAG_OWNER='***' AIRFLOW_CTX_DAG_ID='fetch_and_store_amazon_books' AIRFLOW_CTX_TASK_ID='fetch_book_data' AIRFLOW_CTX_EXECUTION_DATE='2024-07-11T00:00:00+00:00' AIRFLOW_CTX_TRY_NUMBER='2' AIRFLOW_CTX_DAG_RUN_ID='scheduled__2024-07-11T00:00:00+00:00'
[2025-01-13T17:35:21.855+0000] {logging_mixin.py:190} INFO - Task instance is in running state
[2025-01-13T17:35:21.856+0000] {logging_mixin.py:190} INFO -  Previous state of the Task instance: queued
[2025-01-13T17:35:21.857+0000] {logging_mixin.py:190} INFO - Current task name:fetch_book_data state:running start_date:2025-01-13 17:35:17.083358+00:00
[2025-01-13T17:35:21.857+0000] {logging_mixin.py:190} INFO - Dag name:fetch_and_store_amazon_books and current dag run status:running
[2025-01-13T17:35:21.858+0000] {taskinstance.py:731} INFO - ::endgroup::
[2025-01-13T17:35:23.564+0000] {logging_mixin.py:190} INFO - Failed to retrieve the page
[2025-01-13T17:35:24.062+0000] {python.py:240} INFO - Done. Returned value was: None
[2025-01-13T17:35:24.098+0000] {taskinstance.py:340} INFO - ::group::Post task execution logs
[2025-01-13T17:35:24.100+0000] {taskinstance.py:352} INFO - Marking task as SUCCESS. dag_id=fetch_and_store_amazon_books, task_id=fetch_book_data, run_id=scheduled__2024-07-11T00:00:00+00:00, execution_date=20240711T000000, start_date=20250113T173517, end_date=20250113T173524
[2025-01-13T17:35:24.445+0000] {logging_mixin.py:190} INFO - Task instance in success state
[2025-01-13T17:35:24.447+0000] {logging_mixin.py:190} INFO -  Previous state of the Task instance: running
[2025-01-13T17:35:24.450+0000] {logging_mixin.py:190} INFO - Dag name:fetch_and_store_amazon_books queued_at:2025-01-13 17:08:57.966639+00:00
[2025-01-13T17:35:24.452+0000] {logging_mixin.py:190} INFO - Task hostname:fd1694d66b9b operator:PythonOperator
[2025-01-13T17:35:24.485+0000] {local_task_job_runner.py:266} INFO - Task exited with return code 0
[2025-01-13T17:35:24.544+0000] {taskinstance.py:3895} INFO - 1 downstream tasks scheduled from follow-on schedule check
[2025-01-13T17:35:24.803+0000] {local_task_job_runner.py:245} INFO - ::endgroup::
