[2025-01-13T17:46:46.646+0000] {local_task_job_runner.py:123} INFO - ::group::Pre task execution logs
[2025-01-13T17:46:46.982+0000] {taskinstance.py:2613} INFO - Dependencies all met for dep_context=non-requeueable deps ti=<TaskInstance: fetch_and_store_amazon_books.fetch_book_data scheduled__2024-08-12T00:00:00+00:00 [queued]>
[2025-01-13T17:46:47.182+0000] {taskinstance.py:2613} INFO - Dependencies all met for dep_context=requeueable deps ti=<TaskInstance: fetch_and_store_amazon_books.fetch_book_data scheduled__2024-08-12T00:00:00+00:00 [queued]>
[2025-01-13T17:46:47.521+0000] {taskinstance.py:2866} INFO - Starting attempt 1 of 2
[2025-01-13T17:46:47.964+0000] {taskinstance.py:2889} INFO - Executing <Task(PythonOperator): fetch_book_data> on 2024-08-12 00:00:00+00:00
[2025-01-13T17:46:47.986+0000] {warnings.py:112} WARNING - /home/***/.local/lib/python3.12/site-packages/***/task/task_runner/standard_task_runner.py:70: DeprecationWarning: This process (pid=565) is multi-threaded, use of fork() may lead to deadlocks in the child.
  pid = os.fork()

[2025-01-13T17:46:47.996+0000] {standard_task_runner.py:72} INFO - Started process 573 to run task
[2025-01-13T17:46:48.000+0000] {standard_task_runner.py:104} INFO - Running: ['***', 'tasks', 'run', 'fetch_and_store_amazon_books', 'fetch_book_data', 'scheduled__2024-08-12T00:00:00+00:00', '--job-id', '195', '--raw', '--subdir', 'DAGS_FOLDER/app.py', '--cfg-path', '/tmp/tmp9egfpht0']
[2025-01-13T17:46:48.180+0000] {standard_task_runner.py:105} INFO - Job 195: Subtask fetch_book_data
[2025-01-13T17:46:48.833+0000] {task_command.py:467} INFO - Running <TaskInstance: fetch_and_store_amazon_books.fetch_book_data scheduled__2024-08-12T00:00:00+00:00 [running]> on host fd1694d66b9b
[2025-01-13T17:46:49.570+0000] {taskinstance.py:3132} INFO - Exporting env vars: AIRFLOW_CTX_DAG_OWNER='***' AIRFLOW_CTX_DAG_ID='fetch_and_store_amazon_books' AIRFLOW_CTX_TASK_ID='fetch_book_data' AIRFLOW_CTX_EXECUTION_DATE='2024-08-12T00:00:00+00:00' AIRFLOW_CTX_TRY_NUMBER='1' AIRFLOW_CTX_DAG_RUN_ID='scheduled__2024-08-12T00:00:00+00:00'
[2025-01-13T17:46:49.576+0000] {logging_mixin.py:190} INFO - Task instance is in running state
[2025-01-13T17:46:49.800+0000] {logging_mixin.py:190} INFO -  Previous state of the Task instance: queued
[2025-01-13T17:46:49.804+0000] {logging_mixin.py:190} INFO - Current task name:fetch_book_data state:running start_date:2025-01-13 17:46:47.115293+00:00
[2025-01-13T17:46:49.806+0000] {logging_mixin.py:190} INFO - Dag name:fetch_and_store_amazon_books and current dag run status:running
[2025-01-13T17:46:49.809+0000] {taskinstance.py:731} INFO - ::endgroup::
[2025-01-13T17:46:51.020+0000] {logging_mixin.py:190} INFO - Failed to retrieve the page
[2025-01-13T17:46:51.858+0000] {python.py:240} INFO - Done. Returned value was: None
[2025-01-13T17:46:51.895+0000] {taskinstance.py:340} INFO - ::group::Post task execution logs
[2025-01-13T17:46:52.001+0000] {taskinstance.py:352} INFO - Marking task as SUCCESS. dag_id=fetch_and_store_amazon_books, task_id=fetch_book_data, run_id=scheduled__2024-08-12T00:00:00+00:00, execution_date=20240812T000000, start_date=20250113T174647, end_date=20250113T174652
[2025-01-13T17:46:52.674+0000] {logging_mixin.py:190} INFO - Task instance in success state
[2025-01-13T17:46:52.679+0000] {logging_mixin.py:190} INFO -  Previous state of the Task instance: running
[2025-01-13T17:46:52.682+0000] {logging_mixin.py:190} INFO - Dag name:fetch_and_store_amazon_books queued_at:2025-01-13 17:46:38.610897+00:00
[2025-01-13T17:46:52.687+0000] {logging_mixin.py:190} INFO - Task hostname:fd1694d66b9b operator:PythonOperator
[2025-01-13T17:46:52.750+0000] {local_task_job_runner.py:266} INFO - Task exited with return code 0
[2025-01-13T17:46:53.026+0000] {taskinstance.py:3895} INFO - 1 downstream tasks scheduled from follow-on schedule check
[2025-01-13T17:46:53.184+0000] {standard_task_runner.py:217} INFO - Process not found (most likely exited), stop collecting metrics
[2025-01-13T17:46:53.973+0000] {local_task_job_runner.py:245} INFO - ::endgroup::
