[2025-01-13T17:47:47.024+0000] {local_task_job_runner.py:123} INFO - ::group::Pre task execution logs
[2025-01-13T17:47:47.199+0000] {taskinstance.py:2613} INFO - Dependencies all met for dep_context=non-requeueable deps ti=<TaskInstance: fetch_and_store_amazon_books.fetch_book_data scheduled__2024-08-18T00:00:00+00:00 [queued]>
[2025-01-13T17:47:47.467+0000] {taskinstance.py:2613} INFO - Dependencies all met for dep_context=requeueable deps ti=<TaskInstance: fetch_and_store_amazon_books.fetch_book_data scheduled__2024-08-18T00:00:00+00:00 [queued]>
[2025-01-13T17:47:47.783+0000] {taskinstance.py:2866} INFO - Starting attempt 1 of 2
[2025-01-13T17:47:48.279+0000] {taskinstance.py:2889} INFO - Executing <Task(PythonOperator): fetch_book_data> on 2024-08-18 00:00:00+00:00
[2025-01-13T17:47:49.037+0000] {warnings.py:112} WARNING - /home/***/.local/lib/python3.12/site-packages/***/task/task_runner/standard_task_runner.py:70: DeprecationWarning: This process (pid=637) is multi-threaded, use of fork() may lead to deadlocks in the child.
  pid = os.fork()

[2025-01-13T17:47:49.046+0000] {standard_task_runner.py:72} INFO - Started process 647 to run task
[2025-01-13T17:47:49.042+0000] {standard_task_runner.py:104} INFO - Running: ['***', 'tasks', 'run', 'fetch_and_store_amazon_books', 'fetch_book_data', 'scheduled__2024-08-18T00:00:00+00:00', '--job-id', '209', '--raw', '--subdir', 'DAGS_FOLDER/app.py', '--cfg-path', '/tmp/tmptdnn9bye']
[2025-01-13T17:47:49.050+0000] {standard_task_runner.py:105} INFO - Job 209: Subtask fetch_book_data
[2025-01-13T17:47:50.028+0000] {task_command.py:467} INFO - Running <TaskInstance: fetch_and_store_amazon_books.fetch_book_data scheduled__2024-08-18T00:00:00+00:00 [running]> on host fd1694d66b9b
[2025-01-13T17:47:53.207+0000] {taskinstance.py:3132} INFO - Exporting env vars: AIRFLOW_CTX_DAG_OWNER='***' AIRFLOW_CTX_DAG_ID='fetch_and_store_amazon_books' AIRFLOW_CTX_TASK_ID='fetch_book_data' AIRFLOW_CTX_EXECUTION_DATE='2024-08-18T00:00:00+00:00' AIRFLOW_CTX_TRY_NUMBER='1' AIRFLOW_CTX_DAG_RUN_ID='scheduled__2024-08-18T00:00:00+00:00'
[2025-01-13T17:47:53.222+0000] {logging_mixin.py:190} INFO - Task instance is in running state
[2025-01-13T17:47:53.230+0000] {logging_mixin.py:190} INFO -  Previous state of the Task instance: queued
[2025-01-13T17:47:53.235+0000] {logging_mixin.py:190} INFO - Current task name:fetch_book_data state:running start_date:2025-01-13 17:47:47.442018+00:00
[2025-01-13T17:47:53.238+0000] {logging_mixin.py:190} INFO - Dag name:fetch_and_store_amazon_books and current dag run status:running
[2025-01-13T17:47:53.240+0000] {taskinstance.py:731} INFO - ::endgroup::
[2025-01-13T17:47:54.382+0000] {logging_mixin.py:190} INFO - Failed to retrieve the page
[2025-01-13T17:47:54.788+0000] {python.py:240} INFO - Done. Returned value was: None
[2025-01-13T17:47:54.825+0000] {taskinstance.py:340} INFO - ::group::Post task execution logs
[2025-01-13T17:47:55.080+0000] {taskinstance.py:352} INFO - Marking task as SUCCESS. dag_id=fetch_and_store_amazon_books, task_id=fetch_book_data, run_id=scheduled__2024-08-18T00:00:00+00:00, execution_date=20240818T000000, start_date=20250113T174747, end_date=20250113T174755
[2025-01-13T17:47:55.560+0000] {logging_mixin.py:190} INFO - Task instance in success state
[2025-01-13T17:47:55.568+0000] {logging_mixin.py:190} INFO -  Previous state of the Task instance: running
[2025-01-13T17:47:55.570+0000] {logging_mixin.py:190} INFO - Dag name:fetch_and_store_amazon_books queued_at:2025-01-13 17:47:39.089265+00:00
[2025-01-13T17:47:55.571+0000] {logging_mixin.py:190} INFO - Task hostname:fd1694d66b9b operator:PythonOperator
[2025-01-13T17:47:56.235+0000] {local_task_job_runner.py:266} INFO - Task exited with return code 0
[2025-01-13T17:47:56.440+0000] {local_task_job_runner.py:245} INFO - ::endgroup::
