[2025-01-12T22:29:55.375+0000] {processor.py:186} INFO - Started process (PID=93) to work on /home/airflow/.local/lib/python3.12/site-packages/airflow/example_dags/example_latest_only.py
[2025-01-12T22:29:56.214+0000] {processor.py:914} INFO - Processing file /home/airflow/.local/lib/python3.12/site-packages/airflow/example_dags/example_latest_only.py for tasks to queue
[2025-01-12T22:29:58.909+0000] {logging_mixin.py:190} INFO - [2025-01-12T22:29:58.907+0000] {dagbag.py:588} INFO - Filling up the DagBag from /home/airflow/.local/lib/python3.12/site-packages/airflow/example_dags/example_latest_only.py
[2025-01-12T22:30:02.065+0000] {processor.py:925} INFO - DAG(s) 'latest_only' retrieved from /home/airflow/.local/lib/python3.12/site-packages/airflow/example_dags/example_latest_only.py
[2025-01-12T22:30:13.850+0000] {logging_mixin.py:190} INFO - [2025-01-12T22:30:13.849+0000] {override.py:1911} INFO - Created Permission View: can read on DAG:latest_only
[2025-01-12T22:30:14.465+0000] {logging_mixin.py:190} INFO - [2025-01-12T22:30:14.464+0000] {override.py:1911} INFO - Created Permission View: can delete on DAG:latest_only
[2025-01-12T22:30:15.263+0000] {logging_mixin.py:190} INFO - [2025-01-12T22:30:15.262+0000] {override.py:1911} INFO - Created Permission View: can edit on DAG:latest_only
[2025-01-12T22:30:16.458+0000] {logging_mixin.py:190} INFO - [2025-01-12T22:30:16.457+0000] {override.py:1911} INFO - Created Permission View: menu access on DAG Run:latest_only
[2025-01-12T22:30:16.713+0000] {logging_mixin.py:190} INFO - [2025-01-12T22:30:16.712+0000] {override.py:1911} INFO - Created Permission View: can create on DAG Run:latest_only
[2025-01-12T22:30:17.066+0000] {logging_mixin.py:190} INFO - [2025-01-12T22:30:17.065+0000] {override.py:1911} INFO - Created Permission View: can read on DAG Run:latest_only
[2025-01-12T22:30:17.312+0000] {logging_mixin.py:190} INFO - [2025-01-12T22:30:17.311+0000] {override.py:1911} INFO - Created Permission View: can delete on DAG Run:latest_only
[2025-01-12T22:30:17.313+0000] {logging_mixin.py:190} INFO - [2025-01-12T22:30:17.313+0000] {dag.py:3239} INFO - Sync 1 DAGs
[2025-01-12T22:30:18.124+0000] {logging_mixin.py:190} INFO - [2025-01-12T22:30:18.124+0000] {dag.py:3262} INFO - Creating ORM DAG for latest_only
[2025-01-12T22:30:18.137+0000] {logging_mixin.py:190} INFO - [2025-01-12T22:30:18.137+0000] {dag.py:4180} INFO - Setting next_dagrun for latest_only to 2025-01-12 16:00:00+00:00, run_after=2025-01-12 20:00:00+00:00
[2025-01-12T22:30:18.896+0000] {processor.py:208} INFO - Processing /home/airflow/.local/lib/python3.12/site-packages/airflow/example_dags/example_latest_only.py took 26.629 seconds
[2025-01-12T22:31:27.806+0000] {processor.py:186} INFO - Started process (PID=168) to work on /home/airflow/.local/lib/python3.12/site-packages/airflow/example_dags/example_latest_only.py
[2025-01-12T22:31:27.807+0000] {processor.py:914} INFO - Processing file /home/airflow/.local/lib/python3.12/site-packages/airflow/example_dags/example_latest_only.py for tasks to queue
[2025-01-12T22:31:27.810+0000] {logging_mixin.py:190} INFO - [2025-01-12T22:31:27.810+0000] {dagbag.py:588} INFO - Filling up the DagBag from /home/airflow/.local/lib/python3.12/site-packages/airflow/example_dags/example_latest_only.py
[2025-01-12T22:31:27.820+0000] {processor.py:925} INFO - DAG(s) 'latest_only' retrieved from /home/airflow/.local/lib/python3.12/site-packages/airflow/example_dags/example_latest_only.py
[2025-01-12T22:31:27.844+0000] {logging_mixin.py:190} INFO - [2025-01-12T22:31:27.844+0000] {dag.py:3239} INFO - Sync 1 DAGs
[2025-01-12T22:31:27.877+0000] {logging_mixin.py:190} INFO - [2025-01-12T22:31:27.876+0000] {dag.py:4180} INFO - Setting next_dagrun for latest_only to 2025-01-12 16:00:00+00:00, run_after=2025-01-12 20:00:00+00:00
[2025-01-12T22:31:28.224+0000] {processor.py:208} INFO - Processing /home/airflow/.local/lib/python3.12/site-packages/airflow/example_dags/example_latest_only.py took 0.426 seconds
[2025-01-12T22:31:58.907+0000] {processor.py:186} INFO - Started process (PID=230) to work on /home/airflow/.local/lib/python3.12/site-packages/airflow/example_dags/example_latest_only.py
[2025-01-12T22:31:58.908+0000] {processor.py:914} INFO - Processing file /home/airflow/.local/lib/python3.12/site-packages/airflow/example_dags/example_latest_only.py for tasks to queue
[2025-01-12T22:31:58.910+0000] {logging_mixin.py:190} INFO - [2025-01-12T22:31:58.910+0000] {dagbag.py:588} INFO - Filling up the DagBag from /home/airflow/.local/lib/python3.12/site-packages/airflow/example_dags/example_latest_only.py
[2025-01-12T22:31:58.919+0000] {processor.py:925} INFO - DAG(s) 'latest_only' retrieved from /home/airflow/.local/lib/python3.12/site-packages/airflow/example_dags/example_latest_only.py
[2025-01-12T22:31:58.941+0000] {logging_mixin.py:190} INFO - [2025-01-12T22:31:58.940+0000] {dag.py:3239} INFO - Sync 1 DAGs
[2025-01-12T22:31:58.974+0000] {logging_mixin.py:190} INFO - [2025-01-12T22:31:58.973+0000] {dag.py:4180} INFO - Setting next_dagrun for latest_only to 2025-01-12 16:00:00+00:00, run_after=2025-01-12 20:00:00+00:00
[2025-01-12T22:31:59.342+0000] {processor.py:208} INFO - Processing /home/airflow/.local/lib/python3.12/site-packages/airflow/example_dags/example_latest_only.py took 0.443 seconds
[2025-01-12T22:32:29.636+0000] {processor.py:186} INFO - Started process (PID=292) to work on /home/airflow/.local/lib/python3.12/site-packages/airflow/example_dags/example_latest_only.py
[2025-01-12T22:32:29.637+0000] {processor.py:914} INFO - Processing file /home/airflow/.local/lib/python3.12/site-packages/airflow/example_dags/example_latest_only.py for tasks to queue
[2025-01-12T22:32:29.640+0000] {logging_mixin.py:190} INFO - [2025-01-12T22:32:29.640+0000] {dagbag.py:588} INFO - Filling up the DagBag from /home/airflow/.local/lib/python3.12/site-packages/airflow/example_dags/example_latest_only.py
[2025-01-12T22:32:29.650+0000] {processor.py:925} INFO - DAG(s) 'latest_only' retrieved from /home/airflow/.local/lib/python3.12/site-packages/airflow/example_dags/example_latest_only.py
[2025-01-12T22:32:29.682+0000] {logging_mixin.py:190} INFO - [2025-01-12T22:32:29.682+0000] {dag.py:3239} INFO - Sync 1 DAGs
[2025-01-12T22:32:29.708+0000] {logging_mixin.py:190} INFO - [2025-01-12T22:32:29.708+0000] {dag.py:4180} INFO - Setting next_dagrun for latest_only to 2025-01-12 16:00:00+00:00, run_after=2025-01-12 20:00:00+00:00
[2025-01-12T22:32:29.807+0000] {processor.py:208} INFO - Processing /home/airflow/.local/lib/python3.12/site-packages/airflow/example_dags/example_latest_only.py took 0.178 seconds
[2025-01-12T22:33:00.470+0000] {processor.py:186} INFO - Started process (PID=355) to work on /home/airflow/.local/lib/python3.12/site-packages/airflow/example_dags/example_latest_only.py
[2025-01-12T22:33:00.471+0000] {processor.py:914} INFO - Processing file /home/airflow/.local/lib/python3.12/site-packages/airflow/example_dags/example_latest_only.py for tasks to queue
[2025-01-12T22:33:00.476+0000] {logging_mixin.py:190} INFO - [2025-01-12T22:33:00.476+0000] {dagbag.py:588} INFO - Filling up the DagBag from /home/airflow/.local/lib/python3.12/site-packages/airflow/example_dags/example_latest_only.py
[2025-01-12T22:33:00.486+0000] {processor.py:925} INFO - DAG(s) 'latest_only' retrieved from /home/airflow/.local/lib/python3.12/site-packages/airflow/example_dags/example_latest_only.py
[2025-01-12T22:33:00.513+0000] {logging_mixin.py:190} INFO - [2025-01-12T22:33:00.513+0000] {dag.py:3239} INFO - Sync 1 DAGs
[2025-01-12T22:33:00.542+0000] {logging_mixin.py:190} INFO - [2025-01-12T22:33:00.542+0000] {dag.py:4180} INFO - Setting next_dagrun for latest_only to 2025-01-12 16:00:00+00:00, run_after=2025-01-12 20:00:00+00:00
[2025-01-12T22:33:00.812+0000] {processor.py:208} INFO - Processing /home/airflow/.local/lib/python3.12/site-packages/airflow/example_dags/example_latest_only.py took 0.350 seconds
[2025-01-12T22:58:13.408+0000] {processor.py:186} INFO - Started process (PID=86) to work on /home/airflow/.local/lib/python3.12/site-packages/airflow/example_dags/example_latest_only.py
[2025-01-12T22:58:13.409+0000] {processor.py:914} INFO - Processing file /home/airflow/.local/lib/python3.12/site-packages/airflow/example_dags/example_latest_only.py for tasks to queue
[2025-01-12T22:58:13.412+0000] {logging_mixin.py:190} INFO - [2025-01-12T22:58:13.412+0000] {dagbag.py:588} INFO - Filling up the DagBag from /home/airflow/.local/lib/python3.12/site-packages/airflow/example_dags/example_latest_only.py
[2025-01-12T22:58:13.421+0000] {processor.py:925} INFO - DAG(s) 'latest_only' retrieved from /home/airflow/.local/lib/python3.12/site-packages/airflow/example_dags/example_latest_only.py
[2025-01-12T22:58:13.455+0000] {logging_mixin.py:190} INFO - [2025-01-12T22:58:13.455+0000] {dag.py:3239} INFO - Sync 1 DAGs
[2025-01-12T22:58:13.485+0000] {logging_mixin.py:190} INFO - [2025-01-12T22:58:13.484+0000] {dag.py:4180} INFO - Setting next_dagrun for latest_only to 2025-01-12 16:00:00+00:00, run_after=2025-01-12 20:00:00+00:00
[2025-01-12T22:58:13.631+0000] {processor.py:208} INFO - Processing /home/airflow/.local/lib/python3.12/site-packages/airflow/example_dags/example_latest_only.py took 0.231 seconds
[2025-01-12T22:58:43.965+0000] {processor.py:186} INFO - Started process (PID=148) to work on /home/airflow/.local/lib/python3.12/site-packages/airflow/example_dags/example_latest_only.py
[2025-01-12T22:58:43.966+0000] {processor.py:914} INFO - Processing file /home/airflow/.local/lib/python3.12/site-packages/airflow/example_dags/example_latest_only.py for tasks to queue
[2025-01-12T22:58:43.969+0000] {logging_mixin.py:190} INFO - [2025-01-12T22:58:43.968+0000] {dagbag.py:588} INFO - Filling up the DagBag from /home/airflow/.local/lib/python3.12/site-packages/airflow/example_dags/example_latest_only.py
[2025-01-12T22:58:43.977+0000] {processor.py:925} INFO - DAG(s) 'latest_only' retrieved from /home/airflow/.local/lib/python3.12/site-packages/airflow/example_dags/example_latest_only.py
[2025-01-12T22:58:44.000+0000] {logging_mixin.py:190} INFO - [2025-01-12T22:58:44.000+0000] {dag.py:3239} INFO - Sync 1 DAGs
[2025-01-12T22:58:44.029+0000] {logging_mixin.py:190} INFO - [2025-01-12T22:58:44.028+0000] {dag.py:4180} INFO - Setting next_dagrun for latest_only to 2025-01-12 16:00:00+00:00, run_after=2025-01-12 20:00:00+00:00
[2025-01-12T22:58:44.085+0000] {processor.py:208} INFO - Processing /home/airflow/.local/lib/python3.12/site-packages/airflow/example_dags/example_latest_only.py took 0.127 seconds
[2025-01-12T22:59:15.084+0000] {processor.py:186} INFO - Started process (PID=212) to work on /home/airflow/.local/lib/python3.12/site-packages/airflow/example_dags/example_latest_only.py
[2025-01-12T22:59:15.085+0000] {processor.py:914} INFO - Processing file /home/airflow/.local/lib/python3.12/site-packages/airflow/example_dags/example_latest_only.py for tasks to queue
[2025-01-12T22:59:15.088+0000] {logging_mixin.py:190} INFO - [2025-01-12T22:59:15.087+0000] {dagbag.py:588} INFO - Filling up the DagBag from /home/airflow/.local/lib/python3.12/site-packages/airflow/example_dags/example_latest_only.py
[2025-01-12T22:59:15.096+0000] {processor.py:925} INFO - DAG(s) 'latest_only' retrieved from /home/airflow/.local/lib/python3.12/site-packages/airflow/example_dags/example_latest_only.py
[2025-01-12T22:59:15.119+0000] {logging_mixin.py:190} INFO - [2025-01-12T22:59:15.119+0000] {dag.py:3239} INFO - Sync 1 DAGs
[2025-01-12T22:59:15.147+0000] {logging_mixin.py:190} INFO - [2025-01-12T22:59:15.147+0000] {dag.py:4180} INFO - Setting next_dagrun for latest_only to 2025-01-12 16:00:00+00:00, run_after=2025-01-12 20:00:00+00:00
[2025-01-12T22:59:15.223+0000] {processor.py:208} INFO - Processing /home/airflow/.local/lib/python3.12/site-packages/airflow/example_dags/example_latest_only.py took 0.146 seconds
[2025-01-12T22:59:45.876+0000] {processor.py:186} INFO - Started process (PID=275) to work on /home/airflow/.local/lib/python3.12/site-packages/airflow/example_dags/example_latest_only.py
[2025-01-12T22:59:45.878+0000] {processor.py:914} INFO - Processing file /home/airflow/.local/lib/python3.12/site-packages/airflow/example_dags/example_latest_only.py for tasks to queue
[2025-01-12T22:59:45.881+0000] {logging_mixin.py:190} INFO - [2025-01-12T22:59:45.880+0000] {dagbag.py:588} INFO - Filling up the DagBag from /home/airflow/.local/lib/python3.12/site-packages/airflow/example_dags/example_latest_only.py
[2025-01-12T22:59:45.890+0000] {processor.py:925} INFO - DAG(s) 'latest_only' retrieved from /home/airflow/.local/lib/python3.12/site-packages/airflow/example_dags/example_latest_only.py
[2025-01-12T22:59:45.912+0000] {logging_mixin.py:190} INFO - [2025-01-12T22:59:45.912+0000] {dag.py:3239} INFO - Sync 1 DAGs
[2025-01-12T22:59:45.940+0000] {logging_mixin.py:190} INFO - [2025-01-12T22:59:45.940+0000] {dag.py:4180} INFO - Setting next_dagrun for latest_only to 2025-01-12 16:00:00+00:00, run_after=2025-01-12 20:00:00+00:00
[2025-01-12T22:59:45.993+0000] {processor.py:208} INFO - Processing /home/airflow/.local/lib/python3.12/site-packages/airflow/example_dags/example_latest_only.py took 0.124 seconds
[2025-01-12T23:00:17.252+0000] {processor.py:186} INFO - Started process (PID=338) to work on /home/airflow/.local/lib/python3.12/site-packages/airflow/example_dags/example_latest_only.py
[2025-01-12T23:00:17.253+0000] {processor.py:914} INFO - Processing file /home/airflow/.local/lib/python3.12/site-packages/airflow/example_dags/example_latest_only.py for tasks to queue
[2025-01-12T23:00:17.256+0000] {logging_mixin.py:190} INFO - [2025-01-12T23:00:17.256+0000] {dagbag.py:588} INFO - Filling up the DagBag from /home/airflow/.local/lib/python3.12/site-packages/airflow/example_dags/example_latest_only.py
[2025-01-12T23:00:17.264+0000] {processor.py:925} INFO - DAG(s) 'latest_only' retrieved from /home/airflow/.local/lib/python3.12/site-packages/airflow/example_dags/example_latest_only.py
[2025-01-12T23:00:17.288+0000] {logging_mixin.py:190} INFO - [2025-01-12T23:00:17.287+0000] {dag.py:3239} INFO - Sync 1 DAGs
[2025-01-12T23:00:17.317+0000] {logging_mixin.py:190} INFO - [2025-01-12T23:00:17.316+0000] {dag.py:4180} INFO - Setting next_dagrun for latest_only to 2025-01-12 16:00:00+00:00, run_after=2025-01-12 20:00:00+00:00
[2025-01-12T23:00:17.454+0000] {processor.py:208} INFO - Processing /home/airflow/.local/lib/python3.12/site-packages/airflow/example_dags/example_latest_only.py took 0.209 seconds
[2025-01-12T23:00:48.387+0000] {processor.py:186} INFO - Started process (PID=402) to work on /home/airflow/.local/lib/python3.12/site-packages/airflow/example_dags/example_latest_only.py
[2025-01-12T23:00:48.388+0000] {processor.py:914} INFO - Processing file /home/airflow/.local/lib/python3.12/site-packages/airflow/example_dags/example_latest_only.py for tasks to queue
[2025-01-12T23:00:48.396+0000] {logging_mixin.py:190} INFO - [2025-01-12T23:00:48.396+0000] {dagbag.py:588} INFO - Filling up the DagBag from /home/airflow/.local/lib/python3.12/site-packages/airflow/example_dags/example_latest_only.py
[2025-01-12T23:00:48.419+0000] {processor.py:925} INFO - DAG(s) 'latest_only' retrieved from /home/airflow/.local/lib/python3.12/site-packages/airflow/example_dags/example_latest_only.py
[2025-01-12T23:00:48.487+0000] {logging_mixin.py:190} INFO - [2025-01-12T23:00:48.487+0000] {dag.py:3239} INFO - Sync 1 DAGs
[2025-01-12T23:00:48.519+0000] {logging_mixin.py:190} INFO - [2025-01-12T23:00:48.519+0000] {dag.py:4180} INFO - Setting next_dagrun for latest_only to 2025-01-12 16:00:00+00:00, run_after=2025-01-12 20:00:00+00:00
[2025-01-12T23:00:48.744+0000] {processor.py:208} INFO - Processing /home/airflow/.local/lib/python3.12/site-packages/airflow/example_dags/example_latest_only.py took 0.365 seconds
[2025-01-12T23:01:18.962+0000] {processor.py:186} INFO - Started process (PID=469) to work on /home/airflow/.local/lib/python3.12/site-packages/airflow/example_dags/example_latest_only.py
[2025-01-12T23:01:18.964+0000] {processor.py:914} INFO - Processing file /home/airflow/.local/lib/python3.12/site-packages/airflow/example_dags/example_latest_only.py for tasks to queue
[2025-01-12T23:01:18.967+0000] {logging_mixin.py:190} INFO - [2025-01-12T23:01:18.966+0000] {dagbag.py:588} INFO - Filling up the DagBag from /home/airflow/.local/lib/python3.12/site-packages/airflow/example_dags/example_latest_only.py
[2025-01-12T23:01:18.977+0000] {processor.py:925} INFO - DAG(s) 'latest_only' retrieved from /home/airflow/.local/lib/python3.12/site-packages/airflow/example_dags/example_latest_only.py
[2025-01-12T23:01:19.002+0000] {logging_mixin.py:190} INFO - [2025-01-12T23:01:19.002+0000] {dag.py:3239} INFO - Sync 1 DAGs
[2025-01-12T23:01:19.034+0000] {logging_mixin.py:190} INFO - [2025-01-12T23:01:19.034+0000] {dag.py:4180} INFO - Setting next_dagrun for latest_only to 2025-01-12 16:00:00+00:00, run_after=2025-01-12 20:00:00+00:00
[2025-01-12T23:01:19.094+0000] {processor.py:208} INFO - Processing /home/airflow/.local/lib/python3.12/site-packages/airflow/example_dags/example_latest_only.py took 0.139 seconds
[2025-01-12T23:01:49.450+0000] {processor.py:186} INFO - Started process (PID=532) to work on /home/airflow/.local/lib/python3.12/site-packages/airflow/example_dags/example_latest_only.py
[2025-01-12T23:01:49.451+0000] {processor.py:914} INFO - Processing file /home/airflow/.local/lib/python3.12/site-packages/airflow/example_dags/example_latest_only.py for tasks to queue
[2025-01-12T23:01:49.454+0000] {logging_mixin.py:190} INFO - [2025-01-12T23:01:49.453+0000] {dagbag.py:588} INFO - Filling up the DagBag from /home/airflow/.local/lib/python3.12/site-packages/airflow/example_dags/example_latest_only.py
[2025-01-12T23:01:49.462+0000] {processor.py:925} INFO - DAG(s) 'latest_only' retrieved from /home/airflow/.local/lib/python3.12/site-packages/airflow/example_dags/example_latest_only.py
[2025-01-12T23:01:49.487+0000] {logging_mixin.py:190} INFO - [2025-01-12T23:01:49.487+0000] {dag.py:3239} INFO - Sync 1 DAGs
[2025-01-12T23:01:49.521+0000] {logging_mixin.py:190} INFO - [2025-01-12T23:01:49.521+0000] {dag.py:4180} INFO - Setting next_dagrun for latest_only to 2025-01-12 16:00:00+00:00, run_after=2025-01-12 20:00:00+00:00
[2025-01-12T23:01:49.633+0000] {processor.py:208} INFO - Processing /home/airflow/.local/lib/python3.12/site-packages/airflow/example_dags/example_latest_only.py took 0.193 seconds
[2025-01-12T23:02:19.725+0000] {processor.py:186} INFO - Started process (PID=595) to work on /home/airflow/.local/lib/python3.12/site-packages/airflow/example_dags/example_latest_only.py
[2025-01-12T23:02:19.726+0000] {processor.py:914} INFO - Processing file /home/airflow/.local/lib/python3.12/site-packages/airflow/example_dags/example_latest_only.py for tasks to queue
[2025-01-12T23:02:19.729+0000] {logging_mixin.py:190} INFO - [2025-01-12T23:02:19.728+0000] {dagbag.py:588} INFO - Filling up the DagBag from /home/airflow/.local/lib/python3.12/site-packages/airflow/example_dags/example_latest_only.py
[2025-01-12T23:02:19.737+0000] {processor.py:925} INFO - DAG(s) 'latest_only' retrieved from /home/airflow/.local/lib/python3.12/site-packages/airflow/example_dags/example_latest_only.py
[2025-01-12T23:02:19.761+0000] {logging_mixin.py:190} INFO - [2025-01-12T23:02:19.761+0000] {dag.py:3239} INFO - Sync 1 DAGs
[2025-01-12T23:02:19.790+0000] {logging_mixin.py:190} INFO - [2025-01-12T23:02:19.790+0000] {dag.py:4180} INFO - Setting next_dagrun for latest_only to 2025-01-12 16:00:00+00:00, run_after=2025-01-12 20:00:00+00:00
[2025-01-12T23:02:19.848+0000] {processor.py:208} INFO - Processing /home/airflow/.local/lib/python3.12/site-packages/airflow/example_dags/example_latest_only.py took 0.130 seconds
[2025-01-12T23:02:51.049+0000] {processor.py:186} INFO - Started process (PID=658) to work on /home/airflow/.local/lib/python3.12/site-packages/airflow/example_dags/example_latest_only.py
[2025-01-12T23:02:51.050+0000] {processor.py:914} INFO - Processing file /home/airflow/.local/lib/python3.12/site-packages/airflow/example_dags/example_latest_only.py for tasks to queue
[2025-01-12T23:02:51.053+0000] {logging_mixin.py:190} INFO - [2025-01-12T23:02:51.052+0000] {dagbag.py:588} INFO - Filling up the DagBag from /home/airflow/.local/lib/python3.12/site-packages/airflow/example_dags/example_latest_only.py
[2025-01-12T23:02:51.062+0000] {processor.py:925} INFO - DAG(s) 'latest_only' retrieved from /home/airflow/.local/lib/python3.12/site-packages/airflow/example_dags/example_latest_only.py
[2025-01-12T23:02:51.085+0000] {logging_mixin.py:190} INFO - [2025-01-12T23:02:51.085+0000] {dag.py:3239} INFO - Sync 1 DAGs
[2025-01-12T23:02:51.114+0000] {logging_mixin.py:190} INFO - [2025-01-12T23:02:51.114+0000] {dag.py:4180} INFO - Setting next_dagrun for latest_only to 2025-01-12 16:00:00+00:00, run_after=2025-01-12 20:00:00+00:00
[2025-01-12T23:02:51.185+0000] {processor.py:208} INFO - Processing /home/airflow/.local/lib/python3.12/site-packages/airflow/example_dags/example_latest_only.py took 0.143 seconds
[2025-01-12T23:03:21.699+0000] {processor.py:186} INFO - Started process (PID=721) to work on /home/airflow/.local/lib/python3.12/site-packages/airflow/example_dags/example_latest_only.py
[2025-01-12T23:03:21.701+0000] {processor.py:914} INFO - Processing file /home/airflow/.local/lib/python3.12/site-packages/airflow/example_dags/example_latest_only.py for tasks to queue
[2025-01-12T23:03:21.704+0000] {logging_mixin.py:190} INFO - [2025-01-12T23:03:21.704+0000] {dagbag.py:588} INFO - Filling up the DagBag from /home/airflow/.local/lib/python3.12/site-packages/airflow/example_dags/example_latest_only.py
[2025-01-12T23:03:21.713+0000] {processor.py:925} INFO - DAG(s) 'latest_only' retrieved from /home/airflow/.local/lib/python3.12/site-packages/airflow/example_dags/example_latest_only.py
[2025-01-12T23:03:21.742+0000] {logging_mixin.py:190} INFO - [2025-01-12T23:03:21.742+0000] {dag.py:3239} INFO - Sync 1 DAGs
[2025-01-12T23:03:21.774+0000] {logging_mixin.py:190} INFO - [2025-01-12T23:03:21.774+0000] {dag.py:4180} INFO - Setting next_dagrun for latest_only to 2025-01-12 16:00:00+00:00, run_after=2025-01-12 20:00:00+00:00
[2025-01-12T23:03:22.245+0000] {processor.py:208} INFO - Processing /home/airflow/.local/lib/python3.12/site-packages/airflow/example_dags/example_latest_only.py took 0.553 seconds
[2025-01-12T23:03:52.634+0000] {processor.py:186} INFO - Started process (PID=784) to work on /home/airflow/.local/lib/python3.12/site-packages/airflow/example_dags/example_latest_only.py
[2025-01-12T23:03:52.636+0000] {processor.py:914} INFO - Processing file /home/airflow/.local/lib/python3.12/site-packages/airflow/example_dags/example_latest_only.py for tasks to queue
[2025-01-12T23:03:52.638+0000] {logging_mixin.py:190} INFO - [2025-01-12T23:03:52.638+0000] {dagbag.py:588} INFO - Filling up the DagBag from /home/airflow/.local/lib/python3.12/site-packages/airflow/example_dags/example_latest_only.py
[2025-01-12T23:03:52.647+0000] {processor.py:925} INFO - DAG(s) 'latest_only' retrieved from /home/airflow/.local/lib/python3.12/site-packages/airflow/example_dags/example_latest_only.py
[2025-01-12T23:03:52.672+0000] {logging_mixin.py:190} INFO - [2025-01-12T23:03:52.672+0000] {dag.py:3239} INFO - Sync 1 DAGs
[2025-01-12T23:03:52.704+0000] {logging_mixin.py:190} INFO - [2025-01-12T23:03:52.704+0000] {dag.py:4180} INFO - Setting next_dagrun for latest_only to 2025-01-12 16:00:00+00:00, run_after=2025-01-12 20:00:00+00:00
[2025-01-12T23:03:52.827+0000] {processor.py:208} INFO - Processing /home/airflow/.local/lib/python3.12/site-packages/airflow/example_dags/example_latest_only.py took 0.200 seconds
[2025-01-12T23:04:23.039+0000] {processor.py:186} INFO - Started process (PID=847) to work on /home/airflow/.local/lib/python3.12/site-packages/airflow/example_dags/example_latest_only.py
[2025-01-12T23:04:23.040+0000] {processor.py:914} INFO - Processing file /home/airflow/.local/lib/python3.12/site-packages/airflow/example_dags/example_latest_only.py for tasks to queue
[2025-01-12T23:04:23.042+0000] {logging_mixin.py:190} INFO - [2025-01-12T23:04:23.042+0000] {dagbag.py:588} INFO - Filling up the DagBag from /home/airflow/.local/lib/python3.12/site-packages/airflow/example_dags/example_latest_only.py
[2025-01-12T23:04:23.051+0000] {processor.py:925} INFO - DAG(s) 'latest_only' retrieved from /home/airflow/.local/lib/python3.12/site-packages/airflow/example_dags/example_latest_only.py
[2025-01-12T23:04:23.073+0000] {logging_mixin.py:190} INFO - [2025-01-12T23:04:23.073+0000] {dag.py:3239} INFO - Sync 1 DAGs
[2025-01-12T23:04:23.102+0000] {logging_mixin.py:190} INFO - [2025-01-12T23:04:23.102+0000] {dag.py:4180} INFO - Setting next_dagrun for latest_only to 2025-01-12 16:00:00+00:00, run_after=2025-01-12 20:00:00+00:00
[2025-01-12T23:04:23.173+0000] {processor.py:208} INFO - Processing /home/airflow/.local/lib/python3.12/site-packages/airflow/example_dags/example_latest_only.py took 0.141 seconds
[2025-01-12T23:04:53.527+0000] {processor.py:186} INFO - Started process (PID=910) to work on /home/airflow/.local/lib/python3.12/site-packages/airflow/example_dags/example_latest_only.py
[2025-01-12T23:04:53.528+0000] {processor.py:914} INFO - Processing file /home/airflow/.local/lib/python3.12/site-packages/airflow/example_dags/example_latest_only.py for tasks to queue
[2025-01-12T23:04:53.531+0000] {logging_mixin.py:190} INFO - [2025-01-12T23:04:53.531+0000] {dagbag.py:588} INFO - Filling up the DagBag from /home/airflow/.local/lib/python3.12/site-packages/airflow/example_dags/example_latest_only.py
[2025-01-12T23:04:53.540+0000] {processor.py:925} INFO - DAG(s) 'latest_only' retrieved from /home/airflow/.local/lib/python3.12/site-packages/airflow/example_dags/example_latest_only.py
[2025-01-12T23:04:53.564+0000] {logging_mixin.py:190} INFO - [2025-01-12T23:04:53.564+0000] {dag.py:3239} INFO - Sync 1 DAGs
[2025-01-12T23:04:53.592+0000] {logging_mixin.py:190} INFO - [2025-01-12T23:04:53.592+0000] {dag.py:4180} INFO - Setting next_dagrun for latest_only to 2025-01-12 16:00:00+00:00, run_after=2025-01-12 20:00:00+00:00
[2025-01-12T23:04:53.646+0000] {processor.py:208} INFO - Processing /home/airflow/.local/lib/python3.12/site-packages/airflow/example_dags/example_latest_only.py took 0.126 seconds
[2025-01-12T23:05:23.763+0000] {processor.py:186} INFO - Started process (PID=973) to work on /home/airflow/.local/lib/python3.12/site-packages/airflow/example_dags/example_latest_only.py
[2025-01-12T23:05:23.764+0000] {processor.py:914} INFO - Processing file /home/airflow/.local/lib/python3.12/site-packages/airflow/example_dags/example_latest_only.py for tasks to queue
[2025-01-12T23:05:23.767+0000] {logging_mixin.py:190} INFO - [2025-01-12T23:05:23.767+0000] {dagbag.py:588} INFO - Filling up the DagBag from /home/airflow/.local/lib/python3.12/site-packages/airflow/example_dags/example_latest_only.py
[2025-01-12T23:05:23.776+0000] {processor.py:925} INFO - DAG(s) 'latest_only' retrieved from /home/airflow/.local/lib/python3.12/site-packages/airflow/example_dags/example_latest_only.py
[2025-01-12T23:05:23.802+0000] {logging_mixin.py:190} INFO - [2025-01-12T23:05:23.801+0000] {dag.py:3239} INFO - Sync 1 DAGs
[2025-01-12T23:05:23.841+0000] {logging_mixin.py:190} INFO - [2025-01-12T23:05:23.840+0000] {dag.py:4180} INFO - Setting next_dagrun for latest_only to 2025-01-12 16:00:00+00:00, run_after=2025-01-12 20:00:00+00:00
[2025-01-12T23:05:23.893+0000] {processor.py:208} INFO - Processing /home/airflow/.local/lib/python3.12/site-packages/airflow/example_dags/example_latest_only.py took 0.136 seconds
