[2025-01-12T22:31:09.675+0000] {processor.py:186} INFO - Started process (PID=129) to work on /home/airflow/.local/lib/python3.12/site-packages/airflow/example_dags/example_external_task_marker_dag.py
[2025-01-12T22:31:09.677+0000] {processor.py:914} INFO - Processing file /home/airflow/.local/lib/python3.12/site-packages/airflow/example_dags/example_external_task_marker_dag.py for tasks to queue
[2025-01-12T22:31:09.680+0000] {logging_mixin.py:190} INFO - [2025-01-12T22:31:09.680+0000] {dagbag.py:588} INFO - Filling up the DagBag from /home/airflow/.local/lib/python3.12/site-packages/airflow/example_dags/example_external_task_marker_dag.py
[2025-01-12T22:31:09.766+0000] {processor.py:925} INFO - DAG(s) 'example_external_task_marker_parent', 'example_external_task_marker_child' retrieved from /home/airflow/.local/lib/python3.12/site-packages/airflow/example_dags/example_external_task_marker_dag.py
[2025-01-12T22:31:10.070+0000] {logging_mixin.py:190} INFO - [2025-01-12T22:31:10.069+0000] {override.py:1911} INFO - Created Permission View: can read on DAG:example_external_task_marker_parent
[2025-01-12T22:31:10.166+0000] {logging_mixin.py:190} INFO - [2025-01-12T22:31:10.165+0000] {override.py:1911} INFO - Created Permission View: can delete on DAG:example_external_task_marker_parent
[2025-01-12T22:31:10.277+0000] {logging_mixin.py:190} INFO - [2025-01-12T22:31:10.276+0000] {override.py:1911} INFO - Created Permission View: can edit on DAG:example_external_task_marker_parent
[2025-01-12T22:31:10.463+0000] {logging_mixin.py:190} INFO - [2025-01-12T22:31:10.462+0000] {override.py:1911} INFO - Created Permission View: menu access on DAG Run:example_external_task_marker_parent
[2025-01-12T22:31:10.555+0000] {logging_mixin.py:190} INFO - [2025-01-12T22:31:10.554+0000] {override.py:1911} INFO - Created Permission View: can create on DAG Run:example_external_task_marker_parent
[2025-01-12T22:31:10.644+0000] {logging_mixin.py:190} INFO - [2025-01-12T22:31:10.643+0000] {override.py:1911} INFO - Created Permission View: can read on DAG Run:example_external_task_marker_parent
[2025-01-12T22:31:10.732+0000] {logging_mixin.py:190} INFO - [2025-01-12T22:31:10.732+0000] {override.py:1911} INFO - Created Permission View: can delete on DAG Run:example_external_task_marker_parent
[2025-01-12T22:31:10.907+0000] {logging_mixin.py:190} INFO - [2025-01-12T22:31:10.907+0000] {override.py:1911} INFO - Created Permission View: can read on DAG:example_external_task_marker_child
[2025-01-12T22:31:10.999+0000] {logging_mixin.py:190} INFO - [2025-01-12T22:31:10.999+0000] {override.py:1911} INFO - Created Permission View: can delete on DAG:example_external_task_marker_child
[2025-01-12T22:31:11.044+0000] {logging_mixin.py:190} INFO - [2025-01-12T22:31:11.044+0000] {override.py:1911} INFO - Created Permission View: can edit on DAG:example_external_task_marker_child
[2025-01-12T22:31:11.129+0000] {logging_mixin.py:190} INFO - [2025-01-12T22:31:11.129+0000] {override.py:1911} INFO - Created Permission View: menu access on DAG Run:example_external_task_marker_child
[2025-01-12T22:31:11.211+0000] {logging_mixin.py:190} INFO - [2025-01-12T22:31:11.211+0000] {override.py:1911} INFO - Created Permission View: can create on DAG Run:example_external_task_marker_child
[2025-01-12T22:31:11.296+0000] {logging_mixin.py:190} INFO - [2025-01-12T22:31:11.296+0000] {override.py:1911} INFO - Created Permission View: can read on DAG Run:example_external_task_marker_child
[2025-01-12T22:31:11.374+0000] {logging_mixin.py:190} INFO - [2025-01-12T22:31:11.374+0000] {override.py:1911} INFO - Created Permission View: can delete on DAG Run:example_external_task_marker_child
[2025-01-12T22:31:11.375+0000] {logging_mixin.py:190} INFO - [2025-01-12T22:31:11.375+0000] {dag.py:3239} INFO - Sync 2 DAGs
[2025-01-12T22:31:11.395+0000] {logging_mixin.py:190} INFO - [2025-01-12T22:31:11.395+0000] {dag.py:3262} INFO - Creating ORM DAG for example_external_task_marker_parent
[2025-01-12T22:31:11.396+0000] {logging_mixin.py:190} INFO - [2025-01-12T22:31:11.396+0000] {dag.py:3262} INFO - Creating ORM DAG for example_external_task_marker_child
[2025-01-12T22:31:11.397+0000] {logging_mixin.py:190} INFO - [2025-01-12T22:31:11.397+0000] {dag.py:4180} INFO - Setting next_dagrun for example_external_task_marker_child to None, run_after=None
[2025-01-12T22:31:11.398+0000] {logging_mixin.py:190} INFO - [2025-01-12T22:31:11.398+0000] {dag.py:4180} INFO - Setting next_dagrun for example_external_task_marker_parent to None, run_after=None
[2025-01-12T22:31:11.513+0000] {processor.py:208} INFO - Processing /home/airflow/.local/lib/python3.12/site-packages/airflow/example_dags/example_external_task_marker_dag.py took 1.845 seconds
[2025-01-12T22:31:41.554+0000] {processor.py:186} INFO - Started process (PID=193) to work on /home/airflow/.local/lib/python3.12/site-packages/airflow/example_dags/example_external_task_marker_dag.py
[2025-01-12T22:31:41.555+0000] {processor.py:914} INFO - Processing file /home/airflow/.local/lib/python3.12/site-packages/airflow/example_dags/example_external_task_marker_dag.py for tasks to queue
[2025-01-12T22:31:41.557+0000] {logging_mixin.py:190} INFO - [2025-01-12T22:31:41.557+0000] {dagbag.py:588} INFO - Filling up the DagBag from /home/airflow/.local/lib/python3.12/site-packages/airflow/example_dags/example_external_task_marker_dag.py
[2025-01-12T22:31:41.566+0000] {processor.py:925} INFO - DAG(s) 'example_external_task_marker_parent', 'example_external_task_marker_child' retrieved from /home/airflow/.local/lib/python3.12/site-packages/airflow/example_dags/example_external_task_marker_dag.py
[2025-01-12T22:31:41.594+0000] {logging_mixin.py:190} INFO - [2025-01-12T22:31:41.593+0000] {dag.py:3239} INFO - Sync 2 DAGs
[2025-01-12T22:31:41.611+0000] {logging_mixin.py:190} INFO - [2025-01-12T22:31:41.611+0000] {dag.py:4180} INFO - Setting next_dagrun for example_external_task_marker_child to None, run_after=None
[2025-01-12T22:31:41.616+0000] {logging_mixin.py:190} INFO - [2025-01-12T22:31:41.616+0000] {dag.py:4180} INFO - Setting next_dagrun for example_external_task_marker_parent to None, run_after=None
[2025-01-12T22:31:41.779+0000] {processor.py:208} INFO - Processing /home/airflow/.local/lib/python3.12/site-packages/airflow/example_dags/example_external_task_marker_dag.py took 0.232 seconds
[2025-01-12T22:32:12.523+0000] {processor.py:186} INFO - Started process (PID=255) to work on /home/airflow/.local/lib/python3.12/site-packages/airflow/example_dags/example_external_task_marker_dag.py
[2025-01-12T22:32:12.524+0000] {processor.py:914} INFO - Processing file /home/airflow/.local/lib/python3.12/site-packages/airflow/example_dags/example_external_task_marker_dag.py for tasks to queue
[2025-01-12T22:32:12.527+0000] {logging_mixin.py:190} INFO - [2025-01-12T22:32:12.527+0000] {dagbag.py:588} INFO - Filling up the DagBag from /home/airflow/.local/lib/python3.12/site-packages/airflow/example_dags/example_external_task_marker_dag.py
[2025-01-12T22:32:12.536+0000] {processor.py:925} INFO - DAG(s) 'example_external_task_marker_parent', 'example_external_task_marker_child' retrieved from /home/airflow/.local/lib/python3.12/site-packages/airflow/example_dags/example_external_task_marker_dag.py
[2025-01-12T22:32:12.564+0000] {logging_mixin.py:190} INFO - [2025-01-12T22:32:12.564+0000] {dag.py:3239} INFO - Sync 2 DAGs
[2025-01-12T22:32:12.581+0000] {logging_mixin.py:190} INFO - [2025-01-12T22:32:12.581+0000] {dag.py:4180} INFO - Setting next_dagrun for example_external_task_marker_child to None, run_after=None
[2025-01-12T22:32:12.586+0000] {logging_mixin.py:190} INFO - [2025-01-12T22:32:12.585+0000] {dag.py:4180} INFO - Setting next_dagrun for example_external_task_marker_parent to None, run_after=None
[2025-01-12T22:32:12.673+0000] {processor.py:208} INFO - Processing /home/airflow/.local/lib/python3.12/site-packages/airflow/example_dags/example_external_task_marker_dag.py took 0.159 seconds
[2025-01-12T22:32:43.264+0000] {processor.py:186} INFO - Started process (PID=318) to work on /home/airflow/.local/lib/python3.12/site-packages/airflow/example_dags/example_external_task_marker_dag.py
[2025-01-12T22:32:43.266+0000] {processor.py:914} INFO - Processing file /home/airflow/.local/lib/python3.12/site-packages/airflow/example_dags/example_external_task_marker_dag.py for tasks to queue
[2025-01-12T22:32:43.269+0000] {logging_mixin.py:190} INFO - [2025-01-12T22:32:43.268+0000] {dagbag.py:588} INFO - Filling up the DagBag from /home/airflow/.local/lib/python3.12/site-packages/airflow/example_dags/example_external_task_marker_dag.py
[2025-01-12T22:32:43.277+0000] {processor.py:925} INFO - DAG(s) 'example_external_task_marker_child', 'example_external_task_marker_parent' retrieved from /home/airflow/.local/lib/python3.12/site-packages/airflow/example_dags/example_external_task_marker_dag.py
[2025-01-12T22:32:43.304+0000] {logging_mixin.py:190} INFO - [2025-01-12T22:32:43.304+0000] {dag.py:3239} INFO - Sync 2 DAGs
[2025-01-12T22:32:43.321+0000] {logging_mixin.py:190} INFO - [2025-01-12T22:32:43.321+0000] {dag.py:4180} INFO - Setting next_dagrun for example_external_task_marker_child to None, run_after=None
[2025-01-12T22:32:43.326+0000] {logging_mixin.py:190} INFO - [2025-01-12T22:32:43.326+0000] {dag.py:4180} INFO - Setting next_dagrun for example_external_task_marker_parent to None, run_after=None
[2025-01-12T22:32:43.437+0000] {processor.py:208} INFO - Processing /home/airflow/.local/lib/python3.12/site-packages/airflow/example_dags/example_external_task_marker_dag.py took 0.179 seconds
[2025-01-12T22:58:22.648+0000] {processor.py:186} INFO - Started process (PID=116) to work on /home/airflow/.local/lib/python3.12/site-packages/airflow/example_dags/example_external_task_marker_dag.py
[2025-01-12T22:58:22.650+0000] {processor.py:914} INFO - Processing file /home/airflow/.local/lib/python3.12/site-packages/airflow/example_dags/example_external_task_marker_dag.py for tasks to queue
[2025-01-12T22:58:22.653+0000] {logging_mixin.py:190} INFO - [2025-01-12T22:58:22.652+0000] {dagbag.py:588} INFO - Filling up the DagBag from /home/airflow/.local/lib/python3.12/site-packages/airflow/example_dags/example_external_task_marker_dag.py
[2025-01-12T22:58:22.662+0000] {processor.py:925} INFO - DAG(s) 'example_external_task_marker_parent', 'example_external_task_marker_child' retrieved from /home/airflow/.local/lib/python3.12/site-packages/airflow/example_dags/example_external_task_marker_dag.py
[2025-01-12T22:58:22.688+0000] {logging_mixin.py:190} INFO - [2025-01-12T22:58:22.688+0000] {dag.py:3239} INFO - Sync 2 DAGs
[2025-01-12T22:58:22.705+0000] {logging_mixin.py:190} INFO - [2025-01-12T22:58:22.705+0000] {dag.py:4180} INFO - Setting next_dagrun for example_external_task_marker_child to None, run_after=None
[2025-01-12T22:58:22.710+0000] {logging_mixin.py:190} INFO - [2025-01-12T22:58:22.709+0000] {dag.py:4180} INFO - Setting next_dagrun for example_external_task_marker_parent to None, run_after=None
[2025-01-12T22:58:22.840+0000] {processor.py:208} INFO - Processing /home/airflow/.local/lib/python3.12/site-packages/airflow/example_dags/example_external_task_marker_dag.py took 0.200 seconds
[2025-01-12T22:58:53.659+0000] {processor.py:186} INFO - Started process (PID=180) to work on /home/airflow/.local/lib/python3.12/site-packages/airflow/example_dags/example_external_task_marker_dag.py
[2025-01-12T22:58:53.660+0000] {processor.py:914} INFO - Processing file /home/airflow/.local/lib/python3.12/site-packages/airflow/example_dags/example_external_task_marker_dag.py for tasks to queue
[2025-01-12T22:58:53.664+0000] {logging_mixin.py:190} INFO - [2025-01-12T22:58:53.663+0000] {dagbag.py:588} INFO - Filling up the DagBag from /home/airflow/.local/lib/python3.12/site-packages/airflow/example_dags/example_external_task_marker_dag.py
[2025-01-12T22:58:53.673+0000] {processor.py:925} INFO - DAG(s) 'example_external_task_marker_parent', 'example_external_task_marker_child' retrieved from /home/airflow/.local/lib/python3.12/site-packages/airflow/example_dags/example_external_task_marker_dag.py
[2025-01-12T22:58:53.702+0000] {logging_mixin.py:190} INFO - [2025-01-12T22:58:53.702+0000] {dag.py:3239} INFO - Sync 2 DAGs
[2025-01-12T22:58:53.721+0000] {logging_mixin.py:190} INFO - [2025-01-12T22:58:53.720+0000] {dag.py:4180} INFO - Setting next_dagrun for example_external_task_marker_child to None, run_after=None
[2025-01-12T22:58:53.725+0000] {logging_mixin.py:190} INFO - [2025-01-12T22:58:53.725+0000] {dag.py:4180} INFO - Setting next_dagrun for example_external_task_marker_parent to None, run_after=None
[2025-01-12T22:58:53.825+0000] {processor.py:208} INFO - Processing /home/airflow/.local/lib/python3.12/site-packages/airflow/example_dags/example_external_task_marker_dag.py took 0.175 seconds
[2025-01-12T22:59:25.107+0000] {processor.py:186} INFO - Started process (PID=243) to work on /home/airflow/.local/lib/python3.12/site-packages/airflow/example_dags/example_external_task_marker_dag.py
[2025-01-12T22:59:25.108+0000] {processor.py:914} INFO - Processing file /home/airflow/.local/lib/python3.12/site-packages/airflow/example_dags/example_external_task_marker_dag.py for tasks to queue
[2025-01-12T22:59:25.112+0000] {logging_mixin.py:190} INFO - [2025-01-12T22:59:25.111+0000] {dagbag.py:588} INFO - Filling up the DagBag from /home/airflow/.local/lib/python3.12/site-packages/airflow/example_dags/example_external_task_marker_dag.py
[2025-01-12T22:59:25.124+0000] {processor.py:925} INFO - DAG(s) 'example_external_task_marker_parent', 'example_external_task_marker_child' retrieved from /home/airflow/.local/lib/python3.12/site-packages/airflow/example_dags/example_external_task_marker_dag.py
[2025-01-12T22:59:25.152+0000] {logging_mixin.py:190} INFO - [2025-01-12T22:59:25.152+0000] {dag.py:3239} INFO - Sync 2 DAGs
[2025-01-12T22:59:25.170+0000] {logging_mixin.py:190} INFO - [2025-01-12T22:59:25.169+0000] {dag.py:4180} INFO - Setting next_dagrun for example_external_task_marker_child to None, run_after=None
[2025-01-12T22:59:25.174+0000] {logging_mixin.py:190} INFO - [2025-01-12T22:59:25.174+0000] {dag.py:4180} INFO - Setting next_dagrun for example_external_task_marker_parent to None, run_after=None
[2025-01-12T22:59:25.382+0000] {processor.py:208} INFO - Processing /home/airflow/.local/lib/python3.12/site-packages/airflow/example_dags/example_external_task_marker_dag.py took 0.282 seconds
[2025-01-12T22:59:56.469+0000] {processor.py:186} INFO - Started process (PID=306) to work on /home/airflow/.local/lib/python3.12/site-packages/airflow/example_dags/example_external_task_marker_dag.py
[2025-01-12T22:59:56.470+0000] {processor.py:914} INFO - Processing file /home/airflow/.local/lib/python3.12/site-packages/airflow/example_dags/example_external_task_marker_dag.py for tasks to queue
[2025-01-12T22:59:56.473+0000] {logging_mixin.py:190} INFO - [2025-01-12T22:59:56.473+0000] {dagbag.py:588} INFO - Filling up the DagBag from /home/airflow/.local/lib/python3.12/site-packages/airflow/example_dags/example_external_task_marker_dag.py
[2025-01-12T22:59:56.483+0000] {processor.py:925} INFO - DAG(s) 'example_external_task_marker_parent', 'example_external_task_marker_child' retrieved from /home/airflow/.local/lib/python3.12/site-packages/airflow/example_dags/example_external_task_marker_dag.py
[2025-01-12T22:59:56.509+0000] {logging_mixin.py:190} INFO - [2025-01-12T22:59:56.509+0000] {dag.py:3239} INFO - Sync 2 DAGs
[2025-01-12T22:59:56.527+0000] {logging_mixin.py:190} INFO - [2025-01-12T22:59:56.526+0000] {dag.py:4180} INFO - Setting next_dagrun for example_external_task_marker_child to None, run_after=None
[2025-01-12T22:59:56.531+0000] {logging_mixin.py:190} INFO - [2025-01-12T22:59:56.531+0000] {dag.py:4180} INFO - Setting next_dagrun for example_external_task_marker_parent to None, run_after=None
[2025-01-12T22:59:56.605+0000] {processor.py:208} INFO - Processing /home/airflow/.local/lib/python3.12/site-packages/airflow/example_dags/example_external_task_marker_dag.py took 0.143 seconds
[2025-01-12T23:00:28.470+0000] {processor.py:186} INFO - Started process (PID=368) to work on /home/airflow/.local/lib/python3.12/site-packages/airflow/example_dags/example_external_task_marker_dag.py
[2025-01-12T23:00:28.471+0000] {processor.py:914} INFO - Processing file /home/airflow/.local/lib/python3.12/site-packages/airflow/example_dags/example_external_task_marker_dag.py for tasks to queue
[2025-01-12T23:00:28.475+0000] {logging_mixin.py:190} INFO - [2025-01-12T23:00:28.474+0000] {dagbag.py:588} INFO - Filling up the DagBag from /home/airflow/.local/lib/python3.12/site-packages/airflow/example_dags/example_external_task_marker_dag.py
[2025-01-12T23:00:28.484+0000] {processor.py:925} INFO - DAG(s) 'example_external_task_marker_child', 'example_external_task_marker_parent' retrieved from /home/airflow/.local/lib/python3.12/site-packages/airflow/example_dags/example_external_task_marker_dag.py
[2025-01-12T23:00:28.516+0000] {logging_mixin.py:190} INFO - [2025-01-12T23:00:28.516+0000] {dag.py:3239} INFO - Sync 2 DAGs
[2025-01-12T23:00:28.535+0000] {logging_mixin.py:190} INFO - [2025-01-12T23:00:28.535+0000] {dag.py:4180} INFO - Setting next_dagrun for example_external_task_marker_child to None, run_after=None
[2025-01-12T23:00:28.540+0000] {logging_mixin.py:190} INFO - [2025-01-12T23:00:28.540+0000] {dag.py:4180} INFO - Setting next_dagrun for example_external_task_marker_parent to None, run_after=None
[2025-01-12T23:00:28.618+0000] {processor.py:208} INFO - Processing /home/airflow/.local/lib/python3.12/site-packages/airflow/example_dags/example_external_task_marker_dag.py took 0.156 seconds
[2025-01-12T23:01:00.630+0000] {processor.py:186} INFO - Started process (PID=431) to work on /home/airflow/.local/lib/python3.12/site-packages/airflow/example_dags/example_external_task_marker_dag.py
[2025-01-12T23:01:00.632+0000] {processor.py:914} INFO - Processing file /home/airflow/.local/lib/python3.12/site-packages/airflow/example_dags/example_external_task_marker_dag.py for tasks to queue
[2025-01-12T23:01:00.635+0000] {logging_mixin.py:190} INFO - [2025-01-12T23:01:00.635+0000] {dagbag.py:588} INFO - Filling up the DagBag from /home/airflow/.local/lib/python3.12/site-packages/airflow/example_dags/example_external_task_marker_dag.py
[2025-01-12T23:01:00.646+0000] {processor.py:925} INFO - DAG(s) 'example_external_task_marker_child', 'example_external_task_marker_parent' retrieved from /home/airflow/.local/lib/python3.12/site-packages/airflow/example_dags/example_external_task_marker_dag.py
[2025-01-12T23:01:00.679+0000] {logging_mixin.py:190} INFO - [2025-01-12T23:01:00.678+0000] {dag.py:3239} INFO - Sync 2 DAGs
[2025-01-12T23:01:00.708+0000] {logging_mixin.py:190} INFO - [2025-01-12T23:01:00.708+0000] {dag.py:4180} INFO - Setting next_dagrun for example_external_task_marker_child to None, run_after=None
[2025-01-12T23:01:00.714+0000] {logging_mixin.py:190} INFO - [2025-01-12T23:01:00.714+0000] {dag.py:4180} INFO - Setting next_dagrun for example_external_task_marker_parent to None, run_after=None
[2025-01-12T23:01:00.813+0000] {processor.py:208} INFO - Processing /home/airflow/.local/lib/python3.12/site-packages/airflow/example_dags/example_external_task_marker_dag.py took 0.193 seconds
[2025-01-12T23:01:31.488+0000] {processor.py:186} INFO - Started process (PID=493) to work on /home/airflow/.local/lib/python3.12/site-packages/airflow/example_dags/example_external_task_marker_dag.py
[2025-01-12T23:01:31.489+0000] {processor.py:914} INFO - Processing file /home/airflow/.local/lib/python3.12/site-packages/airflow/example_dags/example_external_task_marker_dag.py for tasks to queue
[2025-01-12T23:01:31.493+0000] {logging_mixin.py:190} INFO - [2025-01-12T23:01:31.492+0000] {dagbag.py:588} INFO - Filling up the DagBag from /home/airflow/.local/lib/python3.12/site-packages/airflow/example_dags/example_external_task_marker_dag.py
[2025-01-12T23:01:31.504+0000] {processor.py:925} INFO - DAG(s) 'example_external_task_marker_parent', 'example_external_task_marker_child' retrieved from /home/airflow/.local/lib/python3.12/site-packages/airflow/example_dags/example_external_task_marker_dag.py
[2025-01-12T23:01:31.528+0000] {logging_mixin.py:190} INFO - [2025-01-12T23:01:31.528+0000] {dag.py:3239} INFO - Sync 2 DAGs
[2025-01-12T23:01:31.549+0000] {logging_mixin.py:190} INFO - [2025-01-12T23:01:31.549+0000] {dag.py:4180} INFO - Setting next_dagrun for example_external_task_marker_child to None, run_after=None
[2025-01-12T23:01:31.555+0000] {logging_mixin.py:190} INFO - [2025-01-12T23:01:31.555+0000] {dag.py:4180} INFO - Setting next_dagrun for example_external_task_marker_parent to None, run_after=None
[2025-01-12T23:01:31.642+0000] {processor.py:208} INFO - Processing /home/airflow/.local/lib/python3.12/site-packages/airflow/example_dags/example_external_task_marker_dag.py took 0.165 seconds
[2025-01-12T23:02:03.729+0000] {processor.py:186} INFO - Started process (PID=556) to work on /home/airflow/.local/lib/python3.12/site-packages/airflow/example_dags/example_external_task_marker_dag.py
[2025-01-12T23:02:03.731+0000] {processor.py:914} INFO - Processing file /home/airflow/.local/lib/python3.12/site-packages/airflow/example_dags/example_external_task_marker_dag.py for tasks to queue
[2025-01-12T23:02:03.734+0000] {logging_mixin.py:190} INFO - [2025-01-12T23:02:03.733+0000] {dagbag.py:588} INFO - Filling up the DagBag from /home/airflow/.local/lib/python3.12/site-packages/airflow/example_dags/example_external_task_marker_dag.py
[2025-01-12T23:02:03.744+0000] {processor.py:925} INFO - DAG(s) 'example_external_task_marker_child', 'example_external_task_marker_parent' retrieved from /home/airflow/.local/lib/python3.12/site-packages/airflow/example_dags/example_external_task_marker_dag.py
[2025-01-12T23:02:03.771+0000] {logging_mixin.py:190} INFO - [2025-01-12T23:02:03.770+0000] {dag.py:3239} INFO - Sync 2 DAGs
[2025-01-12T23:02:03.787+0000] {logging_mixin.py:190} INFO - [2025-01-12T23:02:03.787+0000] {dag.py:4180} INFO - Setting next_dagrun for example_external_task_marker_child to None, run_after=None
[2025-01-12T23:02:03.792+0000] {logging_mixin.py:190} INFO - [2025-01-12T23:02:03.792+0000] {dag.py:4180} INFO - Setting next_dagrun for example_external_task_marker_parent to None, run_after=None
[2025-01-12T23:02:03.912+0000] {processor.py:208} INFO - Processing /home/airflow/.local/lib/python3.12/site-packages/airflow/example_dags/example_external_task_marker_dag.py took 0.192 seconds
[2025-01-12T23:02:34.262+0000] {processor.py:186} INFO - Started process (PID=619) to work on /home/airflow/.local/lib/python3.12/site-packages/airflow/example_dags/example_external_task_marker_dag.py
[2025-01-12T23:02:34.264+0000] {processor.py:914} INFO - Processing file /home/airflow/.local/lib/python3.12/site-packages/airflow/example_dags/example_external_task_marker_dag.py for tasks to queue
[2025-01-12T23:02:34.266+0000] {logging_mixin.py:190} INFO - [2025-01-12T23:02:34.266+0000] {dagbag.py:588} INFO - Filling up the DagBag from /home/airflow/.local/lib/python3.12/site-packages/airflow/example_dags/example_external_task_marker_dag.py
[2025-01-12T23:02:34.276+0000] {processor.py:925} INFO - DAG(s) 'example_external_task_marker_parent', 'example_external_task_marker_child' retrieved from /home/airflow/.local/lib/python3.12/site-packages/airflow/example_dags/example_external_task_marker_dag.py
[2025-01-12T23:02:34.308+0000] {logging_mixin.py:190} INFO - [2025-01-12T23:02:34.308+0000] {dag.py:3239} INFO - Sync 2 DAGs
[2025-01-12T23:02:34.329+0000] {logging_mixin.py:190} INFO - [2025-01-12T23:02:34.329+0000] {dag.py:4180} INFO - Setting next_dagrun for example_external_task_marker_child to None, run_after=None
[2025-01-12T23:02:34.334+0000] {logging_mixin.py:190} INFO - [2025-01-12T23:02:34.334+0000] {dag.py:4180} INFO - Setting next_dagrun for example_external_task_marker_parent to None, run_after=None
[2025-01-12T23:02:34.399+0000] {processor.py:208} INFO - Processing /home/airflow/.local/lib/python3.12/site-packages/airflow/example_dags/example_external_task_marker_dag.py took 0.144 seconds
[2025-01-12T23:03:05.736+0000] {processor.py:186} INFO - Started process (PID=682) to work on /home/airflow/.local/lib/python3.12/site-packages/airflow/example_dags/example_external_task_marker_dag.py
[2025-01-12T23:03:05.737+0000] {processor.py:914} INFO - Processing file /home/airflow/.local/lib/python3.12/site-packages/airflow/example_dags/example_external_task_marker_dag.py for tasks to queue
[2025-01-12T23:03:05.741+0000] {logging_mixin.py:190} INFO - [2025-01-12T23:03:05.740+0000] {dagbag.py:588} INFO - Filling up the DagBag from /home/airflow/.local/lib/python3.12/site-packages/airflow/example_dags/example_external_task_marker_dag.py
[2025-01-12T23:03:05.753+0000] {processor.py:925} INFO - DAG(s) 'example_external_task_marker_child', 'example_external_task_marker_parent' retrieved from /home/airflow/.local/lib/python3.12/site-packages/airflow/example_dags/example_external_task_marker_dag.py
[2025-01-12T23:03:05.784+0000] {logging_mixin.py:190} INFO - [2025-01-12T23:03:05.784+0000] {dag.py:3239} INFO - Sync 2 DAGs
[2025-01-12T23:03:05.804+0000] {logging_mixin.py:190} INFO - [2025-01-12T23:03:05.804+0000] {dag.py:4180} INFO - Setting next_dagrun for example_external_task_marker_child to None, run_after=None
[2025-01-12T23:03:05.810+0000] {logging_mixin.py:190} INFO - [2025-01-12T23:03:05.809+0000] {dag.py:4180} INFO - Setting next_dagrun for example_external_task_marker_parent to None, run_after=None
[2025-01-12T23:03:05.852+0000] {processor.py:208} INFO - Processing /home/airflow/.local/lib/python3.12/site-packages/airflow/example_dags/example_external_task_marker_dag.py took 0.124 seconds
[2025-01-12T23:03:36.689+0000] {processor.py:186} INFO - Started process (PID=745) to work on /home/airflow/.local/lib/python3.12/site-packages/airflow/example_dags/example_external_task_marker_dag.py
[2025-01-12T23:03:36.690+0000] {processor.py:914} INFO - Processing file /home/airflow/.local/lib/python3.12/site-packages/airflow/example_dags/example_external_task_marker_dag.py for tasks to queue
[2025-01-12T23:03:36.693+0000] {logging_mixin.py:190} INFO - [2025-01-12T23:03:36.693+0000] {dagbag.py:588} INFO - Filling up the DagBag from /home/airflow/.local/lib/python3.12/site-packages/airflow/example_dags/example_external_task_marker_dag.py
[2025-01-12T23:03:36.702+0000] {processor.py:925} INFO - DAG(s) 'example_external_task_marker_child', 'example_external_task_marker_parent' retrieved from /home/airflow/.local/lib/python3.12/site-packages/airflow/example_dags/example_external_task_marker_dag.py
[2025-01-12T23:03:36.730+0000] {logging_mixin.py:190} INFO - [2025-01-12T23:03:36.730+0000] {dag.py:3239} INFO - Sync 2 DAGs
[2025-01-12T23:03:36.751+0000] {logging_mixin.py:190} INFO - [2025-01-12T23:03:36.751+0000] {dag.py:4180} INFO - Setting next_dagrun for example_external_task_marker_child to None, run_after=None
[2025-01-12T23:03:36.757+0000] {logging_mixin.py:190} INFO - [2025-01-12T23:03:36.757+0000] {dag.py:4180} INFO - Setting next_dagrun for example_external_task_marker_parent to None, run_after=None
[2025-01-12T23:03:36.870+0000] {processor.py:208} INFO - Processing /home/airflow/.local/lib/python3.12/site-packages/airflow/example_dags/example_external_task_marker_dag.py took 0.188 seconds
[2025-01-12T23:04:08.174+0000] {processor.py:186} INFO - Started process (PID=808) to work on /home/airflow/.local/lib/python3.12/site-packages/airflow/example_dags/example_external_task_marker_dag.py
[2025-01-12T23:04:08.175+0000] {processor.py:914} INFO - Processing file /home/airflow/.local/lib/python3.12/site-packages/airflow/example_dags/example_external_task_marker_dag.py for tasks to queue
[2025-01-12T23:04:08.178+0000] {logging_mixin.py:190} INFO - [2025-01-12T23:04:08.178+0000] {dagbag.py:588} INFO - Filling up the DagBag from /home/airflow/.local/lib/python3.12/site-packages/airflow/example_dags/example_external_task_marker_dag.py
[2025-01-12T23:04:08.194+0000] {processor.py:925} INFO - DAG(s) 'example_external_task_marker_child', 'example_external_task_marker_parent' retrieved from /home/airflow/.local/lib/python3.12/site-packages/airflow/example_dags/example_external_task_marker_dag.py
[2025-01-12T23:04:08.222+0000] {logging_mixin.py:190} INFO - [2025-01-12T23:04:08.222+0000] {dag.py:3239} INFO - Sync 2 DAGs
[2025-01-12T23:04:08.256+0000] {logging_mixin.py:190} INFO - [2025-01-12T23:04:08.256+0000] {dag.py:4180} INFO - Setting next_dagrun for example_external_task_marker_child to None, run_after=None
[2025-01-12T23:04:08.264+0000] {logging_mixin.py:190} INFO - [2025-01-12T23:04:08.264+0000] {dag.py:4180} INFO - Setting next_dagrun for example_external_task_marker_parent to None, run_after=None
[2025-01-12T23:04:08.328+0000] {processor.py:208} INFO - Processing /home/airflow/.local/lib/python3.12/site-packages/airflow/example_dags/example_external_task_marker_dag.py took 0.163 seconds
[2025-01-12T23:04:39.555+0000] {processor.py:186} INFO - Started process (PID=871) to work on /home/airflow/.local/lib/python3.12/site-packages/airflow/example_dags/example_external_task_marker_dag.py
[2025-01-12T23:04:39.556+0000] {processor.py:914} INFO - Processing file /home/airflow/.local/lib/python3.12/site-packages/airflow/example_dags/example_external_task_marker_dag.py for tasks to queue
[2025-01-12T23:04:39.559+0000] {logging_mixin.py:190} INFO - [2025-01-12T23:04:39.559+0000] {dagbag.py:588} INFO - Filling up the DagBag from /home/airflow/.local/lib/python3.12/site-packages/airflow/example_dags/example_external_task_marker_dag.py
[2025-01-12T23:04:39.568+0000] {processor.py:925} INFO - DAG(s) 'example_external_task_marker_child', 'example_external_task_marker_parent' retrieved from /home/airflow/.local/lib/python3.12/site-packages/airflow/example_dags/example_external_task_marker_dag.py
[2025-01-12T23:04:39.625+0000] {logging_mixin.py:190} INFO - [2025-01-12T23:04:39.625+0000] {dag.py:3239} INFO - Sync 2 DAGs
[2025-01-12T23:04:39.648+0000] {logging_mixin.py:190} INFO - [2025-01-12T23:04:39.648+0000] {dag.py:4180} INFO - Setting next_dagrun for example_external_task_marker_child to None, run_after=None
[2025-01-12T23:04:39.655+0000] {logging_mixin.py:190} INFO - [2025-01-12T23:04:39.655+0000] {dag.py:4180} INFO - Setting next_dagrun for example_external_task_marker_parent to None, run_after=None
[2025-01-12T23:04:39.708+0000] {processor.py:208} INFO - Processing /home/airflow/.local/lib/python3.12/site-packages/airflow/example_dags/example_external_task_marker_dag.py took 0.161 seconds
[2025-01-12T23:05:10.827+0000] {processor.py:186} INFO - Started process (PID=934) to work on /home/airflow/.local/lib/python3.12/site-packages/airflow/example_dags/example_external_task_marker_dag.py
[2025-01-12T23:05:10.829+0000] {processor.py:914} INFO - Processing file /home/airflow/.local/lib/python3.12/site-packages/airflow/example_dags/example_external_task_marker_dag.py for tasks to queue
[2025-01-12T23:05:10.832+0000] {logging_mixin.py:190} INFO - [2025-01-12T23:05:10.831+0000] {dagbag.py:588} INFO - Filling up the DagBag from /home/airflow/.local/lib/python3.12/site-packages/airflow/example_dags/example_external_task_marker_dag.py
[2025-01-12T23:05:10.840+0000] {processor.py:925} INFO - DAG(s) 'example_external_task_marker_parent', 'example_external_task_marker_child' retrieved from /home/airflow/.local/lib/python3.12/site-packages/airflow/example_dags/example_external_task_marker_dag.py
[2025-01-12T23:05:10.868+0000] {logging_mixin.py:190} INFO - [2025-01-12T23:05:10.867+0000] {dag.py:3239} INFO - Sync 2 DAGs
[2025-01-12T23:05:10.886+0000] {logging_mixin.py:190} INFO - [2025-01-12T23:05:10.886+0000] {dag.py:4180} INFO - Setting next_dagrun for example_external_task_marker_child to None, run_after=None
[2025-01-12T23:05:10.892+0000] {logging_mixin.py:190} INFO - [2025-01-12T23:05:10.891+0000] {dag.py:4180} INFO - Setting next_dagrun for example_external_task_marker_parent to None, run_after=None
[2025-01-12T23:05:10.935+0000] {processor.py:208} INFO - Processing /home/airflow/.local/lib/python3.12/site-packages/airflow/example_dags/example_external_task_marker_dag.py took 0.114 seconds
