[2025-01-12T22:30:36.909+0000] {processor.py:186} INFO - Started process (PID=108) to work on /home/airflow/.local/lib/python3.12/site-packages/airflow/example_dags/example_outlet_event_extra.py
[2025-01-12T22:30:36.911+0000] {processor.py:914} INFO - Processing file /home/airflow/.local/lib/python3.12/site-packages/airflow/example_dags/example_outlet_event_extra.py for tasks to queue
[2025-01-12T22:30:36.915+0000] {logging_mixin.py:190} INFO - [2025-01-12T22:30:36.915+0000] {dagbag.py:588} INFO - Filling up the DagBag from /home/airflow/.local/lib/python3.12/site-packages/airflow/example_dags/example_outlet_event_extra.py
[2025-01-12T22:30:52.150+0000] {processor.py:925} INFO - DAG(s) 'dataset_with_extra_from_classic_operator', 'dataset_with_extra_by_context', 'dataset_with_extra_by_yield' retrieved from /home/airflow/.local/lib/python3.12/site-packages/airflow/example_dags/example_outlet_event_extra.py
[2025-01-12T22:30:52.443+0000] {logging_mixin.py:190} INFO - [2025-01-12T22:30:52.442+0000] {override.py:1911} INFO - Created Permission View: can read on DAG:dataset_with_extra_from_classic_operator
[2025-01-12T22:30:52.520+0000] {logging_mixin.py:190} INFO - [2025-01-12T22:30:52.519+0000] {override.py:1911} INFO - Created Permission View: can delete on DAG:dataset_with_extra_from_classic_operator
[2025-01-12T22:30:52.620+0000] {logging_mixin.py:190} INFO - [2025-01-12T22:30:52.619+0000] {override.py:1911} INFO - Created Permission View: can edit on DAG:dataset_with_extra_from_classic_operator
[2025-01-12T22:30:52.904+0000] {logging_mixin.py:190} INFO - [2025-01-12T22:30:52.903+0000] {override.py:1911} INFO - Created Permission View: menu access on DAG Run:dataset_with_extra_from_classic_operator
[2025-01-12T22:30:53.183+0000] {logging_mixin.py:190} INFO - [2025-01-12T22:30:53.183+0000] {override.py:1911} INFO - Created Permission View: can create on DAG Run:dataset_with_extra_from_classic_operator
[2025-01-12T22:30:53.460+0000] {logging_mixin.py:190} INFO - [2025-01-12T22:30:53.459+0000] {override.py:1911} INFO - Created Permission View: can read on DAG Run:dataset_with_extra_from_classic_operator
[2025-01-12T22:30:53.752+0000] {logging_mixin.py:190} INFO - [2025-01-12T22:30:53.752+0000] {override.py:1911} INFO - Created Permission View: can delete on DAG Run:dataset_with_extra_from_classic_operator
[2025-01-12T22:30:54.174+0000] {logging_mixin.py:190} INFO - [2025-01-12T22:30:54.173+0000] {override.py:1911} INFO - Created Permission View: can read on DAG:dataset_with_extra_by_context
[2025-01-12T22:30:54.421+0000] {logging_mixin.py:190} INFO - [2025-01-12T22:30:54.420+0000] {override.py:1911} INFO - Created Permission View: can delete on DAG:dataset_with_extra_by_context
[2025-01-12T22:30:54.631+0000] {logging_mixin.py:190} INFO - [2025-01-12T22:30:54.631+0000] {override.py:1911} INFO - Created Permission View: can edit on DAG:dataset_with_extra_by_context
[2025-01-12T22:30:54.966+0000] {logging_mixin.py:190} INFO - [2025-01-12T22:30:54.966+0000] {override.py:1911} INFO - Created Permission View: menu access on DAG Run:dataset_with_extra_by_context
[2025-01-12T22:30:55.314+0000] {logging_mixin.py:190} INFO - [2025-01-12T22:30:55.313+0000] {override.py:1911} INFO - Created Permission View: can create on DAG Run:dataset_with_extra_by_context
[2025-01-12T22:30:55.610+0000] {logging_mixin.py:190} INFO - [2025-01-12T22:30:55.609+0000] {override.py:1911} INFO - Created Permission View: can read on DAG Run:dataset_with_extra_by_context
[2025-01-12T22:30:55.972+0000] {logging_mixin.py:190} INFO - [2025-01-12T22:30:55.970+0000] {override.py:1911} INFO - Created Permission View: can delete on DAG Run:dataset_with_extra_by_context
[2025-01-12T22:30:56.453+0000] {logging_mixin.py:190} INFO - [2025-01-12T22:30:56.453+0000] {override.py:1911} INFO - Created Permission View: can read on DAG:dataset_with_extra_by_yield
[2025-01-12T22:30:56.727+0000] {logging_mixin.py:190} INFO - [2025-01-12T22:30:56.726+0000] {override.py:1911} INFO - Created Permission View: can delete on DAG:dataset_with_extra_by_yield
[2025-01-12T22:30:57.864+0000] {logging_mixin.py:190} INFO - [2025-01-12T22:30:57.864+0000] {override.py:1911} INFO - Created Permission View: can edit on DAG:dataset_with_extra_by_yield
[2025-01-12T22:30:58.365+0000] {logging_mixin.py:190} INFO - [2025-01-12T22:30:58.364+0000] {override.py:1911} INFO - Created Permission View: menu access on DAG Run:dataset_with_extra_by_yield
[2025-01-12T22:30:58.564+0000] {logging_mixin.py:190} INFO - [2025-01-12T22:30:58.564+0000] {override.py:1911} INFO - Created Permission View: can create on DAG Run:dataset_with_extra_by_yield
[2025-01-12T22:30:58.757+0000] {logging_mixin.py:190} INFO - [2025-01-12T22:30:58.756+0000] {override.py:1911} INFO - Created Permission View: can read on DAG Run:dataset_with_extra_by_yield
[2025-01-12T22:30:59.099+0000] {logging_mixin.py:190} INFO - [2025-01-12T22:30:59.098+0000] {override.py:1911} INFO - Created Permission View: can delete on DAG Run:dataset_with_extra_by_yield
[2025-01-12T22:30:59.101+0000] {logging_mixin.py:190} INFO - [2025-01-12T22:30:59.100+0000] {dag.py:3239} INFO - Sync 3 DAGs
[2025-01-12T22:30:59.151+0000] {logging_mixin.py:190} INFO - [2025-01-12T22:30:59.150+0000] {dag.py:3262} INFO - Creating ORM DAG for dataset_with_extra_by_context
[2025-01-12T22:30:59.154+0000] {logging_mixin.py:190} INFO - [2025-01-12T22:30:59.153+0000] {dag.py:3262} INFO - Creating ORM DAG for dataset_with_extra_by_yield
[2025-01-12T22:30:59.155+0000] {logging_mixin.py:190} INFO - [2025-01-12T22:30:59.155+0000] {dag.py:3262} INFO - Creating ORM DAG for dataset_with_extra_from_classic_operator
[2025-01-12T22:30:59.175+0000] {logging_mixin.py:190} INFO - [2025-01-12T22:30:59.174+0000] {dag.py:4180} INFO - Setting next_dagrun for dataset_with_extra_by_context to 2025-01-11 00:00:00+00:00, run_after=2025-01-12 00:00:00+00:00
[2025-01-12T22:30:59.177+0000] {logging_mixin.py:190} INFO - [2025-01-12T22:30:59.177+0000] {dag.py:4180} INFO - Setting next_dagrun for dataset_with_extra_by_yield to 2025-01-11 00:00:00+00:00, run_after=2025-01-12 00:00:00+00:00
[2025-01-12T22:30:59.181+0000] {logging_mixin.py:190} INFO - [2025-01-12T22:30:59.181+0000] {dag.py:4180} INFO - Setting next_dagrun for dataset_with_extra_from_classic_operator to 2025-01-11 00:00:00+00:00, run_after=2025-01-12 00:00:00+00:00
[2025-01-12T22:30:59.329+0000] {processor.py:208} INFO - Processing /home/airflow/.local/lib/python3.12/site-packages/airflow/example_dags/example_outlet_event_extra.py took 22.428 seconds
[2025-01-12T22:31:29.975+0000] {processor.py:186} INFO - Started process (PID=177) to work on /home/airflow/.local/lib/python3.12/site-packages/airflow/example_dags/example_outlet_event_extra.py
[2025-01-12T22:31:29.976+0000] {processor.py:914} INFO - Processing file /home/airflow/.local/lib/python3.12/site-packages/airflow/example_dags/example_outlet_event_extra.py for tasks to queue
[2025-01-12T22:31:29.979+0000] {logging_mixin.py:190} INFO - [2025-01-12T22:31:29.979+0000] {dagbag.py:588} INFO - Filling up the DagBag from /home/airflow/.local/lib/python3.12/site-packages/airflow/example_dags/example_outlet_event_extra.py
[2025-01-12T22:31:30.730+0000] {processor.py:925} INFO - DAG(s) 'dataset_with_extra_by_yield', 'dataset_with_extra_by_context', 'dataset_with_extra_from_classic_operator' retrieved from /home/airflow/.local/lib/python3.12/site-packages/airflow/example_dags/example_outlet_event_extra.py
[2025-01-12T22:31:30.764+0000] {logging_mixin.py:190} INFO - [2025-01-12T22:31:30.763+0000] {dag.py:3239} INFO - Sync 3 DAGs
[2025-01-12T22:31:30.805+0000] {logging_mixin.py:190} INFO - [2025-01-12T22:31:30.804+0000] {dag.py:4180} INFO - Setting next_dagrun for dataset_with_extra_by_context to 2025-01-11 00:00:00+00:00, run_after=2025-01-12 00:00:00+00:00
[2025-01-12T22:31:30.813+0000] {logging_mixin.py:190} INFO - [2025-01-12T22:31:30.813+0000] {dag.py:4180} INFO - Setting next_dagrun for dataset_with_extra_by_yield to 2025-01-11 00:00:00+00:00, run_after=2025-01-12 00:00:00+00:00
[2025-01-12T22:31:30.817+0000] {logging_mixin.py:190} INFO - [2025-01-12T22:31:30.817+0000] {dag.py:4180} INFO - Setting next_dagrun for dataset_with_extra_from_classic_operator to 2025-01-11 00:00:00+00:00, run_after=2025-01-12 00:00:00+00:00
[2025-01-12T22:31:30.879+0000] {processor.py:208} INFO - Processing /home/airflow/.local/lib/python3.12/site-packages/airflow/example_dags/example_outlet_event_extra.py took 0.911 seconds
[2025-01-12T22:32:01.345+0000] {processor.py:186} INFO - Started process (PID=240) to work on /home/airflow/.local/lib/python3.12/site-packages/airflow/example_dags/example_outlet_event_extra.py
[2025-01-12T22:32:01.347+0000] {processor.py:914} INFO - Processing file /home/airflow/.local/lib/python3.12/site-packages/airflow/example_dags/example_outlet_event_extra.py for tasks to queue
[2025-01-12T22:32:01.349+0000] {logging_mixin.py:190} INFO - [2025-01-12T22:32:01.349+0000] {dagbag.py:588} INFO - Filling up the DagBag from /home/airflow/.local/lib/python3.12/site-packages/airflow/example_dags/example_outlet_event_extra.py
[2025-01-12T22:32:02.069+0000] {processor.py:925} INFO - DAG(s) 'dataset_with_extra_from_classic_operator', 'dataset_with_extra_by_yield', 'dataset_with_extra_by_context' retrieved from /home/airflow/.local/lib/python3.12/site-packages/airflow/example_dags/example_outlet_event_extra.py
[2025-01-12T22:32:02.096+0000] {logging_mixin.py:190} INFO - [2025-01-12T22:32:02.096+0000] {dag.py:3239} INFO - Sync 3 DAGs
[2025-01-12T22:32:02.124+0000] {logging_mixin.py:190} INFO - [2025-01-12T22:32:02.123+0000] {dag.py:4180} INFO - Setting next_dagrun for dataset_with_extra_by_context to 2025-01-11 00:00:00+00:00, run_after=2025-01-12 00:00:00+00:00
[2025-01-12T22:32:02.130+0000] {logging_mixin.py:190} INFO - [2025-01-12T22:32:02.129+0000] {dag.py:4180} INFO - Setting next_dagrun for dataset_with_extra_by_yield to 2025-01-11 00:00:00+00:00, run_after=2025-01-12 00:00:00+00:00
[2025-01-12T22:32:02.133+0000] {logging_mixin.py:190} INFO - [2025-01-12T22:32:02.133+0000] {dag.py:4180} INFO - Setting next_dagrun for dataset_with_extra_from_classic_operator to 2025-01-11 00:00:00+00:00, run_after=2025-01-12 00:00:00+00:00
[2025-01-12T22:32:02.265+0000] {processor.py:208} INFO - Processing /home/airflow/.local/lib/python3.12/site-packages/airflow/example_dags/example_outlet_event_extra.py took 0.926 seconds
[2025-01-12T22:32:32.486+0000] {processor.py:186} INFO - Started process (PID=305) to work on /home/airflow/.local/lib/python3.12/site-packages/airflow/example_dags/example_outlet_event_extra.py
[2025-01-12T22:32:32.488+0000] {processor.py:914} INFO - Processing file /home/airflow/.local/lib/python3.12/site-packages/airflow/example_dags/example_outlet_event_extra.py for tasks to queue
[2025-01-12T22:32:32.490+0000] {logging_mixin.py:190} INFO - [2025-01-12T22:32:32.490+0000] {dagbag.py:588} INFO - Filling up the DagBag from /home/airflow/.local/lib/python3.12/site-packages/airflow/example_dags/example_outlet_event_extra.py
[2025-01-12T22:32:33.238+0000] {processor.py:925} INFO - DAG(s) 'dataset_with_extra_from_classic_operator', 'dataset_with_extra_by_yield', 'dataset_with_extra_by_context' retrieved from /home/airflow/.local/lib/python3.12/site-packages/airflow/example_dags/example_outlet_event_extra.py
[2025-01-12T22:32:33.267+0000] {logging_mixin.py:190} INFO - [2025-01-12T22:32:33.267+0000] {dag.py:3239} INFO - Sync 3 DAGs
[2025-01-12T22:32:33.294+0000] {logging_mixin.py:190} INFO - [2025-01-12T22:32:33.294+0000] {dag.py:4180} INFO - Setting next_dagrun for dataset_with_extra_by_context to 2025-01-11 00:00:00+00:00, run_after=2025-01-12 00:00:00+00:00
[2025-01-12T22:32:33.300+0000] {logging_mixin.py:190} INFO - [2025-01-12T22:32:33.300+0000] {dag.py:4180} INFO - Setting next_dagrun for dataset_with_extra_by_yield to 2025-01-11 00:00:00+00:00, run_after=2025-01-12 00:00:00+00:00
[2025-01-12T22:32:33.303+0000] {logging_mixin.py:190} INFO - [2025-01-12T22:32:33.303+0000] {dag.py:4180} INFO - Setting next_dagrun for dataset_with_extra_from_classic_operator to 2025-01-11 00:00:00+00:00, run_after=2025-01-12 00:00:00+00:00
[2025-01-12T22:32:33.579+0000] {processor.py:208} INFO - Processing /home/airflow/.local/lib/python3.12/site-packages/airflow/example_dags/example_outlet_event_extra.py took 1.099 seconds
[2025-01-12T22:33:05.465+0000] {processor.py:186} INFO - Started process (PID=370) to work on /home/airflow/.local/lib/python3.12/site-packages/airflow/example_dags/example_outlet_event_extra.py
[2025-01-12T22:33:05.466+0000] {processor.py:914} INFO - Processing file /home/airflow/.local/lib/python3.12/site-packages/airflow/example_dags/example_outlet_event_extra.py for tasks to queue
[2025-01-12T22:33:05.470+0000] {logging_mixin.py:190} INFO - [2025-01-12T22:33:05.470+0000] {dagbag.py:588} INFO - Filling up the DagBag from /home/airflow/.local/lib/python3.12/site-packages/airflow/example_dags/example_outlet_event_extra.py
[2025-01-12T22:33:06.325+0000] {processor.py:925} INFO - DAG(s) 'dataset_with_extra_by_yield', 'dataset_with_extra_from_classic_operator', 'dataset_with_extra_by_context' retrieved from /home/airflow/.local/lib/python3.12/site-packages/airflow/example_dags/example_outlet_event_extra.py
[2025-01-12T22:33:06.359+0000] {logging_mixin.py:190} INFO - [2025-01-12T22:33:06.358+0000] {dag.py:3239} INFO - Sync 3 DAGs
[2025-01-12T22:33:06.396+0000] {logging_mixin.py:190} INFO - [2025-01-12T22:33:06.396+0000] {dag.py:4180} INFO - Setting next_dagrun for dataset_with_extra_by_context to 2025-01-11 00:00:00+00:00, run_after=2025-01-12 00:00:00+00:00
[2025-01-12T22:33:06.405+0000] {logging_mixin.py:190} INFO - [2025-01-12T22:33:06.405+0000] {dag.py:4180} INFO - Setting next_dagrun for dataset_with_extra_by_yield to 2025-01-11 00:00:00+00:00, run_after=2025-01-12 00:00:00+00:00
[2025-01-12T22:33:06.410+0000] {logging_mixin.py:190} INFO - [2025-01-12T22:33:06.410+0000] {dag.py:4180} INFO - Setting next_dagrun for dataset_with_extra_from_classic_operator to 2025-01-11 00:00:00+00:00, run_after=2025-01-12 00:00:00+00:00
[2025-01-12T22:33:06.551+0000] {processor.py:208} INFO - Processing /home/airflow/.local/lib/python3.12/site-packages/airflow/example_dags/example_outlet_event_extra.py took 1.095 seconds
[2025-01-12T22:58:15.928+0000] {processor.py:186} INFO - Started process (PID=95) to work on /home/airflow/.local/lib/python3.12/site-packages/airflow/example_dags/example_outlet_event_extra.py
[2025-01-12T22:58:15.929+0000] {processor.py:914} INFO - Processing file /home/airflow/.local/lib/python3.12/site-packages/airflow/example_dags/example_outlet_event_extra.py for tasks to queue
[2025-01-12T22:58:15.932+0000] {logging_mixin.py:190} INFO - [2025-01-12T22:58:15.931+0000] {dagbag.py:588} INFO - Filling up the DagBag from /home/airflow/.local/lib/python3.12/site-packages/airflow/example_dags/example_outlet_event_extra.py
[2025-01-12T22:58:20.295+0000] {processor.py:925} INFO - DAG(s) 'dataset_with_extra_by_yield', 'dataset_with_extra_by_context', 'dataset_with_extra_from_classic_operator' retrieved from /home/airflow/.local/lib/python3.12/site-packages/airflow/example_dags/example_outlet_event_extra.py
[2025-01-12T22:58:20.385+0000] {logging_mixin.py:190} INFO - [2025-01-12T22:58:20.385+0000] {dag.py:3239} INFO - Sync 3 DAGs
[2025-01-12T22:58:20.413+0000] {logging_mixin.py:190} INFO - [2025-01-12T22:58:20.412+0000] {dag.py:4180} INFO - Setting next_dagrun for dataset_with_extra_by_context to 2025-01-11 00:00:00+00:00, run_after=2025-01-12 00:00:00+00:00
[2025-01-12T22:58:20.419+0000] {logging_mixin.py:190} INFO - [2025-01-12T22:58:20.418+0000] {dag.py:4180} INFO - Setting next_dagrun for dataset_with_extra_by_yield to 2025-01-11 00:00:00+00:00, run_after=2025-01-12 00:00:00+00:00
[2025-01-12T22:58:20.422+0000] {logging_mixin.py:190} INFO - [2025-01-12T22:58:20.422+0000] {dag.py:4180} INFO - Setting next_dagrun for dataset_with_extra_from_classic_operator to 2025-01-11 00:00:00+00:00, run_after=2025-01-12 00:00:00+00:00
[2025-01-12T22:58:20.471+0000] {processor.py:208} INFO - Processing /home/airflow/.local/lib/python3.12/site-packages/airflow/example_dags/example_outlet_event_extra.py took 4.550 seconds
[2025-01-12T22:58:50.850+0000] {processor.py:186} INFO - Started process (PID=165) to work on /home/airflow/.local/lib/python3.12/site-packages/airflow/example_dags/example_outlet_event_extra.py
[2025-01-12T22:58:50.851+0000] {processor.py:914} INFO - Processing file /home/airflow/.local/lib/python3.12/site-packages/airflow/example_dags/example_outlet_event_extra.py for tasks to queue
[2025-01-12T22:58:50.854+0000] {logging_mixin.py:190} INFO - [2025-01-12T22:58:50.854+0000] {dagbag.py:588} INFO - Filling up the DagBag from /home/airflow/.local/lib/python3.12/site-packages/airflow/example_dags/example_outlet_event_extra.py
[2025-01-12T22:58:51.600+0000] {processor.py:925} INFO - DAG(s) 'dataset_with_extra_by_yield', 'dataset_with_extra_by_context', 'dataset_with_extra_from_classic_operator' retrieved from /home/airflow/.local/lib/python3.12/site-packages/airflow/example_dags/example_outlet_event_extra.py
[2025-01-12T22:58:51.642+0000] {logging_mixin.py:190} INFO - [2025-01-12T22:58:51.642+0000] {dag.py:3239} INFO - Sync 3 DAGs
[2025-01-12T22:58:51.688+0000] {logging_mixin.py:190} INFO - [2025-01-12T22:58:51.687+0000] {dag.py:4180} INFO - Setting next_dagrun for dataset_with_extra_by_context to 2025-01-11 00:00:00+00:00, run_after=2025-01-12 00:00:00+00:00
[2025-01-12T22:58:51.705+0000] {logging_mixin.py:190} INFO - [2025-01-12T22:58:51.703+0000] {dag.py:4180} INFO - Setting next_dagrun for dataset_with_extra_by_yield to 2025-01-11 00:00:00+00:00, run_after=2025-01-12 00:00:00+00:00
[2025-01-12T22:58:51.710+0000] {logging_mixin.py:190} INFO - [2025-01-12T22:58:51.710+0000] {dag.py:4180} INFO - Setting next_dagrun for dataset_with_extra_from_classic_operator to 2025-01-11 00:00:00+00:00, run_after=2025-01-12 00:00:00+00:00
[2025-01-12T22:58:51.763+0000] {processor.py:208} INFO - Processing /home/airflow/.local/lib/python3.12/site-packages/airflow/example_dags/example_outlet_event_extra.py took 0.919 seconds
[2025-01-12T22:59:22.152+0000] {processor.py:186} INFO - Started process (PID=228) to work on /home/airflow/.local/lib/python3.12/site-packages/airflow/example_dags/example_outlet_event_extra.py
[2025-01-12T22:59:22.154+0000] {processor.py:914} INFO - Processing file /home/airflow/.local/lib/python3.12/site-packages/airflow/example_dags/example_outlet_event_extra.py for tasks to queue
[2025-01-12T22:59:22.157+0000] {logging_mixin.py:190} INFO - [2025-01-12T22:59:22.156+0000] {dagbag.py:588} INFO - Filling up the DagBag from /home/airflow/.local/lib/python3.12/site-packages/airflow/example_dags/example_outlet_event_extra.py
[2025-01-12T22:59:22.888+0000] {processor.py:925} INFO - DAG(s) 'dataset_with_extra_by_yield', 'dataset_with_extra_from_classic_operator', 'dataset_with_extra_by_context' retrieved from /home/airflow/.local/lib/python3.12/site-packages/airflow/example_dags/example_outlet_event_extra.py
[2025-01-12T22:59:22.920+0000] {logging_mixin.py:190} INFO - [2025-01-12T22:59:22.920+0000] {dag.py:3239} INFO - Sync 3 DAGs
[2025-01-12T22:59:22.951+0000] {logging_mixin.py:190} INFO - [2025-01-12T22:59:22.950+0000] {dag.py:4180} INFO - Setting next_dagrun for dataset_with_extra_by_context to 2025-01-11 00:00:00+00:00, run_after=2025-01-12 00:00:00+00:00
[2025-01-12T22:59:22.957+0000] {logging_mixin.py:190} INFO - [2025-01-12T22:59:22.957+0000] {dag.py:4180} INFO - Setting next_dagrun for dataset_with_extra_by_yield to 2025-01-11 00:00:00+00:00, run_after=2025-01-12 00:00:00+00:00
[2025-01-12T22:59:22.961+0000] {logging_mixin.py:190} INFO - [2025-01-12T22:59:22.961+0000] {dag.py:4180} INFO - Setting next_dagrun for dataset_with_extra_from_classic_operator to 2025-01-11 00:00:00+00:00, run_after=2025-01-12 00:00:00+00:00
[2025-01-12T22:59:23.037+0000] {processor.py:208} INFO - Processing /home/airflow/.local/lib/python3.12/site-packages/airflow/example_dags/example_outlet_event_extra.py took 0.892 seconds
[2025-01-12T22:59:53.742+0000] {processor.py:186} INFO - Started process (PID=291) to work on /home/airflow/.local/lib/python3.12/site-packages/airflow/example_dags/example_outlet_event_extra.py
[2025-01-12T22:59:53.743+0000] {processor.py:914} INFO - Processing file /home/airflow/.local/lib/python3.12/site-packages/airflow/example_dags/example_outlet_event_extra.py for tasks to queue
[2025-01-12T22:59:53.747+0000] {logging_mixin.py:190} INFO - [2025-01-12T22:59:53.746+0000] {dagbag.py:588} INFO - Filling up the DagBag from /home/airflow/.local/lib/python3.12/site-packages/airflow/example_dags/example_outlet_event_extra.py
[2025-01-12T22:59:54.646+0000] {processor.py:925} INFO - DAG(s) 'dataset_with_extra_from_classic_operator', 'dataset_with_extra_by_yield', 'dataset_with_extra_by_context' retrieved from /home/airflow/.local/lib/python3.12/site-packages/airflow/example_dags/example_outlet_event_extra.py
[2025-01-12T22:59:54.679+0000] {logging_mixin.py:190} INFO - [2025-01-12T22:59:54.679+0000] {dag.py:3239} INFO - Sync 3 DAGs
[2025-01-12T22:59:54.708+0000] {logging_mixin.py:190} INFO - [2025-01-12T22:59:54.708+0000] {dag.py:4180} INFO - Setting next_dagrun for dataset_with_extra_by_context to 2025-01-11 00:00:00+00:00, run_after=2025-01-12 00:00:00+00:00
[2025-01-12T22:59:54.714+0000] {logging_mixin.py:190} INFO - [2025-01-12T22:59:54.714+0000] {dag.py:4180} INFO - Setting next_dagrun for dataset_with_extra_by_yield to 2025-01-11 00:00:00+00:00, run_after=2025-01-12 00:00:00+00:00
[2025-01-12T22:59:54.718+0000] {logging_mixin.py:190} INFO - [2025-01-12T22:59:54.717+0000] {dag.py:4180} INFO - Setting next_dagrun for dataset_with_extra_from_classic_operator to 2025-01-11 00:00:00+00:00, run_after=2025-01-12 00:00:00+00:00
[2025-01-12T22:59:54.773+0000] {processor.py:208} INFO - Processing /home/airflow/.local/lib/python3.12/site-packages/airflow/example_dags/example_outlet_event_extra.py took 1.039 seconds
[2025-01-12T23:00:25.440+0000] {processor.py:186} INFO - Started process (PID=354) to work on /home/airflow/.local/lib/python3.12/site-packages/airflow/example_dags/example_outlet_event_extra.py
[2025-01-12T23:00:25.441+0000] {processor.py:914} INFO - Processing file /home/airflow/.local/lib/python3.12/site-packages/airflow/example_dags/example_outlet_event_extra.py for tasks to queue
[2025-01-12T23:00:25.444+0000] {logging_mixin.py:190} INFO - [2025-01-12T23:00:25.444+0000] {dagbag.py:588} INFO - Filling up the DagBag from /home/airflow/.local/lib/python3.12/site-packages/airflow/example_dags/example_outlet_event_extra.py
[2025-01-12T23:00:26.146+0000] {processor.py:925} INFO - DAG(s) 'dataset_with_extra_by_yield', 'dataset_with_extra_by_context', 'dataset_with_extra_from_classic_operator' retrieved from /home/airflow/.local/lib/python3.12/site-packages/airflow/example_dags/example_outlet_event_extra.py
[2025-01-12T23:00:26.177+0000] {logging_mixin.py:190} INFO - [2025-01-12T23:00:26.176+0000] {dag.py:3239} INFO - Sync 3 DAGs
[2025-01-12T23:00:26.206+0000] {logging_mixin.py:190} INFO - [2025-01-12T23:00:26.206+0000] {dag.py:4180} INFO - Setting next_dagrun for dataset_with_extra_by_context to 2025-01-11 00:00:00+00:00, run_after=2025-01-12 00:00:00+00:00
[2025-01-12T23:00:26.213+0000] {logging_mixin.py:190} INFO - [2025-01-12T23:00:26.212+0000] {dag.py:4180} INFO - Setting next_dagrun for dataset_with_extra_by_yield to 2025-01-11 00:00:00+00:00, run_after=2025-01-12 00:00:00+00:00
[2025-01-12T23:00:26.216+0000] {logging_mixin.py:190} INFO - [2025-01-12T23:00:26.216+0000] {dag.py:4180} INFO - Setting next_dagrun for dataset_with_extra_from_classic_operator to 2025-01-11 00:00:00+00:00, run_after=2025-01-12 00:00:00+00:00
[2025-01-12T23:00:26.347+0000] {processor.py:208} INFO - Processing /home/airflow/.local/lib/python3.12/site-packages/airflow/example_dags/example_outlet_event_extra.py took 0.921 seconds
[2025-01-12T23:00:57.236+0000] {processor.py:186} INFO - Started process (PID=417) to work on /home/airflow/.local/lib/python3.12/site-packages/airflow/example_dags/example_outlet_event_extra.py
[2025-01-12T23:00:57.237+0000] {processor.py:914} INFO - Processing file /home/airflow/.local/lib/python3.12/site-packages/airflow/example_dags/example_outlet_event_extra.py for tasks to queue
[2025-01-12T23:00:57.241+0000] {logging_mixin.py:190} INFO - [2025-01-12T23:00:57.241+0000] {dagbag.py:588} INFO - Filling up the DagBag from /home/airflow/.local/lib/python3.12/site-packages/airflow/example_dags/example_outlet_event_extra.py
[2025-01-12T23:00:57.919+0000] {processor.py:925} INFO - DAG(s) 'dataset_with_extra_by_yield', 'dataset_with_extra_by_context', 'dataset_with_extra_from_classic_operator' retrieved from /home/airflow/.local/lib/python3.12/site-packages/airflow/example_dags/example_outlet_event_extra.py
[2025-01-12T23:00:57.950+0000] {logging_mixin.py:190} INFO - [2025-01-12T23:00:57.950+0000] {dag.py:3239} INFO - Sync 3 DAGs
[2025-01-12T23:00:57.980+0000] {logging_mixin.py:190} INFO - [2025-01-12T23:00:57.979+0000] {dag.py:4180} INFO - Setting next_dagrun for dataset_with_extra_by_context to 2025-01-11 00:00:00+00:00, run_after=2025-01-12 00:00:00+00:00
[2025-01-12T23:00:57.986+0000] {logging_mixin.py:190} INFO - [2025-01-12T23:00:57.986+0000] {dag.py:4180} INFO - Setting next_dagrun for dataset_with_extra_by_yield to 2025-01-11 00:00:00+00:00, run_after=2025-01-12 00:00:00+00:00
[2025-01-12T23:00:57.990+0000] {logging_mixin.py:190} INFO - [2025-01-12T23:00:57.989+0000] {dag.py:4180} INFO - Setting next_dagrun for dataset_with_extra_from_classic_operator to 2025-01-11 00:00:00+00:00, run_after=2025-01-12 00:00:00+00:00
[2025-01-12T23:00:58.170+0000] {processor.py:208} INFO - Processing /home/airflow/.local/lib/python3.12/site-packages/airflow/example_dags/example_outlet_event_extra.py took 0.941 seconds
[2025-01-12T23:01:28.872+0000] {processor.py:186} INFO - Started process (PID=479) to work on /home/airflow/.local/lib/python3.12/site-packages/airflow/example_dags/example_outlet_event_extra.py
[2025-01-12T23:01:28.873+0000] {processor.py:914} INFO - Processing file /home/airflow/.local/lib/python3.12/site-packages/airflow/example_dags/example_outlet_event_extra.py for tasks to queue
[2025-01-12T23:01:28.877+0000] {logging_mixin.py:190} INFO - [2025-01-12T23:01:28.877+0000] {dagbag.py:588} INFO - Filling up the DagBag from /home/airflow/.local/lib/python3.12/site-packages/airflow/example_dags/example_outlet_event_extra.py
[2025-01-12T23:01:29.604+0000] {processor.py:925} INFO - DAG(s) 'dataset_with_extra_from_classic_operator', 'dataset_with_extra_by_yield', 'dataset_with_extra_by_context' retrieved from /home/airflow/.local/lib/python3.12/site-packages/airflow/example_dags/example_outlet_event_extra.py
[2025-01-12T23:01:29.635+0000] {logging_mixin.py:190} INFO - [2025-01-12T23:01:29.634+0000] {dag.py:3239} INFO - Sync 3 DAGs
[2025-01-12T23:01:29.667+0000] {logging_mixin.py:190} INFO - [2025-01-12T23:01:29.667+0000] {dag.py:4180} INFO - Setting next_dagrun for dataset_with_extra_by_context to 2025-01-11 00:00:00+00:00, run_after=2025-01-12 00:00:00+00:00
[2025-01-12T23:01:29.674+0000] {logging_mixin.py:190} INFO - [2025-01-12T23:01:29.674+0000] {dag.py:4180} INFO - Setting next_dagrun for dataset_with_extra_by_yield to 2025-01-11 00:00:00+00:00, run_after=2025-01-12 00:00:00+00:00
[2025-01-12T23:01:29.679+0000] {logging_mixin.py:190} INFO - [2025-01-12T23:01:29.679+0000] {dag.py:4180} INFO - Setting next_dagrun for dataset_with_extra_from_classic_operator to 2025-01-11 00:00:00+00:00, run_after=2025-01-12 00:00:00+00:00
[2025-01-12T23:01:29.828+0000] {processor.py:208} INFO - Processing /home/airflow/.local/lib/python3.12/site-packages/airflow/example_dags/example_outlet_event_extra.py took 0.962 seconds
[2025-01-12T23:02:00.763+0000] {processor.py:186} INFO - Started process (PID=542) to work on /home/airflow/.local/lib/python3.12/site-packages/airflow/example_dags/example_outlet_event_extra.py
[2025-01-12T23:02:00.764+0000] {processor.py:914} INFO - Processing file /home/airflow/.local/lib/python3.12/site-packages/airflow/example_dags/example_outlet_event_extra.py for tasks to queue
[2025-01-12T23:02:00.767+0000] {logging_mixin.py:190} INFO - [2025-01-12T23:02:00.766+0000] {dagbag.py:588} INFO - Filling up the DagBag from /home/airflow/.local/lib/python3.12/site-packages/airflow/example_dags/example_outlet_event_extra.py
[2025-01-12T23:02:01.424+0000] {processor.py:925} INFO - DAG(s) 'dataset_with_extra_by_yield', 'dataset_with_extra_from_classic_operator', 'dataset_with_extra_by_context' retrieved from /home/airflow/.local/lib/python3.12/site-packages/airflow/example_dags/example_outlet_event_extra.py
[2025-01-12T23:02:01.453+0000] {logging_mixin.py:190} INFO - [2025-01-12T23:02:01.453+0000] {dag.py:3239} INFO - Sync 3 DAGs
[2025-01-12T23:02:01.483+0000] {logging_mixin.py:190} INFO - [2025-01-12T23:02:01.483+0000] {dag.py:4180} INFO - Setting next_dagrun for dataset_with_extra_by_context to 2025-01-11 00:00:00+00:00, run_after=2025-01-12 00:00:00+00:00
[2025-01-12T23:02:01.489+0000] {logging_mixin.py:190} INFO - [2025-01-12T23:02:01.489+0000] {dag.py:4180} INFO - Setting next_dagrun for dataset_with_extra_by_yield to 2025-01-11 00:00:00+00:00, run_after=2025-01-12 00:00:00+00:00
[2025-01-12T23:02:01.493+0000] {logging_mixin.py:190} INFO - [2025-01-12T23:02:01.493+0000] {dag.py:4180} INFO - Setting next_dagrun for dataset_with_extra_from_classic_operator to 2025-01-11 00:00:00+00:00, run_after=2025-01-12 00:00:00+00:00
[2025-01-12T23:02:01.695+0000] {processor.py:208} INFO - Processing /home/airflow/.local/lib/python3.12/site-packages/airflow/example_dags/example_outlet_event_extra.py took 0.940 seconds
[2025-01-12T23:02:31.902+0000] {processor.py:186} INFO - Started process (PID=607) to work on /home/airflow/.local/lib/python3.12/site-packages/airflow/example_dags/example_outlet_event_extra.py
[2025-01-12T23:02:31.904+0000] {processor.py:914} INFO - Processing file /home/airflow/.local/lib/python3.12/site-packages/airflow/example_dags/example_outlet_event_extra.py for tasks to queue
[2025-01-12T23:02:31.907+0000] {logging_mixin.py:190} INFO - [2025-01-12T23:02:31.907+0000] {dagbag.py:588} INFO - Filling up the DagBag from /home/airflow/.local/lib/python3.12/site-packages/airflow/example_dags/example_outlet_event_extra.py
[2025-01-12T23:02:32.647+0000] {processor.py:925} INFO - DAG(s) 'dataset_with_extra_from_classic_operator', 'dataset_with_extra_by_yield', 'dataset_with_extra_by_context' retrieved from /home/airflow/.local/lib/python3.12/site-packages/airflow/example_dags/example_outlet_event_extra.py
[2025-01-12T23:02:32.674+0000] {logging_mixin.py:190} INFO - [2025-01-12T23:02:32.673+0000] {dag.py:3239} INFO - Sync 3 DAGs
[2025-01-12T23:02:32.706+0000] {logging_mixin.py:190} INFO - [2025-01-12T23:02:32.706+0000] {dag.py:4180} INFO - Setting next_dagrun for dataset_with_extra_by_context to 2025-01-11 00:00:00+00:00, run_after=2025-01-12 00:00:00+00:00
[2025-01-12T23:02:32.712+0000] {logging_mixin.py:190} INFO - [2025-01-12T23:02:32.712+0000] {dag.py:4180} INFO - Setting next_dagrun for dataset_with_extra_by_yield to 2025-01-11 00:00:00+00:00, run_after=2025-01-12 00:00:00+00:00
[2025-01-12T23:02:32.716+0000] {logging_mixin.py:190} INFO - [2025-01-12T23:02:32.716+0000] {dag.py:4180} INFO - Setting next_dagrun for dataset_with_extra_from_classic_operator to 2025-01-11 00:00:00+00:00, run_after=2025-01-12 00:00:00+00:00
[2025-01-12T23:02:32.794+0000] {processor.py:208} INFO - Processing /home/airflow/.local/lib/python3.12/site-packages/airflow/example_dags/example_outlet_event_extra.py took 0.899 seconds
[2025-01-12T23:03:02.976+0000] {processor.py:186} INFO - Started process (PID=670) to work on /home/airflow/.local/lib/python3.12/site-packages/airflow/example_dags/example_outlet_event_extra.py
[2025-01-12T23:03:02.977+0000] {processor.py:914} INFO - Processing file /home/airflow/.local/lib/python3.12/site-packages/airflow/example_dags/example_outlet_event_extra.py for tasks to queue
[2025-01-12T23:03:02.980+0000] {logging_mixin.py:190} INFO - [2025-01-12T23:03:02.980+0000] {dagbag.py:588} INFO - Filling up the DagBag from /home/airflow/.local/lib/python3.12/site-packages/airflow/example_dags/example_outlet_event_extra.py
[2025-01-12T23:03:03.710+0000] {processor.py:925} INFO - DAG(s) 'dataset_with_extra_by_context', 'dataset_with_extra_by_yield', 'dataset_with_extra_from_classic_operator' retrieved from /home/airflow/.local/lib/python3.12/site-packages/airflow/example_dags/example_outlet_event_extra.py
[2025-01-12T23:03:03.744+0000] {logging_mixin.py:190} INFO - [2025-01-12T23:03:03.744+0000] {dag.py:3239} INFO - Sync 3 DAGs
[2025-01-12T23:03:03.781+0000] {logging_mixin.py:190} INFO - [2025-01-12T23:03:03.780+0000] {dag.py:4180} INFO - Setting next_dagrun for dataset_with_extra_by_context to 2025-01-11 00:00:00+00:00, run_after=2025-01-12 00:00:00+00:00
[2025-01-12T23:03:03.787+0000] {logging_mixin.py:190} INFO - [2025-01-12T23:03:03.787+0000] {dag.py:4180} INFO - Setting next_dagrun for dataset_with_extra_by_yield to 2025-01-11 00:00:00+00:00, run_after=2025-01-12 00:00:00+00:00
[2025-01-12T23:03:03.792+0000] {logging_mixin.py:190} INFO - [2025-01-12T23:03:03.792+0000] {dag.py:4180} INFO - Setting next_dagrun for dataset_with_extra_from_classic_operator to 2025-01-11 00:00:00+00:00, run_after=2025-01-12 00:00:00+00:00
[2025-01-12T23:03:03.851+0000] {processor.py:208} INFO - Processing /home/airflow/.local/lib/python3.12/site-packages/airflow/example_dags/example_outlet_event_extra.py took 0.882 seconds
[2025-01-12T23:03:33.940+0000] {processor.py:186} INFO - Started process (PID=732) to work on /home/airflow/.local/lib/python3.12/site-packages/airflow/example_dags/example_outlet_event_extra.py
[2025-01-12T23:03:33.941+0000] {processor.py:914} INFO - Processing file /home/airflow/.local/lib/python3.12/site-packages/airflow/example_dags/example_outlet_event_extra.py for tasks to queue
[2025-01-12T23:03:33.945+0000] {logging_mixin.py:190} INFO - [2025-01-12T23:03:33.944+0000] {dagbag.py:588} INFO - Filling up the DagBag from /home/airflow/.local/lib/python3.12/site-packages/airflow/example_dags/example_outlet_event_extra.py
[2025-01-12T23:03:34.807+0000] {processor.py:925} INFO - DAG(s) 'dataset_with_extra_by_context', 'dataset_with_extra_by_yield', 'dataset_with_extra_from_classic_operator' retrieved from /home/airflow/.local/lib/python3.12/site-packages/airflow/example_dags/example_outlet_event_extra.py
[2025-01-12T23:03:34.837+0000] {logging_mixin.py:190} INFO - [2025-01-12T23:03:34.836+0000] {dag.py:3239} INFO - Sync 3 DAGs
[2025-01-12T23:03:34.872+0000] {logging_mixin.py:190} INFO - [2025-01-12T23:03:34.872+0000] {dag.py:4180} INFO - Setting next_dagrun for dataset_with_extra_by_context to 2025-01-11 00:00:00+00:00, run_after=2025-01-12 00:00:00+00:00
[2025-01-12T23:03:34.879+0000] {logging_mixin.py:190} INFO - [2025-01-12T23:03:34.879+0000] {dag.py:4180} INFO - Setting next_dagrun for dataset_with_extra_by_yield to 2025-01-11 00:00:00+00:00, run_after=2025-01-12 00:00:00+00:00
[2025-01-12T23:03:34.883+0000] {logging_mixin.py:190} INFO - [2025-01-12T23:03:34.883+0000] {dag.py:4180} INFO - Setting next_dagrun for dataset_with_extra_from_classic_operator to 2025-01-11 00:00:00+00:00, run_after=2025-01-12 00:00:00+00:00
[2025-01-12T23:03:35.019+0000] {processor.py:208} INFO - Processing /home/airflow/.local/lib/python3.12/site-packages/airflow/example_dags/example_outlet_event_extra.py took 1.087 seconds
[2025-01-12T23:04:05.701+0000] {processor.py:186} INFO - Started process (PID=796) to work on /home/airflow/.local/lib/python3.12/site-packages/airflow/example_dags/example_outlet_event_extra.py
[2025-01-12T23:04:05.702+0000] {processor.py:914} INFO - Processing file /home/airflow/.local/lib/python3.12/site-packages/airflow/example_dags/example_outlet_event_extra.py for tasks to queue
[2025-01-12T23:04:05.706+0000] {logging_mixin.py:190} INFO - [2025-01-12T23:04:05.706+0000] {dagbag.py:588} INFO - Filling up the DagBag from /home/airflow/.local/lib/python3.12/site-packages/airflow/example_dags/example_outlet_event_extra.py
[2025-01-12T23:04:06.517+0000] {processor.py:925} INFO - DAG(s) 'dataset_with_extra_by_yield', 'dataset_with_extra_by_context', 'dataset_with_extra_from_classic_operator' retrieved from /home/airflow/.local/lib/python3.12/site-packages/airflow/example_dags/example_outlet_event_extra.py
[2025-01-12T23:04:06.550+0000] {logging_mixin.py:190} INFO - [2025-01-12T23:04:06.550+0000] {dag.py:3239} INFO - Sync 3 DAGs
[2025-01-12T23:04:06.582+0000] {logging_mixin.py:190} INFO - [2025-01-12T23:04:06.582+0000] {dag.py:4180} INFO - Setting next_dagrun for dataset_with_extra_by_context to 2025-01-11 00:00:00+00:00, run_after=2025-01-12 00:00:00+00:00
[2025-01-12T23:04:06.588+0000] {logging_mixin.py:190} INFO - [2025-01-12T23:04:06.588+0000] {dag.py:4180} INFO - Setting next_dagrun for dataset_with_extra_by_yield to 2025-01-11 00:00:00+00:00, run_after=2025-01-12 00:00:00+00:00
[2025-01-12T23:04:06.591+0000] {logging_mixin.py:190} INFO - [2025-01-12T23:04:06.591+0000] {dag.py:4180} INFO - Setting next_dagrun for dataset_with_extra_from_classic_operator to 2025-01-11 00:00:00+00:00, run_after=2025-01-12 00:00:00+00:00
[2025-01-12T23:04:06.649+0000] {processor.py:208} INFO - Processing /home/airflow/.local/lib/python3.12/site-packages/airflow/example_dags/example_outlet_event_extra.py took 0.958 seconds
[2025-01-12T23:04:37.375+0000] {processor.py:186} INFO - Started process (PID=859) to work on /home/airflow/.local/lib/python3.12/site-packages/airflow/example_dags/example_outlet_event_extra.py
[2025-01-12T23:04:37.376+0000] {processor.py:914} INFO - Processing file /home/airflow/.local/lib/python3.12/site-packages/airflow/example_dags/example_outlet_event_extra.py for tasks to queue
[2025-01-12T23:04:37.379+0000] {logging_mixin.py:190} INFO - [2025-01-12T23:04:37.379+0000] {dagbag.py:588} INFO - Filling up the DagBag from /home/airflow/.local/lib/python3.12/site-packages/airflow/example_dags/example_outlet_event_extra.py
[2025-01-12T23:04:38.062+0000] {processor.py:925} INFO - DAG(s) 'dataset_with_extra_from_classic_operator', 'dataset_with_extra_by_yield', 'dataset_with_extra_by_context' retrieved from /home/airflow/.local/lib/python3.12/site-packages/airflow/example_dags/example_outlet_event_extra.py
[2025-01-12T23:04:38.091+0000] {logging_mixin.py:190} INFO - [2025-01-12T23:04:38.091+0000] {dag.py:3239} INFO - Sync 3 DAGs
[2025-01-12T23:04:38.119+0000] {logging_mixin.py:190} INFO - [2025-01-12T23:04:38.119+0000] {dag.py:4180} INFO - Setting next_dagrun for dataset_with_extra_by_context to 2025-01-11 00:00:00+00:00, run_after=2025-01-12 00:00:00+00:00
[2025-01-12T23:04:38.125+0000] {logging_mixin.py:190} INFO - [2025-01-12T23:04:38.125+0000] {dag.py:4180} INFO - Setting next_dagrun for dataset_with_extra_by_yield to 2025-01-11 00:00:00+00:00, run_after=2025-01-12 00:00:00+00:00
[2025-01-12T23:04:38.129+0000] {logging_mixin.py:190} INFO - [2025-01-12T23:04:38.129+0000] {dag.py:4180} INFO - Setting next_dagrun for dataset_with_extra_from_classic_operator to 2025-01-11 00:00:00+00:00, run_after=2025-01-12 00:00:00+00:00
[2025-01-12T23:04:38.245+0000] {processor.py:208} INFO - Processing /home/airflow/.local/lib/python3.12/site-packages/airflow/example_dags/example_outlet_event_extra.py took 0.877 seconds
[2025-01-12T23:05:08.732+0000] {processor.py:186} INFO - Started process (PID=922) to work on /home/airflow/.local/lib/python3.12/site-packages/airflow/example_dags/example_outlet_event_extra.py
[2025-01-12T23:05:08.733+0000] {processor.py:914} INFO - Processing file /home/airflow/.local/lib/python3.12/site-packages/airflow/example_dags/example_outlet_event_extra.py for tasks to queue
[2025-01-12T23:05:08.736+0000] {logging_mixin.py:190} INFO - [2025-01-12T23:05:08.735+0000] {dagbag.py:588} INFO - Filling up the DagBag from /home/airflow/.local/lib/python3.12/site-packages/airflow/example_dags/example_outlet_event_extra.py
[2025-01-12T23:05:09.422+0000] {processor.py:925} INFO - DAG(s) 'dataset_with_extra_by_context', 'dataset_with_extra_by_yield', 'dataset_with_extra_from_classic_operator' retrieved from /home/airflow/.local/lib/python3.12/site-packages/airflow/example_dags/example_outlet_event_extra.py
[2025-01-12T23:05:09.450+0000] {logging_mixin.py:190} INFO - [2025-01-12T23:05:09.450+0000] {dag.py:3239} INFO - Sync 3 DAGs
[2025-01-12T23:05:09.478+0000] {logging_mixin.py:190} INFO - [2025-01-12T23:05:09.478+0000] {dag.py:4180} INFO - Setting next_dagrun for dataset_with_extra_by_context to 2025-01-11 00:00:00+00:00, run_after=2025-01-12 00:00:00+00:00
[2025-01-12T23:05:09.484+0000] {logging_mixin.py:190} INFO - [2025-01-12T23:05:09.484+0000] {dag.py:4180} INFO - Setting next_dagrun for dataset_with_extra_by_yield to 2025-01-11 00:00:00+00:00, run_after=2025-01-12 00:00:00+00:00
[2025-01-12T23:05:09.487+0000] {logging_mixin.py:190} INFO - [2025-01-12T23:05:09.487+0000] {dag.py:4180} INFO - Setting next_dagrun for dataset_with_extra_from_classic_operator to 2025-01-11 00:00:00+00:00, run_after=2025-01-12 00:00:00+00:00
[2025-01-12T23:05:09.546+0000] {processor.py:208} INFO - Processing /home/airflow/.local/lib/python3.12/site-packages/airflow/example_dags/example_outlet_event_extra.py took 0.819 seconds
