[2025-01-12T22:31:09.803+0000] {processor.py:186} INFO - Started process (PID=130) to work on /home/airflow/.local/lib/python3.12/site-packages/airflow/example_dags/example_params_trigger_ui.py
[2025-01-12T22:31:09.804+0000] {processor.py:914} INFO - Processing file /home/airflow/.local/lib/python3.12/site-packages/airflow/example_dags/example_params_trigger_ui.py for tasks to queue
[2025-01-12T22:31:09.807+0000] {logging_mixin.py:190} INFO - [2025-01-12T22:31:09.807+0000] {dagbag.py:588} INFO - Filling up the DagBag from /home/airflow/.local/lib/python3.12/site-packages/airflow/example_dags/example_params_trigger_ui.py
[2025-01-12T22:31:09.851+0000] {processor.py:925} INFO - DAG(s) 'example_params_trigger_ui' retrieved from /home/airflow/.local/lib/python3.12/site-packages/airflow/example_dags/example_params_trigger_ui.py
[2025-01-12T22:31:10.211+0000] {logging_mixin.py:190} INFO - [2025-01-12T22:31:10.210+0000] {override.py:1911} INFO - Created Permission View: can read on DAG:example_params_trigger_ui
[2025-01-12T22:31:10.333+0000] {logging_mixin.py:190} INFO - [2025-01-12T22:31:10.332+0000] {override.py:1911} INFO - Created Permission View: can delete on DAG:example_params_trigger_ui
[2025-01-12T22:31:10.422+0000] {logging_mixin.py:190} INFO - [2025-01-12T22:31:10.421+0000] {override.py:1911} INFO - Created Permission View: can edit on DAG:example_params_trigger_ui
[2025-01-12T22:31:10.596+0000] {logging_mixin.py:190} INFO - [2025-01-12T22:31:10.596+0000] {override.py:1911} INFO - Created Permission View: menu access on DAG Run:example_params_trigger_ui
[2025-01-12T22:31:10.685+0000] {logging_mixin.py:190} INFO - [2025-01-12T22:31:10.685+0000] {override.py:1911} INFO - Created Permission View: can create on DAG Run:example_params_trigger_ui
[2025-01-12T22:31:10.785+0000] {logging_mixin.py:190} INFO - [2025-01-12T22:31:10.785+0000] {override.py:1911} INFO - Created Permission View: can read on DAG Run:example_params_trigger_ui
[2025-01-12T22:31:10.866+0000] {logging_mixin.py:190} INFO - [2025-01-12T22:31:10.866+0000] {override.py:1911} INFO - Created Permission View: can delete on DAG Run:example_params_trigger_ui
[2025-01-12T22:31:10.867+0000] {logging_mixin.py:190} INFO - [2025-01-12T22:31:10.867+0000] {dag.py:3239} INFO - Sync 1 DAGs
[2025-01-12T22:31:10.883+0000] {logging_mixin.py:190} INFO - [2025-01-12T22:31:10.882+0000] {dag.py:3262} INFO - Creating ORM DAG for example_params_trigger_ui
[2025-01-12T22:31:10.884+0000] {logging_mixin.py:190} INFO - [2025-01-12T22:31:10.884+0000] {dag.py:4180} INFO - Setting next_dagrun for example_params_trigger_ui to None, run_after=None
[2025-01-12T22:31:10.963+0000] {processor.py:208} INFO - Processing /home/airflow/.local/lib/python3.12/site-packages/airflow/example_dags/example_params_trigger_ui.py took 1.166 seconds
[2025-01-12T22:31:41.505+0000] {processor.py:186} INFO - Started process (PID=192) to work on /home/airflow/.local/lib/python3.12/site-packages/airflow/example_dags/example_params_trigger_ui.py
[2025-01-12T22:31:41.506+0000] {processor.py:914} INFO - Processing file /home/airflow/.local/lib/python3.12/site-packages/airflow/example_dags/example_params_trigger_ui.py for tasks to queue
[2025-01-12T22:31:41.509+0000] {logging_mixin.py:190} INFO - [2025-01-12T22:31:41.508+0000] {dagbag.py:588} INFO - Filling up the DagBag from /home/airflow/.local/lib/python3.12/site-packages/airflow/example_dags/example_params_trigger_ui.py
[2025-01-12T22:31:41.522+0000] {processor.py:925} INFO - DAG(s) 'example_params_trigger_ui' retrieved from /home/airflow/.local/lib/python3.12/site-packages/airflow/example_dags/example_params_trigger_ui.py
[2025-01-12T22:31:41.573+0000] {logging_mixin.py:190} INFO - [2025-01-12T22:31:41.573+0000] {dag.py:3239} INFO - Sync 1 DAGs
[2025-01-12T22:31:41.591+0000] {logging_mixin.py:190} INFO - [2025-01-12T22:31:41.591+0000] {dag.py:4180} INFO - Setting next_dagrun for example_params_trigger_ui to None, run_after=None
[2025-01-12T22:31:41.704+0000] {processor.py:208} INFO - Processing /home/airflow/.local/lib/python3.12/site-packages/airflow/example_dags/example_params_trigger_ui.py took 0.208 seconds
[2025-01-12T22:32:12.524+0000] {processor.py:186} INFO - Started process (PID=256) to work on /home/airflow/.local/lib/python3.12/site-packages/airflow/example_dags/example_params_trigger_ui.py
[2025-01-12T22:32:12.525+0000] {processor.py:914} INFO - Processing file /home/airflow/.local/lib/python3.12/site-packages/airflow/example_dags/example_params_trigger_ui.py for tasks to queue
[2025-01-12T22:32:12.528+0000] {logging_mixin.py:190} INFO - [2025-01-12T22:32:12.527+0000] {dagbag.py:588} INFO - Filling up the DagBag from /home/airflow/.local/lib/python3.12/site-packages/airflow/example_dags/example_params_trigger_ui.py
[2025-01-12T22:32:12.541+0000] {processor.py:925} INFO - DAG(s) 'example_params_trigger_ui' retrieved from /home/airflow/.local/lib/python3.12/site-packages/airflow/example_dags/example_params_trigger_ui.py
[2025-01-12T22:32:12.592+0000] {logging_mixin.py:190} INFO - [2025-01-12T22:32:12.591+0000] {dag.py:3239} INFO - Sync 1 DAGs
[2025-01-12T22:32:12.611+0000] {logging_mixin.py:190} INFO - [2025-01-12T22:32:12.611+0000] {dag.py:4180} INFO - Setting next_dagrun for example_params_trigger_ui to None, run_after=None
[2025-01-12T22:32:12.755+0000] {processor.py:208} INFO - Processing /home/airflow/.local/lib/python3.12/site-packages/airflow/example_dags/example_params_trigger_ui.py took 0.239 seconds
[2025-01-12T22:32:43.266+0000] {processor.py:186} INFO - Started process (PID=319) to work on /home/airflow/.local/lib/python3.12/site-packages/airflow/example_dags/example_params_trigger_ui.py
[2025-01-12T22:32:43.268+0000] {processor.py:914} INFO - Processing file /home/airflow/.local/lib/python3.12/site-packages/airflow/example_dags/example_params_trigger_ui.py for tasks to queue
[2025-01-12T22:32:43.270+0000] {logging_mixin.py:190} INFO - [2025-01-12T22:32:43.270+0000] {dagbag.py:588} INFO - Filling up the DagBag from /home/airflow/.local/lib/python3.12/site-packages/airflow/example_dags/example_params_trigger_ui.py
[2025-01-12T22:32:43.283+0000] {processor.py:925} INFO - DAG(s) 'example_params_trigger_ui' retrieved from /home/airflow/.local/lib/python3.12/site-packages/airflow/example_dags/example_params_trigger_ui.py
[2025-01-12T22:32:43.334+0000] {logging_mixin.py:190} INFO - [2025-01-12T22:32:43.334+0000] {dag.py:3239} INFO - Sync 1 DAGs
[2025-01-12T22:32:43.351+0000] {logging_mixin.py:190} INFO - [2025-01-12T22:32:43.351+0000] {dag.py:4180} INFO - Setting next_dagrun for example_params_trigger_ui to None, run_after=None
[2025-01-12T22:32:43.511+0000] {processor.py:208} INFO - Processing /home/airflow/.local/lib/python3.12/site-packages/airflow/example_dags/example_params_trigger_ui.py took 0.251 seconds
[2025-01-12T22:58:22.886+0000] {processor.py:186} INFO - Started process (PID=117) to work on /home/airflow/.local/lib/python3.12/site-packages/airflow/example_dags/example_params_trigger_ui.py
[2025-01-12T22:58:22.888+0000] {processor.py:914} INFO - Processing file /home/airflow/.local/lib/python3.12/site-packages/airflow/example_dags/example_params_trigger_ui.py for tasks to queue
[2025-01-12T22:58:22.890+0000] {logging_mixin.py:190} INFO - [2025-01-12T22:58:22.890+0000] {dagbag.py:588} INFO - Filling up the DagBag from /home/airflow/.local/lib/python3.12/site-packages/airflow/example_dags/example_params_trigger_ui.py
[2025-01-12T22:58:22.907+0000] {processor.py:925} INFO - DAG(s) 'example_params_trigger_ui' retrieved from /home/airflow/.local/lib/python3.12/site-packages/airflow/example_dags/example_params_trigger_ui.py
[2025-01-12T22:58:22.961+0000] {logging_mixin.py:190} INFO - [2025-01-12T22:58:22.961+0000] {dag.py:3239} INFO - Sync 1 DAGs
[2025-01-12T22:58:22.981+0000] {logging_mixin.py:190} INFO - [2025-01-12T22:58:22.981+0000] {dag.py:4180} INFO - Setting next_dagrun for example_params_trigger_ui to None, run_after=None
[2025-01-12T22:58:23.050+0000] {processor.py:208} INFO - Processing /home/airflow/.local/lib/python3.12/site-packages/airflow/example_dags/example_params_trigger_ui.py took 0.170 seconds
[2025-01-12T22:58:53.885+0000] {processor.py:186} INFO - Started process (PID=181) to work on /home/airflow/.local/lib/python3.12/site-packages/airflow/example_dags/example_params_trigger_ui.py
[2025-01-12T22:58:53.886+0000] {processor.py:914} INFO - Processing file /home/airflow/.local/lib/python3.12/site-packages/airflow/example_dags/example_params_trigger_ui.py for tasks to queue
[2025-01-12T22:58:53.889+0000] {logging_mixin.py:190} INFO - [2025-01-12T22:58:53.888+0000] {dagbag.py:588} INFO - Filling up the DagBag from /home/airflow/.local/lib/python3.12/site-packages/airflow/example_dags/example_params_trigger_ui.py
[2025-01-12T22:58:53.903+0000] {processor.py:925} INFO - DAG(s) 'example_params_trigger_ui' retrieved from /home/airflow/.local/lib/python3.12/site-packages/airflow/example_dags/example_params_trigger_ui.py
[2025-01-12T22:58:53.964+0000] {logging_mixin.py:190} INFO - [2025-01-12T22:58:53.964+0000] {dag.py:3239} INFO - Sync 1 DAGs
[2025-01-12T22:58:53.983+0000] {logging_mixin.py:190} INFO - [2025-01-12T22:58:53.983+0000] {dag.py:4180} INFO - Setting next_dagrun for example_params_trigger_ui to None, run_after=None
[2025-01-12T22:58:54.059+0000] {processor.py:208} INFO - Processing /home/airflow/.local/lib/python3.12/site-packages/airflow/example_dags/example_params_trigger_ui.py took 0.184 seconds
[2025-01-12T22:59:25.432+0000] {processor.py:186} INFO - Started process (PID=244) to work on /home/airflow/.local/lib/python3.12/site-packages/airflow/example_dags/example_params_trigger_ui.py
[2025-01-12T22:59:25.433+0000] {processor.py:914} INFO - Processing file /home/airflow/.local/lib/python3.12/site-packages/airflow/example_dags/example_params_trigger_ui.py for tasks to queue
[2025-01-12T22:59:25.436+0000] {logging_mixin.py:190} INFO - [2025-01-12T22:59:25.435+0000] {dagbag.py:588} INFO - Filling up the DagBag from /home/airflow/.local/lib/python3.12/site-packages/airflow/example_dags/example_params_trigger_ui.py
[2025-01-12T22:59:25.450+0000] {processor.py:925} INFO - DAG(s) 'example_params_trigger_ui' retrieved from /home/airflow/.local/lib/python3.12/site-packages/airflow/example_dags/example_params_trigger_ui.py
[2025-01-12T22:59:25.508+0000] {logging_mixin.py:190} INFO - [2025-01-12T22:59:25.508+0000] {dag.py:3239} INFO - Sync 1 DAGs
[2025-01-12T22:59:25.529+0000] {logging_mixin.py:190} INFO - [2025-01-12T22:59:25.529+0000] {dag.py:4180} INFO - Setting next_dagrun for example_params_trigger_ui to None, run_after=None
[2025-01-12T22:59:25.956+0000] {processor.py:208} INFO - Processing /home/airflow/.local/lib/python3.12/site-packages/airflow/example_dags/example_params_trigger_ui.py took 0.532 seconds
[2025-01-12T22:59:56.644+0000] {processor.py:186} INFO - Started process (PID=307) to work on /home/airflow/.local/lib/python3.12/site-packages/airflow/example_dags/example_params_trigger_ui.py
[2025-01-12T22:59:56.646+0000] {processor.py:914} INFO - Processing file /home/airflow/.local/lib/python3.12/site-packages/airflow/example_dags/example_params_trigger_ui.py for tasks to queue
[2025-01-12T22:59:56.650+0000] {logging_mixin.py:190} INFO - [2025-01-12T22:59:56.650+0000] {dagbag.py:588} INFO - Filling up the DagBag from /home/airflow/.local/lib/python3.12/site-packages/airflow/example_dags/example_params_trigger_ui.py
[2025-01-12T22:59:56.667+0000] {processor.py:925} INFO - DAG(s) 'example_params_trigger_ui' retrieved from /home/airflow/.local/lib/python3.12/site-packages/airflow/example_dags/example_params_trigger_ui.py
[2025-01-12T22:59:56.745+0000] {logging_mixin.py:190} INFO - [2025-01-12T22:59:56.745+0000] {dag.py:3239} INFO - Sync 1 DAGs
[2025-01-12T22:59:56.768+0000] {logging_mixin.py:190} INFO - [2025-01-12T22:59:56.768+0000] {dag.py:4180} INFO - Setting next_dagrun for example_params_trigger_ui to None, run_after=None
[2025-01-12T22:59:56.826+0000] {processor.py:208} INFO - Processing /home/airflow/.local/lib/python3.12/site-packages/airflow/example_dags/example_params_trigger_ui.py took 0.189 seconds
[2025-01-12T23:00:28.539+0000] {processor.py:186} INFO - Started process (PID=369) to work on /home/airflow/.local/lib/python3.12/site-packages/airflow/example_dags/example_params_trigger_ui.py
[2025-01-12T23:00:28.540+0000] {processor.py:914} INFO - Processing file /home/airflow/.local/lib/python3.12/site-packages/airflow/example_dags/example_params_trigger_ui.py for tasks to queue
[2025-01-12T23:00:28.544+0000] {logging_mixin.py:190} INFO - [2025-01-12T23:00:28.544+0000] {dagbag.py:588} INFO - Filling up the DagBag from /home/airflow/.local/lib/python3.12/site-packages/airflow/example_dags/example_params_trigger_ui.py
[2025-01-12T23:00:28.559+0000] {processor.py:925} INFO - DAG(s) 'example_params_trigger_ui' retrieved from /home/airflow/.local/lib/python3.12/site-packages/airflow/example_dags/example_params_trigger_ui.py
[2025-01-12T23:00:28.612+0000] {logging_mixin.py:190} INFO - [2025-01-12T23:00:28.612+0000] {dag.py:3239} INFO - Sync 1 DAGs
[2025-01-12T23:00:28.632+0000] {logging_mixin.py:190} INFO - [2025-01-12T23:00:28.631+0000] {dag.py:4180} INFO - Setting next_dagrun for example_params_trigger_ui to None, run_after=None
[2025-01-12T23:00:28.729+0000] {processor.py:208} INFO - Processing /home/airflow/.local/lib/python3.12/site-packages/airflow/example_dags/example_params_trigger_ui.py took 0.197 seconds
[2025-01-12T23:01:00.718+0000] {processor.py:186} INFO - Started process (PID=432) to work on /home/airflow/.local/lib/python3.12/site-packages/airflow/example_dags/example_params_trigger_ui.py
[2025-01-12T23:01:00.719+0000] {processor.py:914} INFO - Processing file /home/airflow/.local/lib/python3.12/site-packages/airflow/example_dags/example_params_trigger_ui.py for tasks to queue
[2025-01-12T23:01:00.723+0000] {logging_mixin.py:190} INFO - [2025-01-12T23:01:00.722+0000] {dagbag.py:588} INFO - Filling up the DagBag from /home/airflow/.local/lib/python3.12/site-packages/airflow/example_dags/example_params_trigger_ui.py
[2025-01-12T23:01:00.738+0000] {processor.py:925} INFO - DAG(s) 'example_params_trigger_ui' retrieved from /home/airflow/.local/lib/python3.12/site-packages/airflow/example_dags/example_params_trigger_ui.py
[2025-01-12T23:01:00.789+0000] {logging_mixin.py:190} INFO - [2025-01-12T23:01:00.789+0000] {dag.py:3239} INFO - Sync 1 DAGs
[2025-01-12T23:01:00.808+0000] {logging_mixin.py:190} INFO - [2025-01-12T23:01:00.807+0000] {dag.py:4180} INFO - Setting next_dagrun for example_params_trigger_ui to None, run_after=None
[2025-01-12T23:01:00.909+0000] {processor.py:208} INFO - Processing /home/airflow/.local/lib/python3.12/site-packages/airflow/example_dags/example_params_trigger_ui.py took 0.200 seconds
[2025-01-12T23:01:31.514+0000] {processor.py:186} INFO - Started process (PID=494) to work on /home/airflow/.local/lib/python3.12/site-packages/airflow/example_dags/example_params_trigger_ui.py
[2025-01-12T23:01:31.515+0000] {processor.py:914} INFO - Processing file /home/airflow/.local/lib/python3.12/site-packages/airflow/example_dags/example_params_trigger_ui.py for tasks to queue
[2025-01-12T23:01:31.517+0000] {logging_mixin.py:190} INFO - [2025-01-12T23:01:31.517+0000] {dagbag.py:588} INFO - Filling up the DagBag from /home/airflow/.local/lib/python3.12/site-packages/airflow/example_dags/example_params_trigger_ui.py
[2025-01-12T23:01:31.530+0000] {processor.py:925} INFO - DAG(s) 'example_params_trigger_ui' retrieved from /home/airflow/.local/lib/python3.12/site-packages/airflow/example_dags/example_params_trigger_ui.py
[2025-01-12T23:01:31.589+0000] {logging_mixin.py:190} INFO - [2025-01-12T23:01:31.589+0000] {dag.py:3239} INFO - Sync 1 DAGs
[2025-01-12T23:01:31.608+0000] {logging_mixin.py:190} INFO - [2025-01-12T23:01:31.608+0000] {dag.py:4180} INFO - Setting next_dagrun for example_params_trigger_ui to None, run_after=None
[2025-01-12T23:01:31.722+0000] {processor.py:208} INFO - Processing /home/airflow/.local/lib/python3.12/site-packages/airflow/example_dags/example_params_trigger_ui.py took 0.215 seconds
[2025-01-12T23:02:03.910+0000] {processor.py:186} INFO - Started process (PID=557) to work on /home/airflow/.local/lib/python3.12/site-packages/airflow/example_dags/example_params_trigger_ui.py
[2025-01-12T23:02:03.912+0000] {processor.py:914} INFO - Processing file /home/airflow/.local/lib/python3.12/site-packages/airflow/example_dags/example_params_trigger_ui.py for tasks to queue
[2025-01-12T23:02:03.915+0000] {logging_mixin.py:190} INFO - [2025-01-12T23:02:03.915+0000] {dagbag.py:588} INFO - Filling up the DagBag from /home/airflow/.local/lib/python3.12/site-packages/airflow/example_dags/example_params_trigger_ui.py
[2025-01-12T23:02:03.930+0000] {processor.py:925} INFO - DAG(s) 'example_params_trigger_ui' retrieved from /home/airflow/.local/lib/python3.12/site-packages/airflow/example_dags/example_params_trigger_ui.py
[2025-01-12T23:02:03.983+0000] {logging_mixin.py:190} INFO - [2025-01-12T23:02:03.982+0000] {dag.py:3239} INFO - Sync 1 DAGs
[2025-01-12T23:02:03.999+0000] {logging_mixin.py:190} INFO - [2025-01-12T23:02:03.999+0000] {dag.py:4180} INFO - Setting next_dagrun for example_params_trigger_ui to None, run_after=None
[2025-01-12T23:02:04.256+0000] {processor.py:208} INFO - Processing /home/airflow/.local/lib/python3.12/site-packages/airflow/example_dags/example_params_trigger_ui.py took 0.355 seconds
[2025-01-12T23:02:34.334+0000] {processor.py:186} INFO - Started process (PID=620) to work on /home/airflow/.local/lib/python3.12/site-packages/airflow/example_dags/example_params_trigger_ui.py
[2025-01-12T23:02:34.335+0000] {processor.py:914} INFO - Processing file /home/airflow/.local/lib/python3.12/site-packages/airflow/example_dags/example_params_trigger_ui.py for tasks to queue
[2025-01-12T23:02:34.338+0000] {logging_mixin.py:190} INFO - [2025-01-12T23:02:34.338+0000] {dagbag.py:588} INFO - Filling up the DagBag from /home/airflow/.local/lib/python3.12/site-packages/airflow/example_dags/example_params_trigger_ui.py
[2025-01-12T23:02:34.352+0000] {processor.py:925} INFO - DAG(s) 'example_params_trigger_ui' retrieved from /home/airflow/.local/lib/python3.12/site-packages/airflow/example_dags/example_params_trigger_ui.py
[2025-01-12T23:02:34.405+0000] {logging_mixin.py:190} INFO - [2025-01-12T23:02:34.405+0000] {dag.py:3239} INFO - Sync 1 DAGs
[2025-01-12T23:02:34.426+0000] {logging_mixin.py:190} INFO - [2025-01-12T23:02:34.425+0000] {dag.py:4180} INFO - Setting next_dagrun for example_params_trigger_ui to None, run_after=None
[2025-01-12T23:02:34.483+0000] {processor.py:208} INFO - Processing /home/airflow/.local/lib/python3.12/site-packages/airflow/example_dags/example_params_trigger_ui.py took 0.155 seconds
[2025-01-12T23:03:05.776+0000] {processor.py:186} INFO - Started process (PID=683) to work on /home/airflow/.local/lib/python3.12/site-packages/airflow/example_dags/example_params_trigger_ui.py
[2025-01-12T23:03:05.777+0000] {processor.py:914} INFO - Processing file /home/airflow/.local/lib/python3.12/site-packages/airflow/example_dags/example_params_trigger_ui.py for tasks to queue
[2025-01-12T23:03:05.780+0000] {logging_mixin.py:190} INFO - [2025-01-12T23:03:05.779+0000] {dagbag.py:588} INFO - Filling up the DagBag from /home/airflow/.local/lib/python3.12/site-packages/airflow/example_dags/example_params_trigger_ui.py
[2025-01-12T23:03:05.795+0000] {processor.py:925} INFO - DAG(s) 'example_params_trigger_ui' retrieved from /home/airflow/.local/lib/python3.12/site-packages/airflow/example_dags/example_params_trigger_ui.py
[2025-01-12T23:03:05.848+0000] {logging_mixin.py:190} INFO - [2025-01-12T23:03:05.848+0000] {dag.py:3239} INFO - Sync 1 DAGs
[2025-01-12T23:03:05.872+0000] {logging_mixin.py:190} INFO - [2025-01-12T23:03:05.872+0000] {dag.py:4180} INFO - Setting next_dagrun for example_params_trigger_ui to None, run_after=None
[2025-01-12T23:03:05.942+0000] {processor.py:208} INFO - Processing /home/airflow/.local/lib/python3.12/site-packages/airflow/example_dags/example_params_trigger_ui.py took 0.174 seconds
[2025-01-12T23:03:36.840+0000] {processor.py:186} INFO - Started process (PID=746) to work on /home/airflow/.local/lib/python3.12/site-packages/airflow/example_dags/example_params_trigger_ui.py
[2025-01-12T23:03:36.842+0000] {processor.py:914} INFO - Processing file /home/airflow/.local/lib/python3.12/site-packages/airflow/example_dags/example_params_trigger_ui.py for tasks to queue
[2025-01-12T23:03:36.844+0000] {logging_mixin.py:190} INFO - [2025-01-12T23:03:36.844+0000] {dagbag.py:588} INFO - Filling up the DagBag from /home/airflow/.local/lib/python3.12/site-packages/airflow/example_dags/example_params_trigger_ui.py
[2025-01-12T23:03:36.858+0000] {processor.py:925} INFO - DAG(s) 'example_params_trigger_ui' retrieved from /home/airflow/.local/lib/python3.12/site-packages/airflow/example_dags/example_params_trigger_ui.py
[2025-01-12T23:03:36.960+0000] {logging_mixin.py:190} INFO - [2025-01-12T23:03:36.959+0000] {dag.py:3239} INFO - Sync 1 DAGs
[2025-01-12T23:03:36.979+0000] {logging_mixin.py:190} INFO - [2025-01-12T23:03:36.979+0000] {dag.py:4180} INFO - Setting next_dagrun for example_params_trigger_ui to None, run_after=None
[2025-01-12T23:03:37.090+0000] {processor.py:208} INFO - Processing /home/airflow/.local/lib/python3.12/site-packages/airflow/example_dags/example_params_trigger_ui.py took 0.256 seconds
[2025-01-12T23:04:08.260+0000] {processor.py:186} INFO - Started process (PID=809) to work on /home/airflow/.local/lib/python3.12/site-packages/airflow/example_dags/example_params_trigger_ui.py
[2025-01-12T23:04:08.262+0000] {processor.py:914} INFO - Processing file /home/airflow/.local/lib/python3.12/site-packages/airflow/example_dags/example_params_trigger_ui.py for tasks to queue
[2025-01-12T23:04:08.266+0000] {logging_mixin.py:190} INFO - [2025-01-12T23:04:08.265+0000] {dagbag.py:588} INFO - Filling up the DagBag from /home/airflow/.local/lib/python3.12/site-packages/airflow/example_dags/example_params_trigger_ui.py
[2025-01-12T23:04:08.286+0000] {processor.py:925} INFO - DAG(s) 'example_params_trigger_ui' retrieved from /home/airflow/.local/lib/python3.12/site-packages/airflow/example_dags/example_params_trigger_ui.py
[2025-01-12T23:04:08.351+0000] {logging_mixin.py:190} INFO - [2025-01-12T23:04:08.351+0000] {dag.py:3239} INFO - Sync 1 DAGs
[2025-01-12T23:04:08.373+0000] {logging_mixin.py:190} INFO - [2025-01-12T23:04:08.372+0000] {dag.py:4180} INFO - Setting next_dagrun for example_params_trigger_ui to None, run_after=None
[2025-01-12T23:04:08.429+0000] {processor.py:208} INFO - Processing /home/airflow/.local/lib/python3.12/site-packages/airflow/example_dags/example_params_trigger_ui.py took 0.179 seconds
[2025-01-12T23:04:39.669+0000] {processor.py:186} INFO - Started process (PID=872) to work on /home/airflow/.local/lib/python3.12/site-packages/airflow/example_dags/example_params_trigger_ui.py
[2025-01-12T23:04:39.670+0000] {processor.py:914} INFO - Processing file /home/airflow/.local/lib/python3.12/site-packages/airflow/example_dags/example_params_trigger_ui.py for tasks to queue
[2025-01-12T23:04:39.673+0000] {logging_mixin.py:190} INFO - [2025-01-12T23:04:39.673+0000] {dagbag.py:588} INFO - Filling up the DagBag from /home/airflow/.local/lib/python3.12/site-packages/airflow/example_dags/example_params_trigger_ui.py
[2025-01-12T23:04:39.687+0000] {processor.py:925} INFO - DAG(s) 'example_params_trigger_ui' retrieved from /home/airflow/.local/lib/python3.12/site-packages/airflow/example_dags/example_params_trigger_ui.py
[2025-01-12T23:04:39.753+0000] {logging_mixin.py:190} INFO - [2025-01-12T23:04:39.752+0000] {dag.py:3239} INFO - Sync 1 DAGs
[2025-01-12T23:04:39.771+0000] {logging_mixin.py:190} INFO - [2025-01-12T23:04:39.771+0000] {dag.py:4180} INFO - Setting next_dagrun for example_params_trigger_ui to None, run_after=None
[2025-01-12T23:04:39.819+0000] {processor.py:208} INFO - Processing /home/airflow/.local/lib/python3.12/site-packages/airflow/example_dags/example_params_trigger_ui.py took 0.158 seconds
[2025-01-12T23:05:10.906+0000] {processor.py:186} INFO - Started process (PID=935) to work on /home/airflow/.local/lib/python3.12/site-packages/airflow/example_dags/example_params_trigger_ui.py
[2025-01-12T23:05:10.907+0000] {processor.py:914} INFO - Processing file /home/airflow/.local/lib/python3.12/site-packages/airflow/example_dags/example_params_trigger_ui.py for tasks to queue
[2025-01-12T23:05:10.910+0000] {logging_mixin.py:190} INFO - [2025-01-12T23:05:10.910+0000] {dagbag.py:588} INFO - Filling up the DagBag from /home/airflow/.local/lib/python3.12/site-packages/airflow/example_dags/example_params_trigger_ui.py
[2025-01-12T23:05:10.923+0000] {processor.py:925} INFO - DAG(s) 'example_params_trigger_ui' retrieved from /home/airflow/.local/lib/python3.12/site-packages/airflow/example_dags/example_params_trigger_ui.py
[2025-01-12T23:05:10.977+0000] {logging_mixin.py:190} INFO - [2025-01-12T23:05:10.977+0000] {dag.py:3239} INFO - Sync 1 DAGs
[2025-01-12T23:05:10.993+0000] {logging_mixin.py:190} INFO - [2025-01-12T23:05:10.993+0000] {dag.py:4180} INFO - Setting next_dagrun for example_params_trigger_ui to None, run_after=None
[2025-01-12T23:05:11.044+0000] {processor.py:208} INFO - Processing /home/airflow/.local/lib/python3.12/site-packages/airflow/example_dags/example_params_trigger_ui.py took 0.145 seconds
