[2025-01-12T22:30:32.085+0000] {processor.py:186} INFO - Started process (PID=106) to work on /home/airflow/.local/lib/python3.12/site-packages/airflow/example_dags/example_task_group_decorator.py
[2025-01-12T22:30:32.086+0000] {processor.py:914} INFO - Processing file /home/airflow/.local/lib/python3.12/site-packages/airflow/example_dags/example_task_group_decorator.py for tasks to queue
[2025-01-12T22:30:32.089+0000] {logging_mixin.py:190} INFO - [2025-01-12T22:30:32.089+0000] {dagbag.py:588} INFO - Filling up the DagBag from /home/airflow/.local/lib/python3.12/site-packages/airflow/example_dags/example_task_group_decorator.py
[2025-01-12T22:30:32.157+0000] {processor.py:925} INFO - DAG(s) 'example_task_group_decorator' retrieved from /home/airflow/.local/lib/python3.12/site-packages/airflow/example_dags/example_task_group_decorator.py
[2025-01-12T22:30:32.994+0000] {logging_mixin.py:190} INFO - [2025-01-12T22:30:32.993+0000] {override.py:1911} INFO - Created Permission View: can read on DAG:example_task_group_decorator
[2025-01-12T22:30:33.653+0000] {logging_mixin.py:190} INFO - [2025-01-12T22:30:33.652+0000] {override.py:1911} INFO - Created Permission View: can delete on DAG:example_task_group_decorator
[2025-01-12T22:30:33.932+0000] {logging_mixin.py:190} INFO - [2025-01-12T22:30:33.932+0000] {override.py:1911} INFO - Created Permission View: can edit on DAG:example_task_group_decorator
[2025-01-12T22:30:35.267+0000] {logging_mixin.py:190} INFO - [2025-01-12T22:30:35.266+0000] {override.py:1911} INFO - Created Permission View: menu access on DAG Run:example_task_group_decorator
[2025-01-12T22:30:35.926+0000] {logging_mixin.py:190} INFO - [2025-01-12T22:30:35.925+0000] {override.py:1911} INFO - Created Permission View: can create on DAG Run:example_task_group_decorator
[2025-01-12T22:30:36.251+0000] {logging_mixin.py:190} INFO - [2025-01-12T22:30:36.250+0000] {override.py:1911} INFO - Created Permission View: can read on DAG Run:example_task_group_decorator
[2025-01-12T22:30:36.458+0000] {logging_mixin.py:190} INFO - [2025-01-12T22:30:36.457+0000] {override.py:1911} INFO - Created Permission View: can delete on DAG Run:example_task_group_decorator
[2025-01-12T22:30:36.502+0000] {logging_mixin.py:190} INFO - [2025-01-12T22:30:36.501+0000] {dag.py:3239} INFO - Sync 1 DAGs
[2025-01-12T22:30:36.712+0000] {logging_mixin.py:190} INFO - [2025-01-12T22:30:36.712+0000] {dag.py:3262} INFO - Creating ORM DAG for example_task_group_decorator
[2025-01-12T22:30:36.713+0000] {logging_mixin.py:190} INFO - [2025-01-12T22:30:36.713+0000] {dag.py:4180} INFO - Setting next_dagrun for example_task_group_decorator to None, run_after=None
[2025-01-12T22:30:36.860+0000] {processor.py:208} INFO - Processing /home/airflow/.local/lib/python3.12/site-packages/airflow/example_dags/example_task_group_decorator.py took 4.782 seconds
[2025-01-12T22:31:29.793+0000] {processor.py:186} INFO - Started process (PID=175) to work on /home/airflow/.local/lib/python3.12/site-packages/airflow/example_dags/example_task_group_decorator.py
[2025-01-12T22:31:29.794+0000] {processor.py:914} INFO - Processing file /home/airflow/.local/lib/python3.12/site-packages/airflow/example_dags/example_task_group_decorator.py for tasks to queue
[2025-01-12T22:31:29.796+0000] {logging_mixin.py:190} INFO - [2025-01-12T22:31:29.796+0000] {dagbag.py:588} INFO - Filling up the DagBag from /home/airflow/.local/lib/python3.12/site-packages/airflow/example_dags/example_task_group_decorator.py
[2025-01-12T22:31:29.814+0000] {processor.py:925} INFO - DAG(s) 'example_task_group_decorator' retrieved from /home/airflow/.local/lib/python3.12/site-packages/airflow/example_dags/example_task_group_decorator.py
[2025-01-12T22:31:29.843+0000] {logging_mixin.py:190} INFO - [2025-01-12T22:31:29.842+0000] {dag.py:3239} INFO - Sync 1 DAGs
[2025-01-12T22:31:29.860+0000] {logging_mixin.py:190} INFO - [2025-01-12T22:31:29.860+0000] {dag.py:4180} INFO - Setting next_dagrun for example_task_group_decorator to None, run_after=None
[2025-01-12T22:31:29.935+0000] {processor.py:208} INFO - Processing /home/airflow/.local/lib/python3.12/site-packages/airflow/example_dags/example_task_group_decorator.py took 0.149 seconds
[2025-01-12T22:32:01.101+0000] {processor.py:186} INFO - Started process (PID=238) to work on /home/airflow/.local/lib/python3.12/site-packages/airflow/example_dags/example_task_group_decorator.py
[2025-01-12T22:32:01.102+0000] {processor.py:914} INFO - Processing file /home/airflow/.local/lib/python3.12/site-packages/airflow/example_dags/example_task_group_decorator.py for tasks to queue
[2025-01-12T22:32:01.105+0000] {logging_mixin.py:190} INFO - [2025-01-12T22:32:01.105+0000] {dagbag.py:588} INFO - Filling up the DagBag from /home/airflow/.local/lib/python3.12/site-packages/airflow/example_dags/example_task_group_decorator.py
[2025-01-12T22:32:01.126+0000] {processor.py:925} INFO - DAG(s) 'example_task_group_decorator' retrieved from /home/airflow/.local/lib/python3.12/site-packages/airflow/example_dags/example_task_group_decorator.py
[2025-01-12T22:32:01.161+0000] {logging_mixin.py:190} INFO - [2025-01-12T22:32:01.161+0000] {dag.py:3239} INFO - Sync 1 DAGs
[2025-01-12T22:32:01.180+0000] {logging_mixin.py:190} INFO - [2025-01-12T22:32:01.179+0000] {dag.py:4180} INFO - Setting next_dagrun for example_task_group_decorator to None, run_after=None
[2025-01-12T22:32:01.308+0000] {processor.py:208} INFO - Processing /home/airflow/.local/lib/python3.12/site-packages/airflow/example_dags/example_task_group_decorator.py took 0.216 seconds
[2025-01-12T22:32:32.006+0000] {processor.py:186} INFO - Started process (PID=301) to work on /home/airflow/.local/lib/python3.12/site-packages/airflow/example_dags/example_task_group_decorator.py
[2025-01-12T22:32:32.007+0000] {processor.py:914} INFO - Processing file /home/airflow/.local/lib/python3.12/site-packages/airflow/example_dags/example_task_group_decorator.py for tasks to queue
[2025-01-12T22:32:32.011+0000] {logging_mixin.py:190} INFO - [2025-01-12T22:32:32.011+0000] {dagbag.py:588} INFO - Filling up the DagBag from /home/airflow/.local/lib/python3.12/site-packages/airflow/example_dags/example_task_group_decorator.py
[2025-01-12T22:32:32.040+0000] {processor.py:925} INFO - DAG(s) 'example_task_group_decorator' retrieved from /home/airflow/.local/lib/python3.12/site-packages/airflow/example_dags/example_task_group_decorator.py
[2025-01-12T22:32:32.083+0000] {logging_mixin.py:190} INFO - [2025-01-12T22:32:32.082+0000] {dag.py:3239} INFO - Sync 1 DAGs
[2025-01-12T22:32:32.111+0000] {logging_mixin.py:190} INFO - [2025-01-12T22:32:32.110+0000] {dag.py:4180} INFO - Setting next_dagrun for example_task_group_decorator to None, run_after=None
[2025-01-12T22:32:32.240+0000] {processor.py:208} INFO - Processing /home/airflow/.local/lib/python3.12/site-packages/airflow/example_dags/example_task_group_decorator.py took 0.242 seconds
[2025-01-12T22:33:04.315+0000] {processor.py:186} INFO - Started process (PID=364) to work on /home/airflow/.local/lib/python3.12/site-packages/airflow/example_dags/example_task_group_decorator.py
[2025-01-12T22:33:04.317+0000] {processor.py:914} INFO - Processing file /home/airflow/.local/lib/python3.12/site-packages/airflow/example_dags/example_task_group_decorator.py for tasks to queue
[2025-01-12T22:33:04.321+0000] {logging_mixin.py:190} INFO - [2025-01-12T22:33:04.320+0000] {dagbag.py:588} INFO - Filling up the DagBag from /home/airflow/.local/lib/python3.12/site-packages/airflow/example_dags/example_task_group_decorator.py
[2025-01-12T22:33:04.344+0000] {processor.py:925} INFO - DAG(s) 'example_task_group_decorator' retrieved from /home/airflow/.local/lib/python3.12/site-packages/airflow/example_dags/example_task_group_decorator.py
[2025-01-12T22:33:04.378+0000] {logging_mixin.py:190} INFO - [2025-01-12T22:33:04.378+0000] {dag.py:3239} INFO - Sync 1 DAGs
[2025-01-12T22:33:04.398+0000] {logging_mixin.py:190} INFO - [2025-01-12T22:33:04.398+0000] {dag.py:4180} INFO - Setting next_dagrun for example_task_group_decorator to None, run_after=None
[2025-01-12T22:33:04.607+0000] {processor.py:208} INFO - Processing /home/airflow/.local/lib/python3.12/site-packages/airflow/example_dags/example_task_group_decorator.py took 0.301 seconds
[2025-01-12T22:58:15.394+0000] {processor.py:186} INFO - Started process (PID=93) to work on /home/airflow/.local/lib/python3.12/site-packages/airflow/example_dags/example_task_group_decorator.py
[2025-01-12T22:58:15.395+0000] {processor.py:914} INFO - Processing file /home/airflow/.local/lib/python3.12/site-packages/airflow/example_dags/example_task_group_decorator.py for tasks to queue
[2025-01-12T22:58:15.398+0000] {logging_mixin.py:190} INFO - [2025-01-12T22:58:15.397+0000] {dagbag.py:588} INFO - Filling up the DagBag from /home/airflow/.local/lib/python3.12/site-packages/airflow/example_dags/example_task_group_decorator.py
[2025-01-12T22:58:15.417+0000] {processor.py:925} INFO - DAG(s) 'example_task_group_decorator' retrieved from /home/airflow/.local/lib/python3.12/site-packages/airflow/example_dags/example_task_group_decorator.py
[2025-01-12T22:58:15.455+0000] {logging_mixin.py:190} INFO - [2025-01-12T22:58:15.455+0000] {dag.py:3239} INFO - Sync 1 DAGs
[2025-01-12T22:58:15.472+0000] {logging_mixin.py:190} INFO - [2025-01-12T22:58:15.471+0000] {dag.py:4180} INFO - Setting next_dagrun for example_task_group_decorator to None, run_after=None
[2025-01-12T22:58:15.560+0000] {processor.py:208} INFO - Processing /home/airflow/.local/lib/python3.12/site-packages/airflow/example_dags/example_task_group_decorator.py took 0.173 seconds
[2025-01-12T22:58:46.538+0000] {processor.py:186} INFO - Started process (PID=155) to work on /home/airflow/.local/lib/python3.12/site-packages/airflow/example_dags/example_task_group_decorator.py
[2025-01-12T22:58:46.539+0000] {processor.py:914} INFO - Processing file /home/airflow/.local/lib/python3.12/site-packages/airflow/example_dags/example_task_group_decorator.py for tasks to queue
[2025-01-12T22:58:46.542+0000] {logging_mixin.py:190} INFO - [2025-01-12T22:58:46.542+0000] {dagbag.py:588} INFO - Filling up the DagBag from /home/airflow/.local/lib/python3.12/site-packages/airflow/example_dags/example_task_group_decorator.py
[2025-01-12T22:58:46.560+0000] {processor.py:925} INFO - DAG(s) 'example_task_group_decorator' retrieved from /home/airflow/.local/lib/python3.12/site-packages/airflow/example_dags/example_task_group_decorator.py
[2025-01-12T22:58:46.590+0000] {logging_mixin.py:190} INFO - [2025-01-12T22:58:46.590+0000] {dag.py:3239} INFO - Sync 1 DAGs
[2025-01-12T22:58:46.607+0000] {logging_mixin.py:190} INFO - [2025-01-12T22:58:46.607+0000] {dag.py:4180} INFO - Setting next_dagrun for example_task_group_decorator to None, run_after=None
[2025-01-12T22:58:46.720+0000] {processor.py:208} INFO - Processing /home/airflow/.local/lib/python3.12/site-packages/airflow/example_dags/example_task_group_decorator.py took 0.189 seconds
[2025-01-12T22:59:16.826+0000] {processor.py:186} INFO - Started process (PID=219) to work on /home/airflow/.local/lib/python3.12/site-packages/airflow/example_dags/example_task_group_decorator.py
[2025-01-12T22:59:16.827+0000] {processor.py:914} INFO - Processing file /home/airflow/.local/lib/python3.12/site-packages/airflow/example_dags/example_task_group_decorator.py for tasks to queue
[2025-01-12T22:59:16.830+0000] {logging_mixin.py:190} INFO - [2025-01-12T22:59:16.829+0000] {dagbag.py:588} INFO - Filling up the DagBag from /home/airflow/.local/lib/python3.12/site-packages/airflow/example_dags/example_task_group_decorator.py
[2025-01-12T22:59:16.847+0000] {processor.py:925} INFO - DAG(s) 'example_task_group_decorator' retrieved from /home/airflow/.local/lib/python3.12/site-packages/airflow/example_dags/example_task_group_decorator.py
[2025-01-12T22:59:16.876+0000] {logging_mixin.py:190} INFO - [2025-01-12T22:59:16.875+0000] {dag.py:3239} INFO - Sync 1 DAGs
[2025-01-12T22:59:16.892+0000] {logging_mixin.py:190} INFO - [2025-01-12T22:59:16.891+0000] {dag.py:4180} INFO - Setting next_dagrun for example_task_group_decorator to None, run_after=None
[2025-01-12T22:59:17.009+0000] {processor.py:208} INFO - Processing /home/airflow/.local/lib/python3.12/site-packages/airflow/example_dags/example_task_group_decorator.py took 0.189 seconds
[2025-01-12T22:59:47.512+0000] {processor.py:186} INFO - Started process (PID=282) to work on /home/airflow/.local/lib/python3.12/site-packages/airflow/example_dags/example_task_group_decorator.py
[2025-01-12T22:59:47.513+0000] {processor.py:914} INFO - Processing file /home/airflow/.local/lib/python3.12/site-packages/airflow/example_dags/example_task_group_decorator.py for tasks to queue
[2025-01-12T22:59:47.516+0000] {logging_mixin.py:190} INFO - [2025-01-12T22:59:47.515+0000] {dagbag.py:588} INFO - Filling up the DagBag from /home/airflow/.local/lib/python3.12/site-packages/airflow/example_dags/example_task_group_decorator.py
[2025-01-12T22:59:47.533+0000] {processor.py:925} INFO - DAG(s) 'example_task_group_decorator' retrieved from /home/airflow/.local/lib/python3.12/site-packages/airflow/example_dags/example_task_group_decorator.py
[2025-01-12T22:59:47.562+0000] {logging_mixin.py:190} INFO - [2025-01-12T22:59:47.562+0000] {dag.py:3239} INFO - Sync 1 DAGs
[2025-01-12T22:59:47.581+0000] {logging_mixin.py:190} INFO - [2025-01-12T22:59:47.580+0000] {dag.py:4180} INFO - Setting next_dagrun for example_task_group_decorator to None, run_after=None
[2025-01-12T22:59:47.619+0000] {processor.py:208} INFO - Processing /home/airflow/.local/lib/python3.12/site-packages/airflow/example_dags/example_task_group_decorator.py took 0.117 seconds
[2025-01-12T23:00:18.039+0000] {processor.py:186} INFO - Started process (PID=345) to work on /home/airflow/.local/lib/python3.12/site-packages/airflow/example_dags/example_task_group_decorator.py
[2025-01-12T23:00:18.040+0000] {processor.py:914} INFO - Processing file /home/airflow/.local/lib/python3.12/site-packages/airflow/example_dags/example_task_group_decorator.py for tasks to queue
[2025-01-12T23:00:18.043+0000] {logging_mixin.py:190} INFO - [2025-01-12T23:00:18.043+0000] {dagbag.py:588} INFO - Filling up the DagBag from /home/airflow/.local/lib/python3.12/site-packages/airflow/example_dags/example_task_group_decorator.py
[2025-01-12T23:00:18.060+0000] {processor.py:925} INFO - DAG(s) 'example_task_group_decorator' retrieved from /home/airflow/.local/lib/python3.12/site-packages/airflow/example_dags/example_task_group_decorator.py
[2025-01-12T23:00:18.092+0000] {logging_mixin.py:190} INFO - [2025-01-12T23:00:18.091+0000] {dag.py:3239} INFO - Sync 1 DAGs
[2025-01-12T23:00:18.111+0000] {logging_mixin.py:190} INFO - [2025-01-12T23:00:18.111+0000] {dag.py:4180} INFO - Setting next_dagrun for example_task_group_decorator to None, run_after=None
[2025-01-12T23:00:18.248+0000] {processor.py:208} INFO - Processing /home/airflow/.local/lib/python3.12/site-packages/airflow/example_dags/example_task_group_decorator.py took 0.215 seconds
[2025-01-12T23:00:49.726+0000] {processor.py:186} INFO - Started process (PID=414) to work on /home/airflow/.local/lib/python3.12/site-packages/airflow/example_dags/example_task_group_decorator.py
[2025-01-12T23:00:49.727+0000] {processor.py:914} INFO - Processing file /home/airflow/.local/lib/python3.12/site-packages/airflow/example_dags/example_task_group_decorator.py for tasks to queue
[2025-01-12T23:00:49.730+0000] {logging_mixin.py:190} INFO - [2025-01-12T23:00:49.730+0000] {dagbag.py:588} INFO - Filling up the DagBag from /home/airflow/.local/lib/python3.12/site-packages/airflow/example_dags/example_task_group_decorator.py
[2025-01-12T23:00:49.748+0000] {processor.py:925} INFO - DAG(s) 'example_task_group_decorator' retrieved from /home/airflow/.local/lib/python3.12/site-packages/airflow/example_dags/example_task_group_decorator.py
[2025-01-12T23:00:49.778+0000] {logging_mixin.py:190} INFO - [2025-01-12T23:00:49.778+0000] {dag.py:3239} INFO - Sync 1 DAGs
[2025-01-12T23:00:49.794+0000] {logging_mixin.py:190} INFO - [2025-01-12T23:00:49.794+0000] {dag.py:4180} INFO - Setting next_dagrun for example_task_group_decorator to None, run_after=None
[2025-01-12T23:00:50.097+0000] {processor.py:208} INFO - Processing /home/airflow/.local/lib/python3.12/site-packages/airflow/example_dags/example_task_group_decorator.py took 0.377 seconds
[2025-01-12T23:01:20.609+0000] {processor.py:186} INFO - Started process (PID=476) to work on /home/airflow/.local/lib/python3.12/site-packages/airflow/example_dags/example_task_group_decorator.py
[2025-01-12T23:01:20.611+0000] {processor.py:914} INFO - Processing file /home/airflow/.local/lib/python3.12/site-packages/airflow/example_dags/example_task_group_decorator.py for tasks to queue
[2025-01-12T23:01:20.614+0000] {logging_mixin.py:190} INFO - [2025-01-12T23:01:20.614+0000] {dagbag.py:588} INFO - Filling up the DagBag from /home/airflow/.local/lib/python3.12/site-packages/airflow/example_dags/example_task_group_decorator.py
[2025-01-12T23:01:20.638+0000] {processor.py:925} INFO - DAG(s) 'example_task_group_decorator' retrieved from /home/airflow/.local/lib/python3.12/site-packages/airflow/example_dags/example_task_group_decorator.py
[2025-01-12T23:01:20.676+0000] {logging_mixin.py:190} INFO - [2025-01-12T23:01:20.675+0000] {dag.py:3239} INFO - Sync 1 DAGs
[2025-01-12T23:01:20.695+0000] {logging_mixin.py:190} INFO - [2025-01-12T23:01:20.695+0000] {dag.py:4180} INFO - Setting next_dagrun for example_task_group_decorator to None, run_after=None
[2025-01-12T23:01:20.765+0000] {processor.py:208} INFO - Processing /home/airflow/.local/lib/python3.12/site-packages/airflow/example_dags/example_task_group_decorator.py took 0.162 seconds
[2025-01-12T23:01:51.502+0000] {processor.py:186} INFO - Started process (PID=539) to work on /home/airflow/.local/lib/python3.12/site-packages/airflow/example_dags/example_task_group_decorator.py
[2025-01-12T23:01:51.504+0000] {processor.py:914} INFO - Processing file /home/airflow/.local/lib/python3.12/site-packages/airflow/example_dags/example_task_group_decorator.py for tasks to queue
[2025-01-12T23:01:51.507+0000] {logging_mixin.py:190} INFO - [2025-01-12T23:01:51.506+0000] {dagbag.py:588} INFO - Filling up the DagBag from /home/airflow/.local/lib/python3.12/site-packages/airflow/example_dags/example_task_group_decorator.py
[2025-01-12T23:01:51.527+0000] {processor.py:925} INFO - DAG(s) 'example_task_group_decorator' retrieved from /home/airflow/.local/lib/python3.12/site-packages/airflow/example_dags/example_task_group_decorator.py
[2025-01-12T23:01:51.563+0000] {logging_mixin.py:190} INFO - [2025-01-12T23:01:51.563+0000] {dag.py:3239} INFO - Sync 1 DAGs
[2025-01-12T23:01:51.581+0000] {logging_mixin.py:190} INFO - [2025-01-12T23:01:51.581+0000] {dag.py:4180} INFO - Setting next_dagrun for example_task_group_decorator to None, run_after=None
[2025-01-12T23:01:51.631+0000] {processor.py:208} INFO - Processing /home/airflow/.local/lib/python3.12/site-packages/airflow/example_dags/example_task_group_decorator.py took 0.136 seconds
[2025-01-12T23:02:22.258+0000] {processor.py:186} INFO - Started process (PID=602) to work on /home/airflow/.local/lib/python3.12/site-packages/airflow/example_dags/example_task_group_decorator.py
[2025-01-12T23:02:22.259+0000] {processor.py:914} INFO - Processing file /home/airflow/.local/lib/python3.12/site-packages/airflow/example_dags/example_task_group_decorator.py for tasks to queue
[2025-01-12T23:02:22.263+0000] {logging_mixin.py:190} INFO - [2025-01-12T23:02:22.263+0000] {dagbag.py:588} INFO - Filling up the DagBag from /home/airflow/.local/lib/python3.12/site-packages/airflow/example_dags/example_task_group_decorator.py
[2025-01-12T23:02:22.285+0000] {processor.py:925} INFO - DAG(s) 'example_task_group_decorator' retrieved from /home/airflow/.local/lib/python3.12/site-packages/airflow/example_dags/example_task_group_decorator.py
[2025-01-12T23:02:22.316+0000] {logging_mixin.py:190} INFO - [2025-01-12T23:02:22.316+0000] {dag.py:3239} INFO - Sync 1 DAGs
[2025-01-12T23:02:22.335+0000] {logging_mixin.py:190} INFO - [2025-01-12T23:02:22.335+0000] {dag.py:4180} INFO - Setting next_dagrun for example_task_group_decorator to None, run_after=None
[2025-01-12T23:02:22.393+0000] {processor.py:208} INFO - Processing /home/airflow/.local/lib/python3.12/site-packages/airflow/example_dags/example_task_group_decorator.py took 0.142 seconds
[2025-01-12T23:02:56.360+0000] {processor.py:186} INFO - Started process (PID=665) to work on /home/airflow/.local/lib/python3.12/site-packages/airflow/example_dags/example_task_group_decorator.py
[2025-01-12T23:02:56.362+0000] {processor.py:914} INFO - Processing file /home/airflow/.local/lib/python3.12/site-packages/airflow/example_dags/example_task_group_decorator.py for tasks to queue
[2025-01-12T23:02:56.366+0000] {logging_mixin.py:190} INFO - [2025-01-12T23:02:56.365+0000] {dagbag.py:588} INFO - Filling up the DagBag from /home/airflow/.local/lib/python3.12/site-packages/airflow/example_dags/example_task_group_decorator.py
[2025-01-12T23:02:56.389+0000] {processor.py:925} INFO - DAG(s) 'example_task_group_decorator' retrieved from /home/airflow/.local/lib/python3.12/site-packages/airflow/example_dags/example_task_group_decorator.py
[2025-01-12T23:02:56.431+0000] {logging_mixin.py:190} INFO - [2025-01-12T23:02:56.431+0000] {dag.py:3239} INFO - Sync 1 DAGs
[2025-01-12T23:02:56.456+0000] {logging_mixin.py:190} INFO - [2025-01-12T23:02:56.455+0000] {dag.py:4180} INFO - Setting next_dagrun for example_task_group_decorator to None, run_after=None
[2025-01-12T23:02:56.693+0000] {processor.py:208} INFO - Processing /home/airflow/.local/lib/python3.12/site-packages/airflow/example_dags/example_task_group_decorator.py took 0.340 seconds
[2025-01-12T23:03:26.960+0000] {processor.py:186} INFO - Started process (PID=728) to work on /home/airflow/.local/lib/python3.12/site-packages/airflow/example_dags/example_task_group_decorator.py
[2025-01-12T23:03:26.961+0000] {processor.py:914} INFO - Processing file /home/airflow/.local/lib/python3.12/site-packages/airflow/example_dags/example_task_group_decorator.py for tasks to queue
[2025-01-12T23:03:26.965+0000] {logging_mixin.py:190} INFO - [2025-01-12T23:03:26.964+0000] {dagbag.py:588} INFO - Filling up the DagBag from /home/airflow/.local/lib/python3.12/site-packages/airflow/example_dags/example_task_group_decorator.py
[2025-01-12T23:03:26.989+0000] {processor.py:925} INFO - DAG(s) 'example_task_group_decorator' retrieved from /home/airflow/.local/lib/python3.12/site-packages/airflow/example_dags/example_task_group_decorator.py
[2025-01-12T23:03:27.030+0000] {logging_mixin.py:190} INFO - [2025-01-12T23:03:27.029+0000] {dag.py:3239} INFO - Sync 1 DAGs
[2025-01-12T23:03:27.054+0000] {logging_mixin.py:190} INFO - [2025-01-12T23:03:27.054+0000] {dag.py:4180} INFO - Setting next_dagrun for example_task_group_decorator to None, run_after=None
[2025-01-12T23:03:27.363+0000] {processor.py:208} INFO - Processing /home/airflow/.local/lib/python3.12/site-packages/airflow/example_dags/example_task_group_decorator.py took 0.410 seconds
[2025-01-12T23:03:58.267+0000] {processor.py:186} INFO - Started process (PID=791) to work on /home/airflow/.local/lib/python3.12/site-packages/airflow/example_dags/example_task_group_decorator.py
[2025-01-12T23:03:58.268+0000] {processor.py:914} INFO - Processing file /home/airflow/.local/lib/python3.12/site-packages/airflow/example_dags/example_task_group_decorator.py for tasks to queue
[2025-01-12T23:03:58.271+0000] {logging_mixin.py:190} INFO - [2025-01-12T23:03:58.271+0000] {dagbag.py:588} INFO - Filling up the DagBag from /home/airflow/.local/lib/python3.12/site-packages/airflow/example_dags/example_task_group_decorator.py
[2025-01-12T23:03:58.291+0000] {processor.py:925} INFO - DAG(s) 'example_task_group_decorator' retrieved from /home/airflow/.local/lib/python3.12/site-packages/airflow/example_dags/example_task_group_decorator.py
[2025-01-12T23:03:58.326+0000] {logging_mixin.py:190} INFO - [2025-01-12T23:03:58.326+0000] {dag.py:3239} INFO - Sync 1 DAGs
[2025-01-12T23:03:58.346+0000] {logging_mixin.py:190} INFO - [2025-01-12T23:03:58.346+0000] {dag.py:4180} INFO - Setting next_dagrun for example_task_group_decorator to None, run_after=None
[2025-01-12T23:03:58.405+0000] {processor.py:208} INFO - Processing /home/airflow/.local/lib/python3.12/site-packages/airflow/example_dags/example_task_group_decorator.py took 0.146 seconds
[2025-01-12T23:04:28.823+0000] {processor.py:186} INFO - Started process (PID=854) to work on /home/airflow/.local/lib/python3.12/site-packages/airflow/example_dags/example_task_group_decorator.py
[2025-01-12T23:04:28.824+0000] {processor.py:914} INFO - Processing file /home/airflow/.local/lib/python3.12/site-packages/airflow/example_dags/example_task_group_decorator.py for tasks to queue
[2025-01-12T23:04:28.827+0000] {logging_mixin.py:190} INFO - [2025-01-12T23:04:28.827+0000] {dagbag.py:588} INFO - Filling up the DagBag from /home/airflow/.local/lib/python3.12/site-packages/airflow/example_dags/example_task_group_decorator.py
[2025-01-12T23:04:28.844+0000] {processor.py:925} INFO - DAG(s) 'example_task_group_decorator' retrieved from /home/airflow/.local/lib/python3.12/site-packages/airflow/example_dags/example_task_group_decorator.py
[2025-01-12T23:04:28.873+0000] {logging_mixin.py:190} INFO - [2025-01-12T23:04:28.873+0000] {dag.py:3239} INFO - Sync 1 DAGs
[2025-01-12T23:04:28.889+0000] {logging_mixin.py:190} INFO - [2025-01-12T23:04:28.889+0000] {dag.py:4180} INFO - Setting next_dagrun for example_task_group_decorator to None, run_after=None
[2025-01-12T23:04:28.961+0000] {processor.py:208} INFO - Processing /home/airflow/.local/lib/python3.12/site-packages/airflow/example_dags/example_task_group_decorator.py took 0.146 seconds
[2025-01-12T23:04:59.238+0000] {processor.py:186} INFO - Started process (PID=917) to work on /home/airflow/.local/lib/python3.12/site-packages/airflow/example_dags/example_task_group_decorator.py
[2025-01-12T23:04:59.239+0000] {processor.py:914} INFO - Processing file /home/airflow/.local/lib/python3.12/site-packages/airflow/example_dags/example_task_group_decorator.py for tasks to queue
[2025-01-12T23:04:59.242+0000] {logging_mixin.py:190} INFO - [2025-01-12T23:04:59.241+0000] {dagbag.py:588} INFO - Filling up the DagBag from /home/airflow/.local/lib/python3.12/site-packages/airflow/example_dags/example_task_group_decorator.py
[2025-01-12T23:04:59.259+0000] {processor.py:925} INFO - DAG(s) 'example_task_group_decorator' retrieved from /home/airflow/.local/lib/python3.12/site-packages/airflow/example_dags/example_task_group_decorator.py
[2025-01-12T23:04:59.290+0000] {logging_mixin.py:190} INFO - [2025-01-12T23:04:59.290+0000] {dag.py:3239} INFO - Sync 1 DAGs
[2025-01-12T23:04:59.308+0000] {logging_mixin.py:190} INFO - [2025-01-12T23:04:59.307+0000] {dag.py:4180} INFO - Setting next_dagrun for example_task_group_decorator to None, run_after=None
[2025-01-12T23:04:59.360+0000] {processor.py:208} INFO - Processing /home/airflow/.local/lib/python3.12/site-packages/airflow/example_dags/example_task_group_decorator.py took 0.130 seconds
