[2025-01-12T22:29:11.842+0000] {processor.py:186} INFO - Started process (PID=80) to work on /home/airflow/.local/lib/python3.12/site-packages/airflow/example_dags/example_complex.py
[2025-01-12T22:29:11.843+0000] {processor.py:914} INFO - Processing file /home/airflow/.local/lib/python3.12/site-packages/airflow/example_dags/example_complex.py for tasks to queue
[2025-01-12T22:29:11.846+0000] {logging_mixin.py:190} INFO - [2025-01-12T22:29:11.845+0000] {dagbag.py:588} INFO - Filling up the DagBag from /home/airflow/.local/lib/python3.12/site-packages/airflow/example_dags/example_complex.py
[2025-01-12T22:29:11.965+0000] {processor.py:925} INFO - DAG(s) 'example_complex' retrieved from /home/airflow/.local/lib/python3.12/site-packages/airflow/example_dags/example_complex.py
[2025-01-12T22:29:12.228+0000] {logging_mixin.py:190} INFO - [2025-01-12T22:29:12.228+0000] {override.py:1911} INFO - Created Permission View: can read on DAG:example_complex
[2025-01-12T22:29:12.362+0000] {logging_mixin.py:190} INFO - [2025-01-12T22:29:12.361+0000] {override.py:1911} INFO - Created Permission View: can delete on DAG:example_complex
[2025-01-12T22:29:12.428+0000] {logging_mixin.py:190} INFO - [2025-01-12T22:29:12.427+0000] {override.py:1911} INFO - Created Permission View: can edit on DAG:example_complex
[2025-01-12T22:29:12.713+0000] {logging_mixin.py:190} INFO - [2025-01-12T22:29:12.713+0000] {override.py:1911} INFO - Created Permission View: menu access on DAG Run:example_complex
[2025-01-12T22:29:12.906+0000] {logging_mixin.py:190} INFO - [2025-01-12T22:29:12.905+0000] {override.py:1911} INFO - Created Permission View: can create on DAG Run:example_complex
[2025-01-12T22:29:13.039+0000] {logging_mixin.py:190} INFO - [2025-01-12T22:29:13.039+0000] {override.py:1911} INFO - Created Permission View: can read on DAG Run:example_complex
[2025-01-12T22:29:13.107+0000] {logging_mixin.py:190} INFO - [2025-01-12T22:29:13.106+0000] {override.py:1911} INFO - Created Permission View: can delete on DAG Run:example_complex
[2025-01-12T22:29:13.108+0000] {logging_mixin.py:190} INFO - [2025-01-12T22:29:13.107+0000] {dag.py:3239} INFO - Sync 1 DAGs
[2025-01-12T22:29:13.122+0000] {logging_mixin.py:190} INFO - [2025-01-12T22:29:13.121+0000] {dag.py:3262} INFO - Creating ORM DAG for example_complex
[2025-01-12T22:29:13.123+0000] {logging_mixin.py:190} INFO - [2025-01-12T22:29:13.123+0000] {dag.py:4180} INFO - Setting next_dagrun for example_complex to None, run_after=None
[2025-01-12T22:29:13.262+0000] {processor.py:208} INFO - Processing /home/airflow/.local/lib/python3.12/site-packages/airflow/example_dags/example_complex.py took 1.427 seconds
[2025-01-12T22:31:19.927+0000] {processor.py:186} INFO - Started process (PID=155) to work on /home/airflow/.local/lib/python3.12/site-packages/airflow/example_dags/example_complex.py
[2025-01-12T22:31:19.928+0000] {processor.py:914} INFO - Processing file /home/airflow/.local/lib/python3.12/site-packages/airflow/example_dags/example_complex.py for tasks to queue
[2025-01-12T22:31:19.931+0000] {logging_mixin.py:190} INFO - [2025-01-12T22:31:19.931+0000] {dagbag.py:588} INFO - Filling up the DagBag from /home/airflow/.local/lib/python3.12/site-packages/airflow/example_dags/example_complex.py
[2025-01-12T22:31:19.951+0000] {processor.py:925} INFO - DAG(s) 'example_complex' retrieved from /home/airflow/.local/lib/python3.12/site-packages/airflow/example_dags/example_complex.py
[2025-01-12T22:31:19.993+0000] {logging_mixin.py:190} INFO - [2025-01-12T22:31:19.993+0000] {dag.py:3239} INFO - Sync 1 DAGs
[2025-01-12T22:31:20.012+0000] {logging_mixin.py:190} INFO - [2025-01-12T22:31:20.012+0000] {dag.py:4180} INFO - Setting next_dagrun for example_complex to None, run_after=None
[2025-01-12T22:31:20.153+0000] {processor.py:208} INFO - Processing /home/airflow/.local/lib/python3.12/site-packages/airflow/example_dags/example_complex.py took 0.233 seconds
[2025-01-12T22:31:50.376+0000] {processor.py:186} INFO - Started process (PID=217) to work on /home/airflow/.local/lib/python3.12/site-packages/airflow/example_dags/example_complex.py
[2025-01-12T22:31:50.377+0000] {processor.py:914} INFO - Processing file /home/airflow/.local/lib/python3.12/site-packages/airflow/example_dags/example_complex.py for tasks to queue
[2025-01-12T22:31:50.380+0000] {logging_mixin.py:190} INFO - [2025-01-12T22:31:50.380+0000] {dagbag.py:588} INFO - Filling up the DagBag from /home/airflow/.local/lib/python3.12/site-packages/airflow/example_dags/example_complex.py
[2025-01-12T22:31:50.395+0000] {processor.py:925} INFO - DAG(s) 'example_complex' retrieved from /home/airflow/.local/lib/python3.12/site-packages/airflow/example_dags/example_complex.py
[2025-01-12T22:31:50.434+0000] {logging_mixin.py:190} INFO - [2025-01-12T22:31:50.433+0000] {dag.py:3239} INFO - Sync 1 DAGs
[2025-01-12T22:31:50.451+0000] {logging_mixin.py:190} INFO - [2025-01-12T22:31:50.451+0000] {dag.py:4180} INFO - Setting next_dagrun for example_complex to None, run_after=None
[2025-01-12T22:31:50.580+0000] {processor.py:208} INFO - Processing /home/airflow/.local/lib/python3.12/site-packages/airflow/example_dags/example_complex.py took 0.211 seconds
[2025-01-12T22:32:21.094+0000] {processor.py:186} INFO - Started process (PID=286) to work on /home/airflow/.local/lib/python3.12/site-packages/airflow/example_dags/example_complex.py
[2025-01-12T22:32:21.095+0000] {processor.py:914} INFO - Processing file /home/airflow/.local/lib/python3.12/site-packages/airflow/example_dags/example_complex.py for tasks to queue
[2025-01-12T22:32:21.099+0000] {logging_mixin.py:190} INFO - [2025-01-12T22:32:21.098+0000] {dagbag.py:588} INFO - Filling up the DagBag from /home/airflow/.local/lib/python3.12/site-packages/airflow/example_dags/example_complex.py
[2025-01-12T22:32:21.116+0000] {processor.py:925} INFO - DAG(s) 'example_complex' retrieved from /home/airflow/.local/lib/python3.12/site-packages/airflow/example_dags/example_complex.py
[2025-01-12T22:32:21.154+0000] {logging_mixin.py:190} INFO - [2025-01-12T22:32:21.154+0000] {dag.py:3239} INFO - Sync 1 DAGs
[2025-01-12T22:32:21.172+0000] {logging_mixin.py:190} INFO - [2025-01-12T22:32:21.172+0000] {dag.py:4180} INFO - Setting next_dagrun for example_complex to None, run_after=None
[2025-01-12T22:32:21.267+0000] {processor.py:208} INFO - Processing /home/airflow/.local/lib/python3.12/site-packages/airflow/example_dags/example_complex.py took 0.183 seconds
[2025-01-12T22:32:55.573+0000] {processor.py:186} INFO - Started process (PID=349) to work on /home/airflow/.local/lib/python3.12/site-packages/airflow/example_dags/example_complex.py
[2025-01-12T22:32:55.842+0000] {processor.py:914} INFO - Processing file /home/airflow/.local/lib/python3.12/site-packages/airflow/example_dags/example_complex.py for tasks to queue
[2025-01-12T22:32:55.846+0000] {logging_mixin.py:190} INFO - [2025-01-12T22:32:55.845+0000] {dagbag.py:588} INFO - Filling up the DagBag from /home/airflow/.local/lib/python3.12/site-packages/airflow/example_dags/example_complex.py
[2025-01-12T22:32:55.868+0000] {processor.py:925} INFO - DAG(s) 'example_complex' retrieved from /home/airflow/.local/lib/python3.12/site-packages/airflow/example_dags/example_complex.py
[2025-01-12T22:32:55.984+0000] {logging_mixin.py:190} INFO - [2025-01-12T22:32:55.983+0000] {dag.py:3239} INFO - Sync 1 DAGs
[2025-01-12T22:32:56.003+0000] {logging_mixin.py:190} INFO - [2025-01-12T22:32:56.003+0000] {dag.py:4180} INFO - Setting next_dagrun for example_complex to None, run_after=None
[2025-01-12T22:32:56.123+0000] {processor.py:208} INFO - Processing /home/airflow/.local/lib/python3.12/site-packages/airflow/example_dags/example_complex.py took 0.558 seconds
[2025-01-12T22:58:12.532+0000] {processor.py:186} INFO - Started process (PID=79) to work on /home/airflow/.local/lib/python3.12/site-packages/airflow/example_dags/example_complex.py
[2025-01-12T22:58:12.533+0000] {processor.py:914} INFO - Processing file /home/airflow/.local/lib/python3.12/site-packages/airflow/example_dags/example_complex.py for tasks to queue
[2025-01-12T22:58:12.536+0000] {logging_mixin.py:190} INFO - [2025-01-12T22:58:12.536+0000] {dagbag.py:588} INFO - Filling up the DagBag from /home/airflow/.local/lib/python3.12/site-packages/airflow/example_dags/example_complex.py
[2025-01-12T22:58:12.550+0000] {processor.py:925} INFO - DAG(s) 'example_complex' retrieved from /home/airflow/.local/lib/python3.12/site-packages/airflow/example_dags/example_complex.py
[2025-01-12T22:58:12.600+0000] {logging_mixin.py:190} INFO - [2025-01-12T22:58:12.600+0000] {dag.py:3239} INFO - Sync 1 DAGs
[2025-01-12T22:58:12.617+0000] {logging_mixin.py:190} INFO - [2025-01-12T22:58:12.616+0000] {dag.py:4180} INFO - Setting next_dagrun for example_complex to None, run_after=None
[2025-01-12T22:58:12.681+0000] {processor.py:208} INFO - Processing /home/airflow/.local/lib/python3.12/site-packages/airflow/example_dags/example_complex.py took 0.155 seconds
[2025-01-12T22:58:43.469+0000] {processor.py:186} INFO - Started process (PID=142) to work on /home/airflow/.local/lib/python3.12/site-packages/airflow/example_dags/example_complex.py
[2025-01-12T22:58:43.470+0000] {processor.py:914} INFO - Processing file /home/airflow/.local/lib/python3.12/site-packages/airflow/example_dags/example_complex.py for tasks to queue
[2025-01-12T22:58:43.473+0000] {logging_mixin.py:190} INFO - [2025-01-12T22:58:43.473+0000] {dagbag.py:588} INFO - Filling up the DagBag from /home/airflow/.local/lib/python3.12/site-packages/airflow/example_dags/example_complex.py
[2025-01-12T22:58:43.487+0000] {processor.py:925} INFO - DAG(s) 'example_complex' retrieved from /home/airflow/.local/lib/python3.12/site-packages/airflow/example_dags/example_complex.py
[2025-01-12T22:58:43.528+0000] {logging_mixin.py:190} INFO - [2025-01-12T22:58:43.527+0000] {dag.py:3239} INFO - Sync 1 DAGs
[2025-01-12T22:58:43.544+0000] {logging_mixin.py:190} INFO - [2025-01-12T22:58:43.544+0000] {dag.py:4180} INFO - Setting next_dagrun for example_complex to None, run_after=None
[2025-01-12T22:58:43.618+0000] {processor.py:208} INFO - Processing /home/airflow/.local/lib/python3.12/site-packages/airflow/example_dags/example_complex.py took 0.156 seconds
[2025-01-12T22:59:14.438+0000] {processor.py:186} INFO - Started process (PID=206) to work on /home/airflow/.local/lib/python3.12/site-packages/airflow/example_dags/example_complex.py
[2025-01-12T22:59:14.439+0000] {processor.py:914} INFO - Processing file /home/airflow/.local/lib/python3.12/site-packages/airflow/example_dags/example_complex.py for tasks to queue
[2025-01-12T22:59:14.442+0000] {logging_mixin.py:190} INFO - [2025-01-12T22:59:14.442+0000] {dagbag.py:588} INFO - Filling up the DagBag from /home/airflow/.local/lib/python3.12/site-packages/airflow/example_dags/example_complex.py
[2025-01-12T22:59:14.456+0000] {processor.py:925} INFO - DAG(s) 'example_complex' retrieved from /home/airflow/.local/lib/python3.12/site-packages/airflow/example_dags/example_complex.py
[2025-01-12T22:59:14.496+0000] {logging_mixin.py:190} INFO - [2025-01-12T22:59:14.496+0000] {dag.py:3239} INFO - Sync 1 DAGs
[2025-01-12T22:59:14.513+0000] {logging_mixin.py:190} INFO - [2025-01-12T22:59:14.513+0000] {dag.py:4180} INFO - Setting next_dagrun for example_complex to None, run_after=None
[2025-01-12T22:59:14.678+0000] {processor.py:208} INFO - Processing /home/airflow/.local/lib/python3.12/site-packages/airflow/example_dags/example_complex.py took 0.246 seconds
[2025-01-12T22:59:45.382+0000] {processor.py:186} INFO - Started process (PID=269) to work on /home/airflow/.local/lib/python3.12/site-packages/airflow/example_dags/example_complex.py
[2025-01-12T22:59:45.383+0000] {processor.py:914} INFO - Processing file /home/airflow/.local/lib/python3.12/site-packages/airflow/example_dags/example_complex.py for tasks to queue
[2025-01-12T22:59:45.386+0000] {logging_mixin.py:190} INFO - [2025-01-12T22:59:45.386+0000] {dagbag.py:588} INFO - Filling up the DagBag from /home/airflow/.local/lib/python3.12/site-packages/airflow/example_dags/example_complex.py
[2025-01-12T22:59:45.400+0000] {processor.py:925} INFO - DAG(s) 'example_complex' retrieved from /home/airflow/.local/lib/python3.12/site-packages/airflow/example_dags/example_complex.py
[2025-01-12T22:59:45.439+0000] {logging_mixin.py:190} INFO - [2025-01-12T22:59:45.439+0000] {dag.py:3239} INFO - Sync 1 DAGs
[2025-01-12T22:59:45.456+0000] {logging_mixin.py:190} INFO - [2025-01-12T22:59:45.456+0000] {dag.py:4180} INFO - Setting next_dagrun for example_complex to None, run_after=None
[2025-01-12T22:59:45.516+0000] {processor.py:208} INFO - Processing /home/airflow/.local/lib/python3.12/site-packages/airflow/example_dags/example_complex.py took 0.141 seconds
[2025-01-12T23:00:16.371+0000] {processor.py:186} INFO - Started process (PID=332) to work on /home/airflow/.local/lib/python3.12/site-packages/airflow/example_dags/example_complex.py
[2025-01-12T23:00:16.373+0000] {processor.py:914} INFO - Processing file /home/airflow/.local/lib/python3.12/site-packages/airflow/example_dags/example_complex.py for tasks to queue
[2025-01-12T23:00:16.376+0000] {logging_mixin.py:190} INFO - [2025-01-12T23:00:16.375+0000] {dagbag.py:588} INFO - Filling up the DagBag from /home/airflow/.local/lib/python3.12/site-packages/airflow/example_dags/example_complex.py
[2025-01-12T23:00:16.390+0000] {processor.py:925} INFO - DAG(s) 'example_complex' retrieved from /home/airflow/.local/lib/python3.12/site-packages/airflow/example_dags/example_complex.py
[2025-01-12T23:00:16.428+0000] {logging_mixin.py:190} INFO - [2025-01-12T23:00:16.427+0000] {dag.py:3239} INFO - Sync 1 DAGs
[2025-01-12T23:00:16.446+0000] {logging_mixin.py:190} INFO - [2025-01-12T23:00:16.445+0000] {dag.py:4180} INFO - Setting next_dagrun for example_complex to None, run_after=None
[2025-01-12T23:00:16.535+0000] {processor.py:208} INFO - Processing /home/airflow/.local/lib/python3.12/site-packages/airflow/example_dags/example_complex.py took 0.170 seconds
[2025-01-12T23:00:47.188+0000] {processor.py:186} INFO - Started process (PID=395) to work on /home/airflow/.local/lib/python3.12/site-packages/airflow/example_dags/example_complex.py
[2025-01-12T23:00:47.189+0000] {processor.py:914} INFO - Processing file /home/airflow/.local/lib/python3.12/site-packages/airflow/example_dags/example_complex.py for tasks to queue
[2025-01-12T23:00:47.192+0000] {logging_mixin.py:190} INFO - [2025-01-12T23:00:47.191+0000] {dagbag.py:588} INFO - Filling up the DagBag from /home/airflow/.local/lib/python3.12/site-packages/airflow/example_dags/example_complex.py
[2025-01-12T23:00:47.206+0000] {processor.py:925} INFO - DAG(s) 'example_complex' retrieved from /home/airflow/.local/lib/python3.12/site-packages/airflow/example_dags/example_complex.py
[2025-01-12T23:00:47.244+0000] {logging_mixin.py:190} INFO - [2025-01-12T23:00:47.244+0000] {dag.py:3239} INFO - Sync 1 DAGs
[2025-01-12T23:00:47.261+0000] {logging_mixin.py:190} INFO - [2025-01-12T23:00:47.261+0000] {dag.py:4180} INFO - Setting next_dagrun for example_complex to None, run_after=None
[2025-01-12T23:00:47.503+0000] {processor.py:208} INFO - Processing /home/airflow/.local/lib/python3.12/site-packages/airflow/example_dags/example_complex.py took 0.322 seconds
[2025-01-12T23:01:17.585+0000] {processor.py:186} INFO - Started process (PID=458) to work on /home/airflow/.local/lib/python3.12/site-packages/airflow/example_dags/example_complex.py
[2025-01-12T23:01:17.587+0000] {processor.py:914} INFO - Processing file /home/airflow/.local/lib/python3.12/site-packages/airflow/example_dags/example_complex.py for tasks to queue
[2025-01-12T23:01:17.589+0000] {logging_mixin.py:190} INFO - [2025-01-12T23:01:17.589+0000] {dagbag.py:588} INFO - Filling up the DagBag from /home/airflow/.local/lib/python3.12/site-packages/airflow/example_dags/example_complex.py
[2025-01-12T23:01:17.606+0000] {processor.py:925} INFO - DAG(s) 'example_complex' retrieved from /home/airflow/.local/lib/python3.12/site-packages/airflow/example_dags/example_complex.py
[2025-01-12T23:01:17.648+0000] {logging_mixin.py:190} INFO - [2025-01-12T23:01:17.647+0000] {dag.py:3239} INFO - Sync 1 DAGs
[2025-01-12T23:01:17.668+0000] {logging_mixin.py:190} INFO - [2025-01-12T23:01:17.667+0000] {dag.py:4180} INFO - Setting next_dagrun for example_complex to None, run_after=None
[2025-01-12T23:01:17.746+0000] {processor.py:208} INFO - Processing /home/airflow/.local/lib/python3.12/site-packages/airflow/example_dags/example_complex.py took 0.168 seconds
[2025-01-12T23:01:48.201+0000] {processor.py:186} INFO - Started process (PID=520) to work on /home/airflow/.local/lib/python3.12/site-packages/airflow/example_dags/example_complex.py
[2025-01-12T23:01:48.203+0000] {processor.py:914} INFO - Processing file /home/airflow/.local/lib/python3.12/site-packages/airflow/example_dags/example_complex.py for tasks to queue
[2025-01-12T23:01:48.207+0000] {logging_mixin.py:190} INFO - [2025-01-12T23:01:48.206+0000] {dagbag.py:588} INFO - Filling up the DagBag from /home/airflow/.local/lib/python3.12/site-packages/airflow/example_dags/example_complex.py
[2025-01-12T23:01:48.222+0000] {processor.py:925} INFO - DAG(s) 'example_complex' retrieved from /home/airflow/.local/lib/python3.12/site-packages/airflow/example_dags/example_complex.py
[2025-01-12T23:01:48.266+0000] {logging_mixin.py:190} INFO - [2025-01-12T23:01:48.266+0000] {dag.py:3239} INFO - Sync 1 DAGs
[2025-01-12T23:01:48.290+0000] {logging_mixin.py:190} INFO - [2025-01-12T23:01:48.290+0000] {dag.py:4180} INFO - Setting next_dagrun for example_complex to None, run_after=None
[2025-01-12T23:01:48.345+0000] {processor.py:208} INFO - Processing /home/airflow/.local/lib/python3.12/site-packages/airflow/example_dags/example_complex.py took 0.152 seconds
[2025-01-12T23:02:19.092+0000] {processor.py:186} INFO - Started process (PID=589) to work on /home/airflow/.local/lib/python3.12/site-packages/airflow/example_dags/example_complex.py
[2025-01-12T23:02:19.093+0000] {processor.py:914} INFO - Processing file /home/airflow/.local/lib/python3.12/site-packages/airflow/example_dags/example_complex.py for tasks to queue
[2025-01-12T23:02:19.096+0000] {logging_mixin.py:190} INFO - [2025-01-12T23:02:19.096+0000] {dagbag.py:588} INFO - Filling up the DagBag from /home/airflow/.local/lib/python3.12/site-packages/airflow/example_dags/example_complex.py
[2025-01-12T23:02:19.112+0000] {processor.py:925} INFO - DAG(s) 'example_complex' retrieved from /home/airflow/.local/lib/python3.12/site-packages/airflow/example_dags/example_complex.py
[2025-01-12T23:02:19.155+0000] {logging_mixin.py:190} INFO - [2025-01-12T23:02:19.154+0000] {dag.py:3239} INFO - Sync 1 DAGs
[2025-01-12T23:02:19.175+0000] {logging_mixin.py:190} INFO - [2025-01-12T23:02:19.175+0000] {dag.py:4180} INFO - Setting next_dagrun for example_complex to None, run_after=None
[2025-01-12T23:02:19.226+0000] {processor.py:208} INFO - Processing /home/airflow/.local/lib/python3.12/site-packages/airflow/example_dags/example_complex.py took 0.142 seconds
[2025-01-12T23:02:50.439+0000] {processor.py:186} INFO - Started process (PID=652) to work on /home/airflow/.local/lib/python3.12/site-packages/airflow/example_dags/example_complex.py
[2025-01-12T23:02:50.441+0000] {processor.py:914} INFO - Processing file /home/airflow/.local/lib/python3.12/site-packages/airflow/example_dags/example_complex.py for tasks to queue
[2025-01-12T23:02:50.444+0000] {logging_mixin.py:190} INFO - [2025-01-12T23:02:50.444+0000] {dagbag.py:588} INFO - Filling up the DagBag from /home/airflow/.local/lib/python3.12/site-packages/airflow/example_dags/example_complex.py
[2025-01-12T23:02:50.474+0000] {processor.py:925} INFO - DAG(s) 'example_complex' retrieved from /home/airflow/.local/lib/python3.12/site-packages/airflow/example_dags/example_complex.py
[2025-01-12T23:02:50.513+0000] {logging_mixin.py:190} INFO - [2025-01-12T23:02:50.513+0000] {dag.py:3239} INFO - Sync 1 DAGs
[2025-01-12T23:02:50.531+0000] {logging_mixin.py:190} INFO - [2025-01-12T23:02:50.530+0000] {dag.py:4180} INFO - Setting next_dagrun for example_complex to None, run_after=None
[2025-01-12T23:02:50.584+0000] {processor.py:208} INFO - Processing /home/airflow/.local/lib/python3.12/site-packages/airflow/example_dags/example_complex.py took 0.158 seconds
[2025-01-12T23:03:20.924+0000] {processor.py:186} INFO - Started process (PID=715) to work on /home/airflow/.local/lib/python3.12/site-packages/airflow/example_dags/example_complex.py
[2025-01-12T23:03:20.926+0000] {processor.py:914} INFO - Processing file /home/airflow/.local/lib/python3.12/site-packages/airflow/example_dags/example_complex.py for tasks to queue
[2025-01-12T23:03:20.929+0000] {logging_mixin.py:190} INFO - [2025-01-12T23:03:20.928+0000] {dagbag.py:588} INFO - Filling up the DagBag from /home/airflow/.local/lib/python3.12/site-packages/airflow/example_dags/example_complex.py
[2025-01-12T23:03:20.943+0000] {processor.py:925} INFO - DAG(s) 'example_complex' retrieved from /home/airflow/.local/lib/python3.12/site-packages/airflow/example_dags/example_complex.py
[2025-01-12T23:03:20.986+0000] {logging_mixin.py:190} INFO - [2025-01-12T23:03:20.986+0000] {dag.py:3239} INFO - Sync 1 DAGs
[2025-01-12T23:03:21.005+0000] {logging_mixin.py:190} INFO - [2025-01-12T23:03:21.005+0000] {dag.py:4180} INFO - Setting next_dagrun for example_complex to None, run_after=None
[2025-01-12T23:03:21.174+0000] {processor.py:208} INFO - Processing /home/airflow/.local/lib/python3.12/site-packages/airflow/example_dags/example_complex.py took 0.257 seconds
[2025-01-12T23:03:52.055+0000] {processor.py:186} INFO - Started process (PID=778) to work on /home/airflow/.local/lib/python3.12/site-packages/airflow/example_dags/example_complex.py
[2025-01-12T23:03:52.057+0000] {processor.py:914} INFO - Processing file /home/airflow/.local/lib/python3.12/site-packages/airflow/example_dags/example_complex.py for tasks to queue
[2025-01-12T23:03:52.061+0000] {logging_mixin.py:190} INFO - [2025-01-12T23:03:52.061+0000] {dagbag.py:588} INFO - Filling up the DagBag from /home/airflow/.local/lib/python3.12/site-packages/airflow/example_dags/example_complex.py
[2025-01-12T23:03:52.079+0000] {processor.py:925} INFO - DAG(s) 'example_complex' retrieved from /home/airflow/.local/lib/python3.12/site-packages/airflow/example_dags/example_complex.py
[2025-01-12T23:03:52.121+0000] {logging_mixin.py:190} INFO - [2025-01-12T23:03:52.120+0000] {dag.py:3239} INFO - Sync 1 DAGs
[2025-01-12T23:03:52.143+0000] {logging_mixin.py:190} INFO - [2025-01-12T23:03:52.142+0000] {dag.py:4180} INFO - Setting next_dagrun for example_complex to None, run_after=None
[2025-01-12T23:03:52.193+0000] {processor.py:208} INFO - Processing /home/airflow/.local/lib/python3.12/site-packages/airflow/example_dags/example_complex.py took 0.145 seconds
[2025-01-12T23:04:22.233+0000] {processor.py:186} INFO - Started process (PID=841) to work on /home/airflow/.local/lib/python3.12/site-packages/airflow/example_dags/example_complex.py
[2025-01-12T23:04:22.234+0000] {processor.py:914} INFO - Processing file /home/airflow/.local/lib/python3.12/site-packages/airflow/example_dags/example_complex.py for tasks to queue
[2025-01-12T23:04:22.237+0000] {logging_mixin.py:190} INFO - [2025-01-12T23:04:22.237+0000] {dagbag.py:588} INFO - Filling up the DagBag from /home/airflow/.local/lib/python3.12/site-packages/airflow/example_dags/example_complex.py
[2025-01-12T23:04:22.252+0000] {processor.py:925} INFO - DAG(s) 'example_complex' retrieved from /home/airflow/.local/lib/python3.12/site-packages/airflow/example_dags/example_complex.py
[2025-01-12T23:04:22.292+0000] {logging_mixin.py:190} INFO - [2025-01-12T23:04:22.291+0000] {dag.py:3239} INFO - Sync 1 DAGs
[2025-01-12T23:04:22.308+0000] {logging_mixin.py:190} INFO - [2025-01-12T23:04:22.308+0000] {dag.py:4180} INFO - Setting next_dagrun for example_complex to None, run_after=None
[2025-01-12T23:04:22.362+0000] {processor.py:208} INFO - Processing /home/airflow/.local/lib/python3.12/site-packages/airflow/example_dags/example_complex.py took 0.136 seconds
[2025-01-12T23:04:53.038+0000] {processor.py:186} INFO - Started process (PID=904) to work on /home/airflow/.local/lib/python3.12/site-packages/airflow/example_dags/example_complex.py
[2025-01-12T23:04:53.039+0000] {processor.py:914} INFO - Processing file /home/airflow/.local/lib/python3.12/site-packages/airflow/example_dags/example_complex.py for tasks to queue
[2025-01-12T23:04:53.042+0000] {logging_mixin.py:190} INFO - [2025-01-12T23:04:53.041+0000] {dagbag.py:588} INFO - Filling up the DagBag from /home/airflow/.local/lib/python3.12/site-packages/airflow/example_dags/example_complex.py
[2025-01-12T23:04:53.056+0000] {processor.py:925} INFO - DAG(s) 'example_complex' retrieved from /home/airflow/.local/lib/python3.12/site-packages/airflow/example_dags/example_complex.py
[2025-01-12T23:04:53.096+0000] {logging_mixin.py:190} INFO - [2025-01-12T23:04:53.095+0000] {dag.py:3239} INFO - Sync 1 DAGs
[2025-01-12T23:04:53.112+0000] {logging_mixin.py:190} INFO - [2025-01-12T23:04:53.112+0000] {dag.py:4180} INFO - Setting next_dagrun for example_complex to None, run_after=None
[2025-01-12T23:04:53.167+0000] {processor.py:208} INFO - Processing /home/airflow/.local/lib/python3.12/site-packages/airflow/example_dags/example_complex.py took 0.136 seconds
[2025-01-12T23:05:23.286+0000] {processor.py:186} INFO - Started process (PID=967) to work on /home/airflow/.local/lib/python3.12/site-packages/airflow/example_dags/example_complex.py
[2025-01-12T23:05:23.288+0000] {processor.py:914} INFO - Processing file /home/airflow/.local/lib/python3.12/site-packages/airflow/example_dags/example_complex.py for tasks to queue
[2025-01-12T23:05:23.291+0000] {logging_mixin.py:190} INFO - [2025-01-12T23:05:23.290+0000] {dagbag.py:588} INFO - Filling up the DagBag from /home/airflow/.local/lib/python3.12/site-packages/airflow/example_dags/example_complex.py
[2025-01-12T23:05:23.306+0000] {processor.py:925} INFO - DAG(s) 'example_complex' retrieved from /home/airflow/.local/lib/python3.12/site-packages/airflow/example_dags/example_complex.py
[2025-01-12T23:05:23.344+0000] {logging_mixin.py:190} INFO - [2025-01-12T23:05:23.344+0000] {dag.py:3239} INFO - Sync 1 DAGs
[2025-01-12T23:05:23.361+0000] {logging_mixin.py:190} INFO - [2025-01-12T23:05:23.361+0000] {dag.py:4180} INFO - Setting next_dagrun for example_complex to None, run_after=None
[2025-01-12T23:05:23.415+0000] {processor.py:208} INFO - Processing /home/airflow/.local/lib/python3.12/site-packages/airflow/example_dags/example_complex.py took 0.136 seconds
