[2025-01-12T22:31:15.684+0000] {processor.py:186} INFO - Started process (PID=140) to work on /home/airflow/.local/lib/python3.12/site-packages/airflow/example_dags/example_datasets.py
[2025-01-12T22:31:15.685+0000] {processor.py:914} INFO - Processing file /home/airflow/.local/lib/python3.12/site-packages/airflow/example_dags/example_datasets.py for tasks to queue
[2025-01-12T22:31:15.689+0000] {logging_mixin.py:190} INFO - [2025-01-12T22:31:15.689+0000] {dagbag.py:588} INFO - Filling up the DagBag from /home/airflow/.local/lib/python3.12/site-packages/airflow/example_dags/example_datasets.py
[2025-01-12T22:31:16.370+0000] {processor.py:925} INFO - DAG(s) 'consume_1_and_2_with_dataset_expressions', 'consume_1_or_2_with_dataset_expressions', 'dataset_produces_2', 'dataset_consumes_1_never_scheduled', 'conditional_dataset_and_time_based_timetable', 'dataset_consumes_1_and_2', 'dataset_consumes_1', 'dataset_consumes_unknown_never_scheduled', 'consume_1_or_both_2_and_3_with_dataset_expressions', 'dataset_produces_1' retrieved from /home/airflow/.local/lib/python3.12/site-packages/airflow/example_dags/example_datasets.py
[2025-01-12T22:31:16.657+0000] {logging_mixin.py:190} INFO - [2025-01-12T22:31:16.655+0000] {override.py:1911} INFO - Created Permission View: can read on DAG:consume_1_and_2_with_dataset_expressions
[2025-01-12T22:31:16.733+0000] {logging_mixin.py:190} INFO - [2025-01-12T22:31:16.733+0000] {override.py:1911} INFO - Created Permission View: can delete on DAG:consume_1_and_2_with_dataset_expressions
[2025-01-12T22:31:16.834+0000] {logging_mixin.py:190} INFO - [2025-01-12T22:31:16.833+0000] {override.py:1911} INFO - Created Permission View: can edit on DAG:consume_1_and_2_with_dataset_expressions
[2025-01-12T22:31:16.978+0000] {logging_mixin.py:190} INFO - [2025-01-12T22:31:16.977+0000] {override.py:1911} INFO - Created Permission View: menu access on DAG Run:consume_1_and_2_with_dataset_expressions
[2025-01-12T22:31:17.195+0000] {logging_mixin.py:190} INFO - [2025-01-12T22:31:17.195+0000] {override.py:1911} INFO - Created Permission View: can create on DAG Run:consume_1_and_2_with_dataset_expressions
[2025-01-12T22:31:17.668+0000] {logging_mixin.py:190} INFO - [2025-01-12T22:31:17.667+0000] {override.py:1911} INFO - Created Permission View: can read on DAG Run:consume_1_and_2_with_dataset_expressions
[2025-01-12T22:31:17.790+0000] {logging_mixin.py:190} INFO - [2025-01-12T22:31:17.789+0000] {override.py:1911} INFO - Created Permission View: can delete on DAG Run:consume_1_and_2_with_dataset_expressions
[2025-01-12T22:31:17.965+0000] {logging_mixin.py:190} INFO - [2025-01-12T22:31:17.965+0000] {override.py:1911} INFO - Created Permission View: can read on DAG:consume_1_or_2_with_dataset_expressions
[2025-01-12T22:31:18.032+0000] {logging_mixin.py:190} INFO - [2025-01-12T22:31:18.031+0000] {override.py:1911} INFO - Created Permission View: can delete on DAG:consume_1_or_2_with_dataset_expressions
[2025-01-12T22:31:18.140+0000] {logging_mixin.py:190} INFO - [2025-01-12T22:31:18.140+0000] {override.py:1911} INFO - Created Permission View: can edit on DAG:consume_1_or_2_with_dataset_expressions
[2025-01-12T22:31:18.413+0000] {logging_mixin.py:190} INFO - [2025-01-12T22:31:18.412+0000] {override.py:1911} INFO - Created Permission View: menu access on DAG Run:consume_1_or_2_with_dataset_expressions
[2025-01-12T22:31:18.579+0000] {logging_mixin.py:190} INFO - [2025-01-12T22:31:18.579+0000] {override.py:1911} INFO - Created Permission View: can create on DAG Run:consume_1_or_2_with_dataset_expressions
[2025-01-12T22:31:18.710+0000] {logging_mixin.py:190} INFO - [2025-01-12T22:31:18.709+0000] {override.py:1911} INFO - Created Permission View: can read on DAG Run:consume_1_or_2_with_dataset_expressions
[2025-01-12T22:31:18.790+0000] {logging_mixin.py:190} INFO - [2025-01-12T22:31:18.789+0000] {override.py:1911} INFO - Created Permission View: can delete on DAG Run:consume_1_or_2_with_dataset_expressions
[2025-01-12T22:31:18.923+0000] {logging_mixin.py:190} INFO - [2025-01-12T22:31:18.923+0000] {override.py:1911} INFO - Created Permission View: can read on DAG:dataset_produces_2
[2025-01-12T22:31:19.057+0000] {logging_mixin.py:190} INFO - [2025-01-12T22:31:19.056+0000] {override.py:1911} INFO - Created Permission View: can delete on DAG:dataset_produces_2
[2025-01-12T22:31:19.113+0000] {logging_mixin.py:190} INFO - [2025-01-12T22:31:19.112+0000] {override.py:1911} INFO - Created Permission View: can edit on DAG:dataset_produces_2
[2025-01-12T22:31:19.235+0000] {logging_mixin.py:190} INFO - [2025-01-12T22:31:19.234+0000] {override.py:1911} INFO - Created Permission View: menu access on DAG Run:dataset_produces_2
[2025-01-12T22:31:19.301+0000] {logging_mixin.py:190} INFO - [2025-01-12T22:31:19.301+0000] {override.py:1911} INFO - Created Permission View: can create on DAG Run:dataset_produces_2
[2025-01-12T22:31:19.423+0000] {logging_mixin.py:190} INFO - [2025-01-12T22:31:19.423+0000] {override.py:1911} INFO - Created Permission View: can read on DAG Run:dataset_produces_2
[2025-01-12T22:31:19.519+0000] {logging_mixin.py:190} INFO - [2025-01-12T22:31:19.519+0000] {override.py:1911} INFO - Created Permission View: can delete on DAG Run:dataset_produces_2
[2025-01-12T22:31:19.711+0000] {logging_mixin.py:190} INFO - [2025-01-12T22:31:19.711+0000] {override.py:1911} INFO - Created Permission View: can read on DAG:dataset_consumes_1_never_scheduled
[2025-01-12T22:31:19.768+0000] {logging_mixin.py:190} INFO - [2025-01-12T22:31:19.767+0000] {override.py:1911} INFO - Created Permission View: can delete on DAG:dataset_consumes_1_never_scheduled
[2025-01-12T22:31:19.878+0000] {logging_mixin.py:190} INFO - [2025-01-12T22:31:19.877+0000] {override.py:1911} INFO - Created Permission View: can edit on DAG:dataset_consumes_1_never_scheduled
[2025-01-12T22:31:20.001+0000] {logging_mixin.py:190} INFO - [2025-01-12T22:31:20.001+0000] {override.py:1911} INFO - Created Permission View: menu access on DAG Run:dataset_consumes_1_never_scheduled
[2025-01-12T22:31:20.079+0000] {logging_mixin.py:190} INFO - [2025-01-12T22:31:20.078+0000] {override.py:1911} INFO - Created Permission View: can create on DAG Run:dataset_consumes_1_never_scheduled
[2025-01-12T22:31:20.178+0000] {logging_mixin.py:190} INFO - [2025-01-12T22:31:20.178+0000] {override.py:1911} INFO - Created Permission View: can read on DAG Run:dataset_consumes_1_never_scheduled
[2025-01-12T22:31:20.233+0000] {logging_mixin.py:190} INFO - [2025-01-12T22:31:20.232+0000] {override.py:1911} INFO - Created Permission View: can delete on DAG Run:dataset_consumes_1_never_scheduled
[2025-01-12T22:31:20.357+0000] {logging_mixin.py:190} INFO - [2025-01-12T22:31:20.357+0000] {override.py:1911} INFO - Created Permission View: can read on DAG:conditional_dataset_and_time_based_timetable
[2025-01-12T22:31:20.412+0000] {logging_mixin.py:190} INFO - [2025-01-12T22:31:20.411+0000] {override.py:1911} INFO - Created Permission View: can delete on DAG:conditional_dataset_and_time_based_timetable
[2025-01-12T22:31:20.499+0000] {logging_mixin.py:190} INFO - [2025-01-12T22:31:20.499+0000] {override.py:1911} INFO - Created Permission View: can edit on DAG:conditional_dataset_and_time_based_timetable
[2025-01-12T22:31:20.710+0000] {logging_mixin.py:190} INFO - [2025-01-12T22:31:20.710+0000] {override.py:1911} INFO - Created Permission View: menu access on DAG Run:conditional_dataset_and_time_based_timetable
[2025-01-12T22:31:20.834+0000] {logging_mixin.py:190} INFO - [2025-01-12T22:31:20.833+0000] {override.py:1911} INFO - Created Permission View: can create on DAG Run:conditional_dataset_and_time_based_timetable
[2025-01-12T22:31:20.903+0000] {logging_mixin.py:190} INFO - [2025-01-12T22:31:20.902+0000] {override.py:1911} INFO - Created Permission View: can read on DAG Run:conditional_dataset_and_time_based_timetable
[2025-01-12T22:31:20.988+0000] {logging_mixin.py:190} INFO - [2025-01-12T22:31:20.988+0000] {override.py:1911} INFO - Created Permission View: can delete on DAG Run:conditional_dataset_and_time_based_timetable
[2025-01-12T22:31:21.134+0000] {logging_mixin.py:190} INFO - [2025-01-12T22:31:21.134+0000] {override.py:1911} INFO - Created Permission View: can read on DAG:dataset_consumes_1_and_2
[2025-01-12T22:31:21.234+0000] {logging_mixin.py:190} INFO - [2025-01-12T22:31:21.234+0000] {override.py:1911} INFO - Created Permission View: can delete on DAG:dataset_consumes_1_and_2
[2025-01-12T22:31:21.291+0000] {logging_mixin.py:190} INFO - [2025-01-12T22:31:21.290+0000] {override.py:1911} INFO - Created Permission View: can edit on DAG:dataset_consumes_1_and_2
[2025-01-12T22:31:21.402+0000] {logging_mixin.py:190} INFO - [2025-01-12T22:31:21.401+0000] {override.py:1911} INFO - Created Permission View: menu access on DAG Run:dataset_consumes_1_and_2
[2025-01-12T22:31:21.546+0000] {logging_mixin.py:190} INFO - [2025-01-12T22:31:21.546+0000] {override.py:1911} INFO - Created Permission View: can create on DAG Run:dataset_consumes_1_and_2
[2025-01-12T22:31:21.686+0000] {logging_mixin.py:190} INFO - [2025-01-12T22:31:21.685+0000] {override.py:1911} INFO - Created Permission View: can read on DAG Run:dataset_consumes_1_and_2
[2025-01-12T22:31:21.819+0000] {logging_mixin.py:190} INFO - [2025-01-12T22:31:21.819+0000] {override.py:1911} INFO - Created Permission View: can delete on DAG Run:dataset_consumes_1_and_2
[2025-01-12T22:31:22.446+0000] {logging_mixin.py:190} INFO - [2025-01-12T22:31:22.446+0000] {override.py:1911} INFO - Created Permission View: can read on DAG:dataset_consumes_1
[2025-01-12T22:31:22.605+0000] {logging_mixin.py:190} INFO - [2025-01-12T22:31:22.604+0000] {override.py:1911} INFO - Created Permission View: can delete on DAG:dataset_consumes_1
[2025-01-12T22:31:23.037+0000] {logging_mixin.py:190} INFO - [2025-01-12T22:31:23.036+0000] {override.py:1911} INFO - Created Permission View: can edit on DAG:dataset_consumes_1
[2025-01-12T22:31:23.425+0000] {logging_mixin.py:190} INFO - [2025-01-12T22:31:23.424+0000] {override.py:1911} INFO - Created Permission View: menu access on DAG Run:dataset_consumes_1
[2025-01-12T22:31:23.555+0000] {logging_mixin.py:190} INFO - [2025-01-12T22:31:23.554+0000] {override.py:1911} INFO - Created Permission View: can create on DAG Run:dataset_consumes_1
[2025-01-12T22:31:23.791+0000] {logging_mixin.py:190} INFO - [2025-01-12T22:31:23.791+0000] {override.py:1911} INFO - Created Permission View: can read on DAG Run:dataset_consumes_1
[2025-01-12T22:31:23.914+0000] {logging_mixin.py:190} INFO - [2025-01-12T22:31:23.913+0000] {override.py:1911} INFO - Created Permission View: can delete on DAG Run:dataset_consumes_1
[2025-01-12T22:31:24.137+0000] {logging_mixin.py:190} INFO - [2025-01-12T22:31:24.136+0000] {override.py:1911} INFO - Created Permission View: can read on DAG:dataset_consumes_unknown_never_scheduled
[2025-01-12T22:31:24.258+0000] {logging_mixin.py:190} INFO - [2025-01-12T22:31:24.257+0000] {override.py:1911} INFO - Created Permission View: can delete on DAG:dataset_consumes_unknown_never_scheduled
[2025-01-12T22:31:24.394+0000] {logging_mixin.py:190} INFO - [2025-01-12T22:31:24.393+0000] {override.py:1911} INFO - Created Permission View: can edit on DAG:dataset_consumes_unknown_never_scheduled
[2025-01-12T22:31:24.669+0000] {logging_mixin.py:190} INFO - [2025-01-12T22:31:24.668+0000] {override.py:1911} INFO - Created Permission View: menu access on DAG Run:dataset_consumes_unknown_never_scheduled
[2025-01-12T22:31:24.801+0000] {logging_mixin.py:190} INFO - [2025-01-12T22:31:24.800+0000] {override.py:1911} INFO - Created Permission View: can create on DAG Run:dataset_consumes_unknown_never_scheduled
[2025-01-12T22:31:24.949+0000] {logging_mixin.py:190} INFO - [2025-01-12T22:31:24.948+0000] {override.py:1911} INFO - Created Permission View: can read on DAG Run:dataset_consumes_unknown_never_scheduled
[2025-01-12T22:31:25.135+0000] {logging_mixin.py:190} INFO - [2025-01-12T22:31:25.134+0000] {override.py:1911} INFO - Created Permission View: can delete on DAG Run:dataset_consumes_unknown_never_scheduled
[2025-01-12T22:31:25.447+0000] {logging_mixin.py:190} INFO - [2025-01-12T22:31:25.447+0000] {override.py:1911} INFO - Created Permission View: can read on DAG:consume_1_or_both_2_and_3_with_dataset_expressions
[2025-01-12T22:31:25.660+0000] {logging_mixin.py:190} INFO - [2025-01-12T22:31:25.660+0000] {override.py:1911} INFO - Created Permission View: can delete on DAG:consume_1_or_both_2_and_3_with_dataset_expressions
[2025-01-12T22:31:25.891+0000] {logging_mixin.py:190} INFO - [2025-01-12T22:31:25.891+0000] {override.py:1911} INFO - Created Permission View: can edit on DAG:consume_1_or_both_2_and_3_with_dataset_expressions
[2025-01-12T22:31:26.189+0000] {logging_mixin.py:190} INFO - [2025-01-12T22:31:26.189+0000] {override.py:1911} INFO - Created Permission View: menu access on DAG Run:consume_1_or_both_2_and_3_with_dataset_expressions
[2025-01-12T22:31:26.311+0000] {logging_mixin.py:190} INFO - [2025-01-12T22:31:26.311+0000] {override.py:1911} INFO - Created Permission View: can create on DAG Run:consume_1_or_both_2_and_3_with_dataset_expressions
[2025-01-12T22:31:26.402+0000] {logging_mixin.py:190} INFO - [2025-01-12T22:31:26.401+0000] {override.py:1911} INFO - Created Permission View: can read on DAG Run:consume_1_or_both_2_and_3_with_dataset_expressions
[2025-01-12T22:31:26.500+0000] {logging_mixin.py:190} INFO - [2025-01-12T22:31:26.500+0000] {override.py:1911} INFO - Created Permission View: can delete on DAG Run:consume_1_or_both_2_and_3_with_dataset_expressions
[2025-01-12T22:31:26.668+0000] {logging_mixin.py:190} INFO - [2025-01-12T22:31:26.667+0000] {override.py:1911} INFO - Created Permission View: can read on DAG:dataset_produces_1
[2025-01-12T22:31:26.879+0000] {logging_mixin.py:190} INFO - [2025-01-12T22:31:26.879+0000] {override.py:1911} INFO - Created Permission View: can delete on DAG:dataset_produces_1
[2025-01-12T22:31:26.956+0000] {logging_mixin.py:190} INFO - [2025-01-12T22:31:26.955+0000] {override.py:1911} INFO - Created Permission View: can edit on DAG:dataset_produces_1
[2025-01-12T22:31:27.123+0000] {logging_mixin.py:190} INFO - [2025-01-12T22:31:27.122+0000] {override.py:1911} INFO - Created Permission View: menu access on DAG Run:dataset_produces_1
[2025-01-12T22:31:27.213+0000] {logging_mixin.py:190} INFO - [2025-01-12T22:31:27.211+0000] {override.py:1911} INFO - Created Permission View: can create on DAG Run:dataset_produces_1
[2025-01-12T22:31:27.290+0000] {logging_mixin.py:190} INFO - [2025-01-12T22:31:27.289+0000] {override.py:1911} INFO - Created Permission View: can read on DAG Run:dataset_produces_1
[2025-01-12T22:31:27.367+0000] {logging_mixin.py:190} INFO - [2025-01-12T22:31:27.366+0000] {override.py:1911} INFO - Created Permission View: can delete on DAG Run:dataset_produces_1
[2025-01-12T22:31:27.369+0000] {logging_mixin.py:190} INFO - [2025-01-12T22:31:27.369+0000] {dag.py:3239} INFO - Sync 10 DAGs
[2025-01-12T22:31:27.404+0000] {logging_mixin.py:190} INFO - [2025-01-12T22:31:27.403+0000] {dag.py:3262} INFO - Creating ORM DAG for dataset_consumes_1_never_scheduled
[2025-01-12T22:31:27.406+0000] {logging_mixin.py:190} INFO - [2025-01-12T22:31:27.405+0000] {dag.py:3262} INFO - Creating ORM DAG for consume_1_or_both_2_and_3_with_dataset_expressions
[2025-01-12T22:31:27.407+0000] {logging_mixin.py:190} INFO - [2025-01-12T22:31:27.407+0000] {dag.py:3262} INFO - Creating ORM DAG for conditional_dataset_and_time_based_timetable
[2025-01-12T22:31:27.408+0000] {logging_mixin.py:190} INFO - [2025-01-12T22:31:27.408+0000] {dag.py:3262} INFO - Creating ORM DAG for consume_1_and_2_with_dataset_expressions
[2025-01-12T22:31:27.409+0000] {logging_mixin.py:190} INFO - [2025-01-12T22:31:27.409+0000] {dag.py:3262} INFO - Creating ORM DAG for dataset_produces_1
[2025-01-12T22:31:27.410+0000] {logging_mixin.py:190} INFO - [2025-01-12T22:31:27.410+0000] {dag.py:3262} INFO - Creating ORM DAG for dataset_consumes_1_and_2
[2025-01-12T22:31:27.412+0000] {logging_mixin.py:190} INFO - [2025-01-12T22:31:27.412+0000] {dag.py:3262} INFO - Creating ORM DAG for dataset_produces_2
[2025-01-12T22:31:27.414+0000] {logging_mixin.py:190} INFO - [2025-01-12T22:31:27.413+0000] {dag.py:3262} INFO - Creating ORM DAG for consume_1_or_2_with_dataset_expressions
[2025-01-12T22:31:27.416+0000] {logging_mixin.py:190} INFO - [2025-01-12T22:31:27.416+0000] {dag.py:3262} INFO - Creating ORM DAG for dataset_consumes_1
[2025-01-12T22:31:27.418+0000] {logging_mixin.py:190} INFO - [2025-01-12T22:31:27.418+0000] {dag.py:3262} INFO - Creating ORM DAG for dataset_consumes_unknown_never_scheduled
[2025-01-12T22:31:27.439+0000] {logging_mixin.py:190} INFO - [2025-01-12T22:31:27.439+0000] {dag.py:4180} INFO - Setting next_dagrun for conditional_dataset_and_time_based_timetable to 2025-01-08 01:00:00+00:00, run_after=2025-01-08 01:00:00+00:00
[2025-01-12T22:31:27.442+0000] {logging_mixin.py:190} INFO - [2025-01-12T22:31:27.441+0000] {dag.py:4180} INFO - Setting next_dagrun for consume_1_and_2_with_dataset_expressions to None, run_after=None
[2025-01-12T22:31:27.443+0000] {logging_mixin.py:190} INFO - [2025-01-12T22:31:27.443+0000] {dag.py:4180} INFO - Setting next_dagrun for consume_1_or_2_with_dataset_expressions to None, run_after=None
[2025-01-12T22:31:27.444+0000] {logging_mixin.py:190} INFO - [2025-01-12T22:31:27.444+0000] {dag.py:4180} INFO - Setting next_dagrun for consume_1_or_both_2_and_3_with_dataset_expressions to None, run_after=None
[2025-01-12T22:31:27.445+0000] {logging_mixin.py:190} INFO - [2025-01-12T22:31:27.445+0000] {dag.py:4180} INFO - Setting next_dagrun for dataset_consumes_1 to None, run_after=None
[2025-01-12T22:31:27.447+0000] {logging_mixin.py:190} INFO - [2025-01-12T22:31:27.447+0000] {dag.py:4180} INFO - Setting next_dagrun for dataset_consumes_1_and_2 to None, run_after=None
[2025-01-12T22:31:27.448+0000] {logging_mixin.py:190} INFO - [2025-01-12T22:31:27.448+0000] {dag.py:4180} INFO - Setting next_dagrun for dataset_consumes_1_never_scheduled to None, run_after=None
[2025-01-12T22:31:27.450+0000] {logging_mixin.py:190} INFO - [2025-01-12T22:31:27.450+0000] {dag.py:4180} INFO - Setting next_dagrun for dataset_consumes_unknown_never_scheduled to None, run_after=None
[2025-01-12T22:31:27.454+0000] {logging_mixin.py:190} INFO - [2025-01-12T22:31:27.454+0000] {dag.py:4180} INFO - Setting next_dagrun for dataset_produces_1 to 2025-01-11 00:00:00+00:00, run_after=2025-01-12 00:00:00+00:00
[2025-01-12T22:31:27.456+0000] {logging_mixin.py:190} INFO - [2025-01-12T22:31:27.456+0000] {dag.py:4180} INFO - Setting next_dagrun for dataset_produces_2 to None, run_after=None
[2025-01-12T22:31:27.578+0000] {processor.py:208} INFO - Processing /home/airflow/.local/lib/python3.12/site-packages/airflow/example_dags/example_datasets.py took 11.905 seconds
[2025-01-12T22:31:57.893+0000] {processor.py:186} INFO - Started process (PID=229) to work on /home/airflow/.local/lib/python3.12/site-packages/airflow/example_dags/example_datasets.py
[2025-01-12T22:31:57.895+0000] {processor.py:914} INFO - Processing file /home/airflow/.local/lib/python3.12/site-packages/airflow/example_dags/example_datasets.py for tasks to queue
[2025-01-12T22:31:57.898+0000] {logging_mixin.py:190} INFO - [2025-01-12T22:31:57.898+0000] {dagbag.py:588} INFO - Filling up the DagBag from /home/airflow/.local/lib/python3.12/site-packages/airflow/example_dags/example_datasets.py
[2025-01-12T22:31:58.645+0000] {processor.py:925} INFO - DAG(s) 'consume_1_and_2_with_dataset_expressions', 'dataset_produces_1', 'consume_1_or_2_with_dataset_expressions', 'dataset_produces_2', 'dataset_consumes_1', 'dataset_consumes_unknown_never_scheduled', 'dataset_consumes_1_never_scheduled', 'consume_1_or_both_2_and_3_with_dataset_expressions', 'conditional_dataset_and_time_based_timetable', 'dataset_consumes_1_and_2' retrieved from /home/airflow/.local/lib/python3.12/site-packages/airflow/example_dags/example_datasets.py
[2025-01-12T22:31:58.710+0000] {logging_mixin.py:190} INFO - [2025-01-12T22:31:58.709+0000] {dag.py:3239} INFO - Sync 10 DAGs
[2025-01-12T22:31:58.746+0000] {logging_mixin.py:190} INFO - [2025-01-12T22:31:58.746+0000] {dag.py:4180} INFO - Setting next_dagrun for conditional_dataset_and_time_based_timetable to 2025-01-08 01:00:00+00:00, run_after=2025-01-08 01:00:00+00:00
[2025-01-12T22:31:58.751+0000] {logging_mixin.py:190} INFO - [2025-01-12T22:31:58.751+0000] {dag.py:4180} INFO - Setting next_dagrun for consume_1_and_2_with_dataset_expressions to None, run_after=None
[2025-01-12T22:31:58.754+0000] {logging_mixin.py:190} INFO - [2025-01-12T22:31:58.754+0000] {dag.py:4180} INFO - Setting next_dagrun for consume_1_or_2_with_dataset_expressions to None, run_after=None
[2025-01-12T22:31:58.755+0000] {logging_mixin.py:190} INFO - [2025-01-12T22:31:58.755+0000] {dag.py:4180} INFO - Setting next_dagrun for consume_1_or_both_2_and_3_with_dataset_expressions to None, run_after=None
[2025-01-12T22:31:58.757+0000] {logging_mixin.py:190} INFO - [2025-01-12T22:31:58.757+0000] {dag.py:4180} INFO - Setting next_dagrun for dataset_consumes_1 to None, run_after=None
[2025-01-12T22:31:58.759+0000] {logging_mixin.py:190} INFO - [2025-01-12T22:31:58.758+0000] {dag.py:4180} INFO - Setting next_dagrun for dataset_consumes_1_and_2 to None, run_after=None
[2025-01-12T22:31:58.760+0000] {logging_mixin.py:190} INFO - [2025-01-12T22:31:58.760+0000] {dag.py:4180} INFO - Setting next_dagrun for dataset_consumes_1_never_scheduled to None, run_after=None
[2025-01-12T22:31:58.762+0000] {logging_mixin.py:190} INFO - [2025-01-12T22:31:58.762+0000] {dag.py:4180} INFO - Setting next_dagrun for dataset_consumes_unknown_never_scheduled to None, run_after=None
[2025-01-12T22:31:58.765+0000] {logging_mixin.py:190} INFO - [2025-01-12T22:31:58.765+0000] {dag.py:4180} INFO - Setting next_dagrun for dataset_produces_1 to 2025-01-11 00:00:00+00:00, run_after=2025-01-12 00:00:00+00:00
[2025-01-12T22:31:58.766+0000] {logging_mixin.py:190} INFO - [2025-01-12T22:31:58.766+0000] {dag.py:4180} INFO - Setting next_dagrun for dataset_produces_2 to None, run_after=None
[2025-01-12T22:31:58.877+0000] {processor.py:208} INFO - Processing /home/airflow/.local/lib/python3.12/site-packages/airflow/example_dags/example_datasets.py took 0.990 seconds
[2025-01-12T22:32:29.640+0000] {processor.py:186} INFO - Started process (PID=293) to work on /home/airflow/.local/lib/python3.12/site-packages/airflow/example_dags/example_datasets.py
[2025-01-12T22:32:29.641+0000] {processor.py:914} INFO - Processing file /home/airflow/.local/lib/python3.12/site-packages/airflow/example_dags/example_datasets.py for tasks to queue
[2025-01-12T22:32:29.643+0000] {logging_mixin.py:190} INFO - [2025-01-12T22:32:29.643+0000] {dagbag.py:588} INFO - Filling up the DagBag from /home/airflow/.local/lib/python3.12/site-packages/airflow/example_dags/example_datasets.py
[2025-01-12T22:32:30.466+0000] {processor.py:925} INFO - DAG(s) 'dataset_consumes_1_and_2', 'dataset_consumes_1', 'conditional_dataset_and_time_based_timetable', 'consume_1_or_2_with_dataset_expressions', 'consume_1_and_2_with_dataset_expressions', 'dataset_consumes_unknown_never_scheduled', 'dataset_produces_1', 'consume_1_or_both_2_and_3_with_dataset_expressions', 'dataset_produces_2', 'dataset_consumes_1_never_scheduled' retrieved from /home/airflow/.local/lib/python3.12/site-packages/airflow/example_dags/example_datasets.py
[2025-01-12T22:32:30.531+0000] {logging_mixin.py:190} INFO - [2025-01-12T22:32:30.530+0000] {dag.py:3239} INFO - Sync 10 DAGs
[2025-01-12T22:32:30.571+0000] {logging_mixin.py:190} INFO - [2025-01-12T22:32:30.571+0000] {dag.py:4180} INFO - Setting next_dagrun for conditional_dataset_and_time_based_timetable to 2025-01-08 01:00:00+00:00, run_after=2025-01-08 01:00:00+00:00
[2025-01-12T22:32:30.578+0000] {logging_mixin.py:190} INFO - [2025-01-12T22:32:30.577+0000] {dag.py:4180} INFO - Setting next_dagrun for consume_1_and_2_with_dataset_expressions to None, run_after=None
[2025-01-12T22:32:30.580+0000] {logging_mixin.py:190} INFO - [2025-01-12T22:32:30.580+0000] {dag.py:4180} INFO - Setting next_dagrun for consume_1_or_2_with_dataset_expressions to None, run_after=None
[2025-01-12T22:32:30.582+0000] {logging_mixin.py:190} INFO - [2025-01-12T22:32:30.582+0000] {dag.py:4180} INFO - Setting next_dagrun for consume_1_or_both_2_and_3_with_dataset_expressions to None, run_after=None
[2025-01-12T22:32:30.584+0000] {logging_mixin.py:190} INFO - [2025-01-12T22:32:30.584+0000] {dag.py:4180} INFO - Setting next_dagrun for dataset_consumes_1 to None, run_after=None
[2025-01-12T22:32:30.586+0000] {logging_mixin.py:190} INFO - [2025-01-12T22:32:30.586+0000] {dag.py:4180} INFO - Setting next_dagrun for dataset_consumes_1_and_2 to None, run_after=None
[2025-01-12T22:32:30.588+0000] {logging_mixin.py:190} INFO - [2025-01-12T22:32:30.588+0000] {dag.py:4180} INFO - Setting next_dagrun for dataset_consumes_1_never_scheduled to None, run_after=None
[2025-01-12T22:32:30.590+0000] {logging_mixin.py:190} INFO - [2025-01-12T22:32:30.590+0000] {dag.py:4180} INFO - Setting next_dagrun for dataset_consumes_unknown_never_scheduled to None, run_after=None
[2025-01-12T22:32:30.594+0000] {logging_mixin.py:190} INFO - [2025-01-12T22:32:30.594+0000] {dag.py:4180} INFO - Setting next_dagrun for dataset_produces_1 to 2025-01-11 00:00:00+00:00, run_after=2025-01-12 00:00:00+00:00
[2025-01-12T22:32:30.596+0000] {logging_mixin.py:190} INFO - [2025-01-12T22:32:30.595+0000] {dag.py:4180} INFO - Setting next_dagrun for dataset_produces_2 to None, run_after=None
[2025-01-12T22:32:30.919+0000] {processor.py:208} INFO - Processing /home/airflow/.local/lib/python3.12/site-packages/airflow/example_dags/example_datasets.py took 1.287 seconds
[2025-01-12T22:33:02.484+0000] {processor.py:186} INFO - Started process (PID=359) to work on /home/airflow/.local/lib/python3.12/site-packages/airflow/example_dags/example_datasets.py
[2025-01-12T22:33:02.485+0000] {processor.py:914} INFO - Processing file /home/airflow/.local/lib/python3.12/site-packages/airflow/example_dags/example_datasets.py for tasks to queue
[2025-01-12T22:33:02.488+0000] {logging_mixin.py:190} INFO - [2025-01-12T22:33:02.488+0000] {dagbag.py:588} INFO - Filling up the DagBag from /home/airflow/.local/lib/python3.12/site-packages/airflow/example_dags/example_datasets.py
[2025-01-12T22:33:03.261+0000] {processor.py:925} INFO - DAG(s) 'dataset_produces_1', 'dataset_consumes_1', 'dataset_consumes_unknown_never_scheduled', 'consume_1_and_2_with_dataset_expressions', 'consume_1_or_both_2_and_3_with_dataset_expressions', 'dataset_produces_2', 'consume_1_or_2_with_dataset_expressions', 'dataset_consumes_1_and_2', 'conditional_dataset_and_time_based_timetable', 'dataset_consumes_1_never_scheduled' retrieved from /home/airflow/.local/lib/python3.12/site-packages/airflow/example_dags/example_datasets.py
[2025-01-12T22:33:03.316+0000] {logging_mixin.py:190} INFO - [2025-01-12T22:33:03.315+0000] {dag.py:3239} INFO - Sync 10 DAGs
[2025-01-12T22:33:03.356+0000] {logging_mixin.py:190} INFO - [2025-01-12T22:33:03.356+0000] {dag.py:4180} INFO - Setting next_dagrun for conditional_dataset_and_time_based_timetable to 2025-01-08 01:00:00+00:00, run_after=2025-01-08 01:00:00+00:00
[2025-01-12T22:33:03.361+0000] {logging_mixin.py:190} INFO - [2025-01-12T22:33:03.361+0000] {dag.py:4180} INFO - Setting next_dagrun for consume_1_and_2_with_dataset_expressions to None, run_after=None
[2025-01-12T22:33:03.364+0000] {logging_mixin.py:190} INFO - [2025-01-12T22:33:03.363+0000] {dag.py:4180} INFO - Setting next_dagrun for consume_1_or_2_with_dataset_expressions to None, run_after=None
[2025-01-12T22:33:03.366+0000] {logging_mixin.py:190} INFO - [2025-01-12T22:33:03.366+0000] {dag.py:4180} INFO - Setting next_dagrun for consume_1_or_both_2_and_3_with_dataset_expressions to None, run_after=None
[2025-01-12T22:33:03.368+0000] {logging_mixin.py:190} INFO - [2025-01-12T22:33:03.368+0000] {dag.py:4180} INFO - Setting next_dagrun for dataset_consumes_1 to None, run_after=None
[2025-01-12T22:33:03.370+0000] {logging_mixin.py:190} INFO - [2025-01-12T22:33:03.370+0000] {dag.py:4180} INFO - Setting next_dagrun for dataset_consumes_1_and_2 to None, run_after=None
[2025-01-12T22:33:03.372+0000] {logging_mixin.py:190} INFO - [2025-01-12T22:33:03.372+0000] {dag.py:4180} INFO - Setting next_dagrun for dataset_consumes_1_never_scheduled to None, run_after=None
[2025-01-12T22:33:03.374+0000] {logging_mixin.py:190} INFO - [2025-01-12T22:33:03.374+0000] {dag.py:4180} INFO - Setting next_dagrun for dataset_consumes_unknown_never_scheduled to None, run_after=None
[2025-01-12T22:33:03.378+0000] {logging_mixin.py:190} INFO - [2025-01-12T22:33:03.377+0000] {dag.py:4180} INFO - Setting next_dagrun for dataset_produces_1 to 2025-01-11 00:00:00+00:00, run_after=2025-01-12 00:00:00+00:00
[2025-01-12T22:33:03.380+0000] {logging_mixin.py:190} INFO - [2025-01-12T22:33:03.380+0000] {dag.py:4180} INFO - Setting next_dagrun for dataset_produces_2 to None, run_after=None
[2025-01-12T22:33:03.477+0000] {processor.py:208} INFO - Processing /home/airflow/.local/lib/python3.12/site-packages/airflow/example_dags/example_datasets.py took 1.000 seconds
[2025-01-12T22:58:24.130+0000] {processor.py:186} INFO - Started process (PID=127) to work on /home/airflow/.local/lib/python3.12/site-packages/airflow/example_dags/example_datasets.py
[2025-01-12T22:58:24.131+0000] {processor.py:914} INFO - Processing file /home/airflow/.local/lib/python3.12/site-packages/airflow/example_dags/example_datasets.py for tasks to queue
[2025-01-12T22:58:24.134+0000] {logging_mixin.py:190} INFO - [2025-01-12T22:58:24.134+0000] {dagbag.py:588} INFO - Filling up the DagBag from /home/airflow/.local/lib/python3.12/site-packages/airflow/example_dags/example_datasets.py
[2025-01-12T22:58:24.892+0000] {processor.py:925} INFO - DAG(s) 'dataset_consumes_1_and_2', 'conditional_dataset_and_time_based_timetable', 'dataset_consumes_unknown_never_scheduled', 'dataset_consumes_1_never_scheduled', 'dataset_produces_2', 'consume_1_and_2_with_dataset_expressions', 'dataset_consumes_1', 'consume_1_or_both_2_and_3_with_dataset_expressions', 'consume_1_or_2_with_dataset_expressions', 'dataset_produces_1' retrieved from /home/airflow/.local/lib/python3.12/site-packages/airflow/example_dags/example_datasets.py
[2025-01-12T22:58:24.946+0000] {logging_mixin.py:190} INFO - [2025-01-12T22:58:24.946+0000] {dag.py:3239} INFO - Sync 10 DAGs
[2025-01-12T22:58:24.985+0000] {logging_mixin.py:190} INFO - [2025-01-12T22:58:24.984+0000] {dag.py:4180} INFO - Setting next_dagrun for conditional_dataset_and_time_based_timetable to 2025-01-08 01:00:00+00:00, run_after=2025-01-08 01:00:00+00:00
[2025-01-12T22:58:24.991+0000] {logging_mixin.py:190} INFO - [2025-01-12T22:58:24.991+0000] {dag.py:4180} INFO - Setting next_dagrun for consume_1_and_2_with_dataset_expressions to None, run_after=None
[2025-01-12T22:58:24.998+0000] {logging_mixin.py:190} INFO - [2025-01-12T22:58:24.997+0000] {dag.py:4180} INFO - Setting next_dagrun for consume_1_or_2_with_dataset_expressions to None, run_after=None
[2025-01-12T22:58:25.001+0000] {logging_mixin.py:190} INFO - [2025-01-12T22:58:25.001+0000] {dag.py:4180} INFO - Setting next_dagrun for consume_1_or_both_2_and_3_with_dataset_expressions to None, run_after=None
[2025-01-12T22:58:25.004+0000] {logging_mixin.py:190} INFO - [2025-01-12T22:58:25.003+0000] {dag.py:4180} INFO - Setting next_dagrun for dataset_consumes_1 to None, run_after=None
[2025-01-12T22:58:25.006+0000] {logging_mixin.py:190} INFO - [2025-01-12T22:58:25.006+0000] {dag.py:4180} INFO - Setting next_dagrun for dataset_consumes_1_and_2 to None, run_after=None
[2025-01-12T22:58:25.008+0000] {logging_mixin.py:190} INFO - [2025-01-12T22:58:25.007+0000] {dag.py:4180} INFO - Setting next_dagrun for dataset_consumes_1_never_scheduled to None, run_after=None
[2025-01-12T22:58:25.011+0000] {logging_mixin.py:190} INFO - [2025-01-12T22:58:25.011+0000] {dag.py:4180} INFO - Setting next_dagrun for dataset_consumes_unknown_never_scheduled to None, run_after=None
[2025-01-12T22:58:25.015+0000] {logging_mixin.py:190} INFO - [2025-01-12T22:58:25.015+0000] {dag.py:4180} INFO - Setting next_dagrun for dataset_produces_1 to 2025-01-11 00:00:00+00:00, run_after=2025-01-12 00:00:00+00:00
[2025-01-12T22:58:25.018+0000] {logging_mixin.py:190} INFO - [2025-01-12T22:58:25.018+0000] {dag.py:4180} INFO - Setting next_dagrun for dataset_produces_2 to None, run_after=None
[2025-01-12T22:58:25.129+0000] {processor.py:208} INFO - Processing /home/airflow/.local/lib/python3.12/site-packages/airflow/example_dags/example_datasets.py took 1.006 seconds
[2025-01-12T22:58:55.215+0000] {processor.py:186} INFO - Started process (PID=193) to work on /home/airflow/.local/lib/python3.12/site-packages/airflow/example_dags/example_datasets.py
[2025-01-12T22:58:55.217+0000] {processor.py:914} INFO - Processing file /home/airflow/.local/lib/python3.12/site-packages/airflow/example_dags/example_datasets.py for tasks to queue
[2025-01-12T22:58:55.220+0000] {logging_mixin.py:190} INFO - [2025-01-12T22:58:55.220+0000] {dagbag.py:588} INFO - Filling up the DagBag from /home/airflow/.local/lib/python3.12/site-packages/airflow/example_dags/example_datasets.py
[2025-01-12T22:58:56.073+0000] {processor.py:925} INFO - DAG(s) 'dataset_produces_2', 'consume_1_and_2_with_dataset_expressions', 'dataset_consumes_1_never_scheduled', 'conditional_dataset_and_time_based_timetable', 'consume_1_or_both_2_and_3_with_dataset_expressions', 'dataset_produces_1', 'dataset_consumes_1', 'dataset_consumes_unknown_never_scheduled', 'dataset_consumes_1_and_2', 'consume_1_or_2_with_dataset_expressions' retrieved from /home/airflow/.local/lib/python3.12/site-packages/airflow/example_dags/example_datasets.py
[2025-01-12T22:58:56.150+0000] {logging_mixin.py:190} INFO - [2025-01-12T22:58:56.149+0000] {dag.py:3239} INFO - Sync 10 DAGs
[2025-01-12T22:58:56.202+0000] {logging_mixin.py:190} INFO - [2025-01-12T22:58:56.202+0000] {dag.py:4180} INFO - Setting next_dagrun for conditional_dataset_and_time_based_timetable to 2025-01-08 01:00:00+00:00, run_after=2025-01-08 01:00:00+00:00
[2025-01-12T22:58:56.208+0000] {logging_mixin.py:190} INFO - [2025-01-12T22:58:56.208+0000] {dag.py:4180} INFO - Setting next_dagrun for consume_1_and_2_with_dataset_expressions to None, run_after=None
[2025-01-12T22:58:56.212+0000] {logging_mixin.py:190} INFO - [2025-01-12T22:58:56.212+0000] {dag.py:4180} INFO - Setting next_dagrun for consume_1_or_2_with_dataset_expressions to None, run_after=None
[2025-01-12T22:58:56.215+0000] {logging_mixin.py:190} INFO - [2025-01-12T22:58:56.214+0000] {dag.py:4180} INFO - Setting next_dagrun for consume_1_or_both_2_and_3_with_dataset_expressions to None, run_after=None
[2025-01-12T22:58:56.217+0000] {logging_mixin.py:190} INFO - [2025-01-12T22:58:56.216+0000] {dag.py:4180} INFO - Setting next_dagrun for dataset_consumes_1 to None, run_after=None
[2025-01-12T22:58:56.219+0000] {logging_mixin.py:190} INFO - [2025-01-12T22:58:56.219+0000] {dag.py:4180} INFO - Setting next_dagrun for dataset_consumes_1_and_2 to None, run_after=None
[2025-01-12T22:58:56.221+0000] {logging_mixin.py:190} INFO - [2025-01-12T22:58:56.221+0000] {dag.py:4180} INFO - Setting next_dagrun for dataset_consumes_1_never_scheduled to None, run_after=None
[2025-01-12T22:58:56.224+0000] {logging_mixin.py:190} INFO - [2025-01-12T22:58:56.223+0000] {dag.py:4180} INFO - Setting next_dagrun for dataset_consumes_unknown_never_scheduled to None, run_after=None
[2025-01-12T22:58:56.230+0000] {logging_mixin.py:190} INFO - [2025-01-12T22:58:56.229+0000] {dag.py:4180} INFO - Setting next_dagrun for dataset_produces_1 to 2025-01-11 00:00:00+00:00, run_after=2025-01-12 00:00:00+00:00
[2025-01-12T22:58:56.232+0000] {logging_mixin.py:190} INFO - [2025-01-12T22:58:56.232+0000] {dag.py:4180} INFO - Setting next_dagrun for dataset_produces_2 to None, run_after=None
[2025-01-12T22:58:56.344+0000] {processor.py:208} INFO - Processing /home/airflow/.local/lib/python3.12/site-packages/airflow/example_dags/example_datasets.py took 1.141 seconds
[2025-01-12T22:59:27.328+0000] {processor.py:186} INFO - Started process (PID=257) to work on /home/airflow/.local/lib/python3.12/site-packages/airflow/example_dags/example_datasets.py
[2025-01-12T22:59:27.334+0000] {processor.py:914} INFO - Processing file /home/airflow/.local/lib/python3.12/site-packages/airflow/example_dags/example_datasets.py for tasks to queue
[2025-01-12T22:59:27.339+0000] {logging_mixin.py:190} INFO - [2025-01-12T22:59:27.339+0000] {dagbag.py:588} INFO - Filling up the DagBag from /home/airflow/.local/lib/python3.12/site-packages/airflow/example_dags/example_datasets.py
[2025-01-12T22:59:28.060+0000] {processor.py:925} INFO - DAG(s) 'dataset_produces_1', 'conditional_dataset_and_time_based_timetable', 'consume_1_or_2_with_dataset_expressions', 'dataset_consumes_1_and_2', 'dataset_consumes_1_never_scheduled', 'consume_1_or_both_2_and_3_with_dataset_expressions', 'consume_1_and_2_with_dataset_expressions', 'dataset_consumes_1', 'dataset_consumes_unknown_never_scheduled', 'dataset_produces_2' retrieved from /home/airflow/.local/lib/python3.12/site-packages/airflow/example_dags/example_datasets.py
[2025-01-12T22:59:28.115+0000] {logging_mixin.py:190} INFO - [2025-01-12T22:59:28.114+0000] {dag.py:3239} INFO - Sync 10 DAGs
[2025-01-12T22:59:28.147+0000] {logging_mixin.py:190} INFO - [2025-01-12T22:59:28.146+0000] {dag.py:4180} INFO - Setting next_dagrun for conditional_dataset_and_time_based_timetable to 2025-01-08 01:00:00+00:00, run_after=2025-01-08 01:00:00+00:00
[2025-01-12T22:59:28.152+0000] {logging_mixin.py:190} INFO - [2025-01-12T22:59:28.151+0000] {dag.py:4180} INFO - Setting next_dagrun for consume_1_and_2_with_dataset_expressions to None, run_after=None
[2025-01-12T22:59:28.154+0000] {logging_mixin.py:190} INFO - [2025-01-12T22:59:28.154+0000] {dag.py:4180} INFO - Setting next_dagrun for consume_1_or_2_with_dataset_expressions to None, run_after=None
[2025-01-12T22:59:28.156+0000] {logging_mixin.py:190} INFO - [2025-01-12T22:59:28.156+0000] {dag.py:4180} INFO - Setting next_dagrun for consume_1_or_both_2_and_3_with_dataset_expressions to None, run_after=None
[2025-01-12T22:59:28.158+0000] {logging_mixin.py:190} INFO - [2025-01-12T22:59:28.158+0000] {dag.py:4180} INFO - Setting next_dagrun for dataset_consumes_1 to None, run_after=None
[2025-01-12T22:59:28.161+0000] {logging_mixin.py:190} INFO - [2025-01-12T22:59:28.161+0000] {dag.py:4180} INFO - Setting next_dagrun for dataset_consumes_1_and_2 to None, run_after=None
[2025-01-12T22:59:28.164+0000] {logging_mixin.py:190} INFO - [2025-01-12T22:59:28.163+0000] {dag.py:4180} INFO - Setting next_dagrun for dataset_consumes_1_never_scheduled to None, run_after=None
[2025-01-12T22:59:28.166+0000] {logging_mixin.py:190} INFO - [2025-01-12T22:59:28.165+0000] {dag.py:4180} INFO - Setting next_dagrun for dataset_consumes_unknown_never_scheduled to None, run_after=None
[2025-01-12T22:59:28.169+0000] {logging_mixin.py:190} INFO - [2025-01-12T22:59:28.169+0000] {dag.py:4180} INFO - Setting next_dagrun for dataset_produces_1 to 2025-01-11 00:00:00+00:00, run_after=2025-01-12 00:00:00+00:00
[2025-01-12T22:59:28.171+0000] {logging_mixin.py:190} INFO - [2025-01-12T22:59:28.170+0000] {dag.py:4180} INFO - Setting next_dagrun for dataset_produces_2 to None, run_after=None
[2025-01-12T22:59:28.381+0000] {processor.py:208} INFO - Processing /home/airflow/.local/lib/python3.12/site-packages/airflow/example_dags/example_datasets.py took 1.060 seconds
[2025-01-12T22:59:59.292+0000] {processor.py:186} INFO - Started process (PID=322) to work on /home/airflow/.local/lib/python3.12/site-packages/airflow/example_dags/example_datasets.py
[2025-01-12T22:59:59.296+0000] {processor.py:914} INFO - Processing file /home/airflow/.local/lib/python3.12/site-packages/airflow/example_dags/example_datasets.py for tasks to queue
[2025-01-12T22:59:59.308+0000] {logging_mixin.py:190} INFO - [2025-01-12T22:59:59.308+0000] {dagbag.py:588} INFO - Filling up the DagBag from /home/airflow/.local/lib/python3.12/site-packages/airflow/example_dags/example_datasets.py
[2025-01-12T22:59:59.995+0000] {processor.py:925} INFO - DAG(s) 'dataset_consumes_unknown_never_scheduled', 'dataset_consumes_1_never_scheduled', 'dataset_consumes_1', 'dataset_produces_2', 'dataset_produces_1', 'consume_1_or_2_with_dataset_expressions', 'dataset_consumes_1_and_2', 'conditional_dataset_and_time_based_timetable', 'consume_1_or_both_2_and_3_with_dataset_expressions', 'consume_1_and_2_with_dataset_expressions' retrieved from /home/airflow/.local/lib/python3.12/site-packages/airflow/example_dags/example_datasets.py
[2025-01-12T23:00:00.049+0000] {logging_mixin.py:190} INFO - [2025-01-12T23:00:00.049+0000] {dag.py:3239} INFO - Sync 10 DAGs
[2025-01-12T23:00:00.081+0000] {logging_mixin.py:190} INFO - [2025-01-12T23:00:00.081+0000] {dag.py:4180} INFO - Setting next_dagrun for conditional_dataset_and_time_based_timetable to 2025-01-08 01:00:00+00:00, run_after=2025-01-08 01:00:00+00:00
[2025-01-12T23:00:00.086+0000] {logging_mixin.py:190} INFO - [2025-01-12T23:00:00.086+0000] {dag.py:4180} INFO - Setting next_dagrun for consume_1_and_2_with_dataset_expressions to None, run_after=None
[2025-01-12T23:00:00.090+0000] {logging_mixin.py:190} INFO - [2025-01-12T23:00:00.090+0000] {dag.py:4180} INFO - Setting next_dagrun for consume_1_or_2_with_dataset_expressions to None, run_after=None
[2025-01-12T23:00:00.093+0000] {logging_mixin.py:190} INFO - [2025-01-12T23:00:00.092+0000] {dag.py:4180} INFO - Setting next_dagrun for consume_1_or_both_2_and_3_with_dataset_expressions to None, run_after=None
[2025-01-12T23:00:00.095+0000] {logging_mixin.py:190} INFO - [2025-01-12T23:00:00.095+0000] {dag.py:4180} INFO - Setting next_dagrun for dataset_consumes_1 to None, run_after=None
[2025-01-12T23:00:00.098+0000] {logging_mixin.py:190} INFO - [2025-01-12T23:00:00.098+0000] {dag.py:4180} INFO - Setting next_dagrun for dataset_consumes_1_and_2 to None, run_after=None
[2025-01-12T23:00:00.100+0000] {logging_mixin.py:190} INFO - [2025-01-12T23:00:00.100+0000] {dag.py:4180} INFO - Setting next_dagrun for dataset_consumes_1_never_scheduled to None, run_after=None
[2025-01-12T23:00:00.102+0000] {logging_mixin.py:190} INFO - [2025-01-12T23:00:00.102+0000] {dag.py:4180} INFO - Setting next_dagrun for dataset_consumes_unknown_never_scheduled to None, run_after=None
[2025-01-12T23:00:00.105+0000] {logging_mixin.py:190} INFO - [2025-01-12T23:00:00.105+0000] {dag.py:4180} INFO - Setting next_dagrun for dataset_produces_1 to 2025-01-11 00:00:00+00:00, run_after=2025-01-12 00:00:00+00:00
[2025-01-12T23:00:00.107+0000] {logging_mixin.py:190} INFO - [2025-01-12T23:00:00.107+0000] {dag.py:4180} INFO - Setting next_dagrun for dataset_produces_2 to None, run_after=None
[2025-01-12T23:00:00.273+0000] {processor.py:208} INFO - Processing /home/airflow/.local/lib/python3.12/site-packages/airflow/example_dags/example_datasets.py took 1.005 seconds
[2025-01-12T23:00:30.498+0000] {processor.py:186} INFO - Started process (PID=385) to work on /home/airflow/.local/lib/python3.12/site-packages/airflow/example_dags/example_datasets.py
[2025-01-12T23:00:30.499+0000] {processor.py:914} INFO - Processing file /home/airflow/.local/lib/python3.12/site-packages/airflow/example_dags/example_datasets.py for tasks to queue
[2025-01-12T23:00:30.503+0000] {logging_mixin.py:190} INFO - [2025-01-12T23:00:30.503+0000] {dagbag.py:588} INFO - Filling up the DagBag from /home/airflow/.local/lib/python3.12/site-packages/airflow/example_dags/example_datasets.py
[2025-01-12T23:00:31.190+0000] {processor.py:925} INFO - DAG(s) 'consume_1_or_both_2_and_3_with_dataset_expressions', 'consume_1_or_2_with_dataset_expressions', 'dataset_consumes_unknown_never_scheduled', 'dataset_consumes_1', 'dataset_produces_1', 'consume_1_and_2_with_dataset_expressions', 'dataset_consumes_1_never_scheduled', 'dataset_consumes_1_and_2', 'conditional_dataset_and_time_based_timetable', 'dataset_produces_2' retrieved from /home/airflow/.local/lib/python3.12/site-packages/airflow/example_dags/example_datasets.py
[2025-01-12T23:00:31.251+0000] {logging_mixin.py:190} INFO - [2025-01-12T23:00:31.250+0000] {dag.py:3239} INFO - Sync 10 DAGs
[2025-01-12T23:00:31.282+0000] {logging_mixin.py:190} INFO - [2025-01-12T23:00:31.282+0000] {dag.py:4180} INFO - Setting next_dagrun for conditional_dataset_and_time_based_timetable to 2025-01-08 01:00:00+00:00, run_after=2025-01-08 01:00:00+00:00
[2025-01-12T23:00:31.288+0000] {logging_mixin.py:190} INFO - [2025-01-12T23:00:31.287+0000] {dag.py:4180} INFO - Setting next_dagrun for consume_1_and_2_with_dataset_expressions to None, run_after=None
[2025-01-12T23:00:31.292+0000] {logging_mixin.py:190} INFO - [2025-01-12T23:00:31.292+0000] {dag.py:4180} INFO - Setting next_dagrun for consume_1_or_2_with_dataset_expressions to None, run_after=None
[2025-01-12T23:00:31.294+0000] {logging_mixin.py:190} INFO - [2025-01-12T23:00:31.294+0000] {dag.py:4180} INFO - Setting next_dagrun for consume_1_or_both_2_and_3_with_dataset_expressions to None, run_after=None
[2025-01-12T23:00:31.296+0000] {logging_mixin.py:190} INFO - [2025-01-12T23:00:31.295+0000] {dag.py:4180} INFO - Setting next_dagrun for dataset_consumes_1 to None, run_after=None
[2025-01-12T23:00:31.298+0000] {logging_mixin.py:190} INFO - [2025-01-12T23:00:31.297+0000] {dag.py:4180} INFO - Setting next_dagrun for dataset_consumes_1_and_2 to None, run_after=None
[2025-01-12T23:00:31.300+0000] {logging_mixin.py:190} INFO - [2025-01-12T23:00:31.300+0000] {dag.py:4180} INFO - Setting next_dagrun for dataset_consumes_1_never_scheduled to None, run_after=None
[2025-01-12T23:00:31.303+0000] {logging_mixin.py:190} INFO - [2025-01-12T23:00:31.303+0000] {dag.py:4180} INFO - Setting next_dagrun for dataset_consumes_unknown_never_scheduled to None, run_after=None
[2025-01-12T23:00:31.307+0000] {logging_mixin.py:190} INFO - [2025-01-12T23:00:31.307+0000] {dag.py:4180} INFO - Setting next_dagrun for dataset_produces_1 to 2025-01-11 00:00:00+00:00, run_after=2025-01-12 00:00:00+00:00
[2025-01-12T23:00:31.309+0000] {logging_mixin.py:190} INFO - [2025-01-12T23:00:31.309+0000] {dag.py:4180} INFO - Setting next_dagrun for dataset_produces_2 to None, run_after=None
[2025-01-12T23:00:31.476+0000] {processor.py:208} INFO - Processing /home/airflow/.local/lib/python3.12/site-packages/airflow/example_dags/example_datasets.py took 0.985 seconds
[2025-01-12T23:01:03.252+0000] {processor.py:186} INFO - Started process (PID=448) to work on /home/airflow/.local/lib/python3.12/site-packages/airflow/example_dags/example_datasets.py
[2025-01-12T23:01:03.253+0000] {processor.py:914} INFO - Processing file /home/airflow/.local/lib/python3.12/site-packages/airflow/example_dags/example_datasets.py for tasks to queue
[2025-01-12T23:01:03.256+0000] {logging_mixin.py:190} INFO - [2025-01-12T23:01:03.256+0000] {dagbag.py:588} INFO - Filling up the DagBag from /home/airflow/.local/lib/python3.12/site-packages/airflow/example_dags/example_datasets.py
[2025-01-12T23:01:04.049+0000] {processor.py:925} INFO - DAG(s) 'consume_1_or_2_with_dataset_expressions', 'consume_1_and_2_with_dataset_expressions', 'dataset_consumes_1_and_2', 'conditional_dataset_and_time_based_timetable', 'dataset_consumes_1', 'dataset_consumes_1_never_scheduled', 'dataset_produces_2', 'consume_1_or_both_2_and_3_with_dataset_expressions', 'dataset_produces_1', 'dataset_consumes_unknown_never_scheduled' retrieved from /home/airflow/.local/lib/python3.12/site-packages/airflow/example_dags/example_datasets.py
[2025-01-12T23:01:04.101+0000] {logging_mixin.py:190} INFO - [2025-01-12T23:01:04.101+0000] {dag.py:3239} INFO - Sync 10 DAGs
[2025-01-12T23:01:04.131+0000] {logging_mixin.py:190} INFO - [2025-01-12T23:01:04.130+0000] {dag.py:4180} INFO - Setting next_dagrun for conditional_dataset_and_time_based_timetable to 2025-01-08 01:00:00+00:00, run_after=2025-01-08 01:00:00+00:00
[2025-01-12T23:01:04.136+0000] {logging_mixin.py:190} INFO - [2025-01-12T23:01:04.136+0000] {dag.py:4180} INFO - Setting next_dagrun for consume_1_and_2_with_dataset_expressions to None, run_after=None
[2025-01-12T23:01:04.138+0000] {logging_mixin.py:190} INFO - [2025-01-12T23:01:04.138+0000] {dag.py:4180} INFO - Setting next_dagrun for consume_1_or_2_with_dataset_expressions to None, run_after=None
[2025-01-12T23:01:04.140+0000] {logging_mixin.py:190} INFO - [2025-01-12T23:01:04.140+0000] {dag.py:4180} INFO - Setting next_dagrun for consume_1_or_both_2_and_3_with_dataset_expressions to None, run_after=None
[2025-01-12T23:01:04.142+0000] {logging_mixin.py:190} INFO - [2025-01-12T23:01:04.142+0000] {dag.py:4180} INFO - Setting next_dagrun for dataset_consumes_1 to None, run_after=None
[2025-01-12T23:01:04.144+0000] {logging_mixin.py:190} INFO - [2025-01-12T23:01:04.144+0000] {dag.py:4180} INFO - Setting next_dagrun for dataset_consumes_1_and_2 to None, run_after=None
[2025-01-12T23:01:04.147+0000] {logging_mixin.py:190} INFO - [2025-01-12T23:01:04.146+0000] {dag.py:4180} INFO - Setting next_dagrun for dataset_consumes_1_never_scheduled to None, run_after=None
[2025-01-12T23:01:04.149+0000] {logging_mixin.py:190} INFO - [2025-01-12T23:01:04.148+0000] {dag.py:4180} INFO - Setting next_dagrun for dataset_consumes_unknown_never_scheduled to None, run_after=None
[2025-01-12T23:01:04.152+0000] {logging_mixin.py:190} INFO - [2025-01-12T23:01:04.152+0000] {dag.py:4180} INFO - Setting next_dagrun for dataset_produces_1 to 2025-01-11 00:00:00+00:00, run_after=2025-01-12 00:00:00+00:00
[2025-01-12T23:01:04.154+0000] {logging_mixin.py:190} INFO - [2025-01-12T23:01:04.154+0000] {dag.py:4180} INFO - Setting next_dagrun for dataset_produces_2 to None, run_after=None
[2025-01-12T23:01:04.303+0000] {processor.py:208} INFO - Processing /home/airflow/.local/lib/python3.12/site-packages/airflow/example_dags/example_datasets.py took 1.059 seconds
[2025-01-12T23:01:35.213+0000] {processor.py:186} INFO - Started process (PID=510) to work on /home/airflow/.local/lib/python3.12/site-packages/airflow/example_dags/example_datasets.py
[2025-01-12T23:01:35.214+0000] {processor.py:914} INFO - Processing file /home/airflow/.local/lib/python3.12/site-packages/airflow/example_dags/example_datasets.py for tasks to queue
[2025-01-12T23:01:35.218+0000] {logging_mixin.py:190} INFO - [2025-01-12T23:01:35.217+0000] {dagbag.py:588} INFO - Filling up the DagBag from /home/airflow/.local/lib/python3.12/site-packages/airflow/example_dags/example_datasets.py
[2025-01-12T23:01:35.894+0000] {processor.py:925} INFO - DAG(s) 'dataset_produces_2', 'consume_1_or_both_2_and_3_with_dataset_expressions', 'dataset_consumes_1_and_2', 'consume_1_and_2_with_dataset_expressions', 'consume_1_or_2_with_dataset_expressions', 'dataset_consumes_1', 'dataset_consumes_1_never_scheduled', 'conditional_dataset_and_time_based_timetable', 'dataset_produces_1', 'dataset_consumes_unknown_never_scheduled' retrieved from /home/airflow/.local/lib/python3.12/site-packages/airflow/example_dags/example_datasets.py
[2025-01-12T23:01:35.947+0000] {logging_mixin.py:190} INFO - [2025-01-12T23:01:35.947+0000] {dag.py:3239} INFO - Sync 10 DAGs
[2025-01-12T23:01:35.979+0000] {logging_mixin.py:190} INFO - [2025-01-12T23:01:35.979+0000] {dag.py:4180} INFO - Setting next_dagrun for conditional_dataset_and_time_based_timetable to 2025-01-08 01:00:00+00:00, run_after=2025-01-08 01:00:00+00:00
[2025-01-12T23:01:35.985+0000] {logging_mixin.py:190} INFO - [2025-01-12T23:01:35.984+0000] {dag.py:4180} INFO - Setting next_dagrun for consume_1_and_2_with_dataset_expressions to None, run_after=None
[2025-01-12T23:01:35.988+0000] {logging_mixin.py:190} INFO - [2025-01-12T23:01:35.988+0000] {dag.py:4180} INFO - Setting next_dagrun for consume_1_or_2_with_dataset_expressions to None, run_after=None
[2025-01-12T23:01:35.991+0000] {logging_mixin.py:190} INFO - [2025-01-12T23:01:35.990+0000] {dag.py:4180} INFO - Setting next_dagrun for consume_1_or_both_2_and_3_with_dataset_expressions to None, run_after=None
[2025-01-12T23:01:35.993+0000] {logging_mixin.py:190} INFO - [2025-01-12T23:01:35.993+0000] {dag.py:4180} INFO - Setting next_dagrun for dataset_consumes_1 to None, run_after=None
[2025-01-12T23:01:35.995+0000] {logging_mixin.py:190} INFO - [2025-01-12T23:01:35.995+0000] {dag.py:4180} INFO - Setting next_dagrun for dataset_consumes_1_and_2 to None, run_after=None
[2025-01-12T23:01:35.997+0000] {logging_mixin.py:190} INFO - [2025-01-12T23:01:35.997+0000] {dag.py:4180} INFO - Setting next_dagrun for dataset_consumes_1_never_scheduled to None, run_after=None
[2025-01-12T23:01:35.999+0000] {logging_mixin.py:190} INFO - [2025-01-12T23:01:35.999+0000] {dag.py:4180} INFO - Setting next_dagrun for dataset_consumes_unknown_never_scheduled to None, run_after=None
[2025-01-12T23:01:36.003+0000] {logging_mixin.py:190} INFO - [2025-01-12T23:01:36.003+0000] {dag.py:4180} INFO - Setting next_dagrun for dataset_produces_1 to 2025-01-11 00:00:00+00:00, run_after=2025-01-12 00:00:00+00:00
[2025-01-12T23:01:36.006+0000] {logging_mixin.py:190} INFO - [2025-01-12T23:01:36.006+0000] {dag.py:4180} INFO - Setting next_dagrun for dataset_produces_2 to None, run_after=None
[2025-01-12T23:01:36.140+0000] {processor.py:208} INFO - Processing /home/airflow/.local/lib/python3.12/site-packages/airflow/example_dags/example_datasets.py took 0.937 seconds
[2025-01-12T23:02:06.211+0000] {processor.py:186} INFO - Started process (PID=573) to work on /home/airflow/.local/lib/python3.12/site-packages/airflow/example_dags/example_datasets.py
[2025-01-12T23:02:06.212+0000] {processor.py:914} INFO - Processing file /home/airflow/.local/lib/python3.12/site-packages/airflow/example_dags/example_datasets.py for tasks to queue
[2025-01-12T23:02:06.216+0000] {logging_mixin.py:190} INFO - [2025-01-12T23:02:06.216+0000] {dagbag.py:588} INFO - Filling up the DagBag from /home/airflow/.local/lib/python3.12/site-packages/airflow/example_dags/example_datasets.py
[2025-01-12T23:02:06.915+0000] {processor.py:925} INFO - DAG(s) 'dataset_consumes_1', 'dataset_produces_1', 'dataset_produces_2', 'consume_1_or_2_with_dataset_expressions', 'consume_1_or_both_2_and_3_with_dataset_expressions', 'dataset_consumes_unknown_never_scheduled', 'conditional_dataset_and_time_based_timetable', 'dataset_consumes_1_never_scheduled', 'consume_1_and_2_with_dataset_expressions', 'dataset_consumes_1_and_2' retrieved from /home/airflow/.local/lib/python3.12/site-packages/airflow/example_dags/example_datasets.py
[2025-01-12T23:02:06.965+0000] {logging_mixin.py:190} INFO - [2025-01-12T23:02:06.964+0000] {dag.py:3239} INFO - Sync 10 DAGs
[2025-01-12T23:02:06.995+0000] {logging_mixin.py:190} INFO - [2025-01-12T23:02:06.994+0000] {dag.py:4180} INFO - Setting next_dagrun for conditional_dataset_and_time_based_timetable to 2025-01-08 01:00:00+00:00, run_after=2025-01-08 01:00:00+00:00
[2025-01-12T23:02:06.999+0000] {logging_mixin.py:190} INFO - [2025-01-12T23:02:06.999+0000] {dag.py:4180} INFO - Setting next_dagrun for consume_1_and_2_with_dataset_expressions to None, run_after=None
[2025-01-12T23:02:07.001+0000] {logging_mixin.py:190} INFO - [2025-01-12T23:02:07.001+0000] {dag.py:4180} INFO - Setting next_dagrun for consume_1_or_2_with_dataset_expressions to None, run_after=None
[2025-01-12T23:02:07.002+0000] {logging_mixin.py:190} INFO - [2025-01-12T23:02:07.002+0000] {dag.py:4180} INFO - Setting next_dagrun for consume_1_or_both_2_and_3_with_dataset_expressions to None, run_after=None
[2025-01-12T23:02:07.003+0000] {logging_mixin.py:190} INFO - [2025-01-12T23:02:07.003+0000] {dag.py:4180} INFO - Setting next_dagrun for dataset_consumes_1 to None, run_after=None
[2025-01-12T23:02:07.005+0000] {logging_mixin.py:190} INFO - [2025-01-12T23:02:07.005+0000] {dag.py:4180} INFO - Setting next_dagrun for dataset_consumes_1_and_2 to None, run_after=None
[2025-01-12T23:02:07.007+0000] {logging_mixin.py:190} INFO - [2025-01-12T23:02:07.006+0000] {dag.py:4180} INFO - Setting next_dagrun for dataset_consumes_1_never_scheduled to None, run_after=None
[2025-01-12T23:02:07.008+0000] {logging_mixin.py:190} INFO - [2025-01-12T23:02:07.008+0000] {dag.py:4180} INFO - Setting next_dagrun for dataset_consumes_unknown_never_scheduled to None, run_after=None
[2025-01-12T23:02:07.012+0000] {logging_mixin.py:190} INFO - [2025-01-12T23:02:07.011+0000] {dag.py:4180} INFO - Setting next_dagrun for dataset_produces_1 to 2025-01-11 00:00:00+00:00, run_after=2025-01-12 00:00:00+00:00
[2025-01-12T23:02:07.013+0000] {logging_mixin.py:190} INFO - [2025-01-12T23:02:07.013+0000] {dag.py:4180} INFO - Setting next_dagrun for dataset_produces_2 to None, run_after=None
[2025-01-12T23:02:07.099+0000] {processor.py:208} INFO - Processing /home/airflow/.local/lib/python3.12/site-packages/airflow/example_dags/example_datasets.py took 0.896 seconds
[2025-01-12T23:02:38.099+0000] {processor.py:186} INFO - Started process (PID=636) to work on /home/airflow/.local/lib/python3.12/site-packages/airflow/example_dags/example_datasets.py
[2025-01-12T23:02:38.101+0000] {processor.py:914} INFO - Processing file /home/airflow/.local/lib/python3.12/site-packages/airflow/example_dags/example_datasets.py for tasks to queue
[2025-01-12T23:02:38.104+0000] {logging_mixin.py:190} INFO - [2025-01-12T23:02:38.104+0000] {dagbag.py:588} INFO - Filling up the DagBag from /home/airflow/.local/lib/python3.12/site-packages/airflow/example_dags/example_datasets.py
[2025-01-12T23:02:38.777+0000] {processor.py:925} INFO - DAG(s) 'consume_1_and_2_with_dataset_expressions', 'dataset_produces_2', 'conditional_dataset_and_time_based_timetable', 'consume_1_or_both_2_and_3_with_dataset_expressions', 'consume_1_or_2_with_dataset_expressions', 'dataset_consumes_1_never_scheduled', 'dataset_consumes_1', 'dataset_consumes_unknown_never_scheduled', 'dataset_produces_1', 'dataset_consumes_1_and_2' retrieved from /home/airflow/.local/lib/python3.12/site-packages/airflow/example_dags/example_datasets.py
[2025-01-12T23:02:38.824+0000] {logging_mixin.py:190} INFO - [2025-01-12T23:02:38.823+0000] {dag.py:3239} INFO - Sync 10 DAGs
[2025-01-12T23:02:38.852+0000] {logging_mixin.py:190} INFO - [2025-01-12T23:02:38.852+0000] {dag.py:4180} INFO - Setting next_dagrun for conditional_dataset_and_time_based_timetable to 2025-01-08 01:00:00+00:00, run_after=2025-01-08 01:00:00+00:00
[2025-01-12T23:02:38.857+0000] {logging_mixin.py:190} INFO - [2025-01-12T23:02:38.856+0000] {dag.py:4180} INFO - Setting next_dagrun for consume_1_and_2_with_dataset_expressions to None, run_after=None
[2025-01-12T23:02:38.859+0000] {logging_mixin.py:190} INFO - [2025-01-12T23:02:38.858+0000] {dag.py:4180} INFO - Setting next_dagrun for consume_1_or_2_with_dataset_expressions to None, run_after=None
[2025-01-12T23:02:38.861+0000] {logging_mixin.py:190} INFO - [2025-01-12T23:02:38.860+0000] {dag.py:4180} INFO - Setting next_dagrun for consume_1_or_both_2_and_3_with_dataset_expressions to None, run_after=None
[2025-01-12T23:02:38.863+0000] {logging_mixin.py:190} INFO - [2025-01-12T23:02:38.862+0000] {dag.py:4180} INFO - Setting next_dagrun for dataset_consumes_1 to None, run_after=None
[2025-01-12T23:02:38.864+0000] {logging_mixin.py:190} INFO - [2025-01-12T23:02:38.864+0000] {dag.py:4180} INFO - Setting next_dagrun for dataset_consumes_1_and_2 to None, run_after=None
[2025-01-12T23:02:38.866+0000] {logging_mixin.py:190} INFO - [2025-01-12T23:02:38.866+0000] {dag.py:4180} INFO - Setting next_dagrun for dataset_consumes_1_never_scheduled to None, run_after=None
[2025-01-12T23:02:38.868+0000] {logging_mixin.py:190} INFO - [2025-01-12T23:02:38.868+0000] {dag.py:4180} INFO - Setting next_dagrun for dataset_consumes_unknown_never_scheduled to None, run_after=None
[2025-01-12T23:02:38.872+0000] {logging_mixin.py:190} INFO - [2025-01-12T23:02:38.871+0000] {dag.py:4180} INFO - Setting next_dagrun for dataset_produces_1 to 2025-01-11 00:00:00+00:00, run_after=2025-01-12 00:00:00+00:00
[2025-01-12T23:02:38.873+0000] {logging_mixin.py:190} INFO - [2025-01-12T23:02:38.873+0000] {dag.py:4180} INFO - Setting next_dagrun for dataset_produces_2 to None, run_after=None
[2025-01-12T23:02:39.227+0000] {processor.py:208} INFO - Processing /home/airflow/.local/lib/python3.12/site-packages/airflow/example_dags/example_datasets.py took 1.141 seconds
[2025-01-12T23:03:09.850+0000] {processor.py:186} INFO - Started process (PID=699) to work on /home/airflow/.local/lib/python3.12/site-packages/airflow/example_dags/example_datasets.py
[2025-01-12T23:03:09.852+0000] {processor.py:914} INFO - Processing file /home/airflow/.local/lib/python3.12/site-packages/airflow/example_dags/example_datasets.py for tasks to queue
[2025-01-12T23:03:09.854+0000] {logging_mixin.py:190} INFO - [2025-01-12T23:03:09.854+0000] {dagbag.py:588} INFO - Filling up the DagBag from /home/airflow/.local/lib/python3.12/site-packages/airflow/example_dags/example_datasets.py
[2025-01-12T23:03:10.498+0000] {processor.py:925} INFO - DAG(s) 'conditional_dataset_and_time_based_timetable', 'consume_1_or_both_2_and_3_with_dataset_expressions', 'dataset_consumes_1_never_scheduled', 'dataset_produces_2', 'dataset_produces_1', 'consume_1_and_2_with_dataset_expressions', 'dataset_consumes_1', 'consume_1_or_2_with_dataset_expressions', 'dataset_consumes_unknown_never_scheduled', 'dataset_consumes_1_and_2' retrieved from /home/airflow/.local/lib/python3.12/site-packages/airflow/example_dags/example_datasets.py
[2025-01-12T23:03:10.587+0000] {logging_mixin.py:190} INFO - [2025-01-12T23:03:10.586+0000] {dag.py:3239} INFO - Sync 10 DAGs
[2025-01-12T23:03:10.616+0000] {logging_mixin.py:190} INFO - [2025-01-12T23:03:10.615+0000] {dag.py:4180} INFO - Setting next_dagrun for conditional_dataset_and_time_based_timetable to 2025-01-08 01:00:00+00:00, run_after=2025-01-08 01:00:00+00:00
[2025-01-12T23:03:10.620+0000] {logging_mixin.py:190} INFO - [2025-01-12T23:03:10.620+0000] {dag.py:4180} INFO - Setting next_dagrun for consume_1_and_2_with_dataset_expressions to None, run_after=None
[2025-01-12T23:03:10.622+0000] {logging_mixin.py:190} INFO - [2025-01-12T23:03:10.622+0000] {dag.py:4180} INFO - Setting next_dagrun for consume_1_or_2_with_dataset_expressions to None, run_after=None
[2025-01-12T23:03:10.624+0000] {logging_mixin.py:190} INFO - [2025-01-12T23:03:10.623+0000] {dag.py:4180} INFO - Setting next_dagrun for consume_1_or_both_2_and_3_with_dataset_expressions to None, run_after=None
[2025-01-12T23:03:10.625+0000] {logging_mixin.py:190} INFO - [2025-01-12T23:03:10.625+0000] {dag.py:4180} INFO - Setting next_dagrun for dataset_consumes_1 to None, run_after=None
[2025-01-12T23:03:10.627+0000] {logging_mixin.py:190} INFO - [2025-01-12T23:03:10.626+0000] {dag.py:4180} INFO - Setting next_dagrun for dataset_consumes_1_and_2 to None, run_after=None
[2025-01-12T23:03:10.628+0000] {logging_mixin.py:190} INFO - [2025-01-12T23:03:10.628+0000] {dag.py:4180} INFO - Setting next_dagrun for dataset_consumes_1_never_scheduled to None, run_after=None
[2025-01-12T23:03:10.629+0000] {logging_mixin.py:190} INFO - [2025-01-12T23:03:10.629+0000] {dag.py:4180} INFO - Setting next_dagrun for dataset_consumes_unknown_never_scheduled to None, run_after=None
[2025-01-12T23:03:10.633+0000] {logging_mixin.py:190} INFO - [2025-01-12T23:03:10.633+0000] {dag.py:4180} INFO - Setting next_dagrun for dataset_produces_1 to 2025-01-11 00:00:00+00:00, run_after=2025-01-12 00:00:00+00:00
[2025-01-12T23:03:10.635+0000] {logging_mixin.py:190} INFO - [2025-01-12T23:03:10.635+0000] {dag.py:4180} INFO - Setting next_dagrun for dataset_produces_2 to None, run_after=None
[2025-01-12T23:03:10.716+0000] {processor.py:208} INFO - Processing /home/airflow/.local/lib/python3.12/site-packages/airflow/example_dags/example_datasets.py took 0.872 seconds
[2025-01-12T23:03:41.029+0000] {processor.py:186} INFO - Started process (PID=762) to work on /home/airflow/.local/lib/python3.12/site-packages/airflow/example_dags/example_datasets.py
[2025-01-12T23:03:41.031+0000] {processor.py:914} INFO - Processing file /home/airflow/.local/lib/python3.12/site-packages/airflow/example_dags/example_datasets.py for tasks to queue
[2025-01-12T23:03:41.033+0000] {logging_mixin.py:190} INFO - [2025-01-12T23:03:41.033+0000] {dagbag.py:588} INFO - Filling up the DagBag from /home/airflow/.local/lib/python3.12/site-packages/airflow/example_dags/example_datasets.py
[2025-01-12T23:03:41.667+0000] {processor.py:925} INFO - DAG(s) 'dataset_consumes_1_and_2', 'dataset_produces_2', 'dataset_consumes_1', 'conditional_dataset_and_time_based_timetable', 'dataset_produces_1', 'dataset_consumes_1_never_scheduled', 'dataset_consumes_unknown_never_scheduled', 'consume_1_or_both_2_and_3_with_dataset_expressions', 'consume_1_and_2_with_dataset_expressions', 'consume_1_or_2_with_dataset_expressions' retrieved from /home/airflow/.local/lib/python3.12/site-packages/airflow/example_dags/example_datasets.py
[2025-01-12T23:03:41.715+0000] {logging_mixin.py:190} INFO - [2025-01-12T23:03:41.715+0000] {dag.py:3239} INFO - Sync 10 DAGs
[2025-01-12T23:03:41.747+0000] {logging_mixin.py:190} INFO - [2025-01-12T23:03:41.747+0000] {dag.py:4180} INFO - Setting next_dagrun for conditional_dataset_and_time_based_timetable to 2025-01-08 01:00:00+00:00, run_after=2025-01-08 01:00:00+00:00
[2025-01-12T23:03:41.752+0000] {logging_mixin.py:190} INFO - [2025-01-12T23:03:41.752+0000] {dag.py:4180} INFO - Setting next_dagrun for consume_1_and_2_with_dataset_expressions to None, run_after=None
[2025-01-12T23:03:41.754+0000] {logging_mixin.py:190} INFO - [2025-01-12T23:03:41.754+0000] {dag.py:4180} INFO - Setting next_dagrun for consume_1_or_2_with_dataset_expressions to None, run_after=None
[2025-01-12T23:03:41.756+0000] {logging_mixin.py:190} INFO - [2025-01-12T23:03:41.755+0000] {dag.py:4180} INFO - Setting next_dagrun for consume_1_or_both_2_and_3_with_dataset_expressions to None, run_after=None
[2025-01-12T23:03:41.757+0000] {logging_mixin.py:190} INFO - [2025-01-12T23:03:41.757+0000] {dag.py:4180} INFO - Setting next_dagrun for dataset_consumes_1 to None, run_after=None
[2025-01-12T23:03:41.759+0000] {logging_mixin.py:190} INFO - [2025-01-12T23:03:41.759+0000] {dag.py:4180} INFO - Setting next_dagrun for dataset_consumes_1_and_2 to None, run_after=None
[2025-01-12T23:03:41.761+0000] {logging_mixin.py:190} INFO - [2025-01-12T23:03:41.761+0000] {dag.py:4180} INFO - Setting next_dagrun for dataset_consumes_1_never_scheduled to None, run_after=None
[2025-01-12T23:03:41.763+0000] {logging_mixin.py:190} INFO - [2025-01-12T23:03:41.762+0000] {dag.py:4180} INFO - Setting next_dagrun for dataset_consumes_unknown_never_scheduled to None, run_after=None
[2025-01-12T23:03:41.766+0000] {logging_mixin.py:190} INFO - [2025-01-12T23:03:41.766+0000] {dag.py:4180} INFO - Setting next_dagrun for dataset_produces_1 to 2025-01-11 00:00:00+00:00, run_after=2025-01-12 00:00:00+00:00
[2025-01-12T23:03:41.767+0000] {logging_mixin.py:190} INFO - [2025-01-12T23:03:41.767+0000] {dag.py:4180} INFO - Setting next_dagrun for dataset_produces_2 to None, run_after=None
[2025-01-12T23:03:41.905+0000] {processor.py:208} INFO - Processing /home/airflow/.local/lib/python3.12/site-packages/airflow/example_dags/example_datasets.py took 0.888 seconds
[2025-01-12T23:04:12.176+0000] {processor.py:186} INFO - Started process (PID=825) to work on /home/airflow/.local/lib/python3.12/site-packages/airflow/example_dags/example_datasets.py
[2025-01-12T23:04:12.177+0000] {processor.py:914} INFO - Processing file /home/airflow/.local/lib/python3.12/site-packages/airflow/example_dags/example_datasets.py for tasks to queue
[2025-01-12T23:04:12.180+0000] {logging_mixin.py:190} INFO - [2025-01-12T23:04:12.179+0000] {dagbag.py:588} INFO - Filling up the DagBag from /home/airflow/.local/lib/python3.12/site-packages/airflow/example_dags/example_datasets.py
[2025-01-12T23:04:12.826+0000] {processor.py:925} INFO - DAG(s) 'dataset_consumes_1_and_2', 'consume_1_and_2_with_dataset_expressions', 'dataset_produces_1', 'dataset_consumes_1', 'consume_1_or_2_with_dataset_expressions', 'dataset_produces_2', 'consume_1_or_both_2_and_3_with_dataset_expressions', 'dataset_consumes_1_never_scheduled', 'dataset_consumes_unknown_never_scheduled', 'conditional_dataset_and_time_based_timetable' retrieved from /home/airflow/.local/lib/python3.12/site-packages/airflow/example_dags/example_datasets.py
[2025-01-12T23:04:12.877+0000] {logging_mixin.py:190} INFO - [2025-01-12T23:04:12.876+0000] {dag.py:3239} INFO - Sync 10 DAGs
[2025-01-12T23:04:12.907+0000] {logging_mixin.py:190} INFO - [2025-01-12T23:04:12.906+0000] {dag.py:4180} INFO - Setting next_dagrun for conditional_dataset_and_time_based_timetable to 2025-01-08 01:00:00+00:00, run_after=2025-01-08 01:00:00+00:00
[2025-01-12T23:04:12.911+0000] {logging_mixin.py:190} INFO - [2025-01-12T23:04:12.911+0000] {dag.py:4180} INFO - Setting next_dagrun for consume_1_and_2_with_dataset_expressions to None, run_after=None
[2025-01-12T23:04:12.913+0000] {logging_mixin.py:190} INFO - [2025-01-12T23:04:12.913+0000] {dag.py:4180} INFO - Setting next_dagrun for consume_1_or_2_with_dataset_expressions to None, run_after=None
[2025-01-12T23:04:12.915+0000] {logging_mixin.py:190} INFO - [2025-01-12T23:04:12.915+0000] {dag.py:4180} INFO - Setting next_dagrun for consume_1_or_both_2_and_3_with_dataset_expressions to None, run_after=None
[2025-01-12T23:04:12.917+0000] {logging_mixin.py:190} INFO - [2025-01-12T23:04:12.917+0000] {dag.py:4180} INFO - Setting next_dagrun for dataset_consumes_1 to None, run_after=None
[2025-01-12T23:04:12.919+0000] {logging_mixin.py:190} INFO - [2025-01-12T23:04:12.919+0000] {dag.py:4180} INFO - Setting next_dagrun for dataset_consumes_1_and_2 to None, run_after=None
[2025-01-12T23:04:12.921+0000] {logging_mixin.py:190} INFO - [2025-01-12T23:04:12.921+0000] {dag.py:4180} INFO - Setting next_dagrun for dataset_consumes_1_never_scheduled to None, run_after=None
[2025-01-12T23:04:12.922+0000] {logging_mixin.py:190} INFO - [2025-01-12T23:04:12.922+0000] {dag.py:4180} INFO - Setting next_dagrun for dataset_consumes_unknown_never_scheduled to None, run_after=None
[2025-01-12T23:04:12.926+0000] {logging_mixin.py:190} INFO - [2025-01-12T23:04:12.926+0000] {dag.py:4180} INFO - Setting next_dagrun for dataset_produces_1 to 2025-01-11 00:00:00+00:00, run_after=2025-01-12 00:00:00+00:00
[2025-01-12T23:04:12.927+0000] {logging_mixin.py:190} INFO - [2025-01-12T23:04:12.927+0000] {dag.py:4180} INFO - Setting next_dagrun for dataset_produces_2 to None, run_after=None
[2025-01-12T23:04:13.037+0000] {processor.py:208} INFO - Processing /home/airflow/.local/lib/python3.12/site-packages/airflow/example_dags/example_datasets.py took 0.870 seconds
[2025-01-12T23:04:43.230+0000] {processor.py:186} INFO - Started process (PID=888) to work on /home/airflow/.local/lib/python3.12/site-packages/airflow/example_dags/example_datasets.py
[2025-01-12T23:04:43.231+0000] {processor.py:914} INFO - Processing file /home/airflow/.local/lib/python3.12/site-packages/airflow/example_dags/example_datasets.py for tasks to queue
[2025-01-12T23:04:43.234+0000] {logging_mixin.py:190} INFO - [2025-01-12T23:04:43.234+0000] {dagbag.py:588} INFO - Filling up the DagBag from /home/airflow/.local/lib/python3.12/site-packages/airflow/example_dags/example_datasets.py
[2025-01-12T23:04:44.016+0000] {processor.py:925} INFO - DAG(s) 'dataset_consumes_1_never_scheduled', 'dataset_produces_2', 'dataset_produces_1', 'consume_1_or_both_2_and_3_with_dataset_expressions', 'dataset_consumes_unknown_never_scheduled', 'dataset_consumes_1', 'conditional_dataset_and_time_based_timetable', 'consume_1_or_2_with_dataset_expressions', 'dataset_consumes_1_and_2', 'consume_1_and_2_with_dataset_expressions' retrieved from /home/airflow/.local/lib/python3.12/site-packages/airflow/example_dags/example_datasets.py
[2025-01-12T23:04:44.064+0000] {logging_mixin.py:190} INFO - [2025-01-12T23:04:44.064+0000] {dag.py:3239} INFO - Sync 10 DAGs
[2025-01-12T23:04:44.096+0000] {logging_mixin.py:190} INFO - [2025-01-12T23:04:44.096+0000] {dag.py:4180} INFO - Setting next_dagrun for conditional_dataset_and_time_based_timetable to 2025-01-08 01:00:00+00:00, run_after=2025-01-08 01:00:00+00:00
[2025-01-12T23:04:44.101+0000] {logging_mixin.py:190} INFO - [2025-01-12T23:04:44.101+0000] {dag.py:4180} INFO - Setting next_dagrun for consume_1_and_2_with_dataset_expressions to None, run_after=None
[2025-01-12T23:04:44.103+0000] {logging_mixin.py:190} INFO - [2025-01-12T23:04:44.103+0000] {dag.py:4180} INFO - Setting next_dagrun for consume_1_or_2_with_dataset_expressions to None, run_after=None
[2025-01-12T23:04:44.105+0000] {logging_mixin.py:190} INFO - [2025-01-12T23:04:44.105+0000] {dag.py:4180} INFO - Setting next_dagrun for consume_1_or_both_2_and_3_with_dataset_expressions to None, run_after=None
[2025-01-12T23:04:44.107+0000] {logging_mixin.py:190} INFO - [2025-01-12T23:04:44.107+0000] {dag.py:4180} INFO - Setting next_dagrun for dataset_consumes_1 to None, run_after=None
[2025-01-12T23:04:44.108+0000] {logging_mixin.py:190} INFO - [2025-01-12T23:04:44.108+0000] {dag.py:4180} INFO - Setting next_dagrun for dataset_consumes_1_and_2 to None, run_after=None
[2025-01-12T23:04:44.110+0000] {logging_mixin.py:190} INFO - [2025-01-12T23:04:44.110+0000] {dag.py:4180} INFO - Setting next_dagrun for dataset_consumes_1_never_scheduled to None, run_after=None
[2025-01-12T23:04:44.111+0000] {logging_mixin.py:190} INFO - [2025-01-12T23:04:44.111+0000] {dag.py:4180} INFO - Setting next_dagrun for dataset_consumes_unknown_never_scheduled to None, run_after=None
[2025-01-12T23:04:44.115+0000] {logging_mixin.py:190} INFO - [2025-01-12T23:04:44.115+0000] {dag.py:4180} INFO - Setting next_dagrun for dataset_produces_1 to 2025-01-11 00:00:00+00:00, run_after=2025-01-12 00:00:00+00:00
[2025-01-12T23:04:44.117+0000] {logging_mixin.py:190} INFO - [2025-01-12T23:04:44.116+0000] {dag.py:4180} INFO - Setting next_dagrun for dataset_produces_2 to None, run_after=None
[2025-01-12T23:04:44.257+0000] {processor.py:208} INFO - Processing /home/airflow/.local/lib/python3.12/site-packages/airflow/example_dags/example_datasets.py took 1.034 seconds
[2025-01-12T23:05:14.389+0000] {processor.py:186} INFO - Started process (PID=951) to work on /home/airflow/.local/lib/python3.12/site-packages/airflow/example_dags/example_datasets.py
[2025-01-12T23:05:14.391+0000] {processor.py:914} INFO - Processing file /home/airflow/.local/lib/python3.12/site-packages/airflow/example_dags/example_datasets.py for tasks to queue
[2025-01-12T23:05:14.394+0000] {logging_mixin.py:190} INFO - [2025-01-12T23:05:14.393+0000] {dagbag.py:588} INFO - Filling up the DagBag from /home/airflow/.local/lib/python3.12/site-packages/airflow/example_dags/example_datasets.py
[2025-01-12T23:05:15.131+0000] {processor.py:925} INFO - DAG(s) 'dataset_consumes_1_never_scheduled', 'dataset_consumes_unknown_never_scheduled', 'dataset_consumes_1_and_2', 'consume_1_and_2_with_dataset_expressions', 'dataset_produces_1', 'dataset_consumes_1', 'consume_1_or_both_2_and_3_with_dataset_expressions', 'dataset_produces_2', 'consume_1_or_2_with_dataset_expressions', 'conditional_dataset_and_time_based_timetable' retrieved from /home/airflow/.local/lib/python3.12/site-packages/airflow/example_dags/example_datasets.py
[2025-01-12T23:05:15.183+0000] {logging_mixin.py:190} INFO - [2025-01-12T23:05:15.183+0000] {dag.py:3239} INFO - Sync 10 DAGs
[2025-01-12T23:05:15.216+0000] {logging_mixin.py:190} INFO - [2025-01-12T23:05:15.215+0000] {dag.py:4180} INFO - Setting next_dagrun for conditional_dataset_and_time_based_timetable to 2025-01-08 01:00:00+00:00, run_after=2025-01-08 01:00:00+00:00
[2025-01-12T23:05:15.220+0000] {logging_mixin.py:190} INFO - [2025-01-12T23:05:15.220+0000] {dag.py:4180} INFO - Setting next_dagrun for consume_1_and_2_with_dataset_expressions to None, run_after=None
[2025-01-12T23:05:15.223+0000] {logging_mixin.py:190} INFO - [2025-01-12T23:05:15.223+0000] {dag.py:4180} INFO - Setting next_dagrun for consume_1_or_2_with_dataset_expressions to None, run_after=None
[2025-01-12T23:05:15.225+0000] {logging_mixin.py:190} INFO - [2025-01-12T23:05:15.224+0000] {dag.py:4180} INFO - Setting next_dagrun for consume_1_or_both_2_and_3_with_dataset_expressions to None, run_after=None
[2025-01-12T23:05:15.227+0000] {logging_mixin.py:190} INFO - [2025-01-12T23:05:15.226+0000] {dag.py:4180} INFO - Setting next_dagrun for dataset_consumes_1 to None, run_after=None
[2025-01-12T23:05:15.229+0000] {logging_mixin.py:190} INFO - [2025-01-12T23:05:15.228+0000] {dag.py:4180} INFO - Setting next_dagrun for dataset_consumes_1_and_2 to None, run_after=None
[2025-01-12T23:05:15.230+0000] {logging_mixin.py:190} INFO - [2025-01-12T23:05:15.230+0000] {dag.py:4180} INFO - Setting next_dagrun for dataset_consumes_1_never_scheduled to None, run_after=None
[2025-01-12T23:05:15.232+0000] {logging_mixin.py:190} INFO - [2025-01-12T23:05:15.232+0000] {dag.py:4180} INFO - Setting next_dagrun for dataset_consumes_unknown_never_scheduled to None, run_after=None
[2025-01-12T23:05:15.235+0000] {logging_mixin.py:190} INFO - [2025-01-12T23:05:15.235+0000] {dag.py:4180} INFO - Setting next_dagrun for dataset_produces_1 to 2025-01-11 00:00:00+00:00, run_after=2025-01-12 00:00:00+00:00
[2025-01-12T23:05:15.237+0000] {logging_mixin.py:190} INFO - [2025-01-12T23:05:15.237+0000] {dag.py:4180} INFO - Setting next_dagrun for dataset_produces_2 to None, run_after=None
[2025-01-12T23:05:15.347+0000] {processor.py:208} INFO - Processing /home/airflow/.local/lib/python3.12/site-packages/airflow/example_dags/example_datasets.py took 0.964 seconds
