[2025-01-12T22:31:11.000+0000] {processor.py:186} INFO - Started process (PID=131) to work on /home/airflow/.local/lib/python3.12/site-packages/airflow/example_dags/example_branch_python_dop_operator_3.py
[2025-01-12T22:31:11.001+0000] {processor.py:914} INFO - Processing file /home/airflow/.local/lib/python3.12/site-packages/airflow/example_dags/example_branch_python_dop_operator_3.py for tasks to queue
[2025-01-12T22:31:11.004+0000] {logging_mixin.py:190} INFO - [2025-01-12T22:31:11.003+0000] {dagbag.py:588} INFO - Filling up the DagBag from /home/airflow/.local/lib/python3.12/site-packages/airflow/example_dags/example_branch_python_dop_operator_3.py
[2025-01-12T22:31:11.016+0000] {processor.py:925} INFO - DAG(s) 'example_branch_dop_operator_v3' retrieved from /home/airflow/.local/lib/python3.12/site-packages/airflow/example_dags/example_branch_python_dop_operator_3.py
[2025-01-12T22:31:11.253+0000] {logging_mixin.py:190} INFO - [2025-01-12T22:31:11.251+0000] {override.py:1911} INFO - Created Permission View: can read on DAG:example_branch_dop_operator_v3
[2025-01-12T22:31:11.333+0000] {logging_mixin.py:190} INFO - [2025-01-12T22:31:11.332+0000] {override.py:1911} INFO - Created Permission View: can delete on DAG:example_branch_dop_operator_v3
[2025-01-12T22:31:11.399+0000] {logging_mixin.py:190} INFO - [2025-01-12T22:31:11.399+0000] {override.py:1911} INFO - Created Permission View: can edit on DAG:example_branch_dop_operator_v3
[2025-01-12T22:31:11.544+0000] {logging_mixin.py:190} INFO - [2025-01-12T22:31:11.544+0000] {override.py:1911} INFO - Created Permission View: menu access on DAG Run:example_branch_dop_operator_v3
[2025-01-12T22:31:11.655+0000] {logging_mixin.py:190} INFO - [2025-01-12T22:31:11.655+0000] {override.py:1911} INFO - Created Permission View: can create on DAG Run:example_branch_dop_operator_v3
[2025-01-12T22:31:11.699+0000] {logging_mixin.py:190} INFO - [2025-01-12T22:31:11.698+0000] {override.py:1911} INFO - Created Permission View: can read on DAG Run:example_branch_dop_operator_v3
[2025-01-12T22:31:11.744+0000] {logging_mixin.py:190} INFO - [2025-01-12T22:31:11.744+0000] {override.py:1911} INFO - Created Permission View: can delete on DAG Run:example_branch_dop_operator_v3
[2025-01-12T22:31:11.745+0000] {logging_mixin.py:190} INFO - [2025-01-12T22:31:11.745+0000] {dag.py:3239} INFO - Sync 1 DAGs
[2025-01-12T22:31:11.761+0000] {logging_mixin.py:190} INFO - [2025-01-12T22:31:11.760+0000] {dag.py:3262} INFO - Creating ORM DAG for example_branch_dop_operator_v3
[2025-01-12T22:31:11.784+0000] {logging_mixin.py:190} INFO - [2025-01-12T22:31:11.783+0000] {dag.py:4180} INFO - Setting next_dagrun for example_branch_dop_operator_v3 to 2025-01-12 22:30:00+00:00, run_after=2025-01-12 22:31:00+00:00
[2025-01-12T22:31:11.864+0000] {processor.py:208} INFO - Processing /home/airflow/.local/lib/python3.12/site-packages/airflow/example_dags/example_branch_python_dop_operator_3.py took 0.871 seconds
[2025-01-12T22:31:42.756+0000] {processor.py:186} INFO - Started process (PID=194) to work on /home/airflow/.local/lib/python3.12/site-packages/airflow/example_dags/example_branch_python_dop_operator_3.py
[2025-01-12T22:31:42.757+0000] {processor.py:914} INFO - Processing file /home/airflow/.local/lib/python3.12/site-packages/airflow/example_dags/example_branch_python_dop_operator_3.py for tasks to queue
[2025-01-12T22:31:42.760+0000] {logging_mixin.py:190} INFO - [2025-01-12T22:31:42.760+0000] {dagbag.py:588} INFO - Filling up the DagBag from /home/airflow/.local/lib/python3.12/site-packages/airflow/example_dags/example_branch_python_dop_operator_3.py
[2025-01-12T22:31:42.774+0000] {processor.py:925} INFO - DAG(s) 'example_branch_dop_operator_v3' retrieved from /home/airflow/.local/lib/python3.12/site-packages/airflow/example_dags/example_branch_python_dop_operator_3.py
[2025-01-12T22:31:42.801+0000] {logging_mixin.py:190} INFO - [2025-01-12T22:31:42.800+0000] {dag.py:3239} INFO - Sync 1 DAGs
[2025-01-12T22:31:42.832+0000] {logging_mixin.py:190} INFO - [2025-01-12T22:31:42.832+0000] {dag.py:4180} INFO - Setting next_dagrun for example_branch_dop_operator_v3 to 2025-01-12 22:30:00+00:00, run_after=2025-01-12 22:31:00+00:00
[2025-01-12T22:31:42.923+0000] {processor.py:208} INFO - Processing /home/airflow/.local/lib/python3.12/site-packages/airflow/example_dags/example_branch_python_dop_operator_3.py took 0.174 seconds
[2025-01-12T22:32:13.736+0000] {processor.py:186} INFO - Started process (PID=257) to work on /home/airflow/.local/lib/python3.12/site-packages/airflow/example_dags/example_branch_python_dop_operator_3.py
[2025-01-12T22:32:13.738+0000] {processor.py:914} INFO - Processing file /home/airflow/.local/lib/python3.12/site-packages/airflow/example_dags/example_branch_python_dop_operator_3.py for tasks to queue
[2025-01-12T22:32:13.740+0000] {logging_mixin.py:190} INFO - [2025-01-12T22:32:13.740+0000] {dagbag.py:588} INFO - Filling up the DagBag from /home/airflow/.local/lib/python3.12/site-packages/airflow/example_dags/example_branch_python_dop_operator_3.py
[2025-01-12T22:32:13.753+0000] {processor.py:925} INFO - DAG(s) 'example_branch_dop_operator_v3' retrieved from /home/airflow/.local/lib/python3.12/site-packages/airflow/example_dags/example_branch_python_dop_operator_3.py
[2025-01-12T22:32:13.778+0000] {logging_mixin.py:190} INFO - [2025-01-12T22:32:13.778+0000] {dag.py:3239} INFO - Sync 1 DAGs
[2025-01-12T22:32:13.809+0000] {logging_mixin.py:190} INFO - [2025-01-12T22:32:13.809+0000] {dag.py:4180} INFO - Setting next_dagrun for example_branch_dop_operator_v3 to 2025-01-12 22:31:00+00:00, run_after=2025-01-12 22:32:00+00:00
[2025-01-12T22:32:13.978+0000] {processor.py:208} INFO - Processing /home/airflow/.local/lib/python3.12/site-packages/airflow/example_dags/example_branch_python_dop_operator_3.py took 0.248 seconds
[2025-01-12T22:32:44.487+0000] {processor.py:186} INFO - Started process (PID=320) to work on /home/airflow/.local/lib/python3.12/site-packages/airflow/example_dags/example_branch_python_dop_operator_3.py
[2025-01-12T22:32:44.488+0000] {processor.py:914} INFO - Processing file /home/airflow/.local/lib/python3.12/site-packages/airflow/example_dags/example_branch_python_dop_operator_3.py for tasks to queue
[2025-01-12T22:32:44.491+0000] {logging_mixin.py:190} INFO - [2025-01-12T22:32:44.491+0000] {dagbag.py:588} INFO - Filling up the DagBag from /home/airflow/.local/lib/python3.12/site-packages/airflow/example_dags/example_branch_python_dop_operator_3.py
[2025-01-12T22:32:44.503+0000] {processor.py:925} INFO - DAG(s) 'example_branch_dop_operator_v3' retrieved from /home/airflow/.local/lib/python3.12/site-packages/airflow/example_dags/example_branch_python_dop_operator_3.py
[2025-01-12T22:32:44.527+0000] {logging_mixin.py:190} INFO - [2025-01-12T22:32:44.526+0000] {dag.py:3239} INFO - Sync 1 DAGs
[2025-01-12T22:32:44.561+0000] {logging_mixin.py:190} INFO - [2025-01-12T22:32:44.560+0000] {dag.py:4180} INFO - Setting next_dagrun for example_branch_dop_operator_v3 to 2025-01-12 22:31:00+00:00, run_after=2025-01-12 22:32:00+00:00
[2025-01-12T22:32:44.656+0000] {processor.py:208} INFO - Processing /home/airflow/.local/lib/python3.12/site-packages/airflow/example_dags/example_branch_python_dop_operator_3.py took 0.176 seconds
[2025-01-12T22:58:23.091+0000] {processor.py:186} INFO - Started process (PID=118) to work on /home/airflow/.local/lib/python3.12/site-packages/airflow/example_dags/example_branch_python_dop_operator_3.py
[2025-01-12T22:58:23.092+0000] {processor.py:914} INFO - Processing file /home/airflow/.local/lib/python3.12/site-packages/airflow/example_dags/example_branch_python_dop_operator_3.py for tasks to queue
[2025-01-12T22:58:23.095+0000] {logging_mixin.py:190} INFO - [2025-01-12T22:58:23.095+0000] {dagbag.py:588} INFO - Filling up the DagBag from /home/airflow/.local/lib/python3.12/site-packages/airflow/example_dags/example_branch_python_dop_operator_3.py
[2025-01-12T22:58:23.107+0000] {processor.py:925} INFO - DAG(s) 'example_branch_dop_operator_v3' retrieved from /home/airflow/.local/lib/python3.12/site-packages/airflow/example_dags/example_branch_python_dop_operator_3.py
[2025-01-12T22:58:23.132+0000] {logging_mixin.py:190} INFO - [2025-01-12T22:58:23.132+0000] {dag.py:3239} INFO - Sync 1 DAGs
[2025-01-12T22:58:23.164+0000] {logging_mixin.py:190} INFO - [2025-01-12T22:58:23.164+0000] {dag.py:4180} INFO - Setting next_dagrun for example_branch_dop_operator_v3 to 2025-01-12 22:57:00+00:00, run_after=2025-01-12 22:58:00+00:00
[2025-01-12T22:58:23.222+0000] {processor.py:208} INFO - Processing /home/airflow/.local/lib/python3.12/site-packages/airflow/example_dags/example_branch_python_dop_operator_3.py took 0.137 seconds
[2025-01-12T22:58:54.101+0000] {processor.py:186} INFO - Started process (PID=182) to work on /home/airflow/.local/lib/python3.12/site-packages/airflow/example_dags/example_branch_python_dop_operator_3.py
[2025-01-12T22:58:54.102+0000] {processor.py:914} INFO - Processing file /home/airflow/.local/lib/python3.12/site-packages/airflow/example_dags/example_branch_python_dop_operator_3.py for tasks to queue
[2025-01-12T22:58:54.105+0000] {logging_mixin.py:190} INFO - [2025-01-12T22:58:54.104+0000] {dagbag.py:588} INFO - Filling up the DagBag from /home/airflow/.local/lib/python3.12/site-packages/airflow/example_dags/example_branch_python_dop_operator_3.py
[2025-01-12T22:58:54.122+0000] {processor.py:925} INFO - DAG(s) 'example_branch_dop_operator_v3' retrieved from /home/airflow/.local/lib/python3.12/site-packages/airflow/example_dags/example_branch_python_dop_operator_3.py
[2025-01-12T22:58:54.155+0000] {logging_mixin.py:190} INFO - [2025-01-12T22:58:54.155+0000] {dag.py:3239} INFO - Sync 1 DAGs
[2025-01-12T22:58:54.191+0000] {logging_mixin.py:190} INFO - [2025-01-12T22:58:54.191+0000] {dag.py:4180} INFO - Setting next_dagrun for example_branch_dop_operator_v3 to 2025-01-12 22:57:00+00:00, run_after=2025-01-12 22:58:00+00:00
[2025-01-12T22:58:54.298+0000] {processor.py:208} INFO - Processing /home/airflow/.local/lib/python3.12/site-packages/airflow/example_dags/example_branch_python_dop_operator_3.py took 0.206 seconds
[2025-01-12T22:59:26.008+0000] {processor.py:186} INFO - Started process (PID=245) to work on /home/airflow/.local/lib/python3.12/site-packages/airflow/example_dags/example_branch_python_dop_operator_3.py
[2025-01-12T22:59:26.009+0000] {processor.py:914} INFO - Processing file /home/airflow/.local/lib/python3.12/site-packages/airflow/example_dags/example_branch_python_dop_operator_3.py for tasks to queue
[2025-01-12T22:59:26.012+0000] {logging_mixin.py:190} INFO - [2025-01-12T22:59:26.011+0000] {dagbag.py:588} INFO - Filling up the DagBag from /home/airflow/.local/lib/python3.12/site-packages/airflow/example_dags/example_branch_python_dop_operator_3.py
[2025-01-12T22:59:26.024+0000] {processor.py:925} INFO - DAG(s) 'example_branch_dop_operator_v3' retrieved from /home/airflow/.local/lib/python3.12/site-packages/airflow/example_dags/example_branch_python_dop_operator_3.py
[2025-01-12T22:59:26.046+0000] {logging_mixin.py:190} INFO - [2025-01-12T22:59:26.046+0000] {dag.py:3239} INFO - Sync 1 DAGs
[2025-01-12T22:59:26.078+0000] {logging_mixin.py:190} INFO - [2025-01-12T22:59:26.078+0000] {dag.py:4180} INFO - Setting next_dagrun for example_branch_dop_operator_v3 to 2025-01-12 22:58:00+00:00, run_after=2025-01-12 22:59:00+00:00
[2025-01-12T22:59:26.336+0000] {processor.py:208} INFO - Processing /home/airflow/.local/lib/python3.12/site-packages/airflow/example_dags/example_branch_python_dop_operator_3.py took 0.336 seconds
[2025-01-12T22:59:56.860+0000] {processor.py:186} INFO - Started process (PID=308) to work on /home/airflow/.local/lib/python3.12/site-packages/airflow/example_dags/example_branch_python_dop_operator_3.py
[2025-01-12T22:59:56.861+0000] {processor.py:914} INFO - Processing file /home/airflow/.local/lib/python3.12/site-packages/airflow/example_dags/example_branch_python_dop_operator_3.py for tasks to queue
[2025-01-12T22:59:56.863+0000] {logging_mixin.py:190} INFO - [2025-01-12T22:59:56.863+0000] {dagbag.py:588} INFO - Filling up the DagBag from /home/airflow/.local/lib/python3.12/site-packages/airflow/example_dags/example_branch_python_dop_operator_3.py
[2025-01-12T22:59:56.876+0000] {processor.py:925} INFO - DAG(s) 'example_branch_dop_operator_v3' retrieved from /home/airflow/.local/lib/python3.12/site-packages/airflow/example_dags/example_branch_python_dop_operator_3.py
[2025-01-12T22:59:56.898+0000] {logging_mixin.py:190} INFO - [2025-01-12T22:59:56.898+0000] {dag.py:3239} INFO - Sync 1 DAGs
[2025-01-12T22:59:56.935+0000] {logging_mixin.py:190} INFO - [2025-01-12T22:59:56.934+0000] {dag.py:4180} INFO - Setting next_dagrun for example_branch_dop_operator_v3 to 2025-01-12 22:58:00+00:00, run_after=2025-01-12 22:59:00+00:00
[2025-01-12T22:59:56.999+0000] {processor.py:208} INFO - Processing /home/airflow/.local/lib/python3.12/site-packages/airflow/example_dags/example_branch_python_dop_operator_3.py took 0.145 seconds
[2025-01-12T23:00:28.656+0000] {processor.py:186} INFO - Started process (PID=370) to work on /home/airflow/.local/lib/python3.12/site-packages/airflow/example_dags/example_branch_python_dop_operator_3.py
[2025-01-12T23:00:28.657+0000] {processor.py:914} INFO - Processing file /home/airflow/.local/lib/python3.12/site-packages/airflow/example_dags/example_branch_python_dop_operator_3.py for tasks to queue
[2025-01-12T23:00:28.660+0000] {logging_mixin.py:190} INFO - [2025-01-12T23:00:28.660+0000] {dagbag.py:588} INFO - Filling up the DagBag from /home/airflow/.local/lib/python3.12/site-packages/airflow/example_dags/example_branch_python_dop_operator_3.py
[2025-01-12T23:00:28.672+0000] {processor.py:925} INFO - DAG(s) 'example_branch_dop_operator_v3' retrieved from /home/airflow/.local/lib/python3.12/site-packages/airflow/example_dags/example_branch_python_dop_operator_3.py
[2025-01-12T23:00:28.696+0000] {logging_mixin.py:190} INFO - [2025-01-12T23:00:28.696+0000] {dag.py:3239} INFO - Sync 1 DAGs
[2025-01-12T23:00:28.726+0000] {logging_mixin.py:190} INFO - [2025-01-12T23:00:28.726+0000] {dag.py:4180} INFO - Setting next_dagrun for example_branch_dop_operator_v3 to 2025-01-12 22:59:00+00:00, run_after=2025-01-12 23:00:00+00:00
[2025-01-12T23:00:28.808+0000] {processor.py:208} INFO - Processing /home/airflow/.local/lib/python3.12/site-packages/airflow/example_dags/example_branch_python_dop_operator_3.py took 0.159 seconds
[2025-01-12T23:01:00.954+0000] {processor.py:186} INFO - Started process (PID=434) to work on /home/airflow/.local/lib/python3.12/site-packages/airflow/example_dags/example_branch_python_dop_operator_3.py
[2025-01-12T23:01:00.956+0000] {processor.py:914} INFO - Processing file /home/airflow/.local/lib/python3.12/site-packages/airflow/example_dags/example_branch_python_dop_operator_3.py for tasks to queue
[2025-01-12T23:01:00.960+0000] {logging_mixin.py:190} INFO - [2025-01-12T23:01:00.959+0000] {dagbag.py:588} INFO - Filling up the DagBag from /home/airflow/.local/lib/python3.12/site-packages/airflow/example_dags/example_branch_python_dop_operator_3.py
[2025-01-12T23:01:00.978+0000] {processor.py:925} INFO - DAG(s) 'example_branch_dop_operator_v3' retrieved from /home/airflow/.local/lib/python3.12/site-packages/airflow/example_dags/example_branch_python_dop_operator_3.py
[2025-01-12T23:01:01.006+0000] {logging_mixin.py:190} INFO - [2025-01-12T23:01:01.006+0000] {dag.py:3239} INFO - Sync 1 DAGs
[2025-01-12T23:01:01.037+0000] {logging_mixin.py:190} INFO - [2025-01-12T23:01:01.037+0000] {dag.py:4180} INFO - Setting next_dagrun for example_branch_dop_operator_v3 to 2025-01-12 23:00:00+00:00, run_after=2025-01-12 23:01:00+00:00
[2025-01-12T23:01:01.133+0000] {processor.py:208} INFO - Processing /home/airflow/.local/lib/python3.12/site-packages/airflow/example_dags/example_branch_python_dop_operator_3.py took 0.188 seconds
[2025-01-12T23:01:31.683+0000] {processor.py:186} INFO - Started process (PID=495) to work on /home/airflow/.local/lib/python3.12/site-packages/airflow/example_dags/example_branch_python_dop_operator_3.py
[2025-01-12T23:01:31.685+0000] {processor.py:914} INFO - Processing file /home/airflow/.local/lib/python3.12/site-packages/airflow/example_dags/example_branch_python_dop_operator_3.py for tasks to queue
[2025-01-12T23:01:31.688+0000] {logging_mixin.py:190} INFO - [2025-01-12T23:01:31.688+0000] {dagbag.py:588} INFO - Filling up the DagBag from /home/airflow/.local/lib/python3.12/site-packages/airflow/example_dags/example_branch_python_dop_operator_3.py
[2025-01-12T23:01:31.701+0000] {processor.py:925} INFO - DAG(s) 'example_branch_dop_operator_v3' retrieved from /home/airflow/.local/lib/python3.12/site-packages/airflow/example_dags/example_branch_python_dop_operator_3.py
[2025-01-12T23:01:31.727+0000] {logging_mixin.py:190} INFO - [2025-01-12T23:01:31.727+0000] {dag.py:3239} INFO - Sync 1 DAGs
[2025-01-12T23:01:31.763+0000] {logging_mixin.py:190} INFO - [2025-01-12T23:01:31.762+0000] {dag.py:4180} INFO - Setting next_dagrun for example_branch_dop_operator_v3 to 2025-01-12 23:00:00+00:00, run_after=2025-01-12 23:01:00+00:00
[2025-01-12T23:01:31.929+0000] {processor.py:208} INFO - Processing /home/airflow/.local/lib/python3.12/site-packages/airflow/example_dags/example_branch_python_dop_operator_3.py took 0.253 seconds
[2025-01-12T23:02:03.952+0000] {processor.py:186} INFO - Started process (PID=558) to work on /home/airflow/.local/lib/python3.12/site-packages/airflow/example_dags/example_branch_python_dop_operator_3.py
[2025-01-12T23:02:03.953+0000] {processor.py:914} INFO - Processing file /home/airflow/.local/lib/python3.12/site-packages/airflow/example_dags/example_branch_python_dop_operator_3.py for tasks to queue
[2025-01-12T23:02:03.956+0000] {logging_mixin.py:190} INFO - [2025-01-12T23:02:03.955+0000] {dagbag.py:588} INFO - Filling up the DagBag from /home/airflow/.local/lib/python3.12/site-packages/airflow/example_dags/example_branch_python_dop_operator_3.py
[2025-01-12T23:02:03.968+0000] {processor.py:925} INFO - DAG(s) 'example_branch_dop_operator_v3' retrieved from /home/airflow/.local/lib/python3.12/site-packages/airflow/example_dags/example_branch_python_dop_operator_3.py
[2025-01-12T23:02:03.991+0000] {logging_mixin.py:190} INFO - [2025-01-12T23:02:03.990+0000] {dag.py:3239} INFO - Sync 1 DAGs
[2025-01-12T23:02:04.025+0000] {logging_mixin.py:190} INFO - [2025-01-12T23:02:04.025+0000] {dag.py:4180} INFO - Setting next_dagrun for example_branch_dop_operator_v3 to 2025-01-12 23:01:00+00:00, run_after=2025-01-12 23:02:00+00:00
[2025-01-12T23:02:04.306+0000] {processor.py:208} INFO - Processing /home/airflow/.local/lib/python3.12/site-packages/airflow/example_dags/example_branch_python_dop_operator_3.py took 0.361 seconds
[2025-01-12T23:02:34.439+0000] {processor.py:186} INFO - Started process (PID=621) to work on /home/airflow/.local/lib/python3.12/site-packages/airflow/example_dags/example_branch_python_dop_operator_3.py
[2025-01-12T23:02:34.440+0000] {processor.py:914} INFO - Processing file /home/airflow/.local/lib/python3.12/site-packages/airflow/example_dags/example_branch_python_dop_operator_3.py for tasks to queue
[2025-01-12T23:02:34.443+0000] {logging_mixin.py:190} INFO - [2025-01-12T23:02:34.443+0000] {dagbag.py:588} INFO - Filling up the DagBag from /home/airflow/.local/lib/python3.12/site-packages/airflow/example_dags/example_branch_python_dop_operator_3.py
[2025-01-12T23:02:34.455+0000] {processor.py:925} INFO - DAG(s) 'example_branch_dop_operator_v3' retrieved from /home/airflow/.local/lib/python3.12/site-packages/airflow/example_dags/example_branch_python_dop_operator_3.py
[2025-01-12T23:02:34.479+0000] {logging_mixin.py:190} INFO - [2025-01-12T23:02:34.479+0000] {dag.py:3239} INFO - Sync 1 DAGs
[2025-01-12T23:02:34.514+0000] {logging_mixin.py:190} INFO - [2025-01-12T23:02:34.513+0000] {dag.py:4180} INFO - Setting next_dagrun for example_branch_dop_operator_v3 to 2025-01-12 23:01:00+00:00, run_after=2025-01-12 23:02:00+00:00
[2025-01-12T23:02:34.613+0000] {processor.py:208} INFO - Processing /home/airflow/.local/lib/python3.12/site-packages/airflow/example_dags/example_branch_python_dop_operator_3.py took 0.181 seconds
[2025-01-12T23:03:05.893+0000] {processor.py:186} INFO - Started process (PID=684) to work on /home/airflow/.local/lib/python3.12/site-packages/airflow/example_dags/example_branch_python_dop_operator_3.py
[2025-01-12T23:03:05.894+0000] {processor.py:914} INFO - Processing file /home/airflow/.local/lib/python3.12/site-packages/airflow/example_dags/example_branch_python_dop_operator_3.py for tasks to queue
[2025-01-12T23:03:05.897+0000] {logging_mixin.py:190} INFO - [2025-01-12T23:03:05.897+0000] {dagbag.py:588} INFO - Filling up the DagBag from /home/airflow/.local/lib/python3.12/site-packages/airflow/example_dags/example_branch_python_dop_operator_3.py
[2025-01-12T23:03:05.909+0000] {processor.py:925} INFO - DAG(s) 'example_branch_dop_operator_v3' retrieved from /home/airflow/.local/lib/python3.12/site-packages/airflow/example_dags/example_branch_python_dop_operator_3.py
[2025-01-12T23:03:05.933+0000] {logging_mixin.py:190} INFO - [2025-01-12T23:03:05.933+0000] {dag.py:3239} INFO - Sync 1 DAGs
[2025-01-12T23:03:05.970+0000] {logging_mixin.py:190} INFO - [2025-01-12T23:03:05.970+0000] {dag.py:4180} INFO - Setting next_dagrun for example_branch_dop_operator_v3 to 2025-01-12 23:02:00+00:00, run_after=2025-01-12 23:03:00+00:00
[2025-01-12T23:03:06.026+0000] {processor.py:208} INFO - Processing /home/airflow/.local/lib/python3.12/site-packages/airflow/example_dags/example_branch_python_dop_operator_3.py took 0.142 seconds
[2025-01-12T23:03:36.947+0000] {processor.py:186} INFO - Started process (PID=747) to work on /home/airflow/.local/lib/python3.12/site-packages/airflow/example_dags/example_branch_python_dop_operator_3.py
[2025-01-12T23:03:36.949+0000] {processor.py:914} INFO - Processing file /home/airflow/.local/lib/python3.12/site-packages/airflow/example_dags/example_branch_python_dop_operator_3.py for tasks to queue
[2025-01-12T23:03:36.951+0000] {logging_mixin.py:190} INFO - [2025-01-12T23:03:36.951+0000] {dagbag.py:588} INFO - Filling up the DagBag from /home/airflow/.local/lib/python3.12/site-packages/airflow/example_dags/example_branch_python_dop_operator_3.py
[2025-01-12T23:03:36.965+0000] {processor.py:925} INFO - DAG(s) 'example_branch_dop_operator_v3' retrieved from /home/airflow/.local/lib/python3.12/site-packages/airflow/example_dags/example_branch_python_dop_operator_3.py
[2025-01-12T23:03:36.994+0000] {logging_mixin.py:190} INFO - [2025-01-12T23:03:36.994+0000] {dag.py:3239} INFO - Sync 1 DAGs
[2025-01-12T23:03:37.033+0000] {logging_mixin.py:190} INFO - [2025-01-12T23:03:37.033+0000] {dag.py:4180} INFO - Setting next_dagrun for example_branch_dop_operator_v3 to 2025-01-12 23:02:00+00:00, run_after=2025-01-12 23:03:00+00:00
[2025-01-12T23:03:37.200+0000] {processor.py:208} INFO - Processing /home/airflow/.local/lib/python3.12/site-packages/airflow/example_dags/example_branch_python_dop_operator_3.py took 0.260 seconds
[2025-01-12T23:04:08.372+0000] {processor.py:186} INFO - Started process (PID=810) to work on /home/airflow/.local/lib/python3.12/site-packages/airflow/example_dags/example_branch_python_dop_operator_3.py
[2025-01-12T23:04:08.373+0000] {processor.py:914} INFO - Processing file /home/airflow/.local/lib/python3.12/site-packages/airflow/example_dags/example_branch_python_dop_operator_3.py for tasks to queue
[2025-01-12T23:04:08.377+0000] {logging_mixin.py:190} INFO - [2025-01-12T23:04:08.376+0000] {dagbag.py:588} INFO - Filling up the DagBag from /home/airflow/.local/lib/python3.12/site-packages/airflow/example_dags/example_branch_python_dop_operator_3.py
[2025-01-12T23:04:08.393+0000] {processor.py:925} INFO - DAG(s) 'example_branch_dop_operator_v3' retrieved from /home/airflow/.local/lib/python3.12/site-packages/airflow/example_dags/example_branch_python_dop_operator_3.py
[2025-01-12T23:04:08.417+0000] {logging_mixin.py:190} INFO - [2025-01-12T23:04:08.417+0000] {dag.py:3239} INFO - Sync 1 DAGs
[2025-01-12T23:04:08.464+0000] {logging_mixin.py:190} INFO - [2025-01-12T23:04:08.463+0000] {dag.py:4180} INFO - Setting next_dagrun for example_branch_dop_operator_v3 to 2025-01-12 23:03:00+00:00, run_after=2025-01-12 23:04:00+00:00
[2025-01-12T23:04:08.532+0000] {processor.py:208} INFO - Processing /home/airflow/.local/lib/python3.12/site-packages/airflow/example_dags/example_branch_python_dop_operator_3.py took 0.168 seconds
[2025-01-12T23:04:39.745+0000] {processor.py:186} INFO - Started process (PID=873) to work on /home/airflow/.local/lib/python3.12/site-packages/airflow/example_dags/example_branch_python_dop_operator_3.py
[2025-01-12T23:04:39.746+0000] {processor.py:914} INFO - Processing file /home/airflow/.local/lib/python3.12/site-packages/airflow/example_dags/example_branch_python_dop_operator_3.py for tasks to queue
[2025-01-12T23:04:39.749+0000] {logging_mixin.py:190} INFO - [2025-01-12T23:04:39.749+0000] {dagbag.py:588} INFO - Filling up the DagBag from /home/airflow/.local/lib/python3.12/site-packages/airflow/example_dags/example_branch_python_dop_operator_3.py
[2025-01-12T23:04:39.762+0000] {processor.py:925} INFO - DAG(s) 'example_branch_dop_operator_v3' retrieved from /home/airflow/.local/lib/python3.12/site-packages/airflow/example_dags/example_branch_python_dop_operator_3.py
[2025-01-12T23:04:39.785+0000] {logging_mixin.py:190} INFO - [2025-01-12T23:04:39.785+0000] {dag.py:3239} INFO - Sync 1 DAGs
[2025-01-12T23:04:39.820+0000] {logging_mixin.py:190} INFO - [2025-01-12T23:04:39.819+0000] {dag.py:4180} INFO - Setting next_dagrun for example_branch_dop_operator_v3 to 2025-01-12 23:03:00+00:00, run_after=2025-01-12 23:04:00+00:00
[2025-01-12T23:04:39.877+0000] {processor.py:208} INFO - Processing /home/airflow/.local/lib/python3.12/site-packages/airflow/example_dags/example_branch_python_dop_operator_3.py took 0.139 seconds
[2025-01-12T23:05:10.972+0000] {processor.py:186} INFO - Started process (PID=936) to work on /home/airflow/.local/lib/python3.12/site-packages/airflow/example_dags/example_branch_python_dop_operator_3.py
[2025-01-12T23:05:10.973+0000] {processor.py:914} INFO - Processing file /home/airflow/.local/lib/python3.12/site-packages/airflow/example_dags/example_branch_python_dop_operator_3.py for tasks to queue
[2025-01-12T23:05:10.976+0000] {logging_mixin.py:190} INFO - [2025-01-12T23:05:10.976+0000] {dagbag.py:588} INFO - Filling up the DagBag from /home/airflow/.local/lib/python3.12/site-packages/airflow/example_dags/example_branch_python_dop_operator_3.py
[2025-01-12T23:05:10.988+0000] {processor.py:925} INFO - DAG(s) 'example_branch_dop_operator_v3' retrieved from /home/airflow/.local/lib/python3.12/site-packages/airflow/example_dags/example_branch_python_dop_operator_3.py
[2025-01-12T23:05:11.011+0000] {logging_mixin.py:190} INFO - [2025-01-12T23:05:11.010+0000] {dag.py:3239} INFO - Sync 1 DAGs
[2025-01-12T23:05:11.042+0000] {logging_mixin.py:190} INFO - [2025-01-12T23:05:11.042+0000] {dag.py:4180} INFO - Setting next_dagrun for example_branch_dop_operator_v3 to 2025-01-12 23:04:00+00:00, run_after=2025-01-12 23:05:00+00:00
[2025-01-12T23:05:11.093+0000] {processor.py:208} INFO - Processing /home/airflow/.local/lib/python3.12/site-packages/airflow/example_dags/example_branch_python_dop_operator_3.py took 0.128 seconds
