[2025-01-12T22:29:15.685+0000] {processor.py:186} INFO - Started process (PID=84) to work on /home/airflow/.local/lib/python3.12/site-packages/airflow/example_dags/example_sla_dag.py
[2025-01-12T22:29:15.686+0000] {processor.py:914} INFO - Processing file /home/airflow/.local/lib/python3.12/site-packages/airflow/example_dags/example_sla_dag.py for tasks to queue
[2025-01-12T22:29:15.690+0000] {logging_mixin.py:190} INFO - [2025-01-12T22:29:15.690+0000] {dagbag.py:588} INFO - Filling up the DagBag from /home/airflow/.local/lib/python3.12/site-packages/airflow/example_dags/example_sla_dag.py
[2025-01-12T22:29:15.710+0000] {processor.py:925} INFO - DAG(s) 'example_sla_dag' retrieved from /home/airflow/.local/lib/python3.12/site-packages/airflow/example_dags/example_sla_dag.py
[2025-01-12T22:29:16.029+0000] {logging_mixin.py:190} INFO - [2025-01-12T22:29:16.028+0000] {override.py:1911} INFO - Created Permission View: can read on DAG:example_sla_dag
[2025-01-12T22:29:16.139+0000] {logging_mixin.py:190} INFO - [2025-01-12T22:29:16.139+0000] {override.py:1911} INFO - Created Permission View: can delete on DAG:example_sla_dag
[2025-01-12T22:29:16.239+0000] {logging_mixin.py:190} INFO - [2025-01-12T22:29:16.238+0000] {override.py:1911} INFO - Created Permission View: can edit on DAG:example_sla_dag
[2025-01-12T22:29:16.763+0000] {logging_mixin.py:190} INFO - [2025-01-12T22:29:16.762+0000] {override.py:1911} INFO - Created Permission View: menu access on DAG Run:example_sla_dag
[2025-01-12T22:29:16.955+0000] {logging_mixin.py:190} INFO - [2025-01-12T22:29:16.955+0000] {override.py:1911} INFO - Created Permission View: can create on DAG Run:example_sla_dag
[2025-01-12T22:29:17.111+0000] {logging_mixin.py:190} INFO - [2025-01-12T22:29:17.110+0000] {override.py:1911} INFO - Created Permission View: can read on DAG Run:example_sla_dag
[2025-01-12T22:29:17.340+0000] {logging_mixin.py:190} INFO - [2025-01-12T22:29:17.337+0000] {override.py:1911} INFO - Created Permission View: can delete on DAG Run:example_sla_dag
[2025-01-12T22:29:17.343+0000] {logging_mixin.py:190} INFO - [2025-01-12T22:29:17.342+0000] {dag.py:3239} INFO - Sync 1 DAGs
[2025-01-12T22:29:19.239+0000] {logging_mixin.py:190} INFO - [2025-01-12T22:29:19.238+0000] {dag.py:3262} INFO - Creating ORM DAG for example_sla_dag
[2025-01-12T22:29:20.703+0000] {logging_mixin.py:190} INFO - [2025-01-12T22:29:20.703+0000] {dag.py:4180} INFO - Setting next_dagrun for example_sla_dag to 2025-01-12 22:26:00+00:00, run_after=2025-01-12 22:28:00+00:00
[2025-01-12T22:29:22.408+0000] {processor.py:208} INFO - Processing /home/airflow/.local/lib/python3.12/site-packages/airflow/example_dags/example_sla_dag.py took 6.730 seconds
[2025-01-12T22:31:21.245+0000] {processor.py:186} INFO - Started process (PID=165) to work on /home/airflow/.local/lib/python3.12/site-packages/airflow/example_dags/example_sla_dag.py
[2025-01-12T22:31:21.247+0000] {processor.py:914} INFO - Processing file /home/airflow/.local/lib/python3.12/site-packages/airflow/example_dags/example_sla_dag.py for tasks to queue
[2025-01-12T22:31:21.250+0000] {logging_mixin.py:190} INFO - [2025-01-12T22:31:21.249+0000] {dagbag.py:588} INFO - Filling up the DagBag from /home/airflow/.local/lib/python3.12/site-packages/airflow/example_dags/example_sla_dag.py
[2025-01-12T22:31:21.300+0000] {processor.py:925} INFO - DAG(s) 'example_sla_dag' retrieved from /home/airflow/.local/lib/python3.12/site-packages/airflow/example_dags/example_sla_dag.py
[2025-01-12T22:31:21.322+0000] {logging_mixin.py:190} INFO - [2025-01-12T22:31:21.322+0000] {dag.py:3239} INFO - Sync 1 DAGs
[2025-01-12T22:31:21.353+0000] {logging_mixin.py:190} INFO - [2025-01-12T22:31:21.353+0000] {dag.py:4180} INFO - Setting next_dagrun for example_sla_dag to 2025-01-12 22:28:00+00:00, run_after=2025-01-12 22:30:00+00:00
[2025-01-12T22:31:21.467+0000] {processor.py:208} INFO - Processing /home/airflow/.local/lib/python3.12/site-packages/airflow/example_dags/example_sla_dag.py took 0.228 seconds
[2025-01-12T22:31:51.848+0000] {processor.py:186} INFO - Started process (PID=227) to work on /home/airflow/.local/lib/python3.12/site-packages/airflow/example_dags/example_sla_dag.py
[2025-01-12T22:31:51.849+0000] {processor.py:914} INFO - Processing file /home/airflow/.local/lib/python3.12/site-packages/airflow/example_dags/example_sla_dag.py for tasks to queue
[2025-01-12T22:31:51.852+0000] {logging_mixin.py:190} INFO - [2025-01-12T22:31:51.852+0000] {dagbag.py:588} INFO - Filling up the DagBag from /home/airflow/.local/lib/python3.12/site-packages/airflow/example_dags/example_sla_dag.py
[2025-01-12T22:31:51.864+0000] {processor.py:925} INFO - DAG(s) 'example_sla_dag' retrieved from /home/airflow/.local/lib/python3.12/site-packages/airflow/example_dags/example_sla_dag.py
[2025-01-12T22:31:51.887+0000] {logging_mixin.py:190} INFO - [2025-01-12T22:31:51.886+0000] {dag.py:3239} INFO - Sync 1 DAGs
[2025-01-12T22:31:51.916+0000] {logging_mixin.py:190} INFO - [2025-01-12T22:31:51.916+0000] {dag.py:4180} INFO - Setting next_dagrun for example_sla_dag to 2025-01-12 22:28:00+00:00, run_after=2025-01-12 22:30:00+00:00
[2025-01-12T22:31:52.159+0000] {processor.py:208} INFO - Processing /home/airflow/.local/lib/python3.12/site-packages/airflow/example_dags/example_sla_dag.py took 0.318 seconds
[2025-01-12T22:32:22.577+0000] {processor.py:186} INFO - Started process (PID=290) to work on /home/airflow/.local/lib/python3.12/site-packages/airflow/example_dags/example_sla_dag.py
[2025-01-12T22:32:22.578+0000] {processor.py:914} INFO - Processing file /home/airflow/.local/lib/python3.12/site-packages/airflow/example_dags/example_sla_dag.py for tasks to queue
[2025-01-12T22:32:22.581+0000] {logging_mixin.py:190} INFO - [2025-01-12T22:32:22.581+0000] {dagbag.py:588} INFO - Filling up the DagBag from /home/airflow/.local/lib/python3.12/site-packages/airflow/example_dags/example_sla_dag.py
[2025-01-12T22:32:22.597+0000] {processor.py:925} INFO - DAG(s) 'example_sla_dag' retrieved from /home/airflow/.local/lib/python3.12/site-packages/airflow/example_dags/example_sla_dag.py
[2025-01-12T22:32:22.623+0000] {logging_mixin.py:190} INFO - [2025-01-12T22:32:22.623+0000] {dag.py:3239} INFO - Sync 1 DAGs
[2025-01-12T22:32:22.659+0000] {logging_mixin.py:190} INFO - [2025-01-12T22:32:22.659+0000] {dag.py:4180} INFO - Setting next_dagrun for example_sla_dag to 2025-01-12 22:30:00+00:00, run_after=2025-01-12 22:32:00+00:00
[2025-01-12T22:32:22.781+0000] {processor.py:208} INFO - Processing /home/airflow/.local/lib/python3.12/site-packages/airflow/example_dags/example_sla_dag.py took 0.213 seconds
[2025-01-12T22:32:56.416+0000] {processor.py:186} INFO - Started process (PID=353) to work on /home/airflow/.local/lib/python3.12/site-packages/airflow/example_dags/example_sla_dag.py
[2025-01-12T22:32:56.417+0000] {processor.py:914} INFO - Processing file /home/airflow/.local/lib/python3.12/site-packages/airflow/example_dags/example_sla_dag.py for tasks to queue
[2025-01-12T22:32:56.420+0000] {logging_mixin.py:190} INFO - [2025-01-12T22:32:56.420+0000] {dagbag.py:588} INFO - Filling up the DagBag from /home/airflow/.local/lib/python3.12/site-packages/airflow/example_dags/example_sla_dag.py
[2025-01-12T22:32:56.434+0000] {processor.py:925} INFO - DAG(s) 'example_sla_dag' retrieved from /home/airflow/.local/lib/python3.12/site-packages/airflow/example_dags/example_sla_dag.py
[2025-01-12T22:32:56.457+0000] {logging_mixin.py:190} INFO - [2025-01-12T22:32:56.456+0000] {dag.py:3239} INFO - Sync 1 DAGs
[2025-01-12T22:32:56.490+0000] {logging_mixin.py:190} INFO - [2025-01-12T22:32:56.490+0000] {dag.py:4180} INFO - Setting next_dagrun for example_sla_dag to 2025-01-12 22:30:00+00:00, run_after=2025-01-12 22:32:00+00:00
[2025-01-12T22:32:56.655+0000] {processor.py:208} INFO - Processing /home/airflow/.local/lib/python3.12/site-packages/airflow/example_dags/example_sla_dag.py took 0.248 seconds
[2025-01-12T22:58:12.945+0000] {processor.py:186} INFO - Started process (PID=83) to work on /home/airflow/.local/lib/python3.12/site-packages/airflow/example_dags/example_sla_dag.py
[2025-01-12T22:58:12.946+0000] {processor.py:914} INFO - Processing file /home/airflow/.local/lib/python3.12/site-packages/airflow/example_dags/example_sla_dag.py for tasks to queue
[2025-01-12T22:58:12.949+0000] {logging_mixin.py:190} INFO - [2025-01-12T22:58:12.949+0000] {dagbag.py:588} INFO - Filling up the DagBag from /home/airflow/.local/lib/python3.12/site-packages/airflow/example_dags/example_sla_dag.py
[2025-01-12T22:58:12.962+0000] {processor.py:925} INFO - DAG(s) 'example_sla_dag' retrieved from /home/airflow/.local/lib/python3.12/site-packages/airflow/example_dags/example_sla_dag.py
[2025-01-12T22:58:12.999+0000] {logging_mixin.py:190} INFO - [2025-01-12T22:58:12.999+0000] {dag.py:3239} INFO - Sync 1 DAGs
[2025-01-12T22:58:13.046+0000] {logging_mixin.py:190} INFO - [2025-01-12T22:58:13.045+0000] {dag.py:4180} INFO - Setting next_dagrun for example_sla_dag to 2025-01-12 22:56:00+00:00, run_after=2025-01-12 22:58:00+00:00
[2025-01-12T22:58:13.162+0000] {processor.py:208} INFO - Processing /home/airflow/.local/lib/python3.12/site-packages/airflow/example_dags/example_sla_dag.py took 0.224 seconds
[2025-01-12T22:58:43.808+0000] {processor.py:186} INFO - Started process (PID=146) to work on /home/airflow/.local/lib/python3.12/site-packages/airflow/example_dags/example_sla_dag.py
[2025-01-12T22:58:43.809+0000] {processor.py:914} INFO - Processing file /home/airflow/.local/lib/python3.12/site-packages/airflow/example_dags/example_sla_dag.py for tasks to queue
[2025-01-12T22:58:43.812+0000] {logging_mixin.py:190} INFO - [2025-01-12T22:58:43.811+0000] {dagbag.py:588} INFO - Filling up the DagBag from /home/airflow/.local/lib/python3.12/site-packages/airflow/example_dags/example_sla_dag.py
[2025-01-12T22:58:43.823+0000] {processor.py:925} INFO - DAG(s) 'example_sla_dag' retrieved from /home/airflow/.local/lib/python3.12/site-packages/airflow/example_dags/example_sla_dag.py
[2025-01-12T22:58:43.846+0000] {logging_mixin.py:190} INFO - [2025-01-12T22:58:43.846+0000] {dag.py:3239} INFO - Sync 1 DAGs
[2025-01-12T22:58:43.878+0000] {logging_mixin.py:190} INFO - [2025-01-12T22:58:43.878+0000] {dag.py:4180} INFO - Setting next_dagrun for example_sla_dag to 2025-01-12 22:56:00+00:00, run_after=2025-01-12 22:58:00+00:00
[2025-01-12T22:58:43.929+0000] {processor.py:208} INFO - Processing /home/airflow/.local/lib/python3.12/site-packages/airflow/example_dags/example_sla_dag.py took 0.128 seconds
[2025-01-12T22:59:14.889+0000] {processor.py:186} INFO - Started process (PID=210) to work on /home/airflow/.local/lib/python3.12/site-packages/airflow/example_dags/example_sla_dag.py
[2025-01-12T22:59:14.890+0000] {processor.py:914} INFO - Processing file /home/airflow/.local/lib/python3.12/site-packages/airflow/example_dags/example_sla_dag.py for tasks to queue
[2025-01-12T22:59:14.893+0000] {logging_mixin.py:190} INFO - [2025-01-12T22:59:14.893+0000] {dagbag.py:588} INFO - Filling up the DagBag from /home/airflow/.local/lib/python3.12/site-packages/airflow/example_dags/example_sla_dag.py
[2025-01-12T22:59:14.904+0000] {processor.py:925} INFO - DAG(s) 'example_sla_dag' retrieved from /home/airflow/.local/lib/python3.12/site-packages/airflow/example_dags/example_sla_dag.py
[2025-01-12T22:59:14.925+0000] {logging_mixin.py:190} INFO - [2025-01-12T22:59:14.925+0000] {dag.py:3239} INFO - Sync 1 DAGs
[2025-01-12T22:59:14.954+0000] {logging_mixin.py:190} INFO - [2025-01-12T22:59:14.953+0000] {dag.py:4180} INFO - Setting next_dagrun for example_sla_dag to 2025-01-12 22:56:00+00:00, run_after=2025-01-12 22:58:00+00:00
[2025-01-12T22:59:15.045+0000] {processor.py:208} INFO - Processing /home/airflow/.local/lib/python3.12/site-packages/airflow/example_dags/example_sla_dag.py took 0.162 seconds
[2025-01-12T22:59:45.708+0000] {processor.py:186} INFO - Started process (PID=273) to work on /home/airflow/.local/lib/python3.12/site-packages/airflow/example_dags/example_sla_dag.py
[2025-01-12T22:59:45.710+0000] {processor.py:914} INFO - Processing file /home/airflow/.local/lib/python3.12/site-packages/airflow/example_dags/example_sla_dag.py for tasks to queue
[2025-01-12T22:59:45.713+0000] {logging_mixin.py:190} INFO - [2025-01-12T22:59:45.712+0000] {dagbag.py:588} INFO - Filling up the DagBag from /home/airflow/.local/lib/python3.12/site-packages/airflow/example_dags/example_sla_dag.py
[2025-01-12T22:59:45.726+0000] {processor.py:925} INFO - DAG(s) 'example_sla_dag' retrieved from /home/airflow/.local/lib/python3.12/site-packages/airflow/example_dags/example_sla_dag.py
[2025-01-12T22:59:45.748+0000] {logging_mixin.py:190} INFO - [2025-01-12T22:59:45.748+0000] {dag.py:3239} INFO - Sync 1 DAGs
[2025-01-12T22:59:45.778+0000] {logging_mixin.py:190} INFO - [2025-01-12T22:59:45.778+0000] {dag.py:4180} INFO - Setting next_dagrun for example_sla_dag to 2025-01-12 22:56:00+00:00, run_after=2025-01-12 22:58:00+00:00
[2025-01-12T22:59:45.838+0000] {processor.py:208} INFO - Processing /home/airflow/.local/lib/python3.12/site-packages/airflow/example_dags/example_sla_dag.py took 0.136 seconds
[2025-01-12T23:00:17.028+0000] {processor.py:186} INFO - Started process (PID=336) to work on /home/airflow/.local/lib/python3.12/site-packages/airflow/example_dags/example_sla_dag.py
[2025-01-12T23:00:17.030+0000] {processor.py:914} INFO - Processing file /home/airflow/.local/lib/python3.12/site-packages/airflow/example_dags/example_sla_dag.py for tasks to queue
[2025-01-12T23:00:17.033+0000] {logging_mixin.py:190} INFO - [2025-01-12T23:00:17.033+0000] {dagbag.py:588} INFO - Filling up the DagBag from /home/airflow/.local/lib/python3.12/site-packages/airflow/example_dags/example_sla_dag.py
[2025-01-12T23:00:17.049+0000] {processor.py:925} INFO - DAG(s) 'example_sla_dag' retrieved from /home/airflow/.local/lib/python3.12/site-packages/airflow/example_dags/example_sla_dag.py
[2025-01-12T23:00:17.073+0000] {logging_mixin.py:190} INFO - [2025-01-12T23:00:17.073+0000] {dag.py:3239} INFO - Sync 1 DAGs
[2025-01-12T23:00:17.104+0000] {logging_mixin.py:190} INFO - [2025-01-12T23:00:17.104+0000] {dag.py:4180} INFO - Setting next_dagrun for example_sla_dag to 2025-01-12 22:58:00+00:00, run_after=2025-01-12 23:00:00+00:00
[2025-01-12T23:00:17.201+0000] {processor.py:208} INFO - Processing /home/airflow/.local/lib/python3.12/site-packages/airflow/example_dags/example_sla_dag.py took 0.182 seconds
[2025-01-12T23:00:47.915+0000] {processor.py:186} INFO - Started process (PID=399) to work on /home/airflow/.local/lib/python3.12/site-packages/airflow/example_dags/example_sla_dag.py
[2025-01-12T23:00:47.916+0000] {processor.py:914} INFO - Processing file /home/airflow/.local/lib/python3.12/site-packages/airflow/example_dags/example_sla_dag.py for tasks to queue
[2025-01-12T23:00:47.919+0000] {logging_mixin.py:190} INFO - [2025-01-12T23:00:47.918+0000] {dagbag.py:588} INFO - Filling up the DagBag from /home/airflow/.local/lib/python3.12/site-packages/airflow/example_dags/example_sla_dag.py
[2025-01-12T23:00:47.930+0000] {processor.py:925} INFO - DAG(s) 'example_sla_dag' retrieved from /home/airflow/.local/lib/python3.12/site-packages/airflow/example_dags/example_sla_dag.py
[2025-01-12T23:00:47.953+0000] {logging_mixin.py:190} INFO - [2025-01-12T23:00:47.953+0000] {dag.py:3239} INFO - Sync 1 DAGs
[2025-01-12T23:00:47.983+0000] {logging_mixin.py:190} INFO - [2025-01-12T23:00:47.982+0000] {dag.py:4180} INFO - Setting next_dagrun for example_sla_dag to 2025-01-12 22:58:00+00:00, run_after=2025-01-12 23:00:00+00:00
[2025-01-12T23:00:48.334+0000] {processor.py:208} INFO - Processing /home/airflow/.local/lib/python3.12/site-packages/airflow/example_dags/example_sla_dag.py took 0.426 seconds
[2025-01-12T23:01:18.575+0000] {processor.py:186} INFO - Started process (PID=467) to work on /home/airflow/.local/lib/python3.12/site-packages/airflow/example_dags/example_sla_dag.py
[2025-01-12T23:01:18.576+0000] {processor.py:914} INFO - Processing file /home/airflow/.local/lib/python3.12/site-packages/airflow/example_dags/example_sla_dag.py for tasks to queue
[2025-01-12T23:01:18.579+0000] {logging_mixin.py:190} INFO - [2025-01-12T23:01:18.579+0000] {dagbag.py:588} INFO - Filling up the DagBag from /home/airflow/.local/lib/python3.12/site-packages/airflow/example_dags/example_sla_dag.py
[2025-01-12T23:01:18.593+0000] {processor.py:925} INFO - DAG(s) 'example_sla_dag' retrieved from /home/airflow/.local/lib/python3.12/site-packages/airflow/example_dags/example_sla_dag.py
[2025-01-12T23:01:18.616+0000] {logging_mixin.py:190} INFO - [2025-01-12T23:01:18.616+0000] {dag.py:3239} INFO - Sync 1 DAGs
[2025-01-12T23:01:18.654+0000] {logging_mixin.py:190} INFO - [2025-01-12T23:01:18.654+0000] {dag.py:4180} INFO - Setting next_dagrun for example_sla_dag to 2025-01-12 22:58:00+00:00, run_after=2025-01-12 23:00:00+00:00
[2025-01-12T23:01:18.729+0000] {processor.py:208} INFO - Processing /home/airflow/.local/lib/python3.12/site-packages/airflow/example_dags/example_sla_dag.py took 0.162 seconds
[2025-01-12T23:01:48.854+0000] {processor.py:186} INFO - Started process (PID=530) to work on /home/airflow/.local/lib/python3.12/site-packages/airflow/example_dags/example_sla_dag.py
[2025-01-12T23:01:48.856+0000] {processor.py:914} INFO - Processing file /home/airflow/.local/lib/python3.12/site-packages/airflow/example_dags/example_sla_dag.py for tasks to queue
[2025-01-12T23:01:48.859+0000] {logging_mixin.py:190} INFO - [2025-01-12T23:01:48.859+0000] {dagbag.py:588} INFO - Filling up the DagBag from /home/airflow/.local/lib/python3.12/site-packages/airflow/example_dags/example_sla_dag.py
[2025-01-12T23:01:48.874+0000] {processor.py:925} INFO - DAG(s) 'example_sla_dag' retrieved from /home/airflow/.local/lib/python3.12/site-packages/airflow/example_dags/example_sla_dag.py
[2025-01-12T23:01:48.896+0000] {logging_mixin.py:190} INFO - [2025-01-12T23:01:48.896+0000] {dag.py:3239} INFO - Sync 1 DAGs
[2025-01-12T23:01:48.930+0000] {logging_mixin.py:190} INFO - [2025-01-12T23:01:48.930+0000] {dag.py:4180} INFO - Setting next_dagrun for example_sla_dag to 2025-01-12 22:58:00+00:00, run_after=2025-01-12 23:00:00+00:00
[2025-01-12T23:01:48.980+0000] {processor.py:208} INFO - Processing /home/airflow/.local/lib/python3.12/site-packages/airflow/example_dags/example_sla_dag.py took 0.134 seconds
[2025-01-12T23:02:19.449+0000] {processor.py:186} INFO - Started process (PID=593) to work on /home/airflow/.local/lib/python3.12/site-packages/airflow/example_dags/example_sla_dag.py
[2025-01-12T23:02:19.450+0000] {processor.py:914} INFO - Processing file /home/airflow/.local/lib/python3.12/site-packages/airflow/example_dags/example_sla_dag.py for tasks to queue
[2025-01-12T23:02:19.453+0000] {logging_mixin.py:190} INFO - [2025-01-12T23:02:19.453+0000] {dagbag.py:588} INFO - Filling up the DagBag from /home/airflow/.local/lib/python3.12/site-packages/airflow/example_dags/example_sla_dag.py
[2025-01-12T23:02:19.465+0000] {processor.py:925} INFO - DAG(s) 'example_sla_dag' retrieved from /home/airflow/.local/lib/python3.12/site-packages/airflow/example_dags/example_sla_dag.py
[2025-01-12T23:02:19.487+0000] {logging_mixin.py:190} INFO - [2025-01-12T23:02:19.487+0000] {dag.py:3239} INFO - Sync 1 DAGs
[2025-01-12T23:02:19.518+0000] {logging_mixin.py:190} INFO - [2025-01-12T23:02:19.518+0000] {dag.py:4180} INFO - Setting next_dagrun for example_sla_dag to 2025-01-12 23:00:00+00:00, run_after=2025-01-12 23:02:00+00:00
[2025-01-12T23:02:19.569+0000] {processor.py:208} INFO - Processing /home/airflow/.local/lib/python3.12/site-packages/airflow/example_dags/example_sla_dag.py took 0.127 seconds
[2025-01-12T23:02:50.880+0000] {processor.py:186} INFO - Started process (PID=656) to work on /home/airflow/.local/lib/python3.12/site-packages/airflow/example_dags/example_sla_dag.py
[2025-01-12T23:02:50.881+0000] {processor.py:914} INFO - Processing file /home/airflow/.local/lib/python3.12/site-packages/airflow/example_dags/example_sla_dag.py for tasks to queue
[2025-01-12T23:02:50.884+0000] {logging_mixin.py:190} INFO - [2025-01-12T23:02:50.884+0000] {dagbag.py:588} INFO - Filling up the DagBag from /home/airflow/.local/lib/python3.12/site-packages/airflow/example_dags/example_sla_dag.py
[2025-01-12T23:02:50.897+0000] {processor.py:925} INFO - DAG(s) 'example_sla_dag' retrieved from /home/airflow/.local/lib/python3.12/site-packages/airflow/example_dags/example_sla_dag.py
[2025-01-12T23:02:50.920+0000] {logging_mixin.py:190} INFO - [2025-01-12T23:02:50.919+0000] {dag.py:3239} INFO - Sync 1 DAGs
[2025-01-12T23:02:50.952+0000] {logging_mixin.py:190} INFO - [2025-01-12T23:02:50.952+0000] {dag.py:4180} INFO - Setting next_dagrun for example_sla_dag to 2025-01-12 23:00:00+00:00, run_after=2025-01-12 23:02:00+00:00
[2025-01-12T23:02:51.008+0000] {processor.py:208} INFO - Processing /home/airflow/.local/lib/python3.12/site-packages/airflow/example_dags/example_sla_dag.py took 0.135 seconds
[2025-01-12T23:03:21.393+0000] {processor.py:186} INFO - Started process (PID=719) to work on /home/airflow/.local/lib/python3.12/site-packages/airflow/example_dags/example_sla_dag.py
[2025-01-12T23:03:21.394+0000] {processor.py:914} INFO - Processing file /home/airflow/.local/lib/python3.12/site-packages/airflow/example_dags/example_sla_dag.py for tasks to queue
[2025-01-12T23:03:21.398+0000] {logging_mixin.py:190} INFO - [2025-01-12T23:03:21.397+0000] {dagbag.py:588} INFO - Filling up the DagBag from /home/airflow/.local/lib/python3.12/site-packages/airflow/example_dags/example_sla_dag.py
[2025-01-12T23:03:21.410+0000] {processor.py:925} INFO - DAG(s) 'example_sla_dag' retrieved from /home/airflow/.local/lib/python3.12/site-packages/airflow/example_dags/example_sla_dag.py
[2025-01-12T23:03:21.432+0000] {logging_mixin.py:190} INFO - [2025-01-12T23:03:21.432+0000] {dag.py:3239} INFO - Sync 1 DAGs
[2025-01-12T23:03:21.465+0000] {logging_mixin.py:190} INFO - [2025-01-12T23:03:21.464+0000] {dag.py:4180} INFO - Setting next_dagrun for example_sla_dag to 2025-01-12 23:00:00+00:00, run_after=2025-01-12 23:02:00+00:00
[2025-01-12T23:03:21.652+0000] {processor.py:208} INFO - Processing /home/airflow/.local/lib/python3.12/site-packages/airflow/example_dags/example_sla_dag.py took 0.266 seconds
[2025-01-12T23:03:52.454+0000] {processor.py:186} INFO - Started process (PID=782) to work on /home/airflow/.local/lib/python3.12/site-packages/airflow/example_dags/example_sla_dag.py
[2025-01-12T23:03:52.455+0000] {processor.py:914} INFO - Processing file /home/airflow/.local/lib/python3.12/site-packages/airflow/example_dags/example_sla_dag.py for tasks to queue
[2025-01-12T23:03:52.460+0000] {logging_mixin.py:190} INFO - [2025-01-12T23:03:52.460+0000] {dagbag.py:588} INFO - Filling up the DagBag from /home/airflow/.local/lib/python3.12/site-packages/airflow/example_dags/example_sla_dag.py
[2025-01-12T23:03:52.472+0000] {processor.py:925} INFO - DAG(s) 'example_sla_dag' retrieved from /home/airflow/.local/lib/python3.12/site-packages/airflow/example_dags/example_sla_dag.py
[2025-01-12T23:03:52.496+0000] {logging_mixin.py:190} INFO - [2025-01-12T23:03:52.495+0000] {dag.py:3239} INFO - Sync 1 DAGs
[2025-01-12T23:03:52.535+0000] {logging_mixin.py:190} INFO - [2025-01-12T23:03:52.535+0000] {dag.py:4180} INFO - Setting next_dagrun for example_sla_dag to 2025-01-12 23:00:00+00:00, run_after=2025-01-12 23:02:00+00:00
[2025-01-12T23:03:52.595+0000] {processor.py:208} INFO - Processing /home/airflow/.local/lib/python3.12/site-packages/airflow/example_dags/example_sla_dag.py took 0.149 seconds
[2025-01-12T23:04:22.828+0000] {processor.py:186} INFO - Started process (PID=845) to work on /home/airflow/.local/lib/python3.12/site-packages/airflow/example_dags/example_sla_dag.py
[2025-01-12T23:04:22.829+0000] {processor.py:914} INFO - Processing file /home/airflow/.local/lib/python3.12/site-packages/airflow/example_dags/example_sla_dag.py for tasks to queue
[2025-01-12T23:04:22.832+0000] {logging_mixin.py:190} INFO - [2025-01-12T23:04:22.832+0000] {dagbag.py:588} INFO - Filling up the DagBag from /home/airflow/.local/lib/python3.12/site-packages/airflow/example_dags/example_sla_dag.py
[2025-01-12T23:04:22.845+0000] {processor.py:925} INFO - DAG(s) 'example_sla_dag' retrieved from /home/airflow/.local/lib/python3.12/site-packages/airflow/example_dags/example_sla_dag.py
[2025-01-12T23:04:22.869+0000] {logging_mixin.py:190} INFO - [2025-01-12T23:04:22.869+0000] {dag.py:3239} INFO - Sync 1 DAGs
[2025-01-12T23:04:22.903+0000] {logging_mixin.py:190} INFO - [2025-01-12T23:04:22.903+0000] {dag.py:4180} INFO - Setting next_dagrun for example_sla_dag to 2025-01-12 23:02:00+00:00, run_after=2025-01-12 23:04:00+00:00
[2025-01-12T23:04:22.995+0000] {processor.py:208} INFO - Processing /home/airflow/.local/lib/python3.12/site-packages/airflow/example_dags/example_sla_dag.py took 0.176 seconds
[2025-01-12T23:04:53.360+0000] {processor.py:186} INFO - Started process (PID=908) to work on /home/airflow/.local/lib/python3.12/site-packages/airflow/example_dags/example_sla_dag.py
[2025-01-12T23:04:53.361+0000] {processor.py:914} INFO - Processing file /home/airflow/.local/lib/python3.12/site-packages/airflow/example_dags/example_sla_dag.py for tasks to queue
[2025-01-12T23:04:53.364+0000] {logging_mixin.py:190} INFO - [2025-01-12T23:04:53.363+0000] {dagbag.py:588} INFO - Filling up the DagBag from /home/airflow/.local/lib/python3.12/site-packages/airflow/example_dags/example_sla_dag.py
[2025-01-12T23:04:53.376+0000] {processor.py:925} INFO - DAG(s) 'example_sla_dag' retrieved from /home/airflow/.local/lib/python3.12/site-packages/airflow/example_dags/example_sla_dag.py
[2025-01-12T23:04:53.400+0000] {logging_mixin.py:190} INFO - [2025-01-12T23:04:53.400+0000] {dag.py:3239} INFO - Sync 1 DAGs
[2025-01-12T23:04:53.439+0000] {logging_mixin.py:190} INFO - [2025-01-12T23:04:53.439+0000] {dag.py:4180} INFO - Setting next_dagrun for example_sla_dag to 2025-01-12 23:02:00+00:00, run_after=2025-01-12 23:04:00+00:00
[2025-01-12T23:04:53.489+0000] {processor.py:208} INFO - Processing /home/airflow/.local/lib/python3.12/site-packages/airflow/example_dags/example_sla_dag.py took 0.136 seconds
[2025-01-12T23:05:23.606+0000] {processor.py:186} INFO - Started process (PID=971) to work on /home/airflow/.local/lib/python3.12/site-packages/airflow/example_dags/example_sla_dag.py
[2025-01-12T23:05:23.607+0000] {processor.py:914} INFO - Processing file /home/airflow/.local/lib/python3.12/site-packages/airflow/example_dags/example_sla_dag.py for tasks to queue
[2025-01-12T23:05:23.610+0000] {logging_mixin.py:190} INFO - [2025-01-12T23:05:23.610+0000] {dagbag.py:588} INFO - Filling up the DagBag from /home/airflow/.local/lib/python3.12/site-packages/airflow/example_dags/example_sla_dag.py
[2025-01-12T23:05:23.621+0000] {processor.py:925} INFO - DAG(s) 'example_sla_dag' retrieved from /home/airflow/.local/lib/python3.12/site-packages/airflow/example_dags/example_sla_dag.py
[2025-01-12T23:05:23.642+0000] {logging_mixin.py:190} INFO - [2025-01-12T23:05:23.642+0000] {dag.py:3239} INFO - Sync 1 DAGs
[2025-01-12T23:05:23.673+0000] {logging_mixin.py:190} INFO - [2025-01-12T23:05:23.673+0000] {dag.py:4180} INFO - Setting next_dagrun for example_sla_dag to 2025-01-12 23:02:00+00:00, run_after=2025-01-12 23:04:00+00:00
[2025-01-12T23:05:23.725+0000] {processor.py:208} INFO - Processing /home/airflow/.local/lib/python3.12/site-packages/airflow/example_dags/example_sla_dag.py took 0.126 seconds
