[2025-01-12T22:31:06.610+0000] {processor.py:186} INFO - Started process (PID=126) to work on /home/airflow/.local/lib/python3.12/site-packages/airflow/example_dags/example_kubernetes_executor.py
[2025-01-12T22:31:06.611+0000] {processor.py:914} INFO - Processing file /home/airflow/.local/lib/python3.12/site-packages/airflow/example_dags/example_kubernetes_executor.py for tasks to queue
[2025-01-12T22:31:06.614+0000] {logging_mixin.py:190} INFO - [2025-01-12T22:31:06.614+0000] {dagbag.py:588} INFO - Filling up the DagBag from /home/airflow/.local/lib/python3.12/site-packages/airflow/example_dags/example_kubernetes_executor.py
[2025-01-12T22:31:06.632+0000] {processor.py:925} INFO - DAG(s) 'example_kubernetes_executor' retrieved from /home/airflow/.local/lib/python3.12/site-packages/airflow/example_dags/example_kubernetes_executor.py
[2025-01-12T22:31:06.925+0000] {logging_mixin.py:190} INFO - [2025-01-12T22:31:06.923+0000] {override.py:1911} INFO - Created Permission View: can read on DAG:example_kubernetes_executor
[2025-01-12T22:31:07.077+0000] {logging_mixin.py:190} INFO - [2025-01-12T22:31:07.076+0000] {override.py:1911} INFO - Created Permission View: can delete on DAG:example_kubernetes_executor
[2025-01-12T22:31:07.189+0000] {logging_mixin.py:190} INFO - [2025-01-12T22:31:07.188+0000] {override.py:1911} INFO - Created Permission View: can edit on DAG:example_kubernetes_executor
[2025-01-12T22:31:07.397+0000] {logging_mixin.py:190} INFO - [2025-01-12T22:31:07.396+0000] {override.py:1911} INFO - Created Permission View: menu access on DAG Run:example_kubernetes_executor
[2025-01-12T22:31:07.495+0000] {logging_mixin.py:190} INFO - [2025-01-12T22:31:07.495+0000] {override.py:1911} INFO - Created Permission View: can create on DAG Run:example_kubernetes_executor
[2025-01-12T22:31:07.597+0000] {logging_mixin.py:190} INFO - [2025-01-12T22:31:07.595+0000] {override.py:1911} INFO - Created Permission View: can read on DAG Run:example_kubernetes_executor
[2025-01-12T22:31:07.677+0000] {logging_mixin.py:190} INFO - [2025-01-12T22:31:07.676+0000] {override.py:1911} INFO - Created Permission View: can delete on DAG Run:example_kubernetes_executor
[2025-01-12T22:31:07.678+0000] {logging_mixin.py:190} INFO - [2025-01-12T22:31:07.678+0000] {dag.py:3239} INFO - Sync 1 DAGs
[2025-01-12T22:31:07.695+0000] {logging_mixin.py:190} INFO - [2025-01-12T22:31:07.694+0000] {dag.py:3262} INFO - Creating ORM DAG for example_kubernetes_executor
[2025-01-12T22:31:07.696+0000] {logging_mixin.py:190} INFO - [2025-01-12T22:31:07.696+0000] {dag.py:4180} INFO - Setting next_dagrun for example_kubernetes_executor to None, run_after=None
[2025-01-12T22:31:07.815+0000] {processor.py:208} INFO - Processing /home/airflow/.local/lib/python3.12/site-packages/airflow/example_dags/example_kubernetes_executor.py took 1.212 seconds
[2025-01-12T22:31:38.281+0000] {processor.py:186} INFO - Started process (PID=188) to work on /home/airflow/.local/lib/python3.12/site-packages/airflow/example_dags/example_kubernetes_executor.py
[2025-01-12T22:31:38.282+0000] {processor.py:914} INFO - Processing file /home/airflow/.local/lib/python3.12/site-packages/airflow/example_dags/example_kubernetes_executor.py for tasks to queue
[2025-01-12T22:31:38.285+0000] {logging_mixin.py:190} INFO - [2025-01-12T22:31:38.285+0000] {dagbag.py:588} INFO - Filling up the DagBag from /home/airflow/.local/lib/python3.12/site-packages/airflow/example_dags/example_kubernetes_executor.py
[2025-01-12T22:31:38.302+0000] {processor.py:925} INFO - DAG(s) 'example_kubernetes_executor' retrieved from /home/airflow/.local/lib/python3.12/site-packages/airflow/example_dags/example_kubernetes_executor.py
[2025-01-12T22:31:38.338+0000] {logging_mixin.py:190} INFO - [2025-01-12T22:31:38.338+0000] {dag.py:3239} INFO - Sync 1 DAGs
[2025-01-12T22:31:38.356+0000] {logging_mixin.py:190} INFO - [2025-01-12T22:31:38.355+0000] {dag.py:4180} INFO - Setting next_dagrun for example_kubernetes_executor to None, run_after=None
[2025-01-12T22:31:38.422+0000] {processor.py:208} INFO - Processing /home/airflow/.local/lib/python3.12/site-packages/airflow/example_dags/example_kubernetes_executor.py took 0.152 seconds
[2025-01-12T22:32:08.504+0000] {processor.py:186} INFO - Started process (PID=251) to work on /home/airflow/.local/lib/python3.12/site-packages/airflow/example_dags/example_kubernetes_executor.py
[2025-01-12T22:32:08.505+0000] {processor.py:914} INFO - Processing file /home/airflow/.local/lib/python3.12/site-packages/airflow/example_dags/example_kubernetes_executor.py for tasks to queue
[2025-01-12T22:32:08.508+0000] {logging_mixin.py:190} INFO - [2025-01-12T22:32:08.508+0000] {dagbag.py:588} INFO - Filling up the DagBag from /home/airflow/.local/lib/python3.12/site-packages/airflow/example_dags/example_kubernetes_executor.py
[2025-01-12T22:32:08.527+0000] {processor.py:925} INFO - DAG(s) 'example_kubernetes_executor' retrieved from /home/airflow/.local/lib/python3.12/site-packages/airflow/example_dags/example_kubernetes_executor.py
[2025-01-12T22:32:08.558+0000] {logging_mixin.py:190} INFO - [2025-01-12T22:32:08.558+0000] {dag.py:3239} INFO - Sync 1 DAGs
[2025-01-12T22:32:08.577+0000] {logging_mixin.py:190} INFO - [2025-01-12T22:32:08.577+0000] {dag.py:4180} INFO - Setting next_dagrun for example_kubernetes_executor to None, run_after=None
[2025-01-12T22:32:08.916+0000] {processor.py:208} INFO - Processing /home/airflow/.local/lib/python3.12/site-packages/airflow/example_dags/example_kubernetes_executor.py took 0.420 seconds
[2025-01-12T22:32:39.086+0000] {processor.py:186} INFO - Started process (PID=314) to work on /home/airflow/.local/lib/python3.12/site-packages/airflow/example_dags/example_kubernetes_executor.py
[2025-01-12T22:32:39.087+0000] {processor.py:914} INFO - Processing file /home/airflow/.local/lib/python3.12/site-packages/airflow/example_dags/example_kubernetes_executor.py for tasks to queue
[2025-01-12T22:32:39.090+0000] {logging_mixin.py:190} INFO - [2025-01-12T22:32:39.090+0000] {dagbag.py:588} INFO - Filling up the DagBag from /home/airflow/.local/lib/python3.12/site-packages/airflow/example_dags/example_kubernetes_executor.py
[2025-01-12T22:32:39.107+0000] {processor.py:925} INFO - DAG(s) 'example_kubernetes_executor' retrieved from /home/airflow/.local/lib/python3.12/site-packages/airflow/example_dags/example_kubernetes_executor.py
[2025-01-12T22:32:39.145+0000] {logging_mixin.py:190} INFO - [2025-01-12T22:32:39.145+0000] {dag.py:3239} INFO - Sync 1 DAGs
[2025-01-12T22:32:39.170+0000] {logging_mixin.py:190} INFO - [2025-01-12T22:32:39.170+0000] {dag.py:4180} INFO - Setting next_dagrun for example_kubernetes_executor to None, run_after=None
[2025-01-12T22:32:39.280+0000] {processor.py:208} INFO - Processing /home/airflow/.local/lib/python3.12/site-packages/airflow/example_dags/example_kubernetes_executor.py took 0.201 seconds
[2025-01-12T22:58:22.013+0000] {processor.py:186} INFO - Started process (PID=113) to work on /home/airflow/.local/lib/python3.12/site-packages/airflow/example_dags/example_kubernetes_executor.py
[2025-01-12T22:58:22.014+0000] {processor.py:914} INFO - Processing file /home/airflow/.local/lib/python3.12/site-packages/airflow/example_dags/example_kubernetes_executor.py for tasks to queue
[2025-01-12T22:58:22.017+0000] {logging_mixin.py:190} INFO - [2025-01-12T22:58:22.017+0000] {dagbag.py:588} INFO - Filling up the DagBag from /home/airflow/.local/lib/python3.12/site-packages/airflow/example_dags/example_kubernetes_executor.py
[2025-01-12T22:58:22.034+0000] {processor.py:925} INFO - DAG(s) 'example_kubernetes_executor' retrieved from /home/airflow/.local/lib/python3.12/site-packages/airflow/example_dags/example_kubernetes_executor.py
[2025-01-12T22:58:22.062+0000] {logging_mixin.py:190} INFO - [2025-01-12T22:58:22.061+0000] {dag.py:3239} INFO - Sync 1 DAGs
[2025-01-12T22:58:22.079+0000] {logging_mixin.py:190} INFO - [2025-01-12T22:58:22.079+0000] {dag.py:4180} INFO - Setting next_dagrun for example_kubernetes_executor to None, run_after=None
[2025-01-12T22:58:22.187+0000] {processor.py:208} INFO - Processing /home/airflow/.local/lib/python3.12/site-packages/airflow/example_dags/example_kubernetes_executor.py took 0.183 seconds
[2025-01-12T22:58:53.174+0000] {processor.py:186} INFO - Started process (PID=177) to work on /home/airflow/.local/lib/python3.12/site-packages/airflow/example_dags/example_kubernetes_executor.py
[2025-01-12T22:58:53.176+0000] {processor.py:914} INFO - Processing file /home/airflow/.local/lib/python3.12/site-packages/airflow/example_dags/example_kubernetes_executor.py for tasks to queue
[2025-01-12T22:58:53.178+0000] {logging_mixin.py:190} INFO - [2025-01-12T22:58:53.178+0000] {dagbag.py:588} INFO - Filling up the DagBag from /home/airflow/.local/lib/python3.12/site-packages/airflow/example_dags/example_kubernetes_executor.py
[2025-01-12T22:58:53.199+0000] {processor.py:925} INFO - DAG(s) 'example_kubernetes_executor' retrieved from /home/airflow/.local/lib/python3.12/site-packages/airflow/example_dags/example_kubernetes_executor.py
[2025-01-12T22:58:53.228+0000] {logging_mixin.py:190} INFO - [2025-01-12T22:58:53.228+0000] {dag.py:3239} INFO - Sync 1 DAGs
[2025-01-12T22:58:53.248+0000] {logging_mixin.py:190} INFO - [2025-01-12T22:58:53.248+0000] {dag.py:4180} INFO - Setting next_dagrun for example_kubernetes_executor to None, run_after=None
[2025-01-12T22:58:53.308+0000] {processor.py:208} INFO - Processing /home/airflow/.local/lib/python3.12/site-packages/airflow/example_dags/example_kubernetes_executor.py took 0.141 seconds
[2025-01-12T22:59:24.379+0000] {processor.py:186} INFO - Started process (PID=240) to work on /home/airflow/.local/lib/python3.12/site-packages/airflow/example_dags/example_kubernetes_executor.py
[2025-01-12T22:59:24.380+0000] {processor.py:914} INFO - Processing file /home/airflow/.local/lib/python3.12/site-packages/airflow/example_dags/example_kubernetes_executor.py for tasks to queue
[2025-01-12T22:59:24.383+0000] {logging_mixin.py:190} INFO - [2025-01-12T22:59:24.383+0000] {dagbag.py:588} INFO - Filling up the DagBag from /home/airflow/.local/lib/python3.12/site-packages/airflow/example_dags/example_kubernetes_executor.py
[2025-01-12T22:59:24.400+0000] {processor.py:925} INFO - DAG(s) 'example_kubernetes_executor' retrieved from /home/airflow/.local/lib/python3.12/site-packages/airflow/example_dags/example_kubernetes_executor.py
[2025-01-12T22:59:24.430+0000] {logging_mixin.py:190} INFO - [2025-01-12T22:59:24.429+0000] {dag.py:3239} INFO - Sync 1 DAGs
[2025-01-12T22:59:24.453+0000] {logging_mixin.py:190} INFO - [2025-01-12T22:59:24.453+0000] {dag.py:4180} INFO - Setting next_dagrun for example_kubernetes_executor to None, run_after=None
[2025-01-12T22:59:24.548+0000] {processor.py:208} INFO - Processing /home/airflow/.local/lib/python3.12/site-packages/airflow/example_dags/example_kubernetes_executor.py took 0.176 seconds
[2025-01-12T22:59:56.034+0000] {processor.py:186} INFO - Started process (PID=302) to work on /home/airflow/.local/lib/python3.12/site-packages/airflow/example_dags/example_kubernetes_executor.py
[2025-01-12T22:59:56.036+0000] {processor.py:914} INFO - Processing file /home/airflow/.local/lib/python3.12/site-packages/airflow/example_dags/example_kubernetes_executor.py for tasks to queue
[2025-01-12T22:59:56.039+0000] {logging_mixin.py:190} INFO - [2025-01-12T22:59:56.038+0000] {dagbag.py:588} INFO - Filling up the DagBag from /home/airflow/.local/lib/python3.12/site-packages/airflow/example_dags/example_kubernetes_executor.py
[2025-01-12T22:59:56.064+0000] {processor.py:925} INFO - DAG(s) 'example_kubernetes_executor' retrieved from /home/airflow/.local/lib/python3.12/site-packages/airflow/example_dags/example_kubernetes_executor.py
[2025-01-12T22:59:56.108+0000] {logging_mixin.py:190} INFO - [2025-01-12T22:59:56.107+0000] {dag.py:3239} INFO - Sync 1 DAGs
[2025-01-12T22:59:56.135+0000] {logging_mixin.py:190} INFO - [2025-01-12T22:59:56.135+0000] {dag.py:4180} INFO - Setting next_dagrun for example_kubernetes_executor to None, run_after=None
[2025-01-12T22:59:56.284+0000] {processor.py:208} INFO - Processing /home/airflow/.local/lib/python3.12/site-packages/airflow/example_dags/example_kubernetes_executor.py took 0.260 seconds
[2025-01-12T23:00:28.106+0000] {processor.py:186} INFO - Started process (PID=365) to work on /home/airflow/.local/lib/python3.12/site-packages/airflow/example_dags/example_kubernetes_executor.py
[2025-01-12T23:00:28.107+0000] {processor.py:914} INFO - Processing file /home/airflow/.local/lib/python3.12/site-packages/airflow/example_dags/example_kubernetes_executor.py for tasks to queue
[2025-01-12T23:00:28.110+0000] {logging_mixin.py:190} INFO - [2025-01-12T23:00:28.110+0000] {dagbag.py:588} INFO - Filling up the DagBag from /home/airflow/.local/lib/python3.12/site-packages/airflow/example_dags/example_kubernetes_executor.py
[2025-01-12T23:00:28.128+0000] {processor.py:925} INFO - DAG(s) 'example_kubernetes_executor' retrieved from /home/airflow/.local/lib/python3.12/site-packages/airflow/example_dags/example_kubernetes_executor.py
[2025-01-12T23:00:28.157+0000] {logging_mixin.py:190} INFO - [2025-01-12T23:00:28.157+0000] {dag.py:3239} INFO - Sync 1 DAGs
[2025-01-12T23:00:28.174+0000] {logging_mixin.py:190} INFO - [2025-01-12T23:00:28.174+0000] {dag.py:4180} INFO - Setting next_dagrun for example_kubernetes_executor to None, run_after=None
[2025-01-12T23:00:28.308+0000] {processor.py:208} INFO - Processing /home/airflow/.local/lib/python3.12/site-packages/airflow/example_dags/example_kubernetes_executor.py took 0.211 seconds
[2025-01-12T23:01:00.278+0000] {processor.py:186} INFO - Started process (PID=428) to work on /home/airflow/.local/lib/python3.12/site-packages/airflow/example_dags/example_kubernetes_executor.py
[2025-01-12T23:01:00.279+0000] {processor.py:914} INFO - Processing file /home/airflow/.local/lib/python3.12/site-packages/airflow/example_dags/example_kubernetes_executor.py for tasks to queue
[2025-01-12T23:01:00.282+0000] {logging_mixin.py:190} INFO - [2025-01-12T23:01:00.282+0000] {dagbag.py:588} INFO - Filling up the DagBag from /home/airflow/.local/lib/python3.12/site-packages/airflow/example_dags/example_kubernetes_executor.py
[2025-01-12T23:01:00.299+0000] {processor.py:925} INFO - DAG(s) 'example_kubernetes_executor' retrieved from /home/airflow/.local/lib/python3.12/site-packages/airflow/example_dags/example_kubernetes_executor.py
[2025-01-12T23:01:00.329+0000] {logging_mixin.py:190} INFO - [2025-01-12T23:01:00.328+0000] {dag.py:3239} INFO - Sync 1 DAGs
[2025-01-12T23:01:00.347+0000] {logging_mixin.py:190} INFO - [2025-01-12T23:01:00.347+0000] {dag.py:4180} INFO - Setting next_dagrun for example_kubernetes_executor to None, run_after=None
[2025-01-12T23:01:00.458+0000] {processor.py:208} INFO - Processing /home/airflow/.local/lib/python3.12/site-packages/airflow/example_dags/example_kubernetes_executor.py took 0.187 seconds
[2025-01-12T23:01:31.071+0000] {processor.py:186} INFO - Started process (PID=490) to work on /home/airflow/.local/lib/python3.12/site-packages/airflow/example_dags/example_kubernetes_executor.py
[2025-01-12T23:01:31.072+0000] {processor.py:914} INFO - Processing file /home/airflow/.local/lib/python3.12/site-packages/airflow/example_dags/example_kubernetes_executor.py for tasks to queue
[2025-01-12T23:01:31.075+0000] {logging_mixin.py:190} INFO - [2025-01-12T23:01:31.075+0000] {dagbag.py:588} INFO - Filling up the DagBag from /home/airflow/.local/lib/python3.12/site-packages/airflow/example_dags/example_kubernetes_executor.py
[2025-01-12T23:01:31.091+0000] {processor.py:925} INFO - DAG(s) 'example_kubernetes_executor' retrieved from /home/airflow/.local/lib/python3.12/site-packages/airflow/example_dags/example_kubernetes_executor.py
[2025-01-12T23:01:31.119+0000] {logging_mixin.py:190} INFO - [2025-01-12T23:01:31.119+0000] {dag.py:3239} INFO - Sync 1 DAGs
[2025-01-12T23:01:31.136+0000] {logging_mixin.py:190} INFO - [2025-01-12T23:01:31.136+0000] {dag.py:4180} INFO - Setting next_dagrun for example_kubernetes_executor to None, run_after=None
[2025-01-12T23:01:31.283+0000] {processor.py:208} INFO - Processing /home/airflow/.local/lib/python3.12/site-packages/airflow/example_dags/example_kubernetes_executor.py took 0.219 seconds
[2025-01-12T23:02:03.239+0000] {processor.py:186} INFO - Started process (PID=553) to work on /home/airflow/.local/lib/python3.12/site-packages/airflow/example_dags/example_kubernetes_executor.py
[2025-01-12T23:02:03.309+0000] {processor.py:914} INFO - Processing file /home/airflow/.local/lib/python3.12/site-packages/airflow/example_dags/example_kubernetes_executor.py for tasks to queue
[2025-01-12T23:02:03.313+0000] {logging_mixin.py:190} INFO - [2025-01-12T23:02:03.312+0000] {dagbag.py:588} INFO - Filling up the DagBag from /home/airflow/.local/lib/python3.12/site-packages/airflow/example_dags/example_kubernetes_executor.py
[2025-01-12T23:02:03.329+0000] {processor.py:925} INFO - DAG(s) 'example_kubernetes_executor' retrieved from /home/airflow/.local/lib/python3.12/site-packages/airflow/example_dags/example_kubernetes_executor.py
[2025-01-12T23:02:03.357+0000] {logging_mixin.py:190} INFO - [2025-01-12T23:02:03.356+0000] {dag.py:3239} INFO - Sync 1 DAGs
[2025-01-12T23:02:03.373+0000] {logging_mixin.py:190} INFO - [2025-01-12T23:02:03.373+0000] {dag.py:4180} INFO - Setting next_dagrun for example_kubernetes_executor to None, run_after=None
[2025-01-12T23:02:03.644+0000] {processor.py:208} INFO - Processing /home/airflow/.local/lib/python3.12/site-packages/airflow/example_dags/example_kubernetes_executor.py took 0.412 seconds
[2025-01-12T23:02:33.918+0000] {processor.py:186} INFO - Started process (PID=616) to work on /home/airflow/.local/lib/python3.12/site-packages/airflow/example_dags/example_kubernetes_executor.py
[2025-01-12T23:02:33.919+0000] {processor.py:914} INFO - Processing file /home/airflow/.local/lib/python3.12/site-packages/airflow/example_dags/example_kubernetes_executor.py for tasks to queue
[2025-01-12T23:02:33.922+0000] {logging_mixin.py:190} INFO - [2025-01-12T23:02:33.921+0000] {dagbag.py:588} INFO - Filling up the DagBag from /home/airflow/.local/lib/python3.12/site-packages/airflow/example_dags/example_kubernetes_executor.py
[2025-01-12T23:02:33.941+0000] {processor.py:925} INFO - DAG(s) 'example_kubernetes_executor' retrieved from /home/airflow/.local/lib/python3.12/site-packages/airflow/example_dags/example_kubernetes_executor.py
[2025-01-12T23:02:33.970+0000] {logging_mixin.py:190} INFO - [2025-01-12T23:02:33.970+0000] {dag.py:3239} INFO - Sync 1 DAGs
[2025-01-12T23:02:33.987+0000] {logging_mixin.py:190} INFO - [2025-01-12T23:02:33.986+0000] {dag.py:4180} INFO - Setting next_dagrun for example_kubernetes_executor to None, run_after=None
[2025-01-12T23:02:34.100+0000] {processor.py:208} INFO - Processing /home/airflow/.local/lib/python3.12/site-packages/airflow/example_dags/example_kubernetes_executor.py took 0.189 seconds
[2025-01-12T23:03:05.385+0000] {processor.py:186} INFO - Started process (PID=679) to work on /home/airflow/.local/lib/python3.12/site-packages/airflow/example_dags/example_kubernetes_executor.py
[2025-01-12T23:03:05.386+0000] {processor.py:914} INFO - Processing file /home/airflow/.local/lib/python3.12/site-packages/airflow/example_dags/example_kubernetes_executor.py for tasks to queue
[2025-01-12T23:03:05.390+0000] {logging_mixin.py:190} INFO - [2025-01-12T23:03:05.389+0000] {dagbag.py:588} INFO - Filling up the DagBag from /home/airflow/.local/lib/python3.12/site-packages/airflow/example_dags/example_kubernetes_executor.py
[2025-01-12T23:03:05.407+0000] {processor.py:925} INFO - DAG(s) 'example_kubernetes_executor' retrieved from /home/airflow/.local/lib/python3.12/site-packages/airflow/example_dags/example_kubernetes_executor.py
[2025-01-12T23:03:05.438+0000] {logging_mixin.py:190} INFO - [2025-01-12T23:03:05.438+0000] {dag.py:3239} INFO - Sync 1 DAGs
[2025-01-12T23:03:05.458+0000] {logging_mixin.py:190} INFO - [2025-01-12T23:03:05.458+0000] {dag.py:4180} INFO - Setting next_dagrun for example_kubernetes_executor to None, run_after=None
[2025-01-12T23:03:05.530+0000] {processor.py:208} INFO - Processing /home/airflow/.local/lib/python3.12/site-packages/airflow/example_dags/example_kubernetes_executor.py took 0.152 seconds
[2025-01-12T23:03:36.288+0000] {processor.py:186} INFO - Started process (PID=742) to work on /home/airflow/.local/lib/python3.12/site-packages/airflow/example_dags/example_kubernetes_executor.py
[2025-01-12T23:03:36.290+0000] {processor.py:914} INFO - Processing file /home/airflow/.local/lib/python3.12/site-packages/airflow/example_dags/example_kubernetes_executor.py for tasks to queue
[2025-01-12T23:03:36.293+0000] {logging_mixin.py:190} INFO - [2025-01-12T23:03:36.292+0000] {dagbag.py:588} INFO - Filling up the DagBag from /home/airflow/.local/lib/python3.12/site-packages/airflow/example_dags/example_kubernetes_executor.py
[2025-01-12T23:03:36.310+0000] {processor.py:925} INFO - DAG(s) 'example_kubernetes_executor' retrieved from /home/airflow/.local/lib/python3.12/site-packages/airflow/example_dags/example_kubernetes_executor.py
[2025-01-12T23:03:36.340+0000] {logging_mixin.py:190} INFO - [2025-01-12T23:03:36.340+0000] {dag.py:3239} INFO - Sync 1 DAGs
[2025-01-12T23:03:36.386+0000] {logging_mixin.py:190} INFO - [2025-01-12T23:03:36.385+0000] {dag.py:4180} INFO - Setting next_dagrun for example_kubernetes_executor to None, run_after=None
[2025-01-12T23:03:36.454+0000] {processor.py:208} INFO - Processing /home/airflow/.local/lib/python3.12/site-packages/airflow/example_dags/example_kubernetes_executor.py took 0.173 seconds
[2025-01-12T23:04:07.905+0000] {processor.py:186} INFO - Started process (PID=805) to work on /home/airflow/.local/lib/python3.12/site-packages/airflow/example_dags/example_kubernetes_executor.py
[2025-01-12T23:04:07.907+0000] {processor.py:914} INFO - Processing file /home/airflow/.local/lib/python3.12/site-packages/airflow/example_dags/example_kubernetes_executor.py for tasks to queue
[2025-01-12T23:04:07.911+0000] {logging_mixin.py:190} INFO - [2025-01-12T23:04:07.911+0000] {dagbag.py:588} INFO - Filling up the DagBag from /home/airflow/.local/lib/python3.12/site-packages/airflow/example_dags/example_kubernetes_executor.py
[2025-01-12T23:04:07.931+0000] {processor.py:925} INFO - DAG(s) 'example_kubernetes_executor' retrieved from /home/airflow/.local/lib/python3.12/site-packages/airflow/example_dags/example_kubernetes_executor.py
[2025-01-12T23:04:07.971+0000] {logging_mixin.py:190} INFO - [2025-01-12T23:04:07.971+0000] {dag.py:3239} INFO - Sync 1 DAGs
[2025-01-12T23:04:07.997+0000] {logging_mixin.py:190} INFO - [2025-01-12T23:04:07.997+0000] {dag.py:4180} INFO - Setting next_dagrun for example_kubernetes_executor to None, run_after=None
[2025-01-12T23:04:08.063+0000] {processor.py:208} INFO - Processing /home/airflow/.local/lib/python3.12/site-packages/airflow/example_dags/example_kubernetes_executor.py took 0.165 seconds
[2025-01-12T23:04:39.187+0000] {processor.py:186} INFO - Started process (PID=868) to work on /home/airflow/.local/lib/python3.12/site-packages/airflow/example_dags/example_kubernetes_executor.py
[2025-01-12T23:04:39.188+0000] {processor.py:914} INFO - Processing file /home/airflow/.local/lib/python3.12/site-packages/airflow/example_dags/example_kubernetes_executor.py for tasks to queue
[2025-01-12T23:04:39.191+0000] {logging_mixin.py:190} INFO - [2025-01-12T23:04:39.191+0000] {dagbag.py:588} INFO - Filling up the DagBag from /home/airflow/.local/lib/python3.12/site-packages/airflow/example_dags/example_kubernetes_executor.py
[2025-01-12T23:04:39.207+0000] {processor.py:925} INFO - DAG(s) 'example_kubernetes_executor' retrieved from /home/airflow/.local/lib/python3.12/site-packages/airflow/example_dags/example_kubernetes_executor.py
[2025-01-12T23:04:39.241+0000] {logging_mixin.py:190} INFO - [2025-01-12T23:04:39.241+0000] {dag.py:3239} INFO - Sync 1 DAGs
[2025-01-12T23:04:39.259+0000] {logging_mixin.py:190} INFO - [2025-01-12T23:04:39.259+0000] {dag.py:4180} INFO - Setting next_dagrun for example_kubernetes_executor to None, run_after=None
[2025-01-12T23:04:39.309+0000] {processor.py:208} INFO - Processing /home/airflow/.local/lib/python3.12/site-packages/airflow/example_dags/example_kubernetes_executor.py took 0.128 seconds
[2025-01-12T23:05:10.600+0000] {processor.py:186} INFO - Started process (PID=931) to work on /home/airflow/.local/lib/python3.12/site-packages/airflow/example_dags/example_kubernetes_executor.py
[2025-01-12T23:05:10.602+0000] {processor.py:914} INFO - Processing file /home/airflow/.local/lib/python3.12/site-packages/airflow/example_dags/example_kubernetes_executor.py for tasks to queue
[2025-01-12T23:05:10.604+0000] {logging_mixin.py:190} INFO - [2025-01-12T23:05:10.604+0000] {dagbag.py:588} INFO - Filling up the DagBag from /home/airflow/.local/lib/python3.12/site-packages/airflow/example_dags/example_kubernetes_executor.py
[2025-01-12T23:05:10.622+0000] {processor.py:925} INFO - DAG(s) 'example_kubernetes_executor' retrieved from /home/airflow/.local/lib/python3.12/site-packages/airflow/example_dags/example_kubernetes_executor.py
[2025-01-12T23:05:10.653+0000] {logging_mixin.py:190} INFO - [2025-01-12T23:05:10.652+0000] {dag.py:3239} INFO - Sync 1 DAGs
[2025-01-12T23:05:10.670+0000] {logging_mixin.py:190} INFO - [2025-01-12T23:05:10.670+0000] {dag.py:4180} INFO - Setting next_dagrun for example_kubernetes_executor to None, run_after=None
[2025-01-12T23:05:10.722+0000] {processor.py:208} INFO - Processing /home/airflow/.local/lib/python3.12/site-packages/airflow/example_dags/example_kubernetes_executor.py took 0.128 seconds
