[2025-01-12T22:29:04.694+0000] {processor.py:186} INFO - Started process (PID=69) to work on /home/airflow/.local/lib/python3.12/site-packages/airflow/example_dags/example_bash_decorator.py
[2025-01-12T22:29:04.696+0000] {processor.py:914} INFO - Processing file /home/airflow/.local/lib/python3.12/site-packages/airflow/example_dags/example_bash_decorator.py for tasks to queue
[2025-01-12T22:29:04.699+0000] {logging_mixin.py:190} INFO - [2025-01-12T22:29:04.699+0000] {dagbag.py:588} INFO - Filling up the DagBag from /home/airflow/.local/lib/python3.12/site-packages/airflow/example_dags/example_bash_decorator.py
[2025-01-12T22:29:04.763+0000] {processor.py:925} INFO - DAG(s) 'example_bash_decorator' retrieved from /home/airflow/.local/lib/python3.12/site-packages/airflow/example_dags/example_bash_decorator.py
[2025-01-12T22:29:05.560+0000] {logging_mixin.py:190} INFO - [2025-01-12T22:29:05.559+0000] {override.py:1911} INFO - Created Permission View: can read on DAG:example_bash_decorator
[2025-01-12T22:29:05.824+0000] {logging_mixin.py:190} INFO - [2025-01-12T22:29:05.824+0000] {override.py:1911} INFO - Created Permission View: can delete on DAG:example_bash_decorator
[2025-01-12T22:29:06.060+0000] {logging_mixin.py:190} INFO - [2025-01-12T22:29:06.060+0000] {override.py:1911} INFO - Created Permission View: can edit on DAG:example_bash_decorator
[2025-01-12T22:29:09.205+0000] {logging_mixin.py:190} INFO - [2025-01-12T22:29:09.205+0000] {override.py:1911} INFO - Created Permission View: menu access on DAG Run:example_bash_decorator
[2025-01-12T22:29:09.605+0000] {logging_mixin.py:190} INFO - [2025-01-12T22:29:09.605+0000] {override.py:1911} INFO - Created Permission View: can create on DAG Run:example_bash_decorator
[2025-01-12T22:29:09.778+0000] {logging_mixin.py:190} INFO - [2025-01-12T22:29:09.777+0000] {override.py:1911} INFO - Created Permission View: can read on DAG Run:example_bash_decorator
[2025-01-12T22:29:09.857+0000] {logging_mixin.py:190} INFO - [2025-01-12T22:29:09.856+0000] {override.py:1911} INFO - Created Permission View: can delete on DAG Run:example_bash_decorator
[2025-01-12T22:29:09.858+0000] {logging_mixin.py:190} INFO - [2025-01-12T22:29:09.858+0000] {dag.py:3239} INFO - Sync 1 DAGs
[2025-01-12T22:29:09.881+0000] {logging_mixin.py:190} INFO - [2025-01-12T22:29:09.880+0000] {dag.py:3262} INFO - Creating ORM DAG for example_bash_decorator
[2025-01-12T22:29:09.883+0000] {logging_mixin.py:190} INFO - [2025-01-12T22:29:09.882+0000] {dag.py:4180} INFO - Setting next_dagrun for example_bash_decorator to None, run_after=None
[2025-01-12T22:29:10.203+0000] {processor.py:208} INFO - Processing /home/airflow/.local/lib/python3.12/site-packages/airflow/example_dags/example_bash_decorator.py took 5.517 seconds
[2025-01-12T22:31:18.704+0000] {processor.py:186} INFO - Started process (PID=151) to work on /home/airflow/.local/lib/python3.12/site-packages/airflow/example_dags/example_bash_decorator.py
[2025-01-12T22:31:18.734+0000] {processor.py:914} INFO - Processing file /home/airflow/.local/lib/python3.12/site-packages/airflow/example_dags/example_bash_decorator.py for tasks to queue
[2025-01-12T22:31:18.737+0000] {logging_mixin.py:190} INFO - [2025-01-12T22:31:18.737+0000] {dagbag.py:588} INFO - Filling up the DagBag from /home/airflow/.local/lib/python3.12/site-packages/airflow/example_dags/example_bash_decorator.py
[2025-01-12T22:31:18.834+0000] {processor.py:925} INFO - DAG(s) 'example_bash_decorator' retrieved from /home/airflow/.local/lib/python3.12/site-packages/airflow/example_dags/example_bash_decorator.py
[2025-01-12T22:31:18.861+0000] {logging_mixin.py:190} INFO - [2025-01-12T22:31:18.861+0000] {dag.py:3239} INFO - Sync 1 DAGs
[2025-01-12T22:31:18.878+0000] {logging_mixin.py:190} INFO - [2025-01-12T22:31:18.877+0000] {dag.py:4180} INFO - Setting next_dagrun for example_bash_decorator to None, run_after=None
[2025-01-12T22:31:19.027+0000] {processor.py:208} INFO - Processing /home/airflow/.local/lib/python3.12/site-packages/airflow/example_dags/example_bash_decorator.py took 0.329 seconds
[2025-01-12T22:31:49.099+0000] {processor.py:186} INFO - Started process (PID=213) to work on /home/airflow/.local/lib/python3.12/site-packages/airflow/example_dags/example_bash_decorator.py
[2025-01-12T22:31:49.100+0000] {processor.py:914} INFO - Processing file /home/airflow/.local/lib/python3.12/site-packages/airflow/example_dags/example_bash_decorator.py for tasks to queue
[2025-01-12T22:31:49.103+0000] {logging_mixin.py:190} INFO - [2025-01-12T22:31:49.103+0000] {dagbag.py:588} INFO - Filling up the DagBag from /home/airflow/.local/lib/python3.12/site-packages/airflow/example_dags/example_bash_decorator.py
[2025-01-12T22:31:49.120+0000] {processor.py:925} INFO - DAG(s) 'example_bash_decorator' retrieved from /home/airflow/.local/lib/python3.12/site-packages/airflow/example_dags/example_bash_decorator.py
[2025-01-12T22:31:49.148+0000] {logging_mixin.py:190} INFO - [2025-01-12T22:31:49.148+0000] {dag.py:3239} INFO - Sync 1 DAGs
[2025-01-12T22:31:49.164+0000] {logging_mixin.py:190} INFO - [2025-01-12T22:31:49.164+0000] {dag.py:4180} INFO - Setting next_dagrun for example_bash_decorator to None, run_after=None
[2025-01-12T22:31:49.394+0000] {processor.py:208} INFO - Processing /home/airflow/.local/lib/python3.12/site-packages/airflow/example_dags/example_bash_decorator.py took 0.302 seconds
[2025-01-12T22:32:19.708+0000] {processor.py:186} INFO - Started process (PID=276) to work on /home/airflow/.local/lib/python3.12/site-packages/airflow/example_dags/example_bash_decorator.py
[2025-01-12T22:32:19.709+0000] {processor.py:914} INFO - Processing file /home/airflow/.local/lib/python3.12/site-packages/airflow/example_dags/example_bash_decorator.py for tasks to queue
[2025-01-12T22:32:19.712+0000] {logging_mixin.py:190} INFO - [2025-01-12T22:32:19.711+0000] {dagbag.py:588} INFO - Filling up the DagBag from /home/airflow/.local/lib/python3.12/site-packages/airflow/example_dags/example_bash_decorator.py
[2025-01-12T22:32:19.729+0000] {processor.py:925} INFO - DAG(s) 'example_bash_decorator' retrieved from /home/airflow/.local/lib/python3.12/site-packages/airflow/example_dags/example_bash_decorator.py
[2025-01-12T22:32:19.760+0000] {logging_mixin.py:190} INFO - [2025-01-12T22:32:19.760+0000] {dag.py:3239} INFO - Sync 1 DAGs
[2025-01-12T22:32:19.777+0000] {logging_mixin.py:190} INFO - [2025-01-12T22:32:19.777+0000] {dag.py:4180} INFO - Setting next_dagrun for example_bash_decorator to None, run_after=None
[2025-01-12T22:32:19.910+0000] {processor.py:208} INFO - Processing /home/airflow/.local/lib/python3.12/site-packages/airflow/example_dags/example_bash_decorator.py took 0.209 seconds
[2025-01-12T22:32:50.202+0000] {processor.py:186} INFO - Started process (PID=339) to work on /home/airflow/.local/lib/python3.12/site-packages/airflow/example_dags/example_bash_decorator.py
[2025-01-12T22:32:50.203+0000] {processor.py:914} INFO - Processing file /home/airflow/.local/lib/python3.12/site-packages/airflow/example_dags/example_bash_decorator.py for tasks to queue
[2025-01-12T22:32:50.206+0000] {logging_mixin.py:190} INFO - [2025-01-12T22:32:50.206+0000] {dagbag.py:588} INFO - Filling up the DagBag from /home/airflow/.local/lib/python3.12/site-packages/airflow/example_dags/example_bash_decorator.py
[2025-01-12T22:32:50.224+0000] {processor.py:925} INFO - DAG(s) 'example_bash_decorator' retrieved from /home/airflow/.local/lib/python3.12/site-packages/airflow/example_dags/example_bash_decorator.py
[2025-01-12T22:32:50.250+0000] {logging_mixin.py:190} INFO - [2025-01-12T22:32:50.250+0000] {dag.py:3239} INFO - Sync 1 DAGs
[2025-01-12T22:32:50.271+0000] {logging_mixin.py:190} INFO - [2025-01-12T22:32:50.271+0000] {dag.py:4180} INFO - Setting next_dagrun for example_bash_decorator to None, run_after=None
[2025-01-12T22:32:50.410+0000] {processor.py:208} INFO - Processing /home/airflow/.local/lib/python3.12/site-packages/airflow/example_dags/example_bash_decorator.py took 0.216 seconds
[2025-01-12T22:58:10.689+0000] {processor.py:186} INFO - Started process (PID=75) to work on /home/airflow/.local/lib/python3.12/site-packages/airflow/example_dags/example_bash_decorator.py
[2025-01-12T22:58:10.691+0000] {processor.py:914} INFO - Processing file /home/airflow/.local/lib/python3.12/site-packages/airflow/example_dags/example_bash_decorator.py for tasks to queue
[2025-01-12T22:58:10.693+0000] {logging_mixin.py:190} INFO - [2025-01-12T22:58:10.693+0000] {dagbag.py:588} INFO - Filling up the DagBag from /home/airflow/.local/lib/python3.12/site-packages/airflow/example_dags/example_bash_decorator.py
[2025-01-12T22:58:10.742+0000] {processor.py:925} INFO - DAG(s) 'example_bash_decorator' retrieved from /home/airflow/.local/lib/python3.12/site-packages/airflow/example_dags/example_bash_decorator.py
[2025-01-12T22:58:12.117+0000] {logging_mixin.py:190} INFO - [2025-01-12T22:58:12.116+0000] {dag.py:3239} INFO - Sync 1 DAGs
[2025-01-12T22:58:12.131+0000] {logging_mixin.py:190} INFO - [2025-01-12T22:58:12.130+0000] {dag.py:4180} INFO - Setting next_dagrun for example_bash_decorator to None, run_after=None
[2025-01-12T22:58:12.302+0000] {processor.py:208} INFO - Processing /home/airflow/.local/lib/python3.12/site-packages/airflow/example_dags/example_bash_decorator.py took 1.619 seconds
[2025-01-12T22:58:43.095+0000] {processor.py:186} INFO - Started process (PID=138) to work on /home/airflow/.local/lib/python3.12/site-packages/airflow/example_dags/example_bash_decorator.py
[2025-01-12T22:58:43.096+0000] {processor.py:914} INFO - Processing file /home/airflow/.local/lib/python3.12/site-packages/airflow/example_dags/example_bash_decorator.py for tasks to queue
[2025-01-12T22:58:43.098+0000] {logging_mixin.py:190} INFO - [2025-01-12T22:58:43.098+0000] {dagbag.py:588} INFO - Filling up the DagBag from /home/airflow/.local/lib/python3.12/site-packages/airflow/example_dags/example_bash_decorator.py
[2025-01-12T22:58:43.115+0000] {processor.py:925} INFO - DAG(s) 'example_bash_decorator' retrieved from /home/airflow/.local/lib/python3.12/site-packages/airflow/example_dags/example_bash_decorator.py
[2025-01-12T22:58:43.145+0000] {logging_mixin.py:190} INFO - [2025-01-12T22:58:43.145+0000] {dag.py:3239} INFO - Sync 1 DAGs
[2025-01-12T22:58:43.161+0000] {logging_mixin.py:190} INFO - [2025-01-12T22:58:43.160+0000] {dag.py:4180} INFO - Setting next_dagrun for example_bash_decorator to None, run_after=None
[2025-01-12T22:58:43.266+0000] {processor.py:208} INFO - Processing /home/airflow/.local/lib/python3.12/site-packages/airflow/example_dags/example_bash_decorator.py took 0.177 seconds
[2025-01-12T22:59:14.137+0000] {processor.py:186} INFO - Started process (PID=202) to work on /home/airflow/.local/lib/python3.12/site-packages/airflow/example_dags/example_bash_decorator.py
[2025-01-12T22:59:14.139+0000] {processor.py:914} INFO - Processing file /home/airflow/.local/lib/python3.12/site-packages/airflow/example_dags/example_bash_decorator.py for tasks to queue
[2025-01-12T22:59:14.143+0000] {logging_mixin.py:190} INFO - [2025-01-12T22:59:14.143+0000] {dagbag.py:588} INFO - Filling up the DagBag from /home/airflow/.local/lib/python3.12/site-packages/airflow/example_dags/example_bash_decorator.py
[2025-01-12T22:59:14.162+0000] {processor.py:925} INFO - DAG(s) 'example_bash_decorator' retrieved from /home/airflow/.local/lib/python3.12/site-packages/airflow/example_dags/example_bash_decorator.py
[2025-01-12T22:59:14.190+0000] {logging_mixin.py:190} INFO - [2025-01-12T22:59:14.190+0000] {dag.py:3239} INFO - Sync 1 DAGs
[2025-01-12T22:59:14.206+0000] {logging_mixin.py:190} INFO - [2025-01-12T22:59:14.206+0000] {dag.py:4180} INFO - Setting next_dagrun for example_bash_decorator to None, run_after=None
[2025-01-12T22:59:14.257+0000] {processor.py:208} INFO - Processing /home/airflow/.local/lib/python3.12/site-packages/airflow/example_dags/example_bash_decorator.py took 0.129 seconds
[2025-01-12T22:59:44.970+0000] {processor.py:186} INFO - Started process (PID=265) to work on /home/airflow/.local/lib/python3.12/site-packages/airflow/example_dags/example_bash_decorator.py
[2025-01-12T22:59:44.971+0000] {processor.py:914} INFO - Processing file /home/airflow/.local/lib/python3.12/site-packages/airflow/example_dags/example_bash_decorator.py for tasks to queue
[2025-01-12T22:59:44.974+0000] {logging_mixin.py:190} INFO - [2025-01-12T22:59:44.974+0000] {dagbag.py:588} INFO - Filling up the DagBag from /home/airflow/.local/lib/python3.12/site-packages/airflow/example_dags/example_bash_decorator.py
[2025-01-12T22:59:44.991+0000] {processor.py:925} INFO - DAG(s) 'example_bash_decorator' retrieved from /home/airflow/.local/lib/python3.12/site-packages/airflow/example_dags/example_bash_decorator.py
[2025-01-12T22:59:45.019+0000] {logging_mixin.py:190} INFO - [2025-01-12T22:59:45.018+0000] {dag.py:3239} INFO - Sync 1 DAGs
[2025-01-12T22:59:45.035+0000] {logging_mixin.py:190} INFO - [2025-01-12T22:59:45.035+0000] {dag.py:4180} INFO - Setting next_dagrun for example_bash_decorator to None, run_after=None
[2025-01-12T22:59:45.127+0000] {processor.py:208} INFO - Processing /home/airflow/.local/lib/python3.12/site-packages/airflow/example_dags/example_bash_decorator.py took 0.164 seconds
[2025-01-12T23:00:15.918+0000] {processor.py:186} INFO - Started process (PID=328) to work on /home/airflow/.local/lib/python3.12/site-packages/airflow/example_dags/example_bash_decorator.py
[2025-01-12T23:00:15.919+0000] {processor.py:914} INFO - Processing file /home/airflow/.local/lib/python3.12/site-packages/airflow/example_dags/example_bash_decorator.py for tasks to queue
[2025-01-12T23:00:15.923+0000] {logging_mixin.py:190} INFO - [2025-01-12T23:00:15.922+0000] {dagbag.py:588} INFO - Filling up the DagBag from /home/airflow/.local/lib/python3.12/site-packages/airflow/example_dags/example_bash_decorator.py
[2025-01-12T23:00:15.949+0000] {processor.py:925} INFO - DAG(s) 'example_bash_decorator' retrieved from /home/airflow/.local/lib/python3.12/site-packages/airflow/example_dags/example_bash_decorator.py
[2025-01-12T23:00:15.979+0000] {logging_mixin.py:190} INFO - [2025-01-12T23:00:15.978+0000] {dag.py:3239} INFO - Sync 1 DAGs
[2025-01-12T23:00:15.997+0000] {logging_mixin.py:190} INFO - [2025-01-12T23:00:15.996+0000] {dag.py:4180} INFO - Setting next_dagrun for example_bash_decorator to None, run_after=None
[2025-01-12T23:00:16.154+0000] {processor.py:208} INFO - Processing /home/airflow/.local/lib/python3.12/site-packages/airflow/example_dags/example_bash_decorator.py took 0.247 seconds
[2025-01-12T23:00:46.235+0000] {processor.py:186} INFO - Started process (PID=391) to work on /home/airflow/.local/lib/python3.12/site-packages/airflow/example_dags/example_bash_decorator.py
[2025-01-12T23:00:46.236+0000] {processor.py:914} INFO - Processing file /home/airflow/.local/lib/python3.12/site-packages/airflow/example_dags/example_bash_decorator.py for tasks to queue
[2025-01-12T23:00:46.239+0000] {logging_mixin.py:190} INFO - [2025-01-12T23:00:46.239+0000] {dagbag.py:588} INFO - Filling up the DagBag from /home/airflow/.local/lib/python3.12/site-packages/airflow/example_dags/example_bash_decorator.py
[2025-01-12T23:00:46.256+0000] {processor.py:925} INFO - DAG(s) 'example_bash_decorator' retrieved from /home/airflow/.local/lib/python3.12/site-packages/airflow/example_dags/example_bash_decorator.py
[2025-01-12T23:00:46.285+0000] {logging_mixin.py:190} INFO - [2025-01-12T23:00:46.285+0000] {dag.py:3239} INFO - Sync 1 DAGs
[2025-01-12T23:00:46.301+0000] {logging_mixin.py:190} INFO - [2025-01-12T23:00:46.301+0000] {dag.py:4180} INFO - Setting next_dagrun for example_bash_decorator to None, run_after=None
[2025-01-12T23:00:46.660+0000] {processor.py:208} INFO - Processing /home/airflow/.local/lib/python3.12/site-packages/airflow/example_dags/example_bash_decorator.py took 0.431 seconds
[2025-01-12T23:01:16.888+0000] {processor.py:186} INFO - Started process (PID=454) to work on /home/airflow/.local/lib/python3.12/site-packages/airflow/example_dags/example_bash_decorator.py
[2025-01-12T23:01:16.890+0000] {processor.py:914} INFO - Processing file /home/airflow/.local/lib/python3.12/site-packages/airflow/example_dags/example_bash_decorator.py for tasks to queue
[2025-01-12T23:01:16.892+0000] {logging_mixin.py:190} INFO - [2025-01-12T23:01:16.892+0000] {dagbag.py:588} INFO - Filling up the DagBag from /home/airflow/.local/lib/python3.12/site-packages/airflow/example_dags/example_bash_decorator.py
[2025-01-12T23:01:16.917+0000] {processor.py:925} INFO - DAG(s) 'example_bash_decorator' retrieved from /home/airflow/.local/lib/python3.12/site-packages/airflow/example_dags/example_bash_decorator.py
[2025-01-12T23:01:16.943+0000] {logging_mixin.py:190} INFO - [2025-01-12T23:01:16.943+0000] {dag.py:3239} INFO - Sync 1 DAGs
[2025-01-12T23:01:16.970+0000] {logging_mixin.py:190} INFO - [2025-01-12T23:01:16.970+0000] {dag.py:4180} INFO - Setting next_dagrun for example_bash_decorator to None, run_after=None
[2025-01-12T23:01:17.140+0000] {processor.py:208} INFO - Processing /home/airflow/.local/lib/python3.12/site-packages/airflow/example_dags/example_bash_decorator.py took 0.258 seconds
[2025-01-12T23:01:47.751+0000] {processor.py:186} INFO - Started process (PID=516) to work on /home/airflow/.local/lib/python3.12/site-packages/airflow/example_dags/example_bash_decorator.py
[2025-01-12T23:01:47.752+0000] {processor.py:914} INFO - Processing file /home/airflow/.local/lib/python3.12/site-packages/airflow/example_dags/example_bash_decorator.py for tasks to queue
[2025-01-12T23:01:47.755+0000] {logging_mixin.py:190} INFO - [2025-01-12T23:01:47.755+0000] {dagbag.py:588} INFO - Filling up the DagBag from /home/airflow/.local/lib/python3.12/site-packages/airflow/example_dags/example_bash_decorator.py
[2025-01-12T23:01:47.780+0000] {processor.py:925} INFO - DAG(s) 'example_bash_decorator' retrieved from /home/airflow/.local/lib/python3.12/site-packages/airflow/example_dags/example_bash_decorator.py
[2025-01-12T23:01:47.810+0000] {logging_mixin.py:190} INFO - [2025-01-12T23:01:47.810+0000] {dag.py:3239} INFO - Sync 1 DAGs
[2025-01-12T23:01:47.831+0000] {logging_mixin.py:190} INFO - [2025-01-12T23:01:47.831+0000] {dag.py:4180} INFO - Setting next_dagrun for example_bash_decorator to None, run_after=None
[2025-01-12T23:01:47.886+0000] {processor.py:208} INFO - Processing /home/airflow/.local/lib/python3.12/site-packages/airflow/example_dags/example_bash_decorator.py took 0.142 seconds
[2025-01-12T23:02:18.768+0000] {processor.py:186} INFO - Started process (PID=585) to work on /home/airflow/.local/lib/python3.12/site-packages/airflow/example_dags/example_bash_decorator.py
[2025-01-12T23:02:18.769+0000] {processor.py:914} INFO - Processing file /home/airflow/.local/lib/python3.12/site-packages/airflow/example_dags/example_bash_decorator.py for tasks to queue
[2025-01-12T23:02:18.772+0000] {logging_mixin.py:190} INFO - [2025-01-12T23:02:18.771+0000] {dagbag.py:588} INFO - Filling up the DagBag from /home/airflow/.local/lib/python3.12/site-packages/airflow/example_dags/example_bash_decorator.py
[2025-01-12T23:02:18.800+0000] {processor.py:925} INFO - DAG(s) 'example_bash_decorator' retrieved from /home/airflow/.local/lib/python3.12/site-packages/airflow/example_dags/example_bash_decorator.py
[2025-01-12T23:02:18.829+0000] {logging_mixin.py:190} INFO - [2025-01-12T23:02:18.829+0000] {dag.py:3239} INFO - Sync 1 DAGs
[2025-01-12T23:02:18.846+0000] {logging_mixin.py:190} INFO - [2025-01-12T23:02:18.845+0000] {dag.py:4180} INFO - Setting next_dagrun for example_bash_decorator to None, run_after=None
[2025-01-12T23:02:18.891+0000] {processor.py:208} INFO - Processing /home/airflow/.local/lib/python3.12/site-packages/airflow/example_dags/example_bash_decorator.py took 0.134 seconds
[2025-01-12T23:02:49.724+0000] {processor.py:186} INFO - Started process (PID=648) to work on /home/airflow/.local/lib/python3.12/site-packages/airflow/example_dags/example_bash_decorator.py
[2025-01-12T23:02:49.725+0000] {processor.py:914} INFO - Processing file /home/airflow/.local/lib/python3.12/site-packages/airflow/example_dags/example_bash_decorator.py for tasks to queue
[2025-01-12T23:02:49.729+0000] {logging_mixin.py:190} INFO - [2025-01-12T23:02:49.729+0000] {dagbag.py:588} INFO - Filling up the DagBag from /home/airflow/.local/lib/python3.12/site-packages/airflow/example_dags/example_bash_decorator.py
[2025-01-12T23:02:49.748+0000] {processor.py:925} INFO - DAG(s) 'example_bash_decorator' retrieved from /home/airflow/.local/lib/python3.12/site-packages/airflow/example_dags/example_bash_decorator.py
[2025-01-12T23:02:49.777+0000] {logging_mixin.py:190} INFO - [2025-01-12T23:02:49.777+0000] {dag.py:3239} INFO - Sync 1 DAGs
[2025-01-12T23:02:49.795+0000] {logging_mixin.py:190} INFO - [2025-01-12T23:02:49.795+0000] {dag.py:4180} INFO - Setting next_dagrun for example_bash_decorator to None, run_after=None
[2025-01-12T23:02:50.206+0000] {processor.py:208} INFO - Processing /home/airflow/.local/lib/python3.12/site-packages/airflow/example_dags/example_bash_decorator.py took 0.493 seconds
[2025-01-12T23:03:20.411+0000] {processor.py:186} INFO - Started process (PID=711) to work on /home/airflow/.local/lib/python3.12/site-packages/airflow/example_dags/example_bash_decorator.py
[2025-01-12T23:03:20.413+0000] {processor.py:914} INFO - Processing file /home/airflow/.local/lib/python3.12/site-packages/airflow/example_dags/example_bash_decorator.py for tasks to queue
[2025-01-12T23:03:20.416+0000] {logging_mixin.py:190} INFO - [2025-01-12T23:03:20.416+0000] {dagbag.py:588} INFO - Filling up the DagBag from /home/airflow/.local/lib/python3.12/site-packages/airflow/example_dags/example_bash_decorator.py
[2025-01-12T23:03:20.437+0000] {processor.py:925} INFO - DAG(s) 'example_bash_decorator' retrieved from /home/airflow/.local/lib/python3.12/site-packages/airflow/example_dags/example_bash_decorator.py
[2025-01-12T23:03:20.468+0000] {logging_mixin.py:190} INFO - [2025-01-12T23:03:20.467+0000] {dag.py:3239} INFO - Sync 1 DAGs
[2025-01-12T23:03:20.486+0000] {logging_mixin.py:190} INFO - [2025-01-12T23:03:20.486+0000] {dag.py:4180} INFO - Setting next_dagrun for example_bash_decorator to None, run_after=None
[2025-01-12T23:03:20.691+0000] {processor.py:208} INFO - Processing /home/airflow/.local/lib/python3.12/site-packages/airflow/example_dags/example_bash_decorator.py took 0.288 seconds
[2025-01-12T23:03:51.561+0000] {processor.py:186} INFO - Started process (PID=774) to work on /home/airflow/.local/lib/python3.12/site-packages/airflow/example_dags/example_bash_decorator.py
[2025-01-12T23:03:51.563+0000] {processor.py:914} INFO - Processing file /home/airflow/.local/lib/python3.12/site-packages/airflow/example_dags/example_bash_decorator.py for tasks to queue
[2025-01-12T23:03:51.566+0000] {logging_mixin.py:190} INFO - [2025-01-12T23:03:51.566+0000] {dagbag.py:588} INFO - Filling up the DagBag from /home/airflow/.local/lib/python3.12/site-packages/airflow/example_dags/example_bash_decorator.py
[2025-01-12T23:03:51.605+0000] {processor.py:925} INFO - DAG(s) 'example_bash_decorator' retrieved from /home/airflow/.local/lib/python3.12/site-packages/airflow/example_dags/example_bash_decorator.py
[2025-01-12T23:03:51.660+0000] {logging_mixin.py:190} INFO - [2025-01-12T23:03:51.659+0000] {dag.py:3239} INFO - Sync 1 DAGs
[2025-01-12T23:03:51.688+0000] {logging_mixin.py:190} INFO - [2025-01-12T23:03:51.688+0000] {dag.py:4180} INFO - Setting next_dagrun for example_bash_decorator to None, run_after=None
[2025-01-12T23:03:51.833+0000] {processor.py:208} INFO - Processing /home/airflow/.local/lib/python3.12/site-packages/airflow/example_dags/example_bash_decorator.py took 0.284 seconds
[2025-01-12T23:04:21.924+0000] {processor.py:186} INFO - Started process (PID=837) to work on /home/airflow/.local/lib/python3.12/site-packages/airflow/example_dags/example_bash_decorator.py
[2025-01-12T23:04:21.925+0000] {processor.py:914} INFO - Processing file /home/airflow/.local/lib/python3.12/site-packages/airflow/example_dags/example_bash_decorator.py for tasks to queue
[2025-01-12T23:04:21.928+0000] {logging_mixin.py:190} INFO - [2025-01-12T23:04:21.927+0000] {dagbag.py:588} INFO - Filling up the DagBag from /home/airflow/.local/lib/python3.12/site-packages/airflow/example_dags/example_bash_decorator.py
[2025-01-12T23:04:21.944+0000] {processor.py:925} INFO - DAG(s) 'example_bash_decorator' retrieved from /home/airflow/.local/lib/python3.12/site-packages/airflow/example_dags/example_bash_decorator.py
[2025-01-12T23:04:21.971+0000] {logging_mixin.py:190} INFO - [2025-01-12T23:04:21.970+0000] {dag.py:3239} INFO - Sync 1 DAGs
[2025-01-12T23:04:21.987+0000] {logging_mixin.py:190} INFO - [2025-01-12T23:04:21.987+0000] {dag.py:4180} INFO - Setting next_dagrun for example_bash_decorator to None, run_after=None
[2025-01-12T23:04:22.050+0000] {processor.py:208} INFO - Processing /home/airflow/.local/lib/python3.12/site-packages/airflow/example_dags/example_bash_decorator.py took 0.133 seconds
[2025-01-12T23:04:52.744+0000] {processor.py:186} INFO - Started process (PID=900) to work on /home/airflow/.local/lib/python3.12/site-packages/airflow/example_dags/example_bash_decorator.py
[2025-01-12T23:04:52.746+0000] {processor.py:914} INFO - Processing file /home/airflow/.local/lib/python3.12/site-packages/airflow/example_dags/example_bash_decorator.py for tasks to queue
[2025-01-12T23:04:52.748+0000] {logging_mixin.py:190} INFO - [2025-01-12T23:04:52.748+0000] {dagbag.py:588} INFO - Filling up the DagBag from /home/airflow/.local/lib/python3.12/site-packages/airflow/example_dags/example_bash_decorator.py
[2025-01-12T23:04:52.766+0000] {processor.py:925} INFO - DAG(s) 'example_bash_decorator' retrieved from /home/airflow/.local/lib/python3.12/site-packages/airflow/example_dags/example_bash_decorator.py
[2025-01-12T23:04:52.794+0000] {logging_mixin.py:190} INFO - [2025-01-12T23:04:52.794+0000] {dag.py:3239} INFO - Sync 1 DAGs
[2025-01-12T23:04:52.811+0000] {logging_mixin.py:190} INFO - [2025-01-12T23:04:52.811+0000] {dag.py:4180} INFO - Setting next_dagrun for example_bash_decorator to None, run_after=None
[2025-01-12T23:04:52.854+0000] {processor.py:208} INFO - Processing /home/airflow/.local/lib/python3.12/site-packages/airflow/example_dags/example_bash_decorator.py took 0.117 seconds
[2025-01-12T23:05:22.987+0000] {processor.py:186} INFO - Started process (PID=963) to work on /home/airflow/.local/lib/python3.12/site-packages/airflow/example_dags/example_bash_decorator.py
[2025-01-12T23:05:22.988+0000] {processor.py:914} INFO - Processing file /home/airflow/.local/lib/python3.12/site-packages/airflow/example_dags/example_bash_decorator.py for tasks to queue
[2025-01-12T23:05:22.991+0000] {logging_mixin.py:190} INFO - [2025-01-12T23:05:22.991+0000] {dagbag.py:588} INFO - Filling up the DagBag from /home/airflow/.local/lib/python3.12/site-packages/airflow/example_dags/example_bash_decorator.py
[2025-01-12T23:05:23.009+0000] {processor.py:925} INFO - DAG(s) 'example_bash_decorator' retrieved from /home/airflow/.local/lib/python3.12/site-packages/airflow/example_dags/example_bash_decorator.py
[2025-01-12T23:05:23.036+0000] {logging_mixin.py:190} INFO - [2025-01-12T23:05:23.036+0000] {dag.py:3239} INFO - Sync 1 DAGs
[2025-01-12T23:05:23.052+0000] {logging_mixin.py:190} INFO - [2025-01-12T23:05:23.052+0000] {dag.py:4180} INFO - Setting next_dagrun for example_bash_decorator to None, run_after=None
[2025-01-12T23:05:23.104+0000] {processor.py:208} INFO - Processing /home/airflow/.local/lib/python3.12/site-packages/airflow/example_dags/example_bash_decorator.py took 0.123 seconds
