[2025-01-12T22:31:08.493+0000] {processor.py:186} INFO - Started process (PID=128) to work on /home/airflow/.local/lib/python3.12/site-packages/airflow/example_dags/example_trigger_target_dag.py
[2025-01-12T22:31:08.494+0000] {processor.py:914} INFO - Processing file /home/airflow/.local/lib/python3.12/site-packages/airflow/example_dags/example_trigger_target_dag.py for tasks to queue
[2025-01-12T22:31:08.497+0000] {logging_mixin.py:190} INFO - [2025-01-12T22:31:08.497+0000] {dagbag.py:588} INFO - Filling up the DagBag from /home/airflow/.local/lib/python3.12/site-packages/airflow/example_dags/example_trigger_target_dag.py
[2025-01-12T22:31:08.555+0000] {processor.py:925} INFO - DAG(s) 'example_trigger_target_dag' retrieved from /home/airflow/.local/lib/python3.12/site-packages/airflow/example_dags/example_trigger_target_dag.py
[2025-01-12T22:31:08.844+0000] {logging_mixin.py:190} INFO - [2025-01-12T22:31:08.843+0000] {override.py:1911} INFO - Created Permission View: can read on DAG:example_trigger_target_dag
[2025-01-12T22:31:08.955+0000] {logging_mixin.py:190} INFO - [2025-01-12T22:31:08.954+0000] {override.py:1911} INFO - Created Permission View: can delete on DAG:example_trigger_target_dag
[2025-01-12T22:31:09.051+0000] {logging_mixin.py:190} INFO - [2025-01-12T22:31:09.051+0000] {override.py:1911} INFO - Created Permission View: can edit on DAG:example_trigger_target_dag
[2025-01-12T22:31:09.255+0000] {logging_mixin.py:190} INFO - [2025-01-12T22:31:09.254+0000] {override.py:1911} INFO - Created Permission View: menu access on DAG Run:example_trigger_target_dag
[2025-01-12T22:31:09.365+0000] {logging_mixin.py:190} INFO - [2025-01-12T22:31:09.365+0000] {override.py:1911} INFO - Created Permission View: can create on DAG Run:example_trigger_target_dag
[2025-01-12T22:31:09.451+0000] {logging_mixin.py:190} INFO - [2025-01-12T22:31:09.451+0000] {override.py:1911} INFO - Created Permission View: can read on DAG Run:example_trigger_target_dag
[2025-01-12T22:31:09.543+0000] {logging_mixin.py:190} INFO - [2025-01-12T22:31:09.543+0000] {override.py:1911} INFO - Created Permission View: can delete on DAG Run:example_trigger_target_dag
[2025-01-12T22:31:09.544+0000] {logging_mixin.py:190} INFO - [2025-01-12T22:31:09.544+0000] {dag.py:3239} INFO - Sync 1 DAGs
[2025-01-12T22:31:09.566+0000] {logging_mixin.py:190} INFO - [2025-01-12T22:31:09.566+0000] {dag.py:3262} INFO - Creating ORM DAG for example_trigger_target_dag
[2025-01-12T22:31:09.567+0000] {logging_mixin.py:190} INFO - [2025-01-12T22:31:09.567+0000] {dag.py:4180} INFO - Setting next_dagrun for example_trigger_target_dag to None, run_after=None
[2025-01-12T22:31:09.637+0000] {processor.py:208} INFO - Processing /home/airflow/.local/lib/python3.12/site-packages/airflow/example_dags/example_trigger_target_dag.py took 1.150 seconds
[2025-01-12T22:31:40.332+0000] {processor.py:186} INFO - Started process (PID=191) to work on /home/airflow/.local/lib/python3.12/site-packages/airflow/example_dags/example_trigger_target_dag.py
[2025-01-12T22:31:40.334+0000] {processor.py:914} INFO - Processing file /home/airflow/.local/lib/python3.12/site-packages/airflow/example_dags/example_trigger_target_dag.py for tasks to queue
[2025-01-12T22:31:40.336+0000] {logging_mixin.py:190} INFO - [2025-01-12T22:31:40.336+0000] {dagbag.py:588} INFO - Filling up the DagBag from /home/airflow/.local/lib/python3.12/site-packages/airflow/example_dags/example_trigger_target_dag.py
[2025-01-12T22:31:40.346+0000] {processor.py:925} INFO - DAG(s) 'example_trigger_target_dag' retrieved from /home/airflow/.local/lib/python3.12/site-packages/airflow/example_dags/example_trigger_target_dag.py
[2025-01-12T22:31:40.368+0000] {logging_mixin.py:190} INFO - [2025-01-12T22:31:40.368+0000] {dag.py:3239} INFO - Sync 1 DAGs
[2025-01-12T22:31:40.385+0000] {logging_mixin.py:190} INFO - [2025-01-12T22:31:40.384+0000] {dag.py:4180} INFO - Setting next_dagrun for example_trigger_target_dag to None, run_after=None
[2025-01-12T22:31:40.504+0000] {processor.py:208} INFO - Processing /home/airflow/.local/lib/python3.12/site-packages/airflow/example_dags/example_trigger_target_dag.py took 0.179 seconds
[2025-01-12T22:32:10.898+0000] {processor.py:186} INFO - Started process (PID=254) to work on /home/airflow/.local/lib/python3.12/site-packages/airflow/example_dags/example_trigger_target_dag.py
[2025-01-12T22:32:10.900+0000] {processor.py:914} INFO - Processing file /home/airflow/.local/lib/python3.12/site-packages/airflow/example_dags/example_trigger_target_dag.py for tasks to queue
[2025-01-12T22:32:10.902+0000] {logging_mixin.py:190} INFO - [2025-01-12T22:32:10.902+0000] {dagbag.py:588} INFO - Filling up the DagBag from /home/airflow/.local/lib/python3.12/site-packages/airflow/example_dags/example_trigger_target_dag.py
[2025-01-12T22:32:10.912+0000] {processor.py:925} INFO - DAG(s) 'example_trigger_target_dag' retrieved from /home/airflow/.local/lib/python3.12/site-packages/airflow/example_dags/example_trigger_target_dag.py
[2025-01-12T22:32:10.935+0000] {logging_mixin.py:190} INFO - [2025-01-12T22:32:10.934+0000] {dag.py:3239} INFO - Sync 1 DAGs
[2025-01-12T22:32:10.951+0000] {logging_mixin.py:190} INFO - [2025-01-12T22:32:10.951+0000] {dag.py:4180} INFO - Setting next_dagrun for example_trigger_target_dag to None, run_after=None
[2025-01-12T22:32:11.439+0000] {processor.py:208} INFO - Processing /home/airflow/.local/lib/python3.12/site-packages/airflow/example_dags/example_trigger_target_dag.py took 0.548 seconds
[2025-01-12T22:32:42.355+0000] {processor.py:186} INFO - Started process (PID=317) to work on /home/airflow/.local/lib/python3.12/site-packages/airflow/example_dags/example_trigger_target_dag.py
[2025-01-12T22:32:42.357+0000] {processor.py:914} INFO - Processing file /home/airflow/.local/lib/python3.12/site-packages/airflow/example_dags/example_trigger_target_dag.py for tasks to queue
[2025-01-12T22:32:42.361+0000] {logging_mixin.py:190} INFO - [2025-01-12T22:32:42.360+0000] {dagbag.py:588} INFO - Filling up the DagBag from /home/airflow/.local/lib/python3.12/site-packages/airflow/example_dags/example_trigger_target_dag.py
[2025-01-12T22:32:42.370+0000] {processor.py:925} INFO - DAG(s) 'example_trigger_target_dag' retrieved from /home/airflow/.local/lib/python3.12/site-packages/airflow/example_dags/example_trigger_target_dag.py
[2025-01-12T22:32:42.393+0000] {logging_mixin.py:190} INFO - [2025-01-12T22:32:42.393+0000] {dag.py:3239} INFO - Sync 1 DAGs
[2025-01-12T22:32:42.410+0000] {logging_mixin.py:190} INFO - [2025-01-12T22:32:42.409+0000] {dag.py:4180} INFO - Setting next_dagrun for example_trigger_target_dag to None, run_after=None
[2025-01-12T22:32:42.508+0000] {processor.py:208} INFO - Processing /home/airflow/.local/lib/python3.12/site-packages/airflow/example_dags/example_trigger_target_dag.py took 0.160 seconds
[2025-01-12T22:58:22.504+0000] {processor.py:186} INFO - Started process (PID=115) to work on /home/airflow/.local/lib/python3.12/site-packages/airflow/example_dags/example_trigger_target_dag.py
[2025-01-12T22:58:22.505+0000] {processor.py:914} INFO - Processing file /home/airflow/.local/lib/python3.12/site-packages/airflow/example_dags/example_trigger_target_dag.py for tasks to queue
[2025-01-12T22:58:22.508+0000] {logging_mixin.py:190} INFO - [2025-01-12T22:58:22.507+0000] {dagbag.py:588} INFO - Filling up the DagBag from /home/airflow/.local/lib/python3.12/site-packages/airflow/example_dags/example_trigger_target_dag.py
[2025-01-12T22:58:22.517+0000] {processor.py:925} INFO - DAG(s) 'example_trigger_target_dag' retrieved from /home/airflow/.local/lib/python3.12/site-packages/airflow/example_dags/example_trigger_target_dag.py
[2025-01-12T22:58:22.543+0000] {logging_mixin.py:190} INFO - [2025-01-12T22:58:22.543+0000] {dag.py:3239} INFO - Sync 1 DAGs
[2025-01-12T22:58:22.560+0000] {logging_mixin.py:190} INFO - [2025-01-12T22:58:22.560+0000] {dag.py:4180} INFO - Setting next_dagrun for example_trigger_target_dag to None, run_after=None
[2025-01-12T22:58:22.606+0000] {processor.py:208} INFO - Processing /home/airflow/.local/lib/python3.12/site-packages/airflow/example_dags/example_trigger_target_dag.py took 0.111 seconds
[2025-01-12T22:58:53.496+0000] {processor.py:186} INFO - Started process (PID=179) to work on /home/airflow/.local/lib/python3.12/site-packages/airflow/example_dags/example_trigger_target_dag.py
[2025-01-12T22:58:53.497+0000] {processor.py:914} INFO - Processing file /home/airflow/.local/lib/python3.12/site-packages/airflow/example_dags/example_trigger_target_dag.py for tasks to queue
[2025-01-12T22:58:53.500+0000] {logging_mixin.py:190} INFO - [2025-01-12T22:58:53.499+0000] {dagbag.py:588} INFO - Filling up the DagBag from /home/airflow/.local/lib/python3.12/site-packages/airflow/example_dags/example_trigger_target_dag.py
[2025-01-12T22:58:53.510+0000] {processor.py:925} INFO - DAG(s) 'example_trigger_target_dag' retrieved from /home/airflow/.local/lib/python3.12/site-packages/airflow/example_dags/example_trigger_target_dag.py
[2025-01-12T22:58:53.532+0000] {logging_mixin.py:190} INFO - [2025-01-12T22:58:53.531+0000] {dag.py:3239} INFO - Sync 1 DAGs
[2025-01-12T22:58:53.550+0000] {logging_mixin.py:190} INFO - [2025-01-12T22:58:53.550+0000] {dag.py:4180} INFO - Setting next_dagrun for example_trigger_target_dag to None, run_after=None
[2025-01-12T22:58:53.621+0000] {processor.py:208} INFO - Processing /home/airflow/.local/lib/python3.12/site-packages/airflow/example_dags/example_trigger_target_dag.py took 0.132 seconds
[2025-01-12T22:59:24.910+0000] {processor.py:186} INFO - Started process (PID=242) to work on /home/airflow/.local/lib/python3.12/site-packages/airflow/example_dags/example_trigger_target_dag.py
[2025-01-12T22:59:24.911+0000] {processor.py:914} INFO - Processing file /home/airflow/.local/lib/python3.12/site-packages/airflow/example_dags/example_trigger_target_dag.py for tasks to queue
[2025-01-12T22:59:24.914+0000] {logging_mixin.py:190} INFO - [2025-01-12T22:59:24.914+0000] {dagbag.py:588} INFO - Filling up the DagBag from /home/airflow/.local/lib/python3.12/site-packages/airflow/example_dags/example_trigger_target_dag.py
[2025-01-12T22:59:24.924+0000] {processor.py:925} INFO - DAG(s) 'example_trigger_target_dag' retrieved from /home/airflow/.local/lib/python3.12/site-packages/airflow/example_dags/example_trigger_target_dag.py
[2025-01-12T22:59:24.946+0000] {logging_mixin.py:190} INFO - [2025-01-12T22:59:24.945+0000] {dag.py:3239} INFO - Sync 1 DAGs
[2025-01-12T22:59:24.962+0000] {logging_mixin.py:190} INFO - [2025-01-12T22:59:24.962+0000] {dag.py:4180} INFO - Setting next_dagrun for example_trigger_target_dag to None, run_after=None
[2025-01-12T22:59:25.069+0000] {processor.py:208} INFO - Processing /home/airflow/.local/lib/python3.12/site-packages/airflow/example_dags/example_trigger_target_dag.py took 0.167 seconds
[2025-01-12T22:59:56.320+0000] {processor.py:186} INFO - Started process (PID=304) to work on /home/airflow/.local/lib/python3.12/site-packages/airflow/example_dags/example_trigger_target_dag.py
[2025-01-12T22:59:56.322+0000] {processor.py:914} INFO - Processing file /home/airflow/.local/lib/python3.12/site-packages/airflow/example_dags/example_trigger_target_dag.py for tasks to queue
[2025-01-12T22:59:56.325+0000] {logging_mixin.py:190} INFO - [2025-01-12T22:59:56.324+0000] {dagbag.py:588} INFO - Filling up the DagBag from /home/airflow/.local/lib/python3.12/site-packages/airflow/example_dags/example_trigger_target_dag.py
[2025-01-12T22:59:56.334+0000] {processor.py:925} INFO - DAG(s) 'example_trigger_target_dag' retrieved from /home/airflow/.local/lib/python3.12/site-packages/airflow/example_dags/example_trigger_target_dag.py
[2025-01-12T22:59:56.357+0000] {logging_mixin.py:190} INFO - [2025-01-12T22:59:56.357+0000] {dag.py:3239} INFO - Sync 1 DAGs
[2025-01-12T22:59:56.373+0000] {logging_mixin.py:190} INFO - [2025-01-12T22:59:56.373+0000] {dag.py:4180} INFO - Setting next_dagrun for example_trigger_target_dag to None, run_after=None
[2025-01-12T22:59:56.428+0000] {processor.py:208} INFO - Processing /home/airflow/.local/lib/python3.12/site-packages/airflow/example_dags/example_trigger_target_dag.py took 0.116 seconds
[2025-01-12T23:00:28.349+0000] {processor.py:186} INFO - Started process (PID=367) to work on /home/airflow/.local/lib/python3.12/site-packages/airflow/example_dags/example_trigger_target_dag.py
[2025-01-12T23:00:28.350+0000] {processor.py:914} INFO - Processing file /home/airflow/.local/lib/python3.12/site-packages/airflow/example_dags/example_trigger_target_dag.py for tasks to queue
[2025-01-12T23:00:28.353+0000] {logging_mixin.py:190} INFO - [2025-01-12T23:00:28.353+0000] {dagbag.py:588} INFO - Filling up the DagBag from /home/airflow/.local/lib/python3.12/site-packages/airflow/example_dags/example_trigger_target_dag.py
[2025-01-12T23:00:28.362+0000] {processor.py:925} INFO - DAG(s) 'example_trigger_target_dag' retrieved from /home/airflow/.local/lib/python3.12/site-packages/airflow/example_dags/example_trigger_target_dag.py
[2025-01-12T23:00:28.388+0000] {logging_mixin.py:190} INFO - [2025-01-12T23:00:28.387+0000] {dag.py:3239} INFO - Sync 1 DAGs
[2025-01-12T23:00:28.405+0000] {logging_mixin.py:190} INFO - [2025-01-12T23:00:28.404+0000] {dag.py:4180} INFO - Setting next_dagrun for example_trigger_target_dag to None, run_after=None
[2025-01-12T23:00:28.498+0000] {processor.py:208} INFO - Processing /home/airflow/.local/lib/python3.12/site-packages/airflow/example_dags/example_trigger_target_dag.py took 0.156 seconds
[2025-01-12T23:01:00.501+0000] {processor.py:186} INFO - Started process (PID=430) to work on /home/airflow/.local/lib/python3.12/site-packages/airflow/example_dags/example_trigger_target_dag.py
[2025-01-12T23:01:00.502+0000] {processor.py:914} INFO - Processing file /home/airflow/.local/lib/python3.12/site-packages/airflow/example_dags/example_trigger_target_dag.py for tasks to queue
[2025-01-12T23:01:00.505+0000] {logging_mixin.py:190} INFO - [2025-01-12T23:01:00.505+0000] {dagbag.py:588} INFO - Filling up the DagBag from /home/airflow/.local/lib/python3.12/site-packages/airflow/example_dags/example_trigger_target_dag.py
[2025-01-12T23:01:00.515+0000] {processor.py:925} INFO - DAG(s) 'example_trigger_target_dag' retrieved from /home/airflow/.local/lib/python3.12/site-packages/airflow/example_dags/example_trigger_target_dag.py
[2025-01-12T23:01:00.538+0000] {logging_mixin.py:190} INFO - [2025-01-12T23:01:00.537+0000] {dag.py:3239} INFO - Sync 1 DAGs
[2025-01-12T23:01:00.554+0000] {logging_mixin.py:190} INFO - [2025-01-12T23:01:00.554+0000] {dag.py:4180} INFO - Setting next_dagrun for example_trigger_target_dag to None, run_after=None
[2025-01-12T23:01:00.670+0000] {processor.py:208} INFO - Processing /home/airflow/.local/lib/python3.12/site-packages/airflow/example_dags/example_trigger_target_dag.py took 0.178 seconds
[2025-01-12T23:01:31.321+0000] {processor.py:186} INFO - Started process (PID=492) to work on /home/airflow/.local/lib/python3.12/site-packages/airflow/example_dags/example_trigger_target_dag.py
[2025-01-12T23:01:31.322+0000] {processor.py:914} INFO - Processing file /home/airflow/.local/lib/python3.12/site-packages/airflow/example_dags/example_trigger_target_dag.py for tasks to queue
[2025-01-12T23:01:31.324+0000] {logging_mixin.py:190} INFO - [2025-01-12T23:01:31.324+0000] {dagbag.py:588} INFO - Filling up the DagBag from /home/airflow/.local/lib/python3.12/site-packages/airflow/example_dags/example_trigger_target_dag.py
[2025-01-12T23:01:31.333+0000] {processor.py:925} INFO - DAG(s) 'example_trigger_target_dag' retrieved from /home/airflow/.local/lib/python3.12/site-packages/airflow/example_dags/example_trigger_target_dag.py
[2025-01-12T23:01:31.354+0000] {logging_mixin.py:190} INFO - [2025-01-12T23:01:31.354+0000] {dag.py:3239} INFO - Sync 1 DAGs
[2025-01-12T23:01:31.370+0000] {logging_mixin.py:190} INFO - [2025-01-12T23:01:31.370+0000] {dag.py:4180} INFO - Setting next_dagrun for example_trigger_target_dag to None, run_after=None
[2025-01-12T23:01:31.453+0000] {processor.py:208} INFO - Processing /home/airflow/.local/lib/python3.12/site-packages/airflow/example_dags/example_trigger_target_dag.py took 0.139 seconds
[2025-01-12T23:02:03.540+0000] {processor.py:186} INFO - Started process (PID=555) to work on /home/airflow/.local/lib/python3.12/site-packages/airflow/example_dags/example_trigger_target_dag.py
[2025-01-12T23:02:03.541+0000] {processor.py:914} INFO - Processing file /home/airflow/.local/lib/python3.12/site-packages/airflow/example_dags/example_trigger_target_dag.py for tasks to queue
[2025-01-12T23:02:03.544+0000] {logging_mixin.py:190} INFO - [2025-01-12T23:02:03.543+0000] {dagbag.py:588} INFO - Filling up the DagBag from /home/airflow/.local/lib/python3.12/site-packages/airflow/example_dags/example_trigger_target_dag.py
[2025-01-12T23:02:03.552+0000] {processor.py:925} INFO - DAG(s) 'example_trigger_target_dag' retrieved from /home/airflow/.local/lib/python3.12/site-packages/airflow/example_dags/example_trigger_target_dag.py
[2025-01-12T23:02:03.573+0000] {logging_mixin.py:190} INFO - [2025-01-12T23:02:03.573+0000] {dag.py:3239} INFO - Sync 1 DAGs
[2025-01-12T23:02:03.589+0000] {logging_mixin.py:190} INFO - [2025-01-12T23:02:03.589+0000] {dag.py:4180} INFO - Setting next_dagrun for example_trigger_target_dag to None, run_after=None
[2025-01-12T23:02:03.822+0000] {processor.py:208} INFO - Processing /home/airflow/.local/lib/python3.12/site-packages/airflow/example_dags/example_trigger_target_dag.py took 0.289 seconds
[2025-01-12T23:02:34.137+0000] {processor.py:186} INFO - Started process (PID=618) to work on /home/airflow/.local/lib/python3.12/site-packages/airflow/example_dags/example_trigger_target_dag.py
[2025-01-12T23:02:34.138+0000] {processor.py:914} INFO - Processing file /home/airflow/.local/lib/python3.12/site-packages/airflow/example_dags/example_trigger_target_dag.py for tasks to queue
[2025-01-12T23:02:34.141+0000] {logging_mixin.py:190} INFO - [2025-01-12T23:02:34.141+0000] {dagbag.py:588} INFO - Filling up the DagBag from /home/airflow/.local/lib/python3.12/site-packages/airflow/example_dags/example_trigger_target_dag.py
[2025-01-12T23:02:34.150+0000] {processor.py:925} INFO - DAG(s) 'example_trigger_target_dag' retrieved from /home/airflow/.local/lib/python3.12/site-packages/airflow/example_dags/example_trigger_target_dag.py
[2025-01-12T23:02:34.173+0000] {logging_mixin.py:190} INFO - [2025-01-12T23:02:34.173+0000] {dag.py:3239} INFO - Sync 1 DAGs
[2025-01-12T23:02:34.190+0000] {logging_mixin.py:190} INFO - [2025-01-12T23:02:34.190+0000] {dag.py:4180} INFO - Setting next_dagrun for example_trigger_target_dag to None, run_after=None
[2025-01-12T23:02:34.295+0000] {processor.py:208} INFO - Processing /home/airflow/.local/lib/python3.12/site-packages/airflow/example_dags/example_trigger_target_dag.py took 0.164 seconds
[2025-01-12T23:03:05.612+0000] {processor.py:186} INFO - Started process (PID=681) to work on /home/airflow/.local/lib/python3.12/site-packages/airflow/example_dags/example_trigger_target_dag.py
[2025-01-12T23:03:05.613+0000] {processor.py:914} INFO - Processing file /home/airflow/.local/lib/python3.12/site-packages/airflow/example_dags/example_trigger_target_dag.py for tasks to queue
[2025-01-12T23:03:05.616+0000] {logging_mixin.py:190} INFO - [2025-01-12T23:03:05.616+0000] {dagbag.py:588} INFO - Filling up the DagBag from /home/airflow/.local/lib/python3.12/site-packages/airflow/example_dags/example_trigger_target_dag.py
[2025-01-12T23:03:05.626+0000] {processor.py:925} INFO - DAG(s) 'example_trigger_target_dag' retrieved from /home/airflow/.local/lib/python3.12/site-packages/airflow/example_dags/example_trigger_target_dag.py
[2025-01-12T23:03:05.648+0000] {logging_mixin.py:190} INFO - [2025-01-12T23:03:05.648+0000] {dag.py:3239} INFO - Sync 1 DAGs
[2025-01-12T23:03:05.665+0000] {logging_mixin.py:190} INFO - [2025-01-12T23:03:05.665+0000] {dag.py:4180} INFO - Setting next_dagrun for example_trigger_target_dag to None, run_after=None
[2025-01-12T23:03:05.732+0000] {processor.py:208} INFO - Processing /home/airflow/.local/lib/python3.12/site-packages/airflow/example_dags/example_trigger_target_dag.py took 0.127 seconds
[2025-01-12T23:03:36.637+0000] {processor.py:186} INFO - Started process (PID=744) to work on /home/airflow/.local/lib/python3.12/site-packages/airflow/example_dags/example_trigger_target_dag.py
[2025-01-12T23:03:36.638+0000] {processor.py:914} INFO - Processing file /home/airflow/.local/lib/python3.12/site-packages/airflow/example_dags/example_trigger_target_dag.py for tasks to queue
[2025-01-12T23:03:36.641+0000] {logging_mixin.py:190} INFO - [2025-01-12T23:03:36.641+0000] {dagbag.py:588} INFO - Filling up the DagBag from /home/airflow/.local/lib/python3.12/site-packages/airflow/example_dags/example_trigger_target_dag.py
[2025-01-12T23:03:36.651+0000] {processor.py:925} INFO - DAG(s) 'example_trigger_target_dag' retrieved from /home/airflow/.local/lib/python3.12/site-packages/airflow/example_dags/example_trigger_target_dag.py
[2025-01-12T23:03:36.676+0000] {logging_mixin.py:190} INFO - [2025-01-12T23:03:36.675+0000] {dag.py:3239} INFO - Sync 1 DAGs
[2025-01-12T23:03:36.694+0000] {logging_mixin.py:190} INFO - [2025-01-12T23:03:36.694+0000] {dag.py:4180} INFO - Setting next_dagrun for example_trigger_target_dag to None, run_after=None
[2025-01-12T23:03:36.802+0000] {processor.py:208} INFO - Processing /home/airflow/.local/lib/python3.12/site-packages/airflow/example_dags/example_trigger_target_dag.py took 0.172 seconds
[2025-01-12T23:04:08.104+0000] {processor.py:186} INFO - Started process (PID=807) to work on /home/airflow/.local/lib/python3.12/site-packages/airflow/example_dags/example_trigger_target_dag.py
[2025-01-12T23:04:08.106+0000] {processor.py:914} INFO - Processing file /home/airflow/.local/lib/python3.12/site-packages/airflow/example_dags/example_trigger_target_dag.py for tasks to queue
[2025-01-12T23:04:08.109+0000] {logging_mixin.py:190} INFO - [2025-01-12T23:04:08.108+0000] {dagbag.py:588} INFO - Filling up the DagBag from /home/airflow/.local/lib/python3.12/site-packages/airflow/example_dags/example_trigger_target_dag.py
[2025-01-12T23:04:08.119+0000] {processor.py:925} INFO - DAG(s) 'example_trigger_target_dag' retrieved from /home/airflow/.local/lib/python3.12/site-packages/airflow/example_dags/example_trigger_target_dag.py
[2025-01-12T23:04:08.148+0000] {logging_mixin.py:190} INFO - [2025-01-12T23:04:08.147+0000] {dag.py:3239} INFO - Sync 1 DAGs
[2025-01-12T23:04:08.167+0000] {logging_mixin.py:190} INFO - [2025-01-12T23:04:08.167+0000] {dag.py:4180} INFO - Setting next_dagrun for example_trigger_target_dag to None, run_after=None
[2025-01-12T23:04:08.214+0000] {processor.py:208} INFO - Processing /home/airflow/.local/lib/python3.12/site-packages/airflow/example_dags/example_trigger_target_dag.py took 0.117 seconds
[2025-01-12T23:04:39.509+0000] {processor.py:186} INFO - Started process (PID=870) to work on /home/airflow/.local/lib/python3.12/site-packages/airflow/example_dags/example_trigger_target_dag.py
[2025-01-12T23:04:39.511+0000] {processor.py:914} INFO - Processing file /home/airflow/.local/lib/python3.12/site-packages/airflow/example_dags/example_trigger_target_dag.py for tasks to queue
[2025-01-12T23:04:39.514+0000] {logging_mixin.py:190} INFO - [2025-01-12T23:04:39.514+0000] {dagbag.py:588} INFO - Filling up the DagBag from /home/airflow/.local/lib/python3.12/site-packages/airflow/example_dags/example_trigger_target_dag.py
[2025-01-12T23:04:39.523+0000] {processor.py:925} INFO - DAG(s) 'example_trigger_target_dag' retrieved from /home/airflow/.local/lib/python3.12/site-packages/airflow/example_dags/example_trigger_target_dag.py
[2025-01-12T23:04:39.549+0000] {logging_mixin.py:190} INFO - [2025-01-12T23:04:39.549+0000] {dag.py:3239} INFO - Sync 1 DAGs
[2025-01-12T23:04:39.566+0000] {logging_mixin.py:190} INFO - [2025-01-12T23:04:39.566+0000] {dag.py:4180} INFO - Setting next_dagrun for example_trigger_target_dag to None, run_after=None
[2025-01-12T23:04:39.627+0000] {processor.py:208} INFO - Processing /home/airflow/.local/lib/python3.12/site-packages/airflow/example_dags/example_trigger_target_dag.py took 0.125 seconds
[2025-01-12T23:05:10.758+0000] {processor.py:186} INFO - Started process (PID=933) to work on /home/airflow/.local/lib/python3.12/site-packages/airflow/example_dags/example_trigger_target_dag.py
[2025-01-12T23:05:10.759+0000] {processor.py:914} INFO - Processing file /home/airflow/.local/lib/python3.12/site-packages/airflow/example_dags/example_trigger_target_dag.py for tasks to queue
[2025-01-12T23:05:10.762+0000] {logging_mixin.py:190} INFO - [2025-01-12T23:05:10.762+0000] {dagbag.py:588} INFO - Filling up the DagBag from /home/airflow/.local/lib/python3.12/site-packages/airflow/example_dags/example_trigger_target_dag.py
[2025-01-12T23:05:10.773+0000] {processor.py:925} INFO - DAG(s) 'example_trigger_target_dag' retrieved from /home/airflow/.local/lib/python3.12/site-packages/airflow/example_dags/example_trigger_target_dag.py
[2025-01-12T23:05:10.797+0000] {logging_mixin.py:190} INFO - [2025-01-12T23:05:10.797+0000] {dag.py:3239} INFO - Sync 1 DAGs
[2025-01-12T23:05:10.816+0000] {logging_mixin.py:190} INFO - [2025-01-12T23:05:10.815+0000] {dag.py:4180} INFO - Setting next_dagrun for example_trigger_target_dag to None, run_after=None
[2025-01-12T23:05:10.867+0000] {processor.py:208} INFO - Processing /home/airflow/.local/lib/python3.12/site-packages/airflow/example_dags/example_trigger_target_dag.py took 0.117 seconds
