[2025-01-12T22:29:59.967+0000] {processor.py:186} INFO - Started process (PID=94) to work on /home/airflow/.local/lib/python3.12/site-packages/airflow/example_dags/example_bash_operator.py
[2025-01-12T22:29:59.969+0000] {processor.py:914} INFO - Processing file /home/airflow/.local/lib/python3.12/site-packages/airflow/example_dags/example_bash_operator.py for tasks to queue
[2025-01-12T22:30:00.935+0000] {logging_mixin.py:190} INFO - [2025-01-12T22:30:00.935+0000] {dagbag.py:588} INFO - Filling up the DagBag from /home/airflow/.local/lib/python3.12/site-packages/airflow/example_dags/example_bash_operator.py
[2025-01-12T22:30:02.065+0000] {processor.py:925} INFO - DAG(s) 'example_bash_operator' retrieved from /home/airflow/.local/lib/python3.12/site-packages/airflow/example_dags/example_bash_operator.py
[2025-01-12T22:30:09.900+0000] {logging_mixin.py:190} INFO - [2025-01-12T22:30:09.899+0000] {override.py:1911} INFO - Created Permission View: can read on DAG:example_bash_operator
[2025-01-12T22:30:10.607+0000] {logging_mixin.py:190} INFO - [2025-01-12T22:30:10.607+0000] {override.py:1911} INFO - Created Permission View: can delete on DAG:example_bash_operator
[2025-01-12T22:30:10.771+0000] {logging_mixin.py:190} INFO - [2025-01-12T22:30:10.771+0000] {override.py:1911} INFO - Created Permission View: can edit on DAG:example_bash_operator
[2025-01-12T22:30:11.543+0000] {logging_mixin.py:190} INFO - [2025-01-12T22:30:11.542+0000] {override.py:1911} INFO - Created Permission View: menu access on DAG Run:example_bash_operator
[2025-01-12T22:30:11.739+0000] {logging_mixin.py:190} INFO - [2025-01-12T22:30:11.738+0000] {override.py:1911} INFO - Created Permission View: can create on DAG Run:example_bash_operator
[2025-01-12T22:30:12.205+0000] {logging_mixin.py:190} INFO - [2025-01-12T22:30:12.205+0000] {override.py:1911} INFO - Created Permission View: can read on DAG Run:example_bash_operator
[2025-01-12T22:30:12.650+0000] {logging_mixin.py:190} INFO - [2025-01-12T22:30:12.649+0000] {override.py:1911} INFO - Created Permission View: can delete on DAG Run:example_bash_operator
[2025-01-12T22:30:12.651+0000] {logging_mixin.py:190} INFO - [2025-01-12T22:30:12.651+0000] {dag.py:3239} INFO - Sync 1 DAGs
[2025-01-12T22:30:12.835+0000] {logging_mixin.py:190} INFO - [2025-01-12T22:30:12.835+0000] {dag.py:3262} INFO - Creating ORM DAG for example_bash_operator
[2025-01-12T22:30:12.967+0000] {logging_mixin.py:190} INFO - [2025-01-12T22:30:12.967+0000] {dag.py:4180} INFO - Setting next_dagrun for example_bash_operator to 2025-01-11 00:00:00+00:00, run_after=2025-01-12 00:00:00+00:00
[2025-01-12T22:30:14.124+0000] {processor.py:208} INFO - Processing /home/airflow/.local/lib/python3.12/site-packages/airflow/example_dags/example_bash_operator.py took 14.866 seconds
[2025-01-12T22:31:28.261+0000] {processor.py:186} INFO - Started process (PID=169) to work on /home/airflow/.local/lib/python3.12/site-packages/airflow/example_dags/example_bash_operator.py
[2025-01-12T22:31:28.262+0000] {processor.py:914} INFO - Processing file /home/airflow/.local/lib/python3.12/site-packages/airflow/example_dags/example_bash_operator.py for tasks to queue
[2025-01-12T22:31:28.265+0000] {logging_mixin.py:190} INFO - [2025-01-12T22:31:28.265+0000] {dagbag.py:588} INFO - Filling up the DagBag from /home/airflow/.local/lib/python3.12/site-packages/airflow/example_dags/example_bash_operator.py
[2025-01-12T22:31:28.395+0000] {processor.py:925} INFO - DAG(s) 'example_bash_operator' retrieved from /home/airflow/.local/lib/python3.12/site-packages/airflow/example_dags/example_bash_operator.py
[2025-01-12T22:31:28.462+0000] {logging_mixin.py:190} INFO - [2025-01-12T22:31:28.462+0000] {dag.py:3239} INFO - Sync 1 DAGs
[2025-01-12T22:31:28.502+0000] {logging_mixin.py:190} INFO - [2025-01-12T22:31:28.501+0000] {dag.py:4180} INFO - Setting next_dagrun for example_bash_operator to 2025-01-11 00:00:00+00:00, run_after=2025-01-12 00:00:00+00:00
[2025-01-12T22:31:29.355+0000] {processor.py:208} INFO - Processing /home/airflow/.local/lib/python3.12/site-packages/airflow/example_dags/example_bash_operator.py took 1.102 seconds
[2025-01-12T22:31:59.933+0000] {processor.py:186} INFO - Started process (PID=232) to work on /home/airflow/.local/lib/python3.12/site-packages/airflow/example_dags/example_bash_operator.py
[2025-01-12T22:31:59.935+0000] {processor.py:914} INFO - Processing file /home/airflow/.local/lib/python3.12/site-packages/airflow/example_dags/example_bash_operator.py for tasks to queue
[2025-01-12T22:31:59.938+0000] {logging_mixin.py:190} INFO - [2025-01-12T22:31:59.937+0000] {dagbag.py:588} INFO - Filling up the DagBag from /home/airflow/.local/lib/python3.12/site-packages/airflow/example_dags/example_bash_operator.py
[2025-01-12T22:31:59.953+0000] {processor.py:925} INFO - DAG(s) 'example_bash_operator' retrieved from /home/airflow/.local/lib/python3.12/site-packages/airflow/example_dags/example_bash_operator.py
[2025-01-12T22:31:59.985+0000] {logging_mixin.py:190} INFO - [2025-01-12T22:31:59.985+0000] {dag.py:3239} INFO - Sync 1 DAGs
[2025-01-12T22:32:00.015+0000] {logging_mixin.py:190} INFO - [2025-01-12T22:32:00.015+0000] {dag.py:4180} INFO - Setting next_dagrun for example_bash_operator to 2025-01-11 00:00:00+00:00, run_after=2025-01-12 00:00:00+00:00
[2025-01-12T22:32:00.525+0000] {processor.py:208} INFO - Processing /home/airflow/.local/lib/python3.12/site-packages/airflow/example_dags/example_bash_operator.py took 0.599 seconds
[2025-01-12T22:32:30.964+0000] {processor.py:186} INFO - Started process (PID=295) to work on /home/airflow/.local/lib/python3.12/site-packages/airflow/example_dags/example_bash_operator.py
[2025-01-12T22:32:30.966+0000] {processor.py:914} INFO - Processing file /home/airflow/.local/lib/python3.12/site-packages/airflow/example_dags/example_bash_operator.py for tasks to queue
[2025-01-12T22:32:30.968+0000] {logging_mixin.py:190} INFO - [2025-01-12T22:32:30.968+0000] {dagbag.py:588} INFO - Filling up the DagBag from /home/airflow/.local/lib/python3.12/site-packages/airflow/example_dags/example_bash_operator.py
[2025-01-12T22:32:30.987+0000] {processor.py:925} INFO - DAG(s) 'example_bash_operator' retrieved from /home/airflow/.local/lib/python3.12/site-packages/airflow/example_dags/example_bash_operator.py
[2025-01-12T22:32:31.019+0000] {logging_mixin.py:190} INFO - [2025-01-12T22:32:31.019+0000] {dag.py:3239} INFO - Sync 1 DAGs
[2025-01-12T22:32:31.048+0000] {logging_mixin.py:190} INFO - [2025-01-12T22:32:31.047+0000] {dag.py:4180} INFO - Setting next_dagrun for example_bash_operator to 2025-01-11 00:00:00+00:00, run_after=2025-01-12 00:00:00+00:00
[2025-01-12T22:32:31.145+0000] {processor.py:208} INFO - Processing /home/airflow/.local/lib/python3.12/site-packages/airflow/example_dags/example_bash_operator.py took 0.187 seconds
[2025-01-12T22:33:01.753+0000] {processor.py:186} INFO - Started process (PID=356) to work on /home/airflow/.local/lib/python3.12/site-packages/airflow/example_dags/example_bash_operator.py
[2025-01-12T22:33:01.754+0000] {processor.py:914} INFO - Processing file /home/airflow/.local/lib/python3.12/site-packages/airflow/example_dags/example_bash_operator.py for tasks to queue
[2025-01-12T22:33:01.758+0000] {logging_mixin.py:190} INFO - [2025-01-12T22:33:01.758+0000] {dagbag.py:588} INFO - Filling up the DagBag from /home/airflow/.local/lib/python3.12/site-packages/airflow/example_dags/example_bash_operator.py
[2025-01-12T22:33:01.775+0000] {processor.py:925} INFO - DAG(s) 'example_bash_operator' retrieved from /home/airflow/.local/lib/python3.12/site-packages/airflow/example_dags/example_bash_operator.py
[2025-01-12T22:33:01.807+0000] {logging_mixin.py:190} INFO - [2025-01-12T22:33:01.807+0000] {dag.py:3239} INFO - Sync 1 DAGs
[2025-01-12T22:33:01.836+0000] {logging_mixin.py:190} INFO - [2025-01-12T22:33:01.836+0000] {dag.py:4180} INFO - Setting next_dagrun for example_bash_operator to 2025-01-11 00:00:00+00:00, run_after=2025-01-12 00:00:00+00:00
[2025-01-12T22:33:02.047+0000] {processor.py:208} INFO - Processing /home/airflow/.local/lib/python3.12/site-packages/airflow/example_dags/example_bash_operator.py took 0.300 seconds
[2025-01-12T22:58:13.688+0000] {processor.py:186} INFO - Started process (PID=87) to work on /home/airflow/.local/lib/python3.12/site-packages/airflow/example_dags/example_bash_operator.py
[2025-01-12T22:58:13.690+0000] {processor.py:914} INFO - Processing file /home/airflow/.local/lib/python3.12/site-packages/airflow/example_dags/example_bash_operator.py for tasks to queue
[2025-01-12T22:58:13.693+0000] {logging_mixin.py:190} INFO - [2025-01-12T22:58:13.692+0000] {dagbag.py:588} INFO - Filling up the DagBag from /home/airflow/.local/lib/python3.12/site-packages/airflow/example_dags/example_bash_operator.py
[2025-01-12T22:58:13.707+0000] {processor.py:925} INFO - DAG(s) 'example_bash_operator' retrieved from /home/airflow/.local/lib/python3.12/site-packages/airflow/example_dags/example_bash_operator.py
[2025-01-12T22:58:13.747+0000] {logging_mixin.py:190} INFO - [2025-01-12T22:58:13.746+0000] {dag.py:3239} INFO - Sync 1 DAGs
[2025-01-12T22:58:13.774+0000] {logging_mixin.py:190} INFO - [2025-01-12T22:58:13.774+0000] {dag.py:4180} INFO - Setting next_dagrun for example_bash_operator to 2025-01-11 00:00:00+00:00, run_after=2025-01-12 00:00:00+00:00
[2025-01-12T22:58:13.837+0000] {processor.py:208} INFO - Processing /home/airflow/.local/lib/python3.12/site-packages/airflow/example_dags/example_bash_operator.py took 0.155 seconds
[2025-01-12T22:58:44.021+0000] {processor.py:186} INFO - Started process (PID=149) to work on /home/airflow/.local/lib/python3.12/site-packages/airflow/example_dags/example_bash_operator.py
[2025-01-12T22:58:44.022+0000] {processor.py:914} INFO - Processing file /home/airflow/.local/lib/python3.12/site-packages/airflow/example_dags/example_bash_operator.py for tasks to queue
[2025-01-12T22:58:44.025+0000] {logging_mixin.py:190} INFO - [2025-01-12T22:58:44.025+0000] {dagbag.py:588} INFO - Filling up the DagBag from /home/airflow/.local/lib/python3.12/site-packages/airflow/example_dags/example_bash_operator.py
[2025-01-12T22:58:44.040+0000] {processor.py:925} INFO - DAG(s) 'example_bash_operator' retrieved from /home/airflow/.local/lib/python3.12/site-packages/airflow/example_dags/example_bash_operator.py
[2025-01-12T22:58:44.071+0000] {logging_mixin.py:190} INFO - [2025-01-12T22:58:44.071+0000] {dag.py:3239} INFO - Sync 1 DAGs
[2025-01-12T22:58:44.099+0000] {logging_mixin.py:190} INFO - [2025-01-12T22:58:44.099+0000] {dag.py:4180} INFO - Setting next_dagrun for example_bash_operator to 2025-01-11 00:00:00+00:00, run_after=2025-01-12 00:00:00+00:00
[2025-01-12T22:58:44.151+0000] {processor.py:208} INFO - Processing /home/airflow/.local/lib/python3.12/site-packages/airflow/example_dags/example_bash_operator.py took 0.136 seconds
[2025-01-12T22:59:15.199+0000] {processor.py:186} INFO - Started process (PID=213) to work on /home/airflow/.local/lib/python3.12/site-packages/airflow/example_dags/example_bash_operator.py
[2025-01-12T22:59:15.200+0000] {processor.py:914} INFO - Processing file /home/airflow/.local/lib/python3.12/site-packages/airflow/example_dags/example_bash_operator.py for tasks to queue
[2025-01-12T22:59:15.203+0000] {logging_mixin.py:190} INFO - [2025-01-12T22:59:15.202+0000] {dagbag.py:588} INFO - Filling up the DagBag from /home/airflow/.local/lib/python3.12/site-packages/airflow/example_dags/example_bash_operator.py
[2025-01-12T22:59:15.218+0000] {processor.py:925} INFO - DAG(s) 'example_bash_operator' retrieved from /home/airflow/.local/lib/python3.12/site-packages/airflow/example_dags/example_bash_operator.py
[2025-01-12T22:59:15.252+0000] {logging_mixin.py:190} INFO - [2025-01-12T22:59:15.252+0000] {dag.py:3239} INFO - Sync 1 DAGs
[2025-01-12T22:59:15.282+0000] {logging_mixin.py:190} INFO - [2025-01-12T22:59:15.282+0000] {dag.py:4180} INFO - Setting next_dagrun for example_bash_operator to 2025-01-11 00:00:00+00:00, run_after=2025-01-12 00:00:00+00:00
[2025-01-12T22:59:15.333+0000] {processor.py:208} INFO - Processing /home/airflow/.local/lib/python3.12/site-packages/airflow/example_dags/example_bash_operator.py took 0.141 seconds
[2025-01-12T22:59:45.911+0000] {processor.py:186} INFO - Started process (PID=276) to work on /home/airflow/.local/lib/python3.12/site-packages/airflow/example_dags/example_bash_operator.py
[2025-01-12T22:59:45.912+0000] {processor.py:914} INFO - Processing file /home/airflow/.local/lib/python3.12/site-packages/airflow/example_dags/example_bash_operator.py for tasks to queue
[2025-01-12T22:59:45.915+0000] {logging_mixin.py:190} INFO - [2025-01-12T22:59:45.915+0000] {dagbag.py:588} INFO - Filling up the DagBag from /home/airflow/.local/lib/python3.12/site-packages/airflow/example_dags/example_bash_operator.py
[2025-01-12T22:59:45.931+0000] {processor.py:925} INFO - DAG(s) 'example_bash_operator' retrieved from /home/airflow/.local/lib/python3.12/site-packages/airflow/example_dags/example_bash_operator.py
[2025-01-12T22:59:45.963+0000] {logging_mixin.py:190} INFO - [2025-01-12T22:59:45.962+0000] {dag.py:3239} INFO - Sync 1 DAGs
[2025-01-12T22:59:45.990+0000] {logging_mixin.py:190} INFO - [2025-01-12T22:59:45.990+0000] {dag.py:4180} INFO - Setting next_dagrun for example_bash_operator to 2025-01-11 00:00:00+00:00, run_after=2025-01-12 00:00:00+00:00
[2025-01-12T22:59:46.050+0000] {processor.py:208} INFO - Processing /home/airflow/.local/lib/python3.12/site-packages/airflow/example_dags/example_bash_operator.py took 0.145 seconds
[2025-01-12T23:00:17.428+0000] {processor.py:186} INFO - Started process (PID=339) to work on /home/airflow/.local/lib/python3.12/site-packages/airflow/example_dags/example_bash_operator.py
[2025-01-12T23:00:17.429+0000] {processor.py:914} INFO - Processing file /home/airflow/.local/lib/python3.12/site-packages/airflow/example_dags/example_bash_operator.py for tasks to queue
[2025-01-12T23:00:17.432+0000] {logging_mixin.py:190} INFO - [2025-01-12T23:00:17.431+0000] {dagbag.py:588} INFO - Filling up the DagBag from /home/airflow/.local/lib/python3.12/site-packages/airflow/example_dags/example_bash_operator.py
[2025-01-12T23:00:17.448+0000] {processor.py:925} INFO - DAG(s) 'example_bash_operator' retrieved from /home/airflow/.local/lib/python3.12/site-packages/airflow/example_dags/example_bash_operator.py
[2025-01-12T23:00:17.486+0000] {logging_mixin.py:190} INFO - [2025-01-12T23:00:17.486+0000] {dag.py:3239} INFO - Sync 1 DAGs
[2025-01-12T23:00:17.517+0000] {logging_mixin.py:190} INFO - [2025-01-12T23:00:17.517+0000] {dag.py:4180} INFO - Setting next_dagrun for example_bash_operator to 2025-01-11 00:00:00+00:00, run_after=2025-01-12 00:00:00+00:00
[2025-01-12T23:00:17.591+0000] {processor.py:208} INFO - Processing /home/airflow/.local/lib/python3.12/site-packages/airflow/example_dags/example_bash_operator.py took 0.170 seconds
[2025-01-12T23:00:48.627+0000] {processor.py:186} INFO - Started process (PID=408) to work on /home/airflow/.local/lib/python3.12/site-packages/airflow/example_dags/example_bash_operator.py
[2025-01-12T23:00:48.628+0000] {processor.py:914} INFO - Processing file /home/airflow/.local/lib/python3.12/site-packages/airflow/example_dags/example_bash_operator.py for tasks to queue
[2025-01-12T23:00:48.631+0000] {logging_mixin.py:190} INFO - [2025-01-12T23:00:48.631+0000] {dagbag.py:588} INFO - Filling up the DagBag from /home/airflow/.local/lib/python3.12/site-packages/airflow/example_dags/example_bash_operator.py
[2025-01-12T23:00:48.648+0000] {processor.py:925} INFO - DAG(s) 'example_bash_operator' retrieved from /home/airflow/.local/lib/python3.12/site-packages/airflow/example_dags/example_bash_operator.py
[2025-01-12T23:00:48.682+0000] {logging_mixin.py:190} INFO - [2025-01-12T23:00:48.682+0000] {dag.py:3239} INFO - Sync 1 DAGs
[2025-01-12T23:00:48.712+0000] {logging_mixin.py:190} INFO - [2025-01-12T23:00:48.711+0000] {dag.py:4180} INFO - Setting next_dagrun for example_bash_operator to 2025-01-11 00:00:00+00:00, run_after=2025-01-12 00:00:00+00:00
[2025-01-12T23:00:48.911+0000] {processor.py:208} INFO - Processing /home/airflow/.local/lib/python3.12/site-packages/airflow/example_dags/example_bash_operator.py took 0.292 seconds
[2025-01-12T23:01:18.965+0000] {processor.py:186} INFO - Started process (PID=470) to work on /home/airflow/.local/lib/python3.12/site-packages/airflow/example_dags/example_bash_operator.py
[2025-01-12T23:01:18.966+0000] {processor.py:914} INFO - Processing file /home/airflow/.local/lib/python3.12/site-packages/airflow/example_dags/example_bash_operator.py for tasks to queue
[2025-01-12T23:01:18.969+0000] {logging_mixin.py:190} INFO - [2025-01-12T23:01:18.969+0000] {dagbag.py:588} INFO - Filling up the DagBag from /home/airflow/.local/lib/python3.12/site-packages/airflow/example_dags/example_bash_operator.py
[2025-01-12T23:01:18.987+0000] {processor.py:925} INFO - DAG(s) 'example_bash_operator' retrieved from /home/airflow/.local/lib/python3.12/site-packages/airflow/example_dags/example_bash_operator.py
[2025-01-12T23:01:19.021+0000] {logging_mixin.py:190} INFO - [2025-01-12T23:01:19.021+0000] {dag.py:3239} INFO - Sync 1 DAGs
[2025-01-12T23:01:19.053+0000] {logging_mixin.py:190} INFO - [2025-01-12T23:01:19.053+0000] {dag.py:4180} INFO - Setting next_dagrun for example_bash_operator to 2025-01-11 00:00:00+00:00, run_after=2025-01-12 00:00:00+00:00
[2025-01-12T23:01:19.150+0000] {processor.py:208} INFO - Processing /home/airflow/.local/lib/python3.12/site-packages/airflow/example_dags/example_bash_operator.py took 0.193 seconds
[2025-01-12T23:01:49.451+0000] {processor.py:186} INFO - Started process (PID=533) to work on /home/airflow/.local/lib/python3.12/site-packages/airflow/example_dags/example_bash_operator.py
[2025-01-12T23:01:49.452+0000] {processor.py:914} INFO - Processing file /home/airflow/.local/lib/python3.12/site-packages/airflow/example_dags/example_bash_operator.py for tasks to queue
[2025-01-12T23:01:49.455+0000] {logging_mixin.py:190} INFO - [2025-01-12T23:01:49.454+0000] {dagbag.py:588} INFO - Filling up the DagBag from /home/airflow/.local/lib/python3.12/site-packages/airflow/example_dags/example_bash_operator.py
[2025-01-12T23:01:49.472+0000] {processor.py:925} INFO - DAG(s) 'example_bash_operator' retrieved from /home/airflow/.local/lib/python3.12/site-packages/airflow/example_dags/example_bash_operator.py
[2025-01-12T23:01:49.510+0000] {logging_mixin.py:190} INFO - [2025-01-12T23:01:49.510+0000] {dag.py:3239} INFO - Sync 1 DAGs
[2025-01-12T23:01:49.546+0000] {logging_mixin.py:190} INFO - [2025-01-12T23:01:49.546+0000] {dag.py:4180} INFO - Setting next_dagrun for example_bash_operator to 2025-01-11 00:00:00+00:00, run_after=2025-01-12 00:00:00+00:00
[2025-01-12T23:01:49.670+0000] {processor.py:208} INFO - Processing /home/airflow/.local/lib/python3.12/site-packages/airflow/example_dags/example_bash_operator.py took 0.226 seconds
[2025-01-12T23:02:19.727+0000] {processor.py:186} INFO - Started process (PID=596) to work on /home/airflow/.local/lib/python3.12/site-packages/airflow/example_dags/example_bash_operator.py
[2025-01-12T23:02:19.728+0000] {processor.py:914} INFO - Processing file /home/airflow/.local/lib/python3.12/site-packages/airflow/example_dags/example_bash_operator.py for tasks to queue
[2025-01-12T23:02:19.731+0000] {logging_mixin.py:190} INFO - [2025-01-12T23:02:19.730+0000] {dagbag.py:588} INFO - Filling up the DagBag from /home/airflow/.local/lib/python3.12/site-packages/airflow/example_dags/example_bash_operator.py
[2025-01-12T23:02:19.747+0000] {processor.py:925} INFO - DAG(s) 'example_bash_operator' retrieved from /home/airflow/.local/lib/python3.12/site-packages/airflow/example_dags/example_bash_operator.py
[2025-01-12T23:02:19.780+0000] {logging_mixin.py:190} INFO - [2025-01-12T23:02:19.779+0000] {dag.py:3239} INFO - Sync 1 DAGs
[2025-01-12T23:02:19.811+0000] {logging_mixin.py:190} INFO - [2025-01-12T23:02:19.810+0000] {dag.py:4180} INFO - Setting next_dagrun for example_bash_operator to 2025-01-11 00:00:00+00:00, run_after=2025-01-12 00:00:00+00:00
[2025-01-12T23:02:19.880+0000] {processor.py:208} INFO - Processing /home/airflow/.local/lib/python3.12/site-packages/airflow/example_dags/example_bash_operator.py took 0.160 seconds
[2025-01-12T23:02:51.172+0000] {processor.py:186} INFO - Started process (PID=659) to work on /home/airflow/.local/lib/python3.12/site-packages/airflow/example_dags/example_bash_operator.py
[2025-01-12T23:02:51.173+0000] {processor.py:914} INFO - Processing file /home/airflow/.local/lib/python3.12/site-packages/airflow/example_dags/example_bash_operator.py for tasks to queue
[2025-01-12T23:02:51.176+0000] {logging_mixin.py:190} INFO - [2025-01-12T23:02:51.176+0000] {dagbag.py:588} INFO - Filling up the DagBag from /home/airflow/.local/lib/python3.12/site-packages/airflow/example_dags/example_bash_operator.py
[2025-01-12T23:02:51.195+0000] {processor.py:925} INFO - DAG(s) 'example_bash_operator' retrieved from /home/airflow/.local/lib/python3.12/site-packages/airflow/example_dags/example_bash_operator.py
[2025-01-12T23:02:51.233+0000] {logging_mixin.py:190} INFO - [2025-01-12T23:02:51.232+0000] {dag.py:3239} INFO - Sync 1 DAGs
[2025-01-12T23:02:51.274+0000] {logging_mixin.py:190} INFO - [2025-01-12T23:02:51.273+0000] {dag.py:4180} INFO - Setting next_dagrun for example_bash_operator to 2025-01-11 00:00:00+00:00, run_after=2025-01-12 00:00:00+00:00
[2025-01-12T23:02:51.343+0000] {processor.py:208} INFO - Processing /home/airflow/.local/lib/python3.12/site-packages/airflow/example_dags/example_bash_operator.py took 0.179 seconds
[2025-01-12T23:03:21.754+0000] {processor.py:186} INFO - Started process (PID=722) to work on /home/airflow/.local/lib/python3.12/site-packages/airflow/example_dags/example_bash_operator.py
[2025-01-12T23:03:21.755+0000] {processor.py:914} INFO - Processing file /home/airflow/.local/lib/python3.12/site-packages/airflow/example_dags/example_bash_operator.py for tasks to queue
[2025-01-12T23:03:21.758+0000] {logging_mixin.py:190} INFO - [2025-01-12T23:03:21.757+0000] {dagbag.py:588} INFO - Filling up the DagBag from /home/airflow/.local/lib/python3.12/site-packages/airflow/example_dags/example_bash_operator.py
[2025-01-12T23:03:21.777+0000] {processor.py:925} INFO - DAG(s) 'example_bash_operator' retrieved from /home/airflow/.local/lib/python3.12/site-packages/airflow/example_dags/example_bash_operator.py
[2025-01-12T23:03:21.810+0000] {logging_mixin.py:190} INFO - [2025-01-12T23:03:21.810+0000] {dag.py:3239} INFO - Sync 1 DAGs
[2025-01-12T23:03:21.839+0000] {logging_mixin.py:190} INFO - [2025-01-12T23:03:21.839+0000] {dag.py:4180} INFO - Setting next_dagrun for example_bash_operator to 2025-01-11 00:00:00+00:00, run_after=2025-01-12 00:00:00+00:00
[2025-01-12T23:03:22.359+0000] {processor.py:208} INFO - Processing /home/airflow/.local/lib/python3.12/site-packages/airflow/example_dags/example_bash_operator.py took 0.613 seconds
[2025-01-12T23:03:52.843+0000] {processor.py:186} INFO - Started process (PID=785) to work on /home/airflow/.local/lib/python3.12/site-packages/airflow/example_dags/example_bash_operator.py
[2025-01-12T23:03:52.845+0000] {processor.py:914} INFO - Processing file /home/airflow/.local/lib/python3.12/site-packages/airflow/example_dags/example_bash_operator.py for tasks to queue
[2025-01-12T23:03:52.848+0000] {logging_mixin.py:190} INFO - [2025-01-12T23:03:52.848+0000] {dagbag.py:588} INFO - Filling up the DagBag from /home/airflow/.local/lib/python3.12/site-packages/airflow/example_dags/example_bash_operator.py
[2025-01-12T23:03:52.882+0000] {processor.py:925} INFO - DAG(s) 'example_bash_operator' retrieved from /home/airflow/.local/lib/python3.12/site-packages/airflow/example_dags/example_bash_operator.py
[2025-01-12T23:03:52.952+0000] {logging_mixin.py:190} INFO - [2025-01-12T23:03:52.951+0000] {dag.py:3239} INFO - Sync 1 DAGs
[2025-01-12T23:03:53.014+0000] {logging_mixin.py:190} INFO - [2025-01-12T23:03:53.014+0000] {dag.py:4180} INFO - Setting next_dagrun for example_bash_operator to 2025-01-11 00:00:00+00:00, run_after=2025-01-12 00:00:00+00:00
[2025-01-12T23:03:53.105+0000] {processor.py:208} INFO - Processing /home/airflow/.local/lib/python3.12/site-packages/airflow/example_dags/example_bash_operator.py took 0.272 seconds
[2025-01-12T23:04:23.174+0000] {processor.py:186} INFO - Started process (PID=848) to work on /home/airflow/.local/lib/python3.12/site-packages/airflow/example_dags/example_bash_operator.py
[2025-01-12T23:04:23.175+0000] {processor.py:914} INFO - Processing file /home/airflow/.local/lib/python3.12/site-packages/airflow/example_dags/example_bash_operator.py for tasks to queue
[2025-01-12T23:04:23.178+0000] {logging_mixin.py:190} INFO - [2025-01-12T23:04:23.178+0000] {dagbag.py:588} INFO - Filling up the DagBag from /home/airflow/.local/lib/python3.12/site-packages/airflow/example_dags/example_bash_operator.py
[2025-01-12T23:04:23.194+0000] {processor.py:925} INFO - DAG(s) 'example_bash_operator' retrieved from /home/airflow/.local/lib/python3.12/site-packages/airflow/example_dags/example_bash_operator.py
[2025-01-12T23:04:23.225+0000] {logging_mixin.py:190} INFO - [2025-01-12T23:04:23.225+0000] {dag.py:3239} INFO - Sync 1 DAGs
[2025-01-12T23:04:23.254+0000] {logging_mixin.py:190} INFO - [2025-01-12T23:04:23.253+0000] {dag.py:4180} INFO - Setting next_dagrun for example_bash_operator to 2025-01-11 00:00:00+00:00, run_after=2025-01-12 00:00:00+00:00
[2025-01-12T23:04:23.343+0000] {processor.py:208} INFO - Processing /home/airflow/.local/lib/python3.12/site-packages/airflow/example_dags/example_bash_operator.py took 0.176 seconds
[2025-01-12T23:04:53.593+0000] {processor.py:186} INFO - Started process (PID=911) to work on /home/airflow/.local/lib/python3.12/site-packages/airflow/example_dags/example_bash_operator.py
[2025-01-12T23:04:53.595+0000] {processor.py:914} INFO - Processing file /home/airflow/.local/lib/python3.12/site-packages/airflow/example_dags/example_bash_operator.py for tasks to queue
[2025-01-12T23:04:53.598+0000] {logging_mixin.py:190} INFO - [2025-01-12T23:04:53.597+0000] {dagbag.py:588} INFO - Filling up the DagBag from /home/airflow/.local/lib/python3.12/site-packages/airflow/example_dags/example_bash_operator.py
[2025-01-12T23:04:53.613+0000] {processor.py:925} INFO - DAG(s) 'example_bash_operator' retrieved from /home/airflow/.local/lib/python3.12/site-packages/airflow/example_dags/example_bash_operator.py
[2025-01-12T23:04:53.648+0000] {logging_mixin.py:190} INFO - [2025-01-12T23:04:53.648+0000] {dag.py:3239} INFO - Sync 1 DAGs
[2025-01-12T23:04:53.685+0000] {logging_mixin.py:190} INFO - [2025-01-12T23:04:53.685+0000] {dag.py:4180} INFO - Setting next_dagrun for example_bash_operator to 2025-01-11 00:00:00+00:00, run_after=2025-01-12 00:00:00+00:00
[2025-01-12T23:04:53.733+0000] {processor.py:208} INFO - Processing /home/airflow/.local/lib/python3.12/site-packages/airflow/example_dags/example_bash_operator.py took 0.146 seconds
[2025-01-12T23:05:23.820+0000] {processor.py:186} INFO - Started process (PID=974) to work on /home/airflow/.local/lib/python3.12/site-packages/airflow/example_dags/example_bash_operator.py
[2025-01-12T23:05:23.821+0000] {processor.py:914} INFO - Processing file /home/airflow/.local/lib/python3.12/site-packages/airflow/example_dags/example_bash_operator.py for tasks to queue
[2025-01-12T23:05:23.824+0000] {logging_mixin.py:190} INFO - [2025-01-12T23:05:23.824+0000] {dagbag.py:588} INFO - Filling up the DagBag from /home/airflow/.local/lib/python3.12/site-packages/airflow/example_dags/example_bash_operator.py
[2025-01-12T23:05:23.840+0000] {processor.py:925} INFO - DAG(s) 'example_bash_operator' retrieved from /home/airflow/.local/lib/python3.12/site-packages/airflow/example_dags/example_bash_operator.py
[2025-01-12T23:05:23.883+0000] {logging_mixin.py:190} INFO - [2025-01-12T23:05:23.883+0000] {dag.py:3239} INFO - Sync 1 DAGs
[2025-01-12T23:05:23.919+0000] {logging_mixin.py:190} INFO - [2025-01-12T23:05:23.919+0000] {dag.py:4180} INFO - Setting next_dagrun for example_bash_operator to 2025-01-11 00:00:00+00:00, run_after=2025-01-12 00:00:00+00:00
[2025-01-12T23:05:23.992+0000] {processor.py:208} INFO - Processing /home/airflow/.local/lib/python3.12/site-packages/airflow/example_dags/example_bash_operator.py took 0.179 seconds
