[2025-01-12T22:29:16.112+0000] {processor.py:186} INFO - Started process (PID=85) to work on /home/airflow/.local/lib/python3.12/site-packages/airflow/example_dags/example_dataset_alias.py
[2025-01-12T22:29:16.113+0000] {processor.py:914} INFO - Processing file /home/airflow/.local/lib/python3.12/site-packages/airflow/example_dags/example_dataset_alias.py for tasks to queue
[2025-01-12T22:29:16.118+0000] {logging_mixin.py:190} INFO - [2025-01-12T22:29:16.117+0000] {dagbag.py:588} INFO - Filling up the DagBag from /home/airflow/.local/lib/python3.12/site-packages/airflow/example_dags/example_dataset_alias.py
[2025-01-12T22:29:46.410+0000] {logging_mixin.py:190} INFO - [2025-01-12T22:29:46.409+0000] {timeout.py:68} ERROR - Process timed out, PID: 85
[2025-01-12T22:29:46.640+0000] {logging_mixin.py:190} INFO - [2025-01-12T22:29:46.411+0000] {dagbag.py:387} ERROR - Failed to import: /home/airflow/.local/lib/python3.12/site-packages/airflow/example_dags/example_dataset_alias.py
Traceback (most recent call last):
  File "/home/airflow/.local/lib/python3.12/site-packages/airflow/models/dagbag.py", line 383, in parse
    loader.exec_module(new_module)
  File "<frozen importlib._bootstrap_external>", line 999, in exec_module
  File "<frozen importlib._bootstrap>", line 488, in _call_with_frames_removed
  File "/home/airflow/.local/lib/python3.12/site-packages/airflow/example_dags/example_dataset_alias.py", line 52, in <module>
    @task(outlets=[Dataset("s3://bucket/my-task")])
                   ^^^^^^^^^^^^^^^^^^^^^^^^^^^^^^
  File "<attrs generated init airflow.datasets.Dataset>", line 3, in __init__
    _setattr('uri', __attr_converter_uri(uri))
                    ^^^^^^^^^^^^^^^^^^^^^^^^^
  File "/home/airflow/.local/lib/python3.12/site-packages/airflow/datasets/__init__.py", line 108, in _sanitize_uri
    if (normalizer := _get_uri_normalizer(normalized_scheme)) is not None:
                      ^^^^^^^^^^^^^^^^^^^^^^^^^^^^^^^^^^^^^^
  File "/home/airflow/.local/lib/python3.12/site-packages/airflow/datasets/__init__.py", line 58, in _get_uri_normalizer
    return ProvidersManager().dataset_uri_handlers.get(scheme)
           ^^^^^^^^^^^^^^^^^^^^^^^^^^^^^^^^^^^^^^^
  File "/home/airflow/.local/lib/python3.12/site-packages/airflow/providers_manager.py", line 1334, in dataset_uri_handlers
    self.initialize_providers_dataset_uri_resources()
  File "/home/airflow/.local/lib/python3.12/site-packages/airflow/providers_manager.py", line 384, in wrapped_function
    func(*args, **kwargs)
  File "/home/airflow/.local/lib/python3.12/site-packages/airflow/providers_manager.py", line 532, in initialize_providers_dataset_uri_resources
    self._discover_dataset_uri_resources()
  File "/home/airflow/.local/lib/python3.12/site-packages/airflow/providers_manager.py", line 915, in _discover_dataset_uri_resources
    _safe_register_resource(
  File "/home/airflow/.local/lib/python3.12/site-packages/airflow/providers_manager.py", line 903, in _safe_register_resource
    _correctness_check(provider_package_name, resource_path, provider)
  File "/home/airflow/.local/lib/python3.12/site-packages/airflow/providers_manager.py", line 327, in _correctness_check
    imported_class = import_string(class_name)
                     ^^^^^^^^^^^^^^^^^^^^^^^^^
  File "/home/airflow/.local/lib/python3.12/site-packages/airflow/utils/module_loading.py", line 39, in import_string
    module = import_module(module_path)
             ^^^^^^^^^^^^^^^^^^^^^^^^^^
  File "/usr/local/lib/python3.12/importlib/__init__.py", line 90, in import_module
    return _bootstrap._gcd_import(name[level:], package, level)
           ^^^^^^^^^^^^^^^^^^^^^^^^^^^^^^^^^^^^^^^^^^^^^^^^^^^^
  File "<frozen importlib._bootstrap>", line 1387, in _gcd_import
  File "<frozen importlib._bootstrap>", line 1360, in _find_and_load
  File "<frozen importlib._bootstrap>", line 1331, in _find_and_load_unlocked
  File "<frozen importlib._bootstrap>", line 935, in _load_unlocked
  File "<frozen importlib._bootstrap_external>", line 999, in exec_module
  File "<frozen importlib._bootstrap>", line 488, in _call_with_frames_removed
  File "/home/airflow/.local/lib/python3.12/site-packages/airflow/providers/google/assets/gcs.py", line 21, in <module>
    from airflow.providers.google.cloud.hooks.gcs import _parse_gcs_url
  File "/home/airflow/.local/lib/python3.12/site-packages/airflow/providers/google/cloud/hooks/gcs.py", line 41, in <module>
    from google.cloud import storage  # type: ignore[attr-defined]
    ^^^^^^^^^^^^^^^^^^^^^^^^^^^^^^^^
  File "/home/airflow/.local/lib/python3.12/site-packages/google/cloud/storage/__init__.py", line 35, in <module>
    from google.cloud.storage.batch import Batch
  File "/home/airflow/.local/lib/python3.12/site-packages/google/cloud/storage/batch.py", line 43, in <module>
    from google.cloud import exceptions
  File "/home/airflow/.local/lib/python3.12/site-packages/google/cloud/exceptions/__init__.py", line 27, in <module>
    from grpc._channel import _Rendezvous
  File "/home/airflow/.local/lib/python3.12/site-packages/airflow/utils/timeout.py", line 69, in handle_timeout
    raise AirflowTaskTimeout(self.error_message)
airflow.exceptions.AirflowTaskTimeout: DagBag import timeout for /home/airflow/.local/lib/python3.12/site-packages/airflow/example_dags/example_dataset_alias.py after 30.0s.
Please take a look at these docs to improve your DAG import time:
* https://airflow.apache.org/docs/apache-airflow/2.10.4/best-practices.html#top-level-python-code
* https://airflow.apache.org/docs/apache-airflow/2.10.4/best-practices.html#reducing-dag-complexity, PID: 85
[2025-01-12T22:29:46.902+0000] {processor.py:927} WARNING - No viable dags retrieved from /home/airflow/.local/lib/python3.12/site-packages/airflow/example_dags/example_dataset_alias.py
[2025-01-12T22:29:50.593+0000] {processor.py:208} INFO - Processing /home/airflow/.local/lib/python3.12/site-packages/airflow/example_dags/example_dataset_alias.py took 34.600 seconds
[2025-01-12T22:31:21.500+0000] {processor.py:186} INFO - Started process (PID=166) to work on /home/airflow/.local/lib/python3.12/site-packages/airflow/example_dags/example_dataset_alias.py
[2025-01-12T22:31:21.502+0000] {processor.py:914} INFO - Processing file /home/airflow/.local/lib/python3.12/site-packages/airflow/example_dags/example_dataset_alias.py for tasks to queue
[2025-01-12T22:31:21.504+0000] {logging_mixin.py:190} INFO - [2025-01-12T22:31:21.504+0000] {dagbag.py:588} INFO - Filling up the DagBag from /home/airflow/.local/lib/python3.12/site-packages/airflow/example_dags/example_dataset_alias.py
[2025-01-12T22:31:23.377+0000] {processor.py:925} INFO - DAG(s) 'dataset_s3_bucket_consumer', 'dataset_alias_example_alias_producer', 'dataset_s3_bucket_producer', 'dataset_alias_example_alias_consumer' retrieved from /home/airflow/.local/lib/python3.12/site-packages/airflow/example_dags/example_dataset_alias.py
[2025-01-12T22:31:23.847+0000] {logging_mixin.py:190} INFO - [2025-01-12T22:31:23.846+0000] {override.py:1911} INFO - Created Permission View: can read on DAG:dataset_s3_bucket_consumer
[2025-01-12T22:31:24.212+0000] {logging_mixin.py:190} INFO - [2025-01-12T22:31:24.212+0000] {override.py:1911} INFO - Created Permission View: can delete on DAG:dataset_s3_bucket_consumer
[2025-01-12T22:31:24.323+0000] {logging_mixin.py:190} INFO - [2025-01-12T22:31:24.323+0000] {override.py:1911} INFO - Created Permission View: can edit on DAG:dataset_s3_bucket_consumer
[2025-01-12T22:31:24.601+0000] {logging_mixin.py:190} INFO - [2025-01-12T22:31:24.601+0000] {override.py:1911} INFO - Created Permission View: menu access on DAG Run:dataset_s3_bucket_consumer
[2025-01-12T22:31:24.734+0000] {logging_mixin.py:190} INFO - [2025-01-12T22:31:24.734+0000] {override.py:1911} INFO - Created Permission View: can create on DAG Run:dataset_s3_bucket_consumer
[2025-01-12T22:31:24.857+0000] {logging_mixin.py:190} INFO - [2025-01-12T22:31:24.856+0000] {override.py:1911} INFO - Created Permission View: can read on DAG Run:dataset_s3_bucket_consumer
[2025-01-12T22:31:25.039+0000] {logging_mixin.py:190} INFO - [2025-01-12T22:31:25.038+0000] {override.py:1911} INFO - Created Permission View: can delete on DAG Run:dataset_s3_bucket_consumer
[2025-01-12T22:31:25.369+0000] {logging_mixin.py:190} INFO - [2025-01-12T22:31:25.369+0000] {override.py:1911} INFO - Created Permission View: can read on DAG:dataset_alias_example_alias_producer
[2025-01-12T22:31:25.513+0000] {logging_mixin.py:190} INFO - [2025-01-12T22:31:25.513+0000] {override.py:1911} INFO - Created Permission View: can delete on DAG:dataset_alias_example_alias_producer
[2025-01-12T22:31:25.794+0000] {logging_mixin.py:190} INFO - [2025-01-12T22:31:25.793+0000] {override.py:1911} INFO - Created Permission View: can edit on DAG:dataset_alias_example_alias_producer
[2025-01-12T22:31:26.134+0000] {logging_mixin.py:190} INFO - [2025-01-12T22:31:26.134+0000] {override.py:1911} INFO - Created Permission View: menu access on DAG Run:dataset_alias_example_alias_producer
[2025-01-12T22:31:26.256+0000] {logging_mixin.py:190} INFO - [2025-01-12T22:31:26.256+0000] {override.py:1911} INFO - Created Permission View: can create on DAG Run:dataset_alias_example_alias_producer
[2025-01-12T22:31:26.357+0000] {logging_mixin.py:190} INFO - [2025-01-12T22:31:26.356+0000] {override.py:1911} INFO - Created Permission View: can read on DAG Run:dataset_alias_example_alias_producer
[2025-01-12T22:31:26.457+0000] {logging_mixin.py:190} INFO - [2025-01-12T22:31:26.456+0000] {override.py:1911} INFO - Created Permission View: can delete on DAG Run:dataset_alias_example_alias_producer
[2025-01-12T22:31:26.623+0000] {logging_mixin.py:190} INFO - [2025-01-12T22:31:26.623+0000] {override.py:1911} INFO - Created Permission View: can read on DAG:dataset_s3_bucket_producer
[2025-01-12T22:31:26.729+0000] {logging_mixin.py:190} INFO - [2025-01-12T22:31:26.725+0000] {override.py:1911} INFO - Created Permission View: can delete on DAG:dataset_s3_bucket_producer
[2025-01-12T22:31:26.912+0000] {logging_mixin.py:190} INFO - [2025-01-12T22:31:26.911+0000] {override.py:1911} INFO - Created Permission View: can edit on DAG:dataset_s3_bucket_producer
[2025-01-12T22:31:27.080+0000] {logging_mixin.py:190} INFO - [2025-01-12T22:31:27.079+0000] {override.py:1911} INFO - Created Permission View: menu access on DAG Run:dataset_s3_bucket_producer
[2025-01-12T22:31:27.169+0000] {logging_mixin.py:190} INFO - [2025-01-12T22:31:27.167+0000] {override.py:1911} INFO - Created Permission View: can create on DAG Run:dataset_s3_bucket_producer
[2025-01-12T22:31:27.258+0000] {logging_mixin.py:190} INFO - [2025-01-12T22:31:27.256+0000] {override.py:1911} INFO - Created Permission View: can read on DAG Run:dataset_s3_bucket_producer
[2025-01-12T22:31:27.325+0000] {logging_mixin.py:190} INFO - [2025-01-12T22:31:27.323+0000] {override.py:1911} INFO - Created Permission View: can delete on DAG Run:dataset_s3_bucket_producer
[2025-01-12T22:31:27.433+0000] {logging_mixin.py:190} INFO - [2025-01-12T22:31:27.433+0000] {override.py:1911} INFO - Created Permission View: can read on DAG:dataset_alias_example_alias_consumer
[2025-01-12T22:31:27.522+0000] {logging_mixin.py:190} INFO - [2025-01-12T22:31:27.522+0000] {override.py:1911} INFO - Created Permission View: can delete on DAG:dataset_alias_example_alias_consumer
[2025-01-12T22:31:27.611+0000] {logging_mixin.py:190} INFO - [2025-01-12T22:31:27.611+0000] {override.py:1911} INFO - Created Permission View: can edit on DAG:dataset_alias_example_alias_consumer
[2025-01-12T22:31:27.700+0000] {logging_mixin.py:190} INFO - [2025-01-12T22:31:27.700+0000] {override.py:1911} INFO - Created Permission View: menu access on DAG Run:dataset_alias_example_alias_consumer
[2025-01-12T22:31:27.800+0000] {logging_mixin.py:190} INFO - [2025-01-12T22:31:27.800+0000] {override.py:1911} INFO - Created Permission View: can create on DAG Run:dataset_alias_example_alias_consumer
[2025-01-12T22:31:27.845+0000] {logging_mixin.py:190} INFO - [2025-01-12T22:31:27.845+0000] {override.py:1911} INFO - Created Permission View: can read on DAG Run:dataset_alias_example_alias_consumer
[2025-01-12T22:31:27.889+0000] {logging_mixin.py:190} INFO - [2025-01-12T22:31:27.888+0000] {override.py:1911} INFO - Created Permission View: can delete on DAG Run:dataset_alias_example_alias_consumer
[2025-01-12T22:31:27.891+0000] {logging_mixin.py:190} INFO - [2025-01-12T22:31:27.890+0000] {dag.py:3239} INFO - Sync 4 DAGs
[2025-01-12T22:31:27.907+0000] {logging_mixin.py:190} INFO - [2025-01-12T22:31:27.906+0000] {dag.py:3262} INFO - Creating ORM DAG for dataset_alias_example_alias_producer
[2025-01-12T22:31:27.908+0000] {logging_mixin.py:190} INFO - [2025-01-12T22:31:27.908+0000] {dag.py:3262} INFO - Creating ORM DAG for dataset_s3_bucket_producer
[2025-01-12T22:31:27.909+0000] {logging_mixin.py:190} INFO - [2025-01-12T22:31:27.909+0000] {dag.py:3262} INFO - Creating ORM DAG for dataset_alias_example_alias_consumer
[2025-01-12T22:31:27.910+0000] {logging_mixin.py:190} INFO - [2025-01-12T22:31:27.910+0000] {dag.py:3262} INFO - Creating ORM DAG for dataset_s3_bucket_consumer
[2025-01-12T22:31:27.922+0000] {logging_mixin.py:190} INFO - [2025-01-12T22:31:27.922+0000] {dag.py:4180} INFO - Setting next_dagrun for dataset_alias_example_alias_consumer to None, run_after=None
[2025-01-12T22:31:27.924+0000] {logging_mixin.py:190} INFO - [2025-01-12T22:31:27.924+0000] {dag.py:4180} INFO - Setting next_dagrun for dataset_alias_example_alias_producer to None, run_after=None
[2025-01-12T22:31:27.926+0000] {logging_mixin.py:190} INFO - [2025-01-12T22:31:27.925+0000] {dag.py:4180} INFO - Setting next_dagrun for dataset_s3_bucket_consumer to None, run_after=None
[2025-01-12T22:31:27.927+0000] {logging_mixin.py:190} INFO - [2025-01-12T22:31:27.927+0000] {dag.py:4180} INFO - Setting next_dagrun for dataset_s3_bucket_producer to None, run_after=None
[2025-01-12T22:31:29.298+0000] {processor.py:208} INFO - Processing /home/airflow/.local/lib/python3.12/site-packages/airflow/example_dags/example_dataset_alias.py took 7.806 seconds
[2025-01-12T22:31:59.390+0000] {processor.py:186} INFO - Started process (PID=231) to work on /home/airflow/.local/lib/python3.12/site-packages/airflow/example_dags/example_dataset_alias.py
[2025-01-12T22:31:59.391+0000] {processor.py:914} INFO - Processing file /home/airflow/.local/lib/python3.12/site-packages/airflow/example_dags/example_dataset_alias.py for tasks to queue
[2025-01-12T22:31:59.394+0000] {logging_mixin.py:190} INFO - [2025-01-12T22:31:59.393+0000] {dagbag.py:588} INFO - Filling up the DagBag from /home/airflow/.local/lib/python3.12/site-packages/airflow/example_dags/example_dataset_alias.py
[2025-01-12T22:32:00.104+0000] {processor.py:925} INFO - DAG(s) 'dataset_alias_example_alias_producer', 'dataset_s3_bucket_consumer', 'dataset_s3_bucket_producer', 'dataset_alias_example_alias_consumer' retrieved from /home/airflow/.local/lib/python3.12/site-packages/airflow/example_dags/example_dataset_alias.py
[2025-01-12T22:32:00.130+0000] {logging_mixin.py:190} INFO - [2025-01-12T22:32:00.129+0000] {dag.py:3239} INFO - Sync 4 DAGs
[2025-01-12T22:32:00.155+0000] {logging_mixin.py:190} INFO - [2025-01-12T22:32:00.154+0000] {dag.py:4180} INFO - Setting next_dagrun for dataset_alias_example_alias_consumer to None, run_after=None
[2025-01-12T22:32:00.158+0000] {logging_mixin.py:190} INFO - [2025-01-12T22:32:00.158+0000] {dag.py:4180} INFO - Setting next_dagrun for dataset_alias_example_alias_producer to None, run_after=None
[2025-01-12T22:32:00.160+0000] {logging_mixin.py:190} INFO - [2025-01-12T22:32:00.160+0000] {dag.py:4180} INFO - Setting next_dagrun for dataset_s3_bucket_consumer to None, run_after=None
[2025-01-12T22:32:00.162+0000] {logging_mixin.py:190} INFO - [2025-01-12T22:32:00.162+0000] {dag.py:4180} INFO - Setting next_dagrun for dataset_s3_bucket_producer to None, run_after=None
[2025-01-12T22:32:00.581+0000] {processor.py:208} INFO - Processing /home/airflow/.local/lib/python3.12/site-packages/airflow/example_dags/example_dataset_alias.py took 1.199 seconds
[2025-01-12T22:32:30.831+0000] {processor.py:186} INFO - Started process (PID=294) to work on /home/airflow/.local/lib/python3.12/site-packages/airflow/example_dags/example_dataset_alias.py
[2025-01-12T22:32:30.832+0000] {processor.py:914} INFO - Processing file /home/airflow/.local/lib/python3.12/site-packages/airflow/example_dags/example_dataset_alias.py for tasks to queue
[2025-01-12T22:32:30.835+0000] {logging_mixin.py:190} INFO - [2025-01-12T22:32:30.834+0000] {dagbag.py:588} INFO - Filling up the DagBag from /home/airflow/.local/lib/python3.12/site-packages/airflow/example_dags/example_dataset_alias.py
[2025-01-12T22:32:31.618+0000] {processor.py:925} INFO - DAG(s) 'dataset_s3_bucket_consumer', 'dataset_alias_example_alias_producer', 'dataset_s3_bucket_producer', 'dataset_alias_example_alias_consumer' retrieved from /home/airflow/.local/lib/python3.12/site-packages/airflow/example_dags/example_dataset_alias.py
[2025-01-12T22:32:31.648+0000] {logging_mixin.py:190} INFO - [2025-01-12T22:32:31.646+0000] {dag.py:3239} INFO - Sync 4 DAGs
[2025-01-12T22:32:31.674+0000] {logging_mixin.py:190} INFO - [2025-01-12T22:32:31.674+0000] {dag.py:4180} INFO - Setting next_dagrun for dataset_alias_example_alias_consumer to None, run_after=None
[2025-01-12T22:32:31.677+0000] {logging_mixin.py:190} INFO - [2025-01-12T22:32:31.677+0000] {dag.py:4180} INFO - Setting next_dagrun for dataset_alias_example_alias_producer to None, run_after=None
[2025-01-12T22:32:31.680+0000] {logging_mixin.py:190} INFO - [2025-01-12T22:32:31.679+0000] {dag.py:4180} INFO - Setting next_dagrun for dataset_s3_bucket_consumer to None, run_after=None
[2025-01-12T22:32:31.681+0000] {logging_mixin.py:190} INFO - [2025-01-12T22:32:31.681+0000] {dag.py:4180} INFO - Setting next_dagrun for dataset_s3_bucket_producer to None, run_after=None
[2025-01-12T22:32:31.766+0000] {processor.py:208} INFO - Processing /home/airflow/.local/lib/python3.12/site-packages/airflow/example_dags/example_dataset_alias.py took 0.941 seconds
[2025-01-12T22:33:03.115+0000] {processor.py:186} INFO - Started process (PID=360) to work on /home/airflow/.local/lib/python3.12/site-packages/airflow/example_dags/example_dataset_alias.py
[2025-01-12T22:33:03.116+0000] {processor.py:914} INFO - Processing file /home/airflow/.local/lib/python3.12/site-packages/airflow/example_dags/example_dataset_alias.py for tasks to queue
[2025-01-12T22:33:03.121+0000] {logging_mixin.py:190} INFO - [2025-01-12T22:33:03.120+0000] {dagbag.py:588} INFO - Filling up the DagBag from /home/airflow/.local/lib/python3.12/site-packages/airflow/example_dags/example_dataset_alias.py
[2025-01-12T22:33:04.019+0000] {processor.py:925} INFO - DAG(s) 'dataset_s3_bucket_producer', 'dataset_s3_bucket_consumer', 'dataset_alias_example_alias_consumer', 'dataset_alias_example_alias_producer' retrieved from /home/airflow/.local/lib/python3.12/site-packages/airflow/example_dags/example_dataset_alias.py
[2025-01-12T22:33:04.056+0000] {logging_mixin.py:190} INFO - [2025-01-12T22:33:04.047+0000] {dag.py:3239} INFO - Sync 4 DAGs
[2025-01-12T22:33:04.107+0000] {logging_mixin.py:190} INFO - [2025-01-12T22:33:04.107+0000] {dag.py:4180} INFO - Setting next_dagrun for dataset_alias_example_alias_consumer to None, run_after=None
[2025-01-12T22:33:04.114+0000] {logging_mixin.py:190} INFO - [2025-01-12T22:33:04.113+0000] {dag.py:4180} INFO - Setting next_dagrun for dataset_alias_example_alias_producer to None, run_after=None
[2025-01-12T22:33:04.118+0000] {logging_mixin.py:190} INFO - [2025-01-12T22:33:04.118+0000] {dag.py:4180} INFO - Setting next_dagrun for dataset_s3_bucket_consumer to None, run_after=None
[2025-01-12T22:33:04.122+0000] {logging_mixin.py:190} INFO - [2025-01-12T22:33:04.122+0000] {dag.py:4180} INFO - Setting next_dagrun for dataset_s3_bucket_producer to None, run_after=None
[2025-01-12T22:33:04.258+0000] {processor.py:208} INFO - Processing /home/airflow/.local/lib/python3.12/site-packages/airflow/example_dags/example_dataset_alias.py took 1.154 seconds
[2025-01-12T22:58:13.016+0000] {processor.py:186} INFO - Started process (PID=84) to work on /home/airflow/.local/lib/python3.12/site-packages/airflow/example_dags/example_dataset_alias.py
[2025-01-12T22:58:13.017+0000] {processor.py:914} INFO - Processing file /home/airflow/.local/lib/python3.12/site-packages/airflow/example_dags/example_dataset_alias.py for tasks to queue
[2025-01-12T22:58:13.021+0000] {logging_mixin.py:190} INFO - [2025-01-12T22:58:13.020+0000] {dagbag.py:588} INFO - Filling up the DagBag from /home/airflow/.local/lib/python3.12/site-packages/airflow/example_dags/example_dataset_alias.py
[2025-01-12T22:58:20.410+0000] {processor.py:925} INFO - DAG(s) 'dataset_alias_example_alias_consumer', 'dataset_s3_bucket_consumer', 'dataset_s3_bucket_producer', 'dataset_alias_example_alias_producer' retrieved from /home/airflow/.local/lib/python3.12/site-packages/airflow/example_dags/example_dataset_alias.py
[2025-01-12T22:58:20.441+0000] {logging_mixin.py:190} INFO - [2025-01-12T22:58:20.440+0000] {dag.py:3239} INFO - Sync 4 DAGs
[2025-01-12T22:58:20.465+0000] {logging_mixin.py:190} INFO - [2025-01-12T22:58:20.465+0000] {dag.py:4180} INFO - Setting next_dagrun for dataset_alias_example_alias_consumer to None, run_after=None
[2025-01-12T22:58:20.469+0000] {logging_mixin.py:190} INFO - [2025-01-12T22:58:20.469+0000] {dag.py:4180} INFO - Setting next_dagrun for dataset_alias_example_alias_producer to None, run_after=None
[2025-01-12T22:58:20.471+0000] {logging_mixin.py:190} INFO - [2025-01-12T22:58:20.470+0000] {dag.py:4180} INFO - Setting next_dagrun for dataset_s3_bucket_consumer to None, run_after=None
[2025-01-12T22:58:20.472+0000] {logging_mixin.py:190} INFO - [2025-01-12T22:58:20.472+0000] {dag.py:4180} INFO - Setting next_dagrun for dataset_s3_bucket_producer to None, run_after=None
[2025-01-12T22:58:20.526+0000] {processor.py:208} INFO - Processing /home/airflow/.local/lib/python3.12/site-packages/airflow/example_dags/example_dataset_alias.py took 7.516 seconds
[2025-01-12T22:58:50.850+0000] {processor.py:186} INFO - Started process (PID=164) to work on /home/airflow/.local/lib/python3.12/site-packages/airflow/example_dags/example_dataset_alias.py
[2025-01-12T22:58:50.851+0000] {processor.py:914} INFO - Processing file /home/airflow/.local/lib/python3.12/site-packages/airflow/example_dags/example_dataset_alias.py for tasks to queue
[2025-01-12T22:58:50.854+0000] {logging_mixin.py:190} INFO - [2025-01-12T22:58:50.854+0000] {dagbag.py:588} INFO - Filling up the DagBag from /home/airflow/.local/lib/python3.12/site-packages/airflow/example_dags/example_dataset_alias.py
[2025-01-12T22:58:51.642+0000] {processor.py:925} INFO - DAG(s) 'dataset_s3_bucket_producer', 'dataset_s3_bucket_consumer', 'dataset_alias_example_alias_producer', 'dataset_alias_example_alias_consumer' retrieved from /home/airflow/.local/lib/python3.12/site-packages/airflow/example_dags/example_dataset_alias.py
[2025-01-12T22:58:51.712+0000] {logging_mixin.py:190} INFO - [2025-01-12T22:58:51.711+0000] {dag.py:3239} INFO - Sync 4 DAGs
[2025-01-12T22:58:51.737+0000] {logging_mixin.py:190} INFO - [2025-01-12T22:58:51.736+0000] {dag.py:4180} INFO - Setting next_dagrun for dataset_alias_example_alias_consumer to None, run_after=None
[2025-01-12T22:58:51.740+0000] {logging_mixin.py:190} INFO - [2025-01-12T22:58:51.739+0000] {dag.py:4180} INFO - Setting next_dagrun for dataset_alias_example_alias_producer to None, run_after=None
[2025-01-12T22:58:51.741+0000] {logging_mixin.py:190} INFO - [2025-01-12T22:58:51.741+0000] {dag.py:4180} INFO - Setting next_dagrun for dataset_s3_bucket_consumer to None, run_after=None
[2025-01-12T22:58:51.742+0000] {logging_mixin.py:190} INFO - [2025-01-12T22:58:51.742+0000] {dag.py:4180} INFO - Setting next_dagrun for dataset_s3_bucket_producer to None, run_after=None
[2025-01-12T22:58:51.799+0000] {processor.py:208} INFO - Processing /home/airflow/.local/lib/python3.12/site-packages/airflow/example_dags/example_dataset_alias.py took 0.956 seconds
[2025-01-12T22:59:22.150+0000] {processor.py:186} INFO - Started process (PID=227) to work on /home/airflow/.local/lib/python3.12/site-packages/airflow/example_dags/example_dataset_alias.py
[2025-01-12T22:59:22.151+0000] {processor.py:914} INFO - Processing file /home/airflow/.local/lib/python3.12/site-packages/airflow/example_dags/example_dataset_alias.py for tasks to queue
[2025-01-12T22:59:22.155+0000] {logging_mixin.py:190} INFO - [2025-01-12T22:59:22.154+0000] {dagbag.py:588} INFO - Filling up the DagBag from /home/airflow/.local/lib/python3.12/site-packages/airflow/example_dags/example_dataset_alias.py
[2025-01-12T22:59:22.904+0000] {processor.py:925} INFO - DAG(s) 'dataset_s3_bucket_producer', 'dataset_s3_bucket_consumer', 'dataset_alias_example_alias_consumer', 'dataset_alias_example_alias_producer' retrieved from /home/airflow/.local/lib/python3.12/site-packages/airflow/example_dags/example_dataset_alias.py
[2025-01-12T22:59:22.933+0000] {logging_mixin.py:190} INFO - [2025-01-12T22:59:22.932+0000] {dag.py:3239} INFO - Sync 4 DAGs
[2025-01-12T22:59:22.960+0000] {logging_mixin.py:190} INFO - [2025-01-12T22:59:22.960+0000] {dag.py:4180} INFO - Setting next_dagrun for dataset_alias_example_alias_consumer to None, run_after=None
[2025-01-12T22:59:22.963+0000] {logging_mixin.py:190} INFO - [2025-01-12T22:59:22.963+0000] {dag.py:4180} INFO - Setting next_dagrun for dataset_alias_example_alias_producer to None, run_after=None
[2025-01-12T22:59:22.966+0000] {logging_mixin.py:190} INFO - [2025-01-12T22:59:22.966+0000] {dag.py:4180} INFO - Setting next_dagrun for dataset_s3_bucket_consumer to None, run_after=None
[2025-01-12T22:59:22.968+0000] {logging_mixin.py:190} INFO - [2025-01-12T22:59:22.968+0000] {dag.py:4180} INFO - Setting next_dagrun for dataset_s3_bucket_producer to None, run_after=None
[2025-01-12T22:59:23.071+0000] {processor.py:208} INFO - Processing /home/airflow/.local/lib/python3.12/site-packages/airflow/example_dags/example_dataset_alias.py took 0.927 seconds
[2025-01-12T22:59:53.742+0000] {processor.py:186} INFO - Started process (PID=290) to work on /home/airflow/.local/lib/python3.12/site-packages/airflow/example_dags/example_dataset_alias.py
[2025-01-12T22:59:53.743+0000] {processor.py:914} INFO - Processing file /home/airflow/.local/lib/python3.12/site-packages/airflow/example_dags/example_dataset_alias.py for tasks to queue
[2025-01-12T22:59:53.747+0000] {logging_mixin.py:190} INFO - [2025-01-12T22:59:53.746+0000] {dagbag.py:588} INFO - Filling up the DagBag from /home/airflow/.local/lib/python3.12/site-packages/airflow/example_dags/example_dataset_alias.py
[2025-01-12T22:59:54.707+0000] {processor.py:925} INFO - DAG(s) 'dataset_alias_example_alias_producer', 'dataset_s3_bucket_producer', 'dataset_alias_example_alias_consumer', 'dataset_s3_bucket_consumer' retrieved from /home/airflow/.local/lib/python3.12/site-packages/airflow/example_dags/example_dataset_alias.py
[2025-01-12T22:59:54.736+0000] {logging_mixin.py:190} INFO - [2025-01-12T22:59:54.736+0000] {dag.py:3239} INFO - Sync 4 DAGs
[2025-01-12T22:59:54.764+0000] {logging_mixin.py:190} INFO - [2025-01-12T22:59:54.763+0000] {dag.py:4180} INFO - Setting next_dagrun for dataset_alias_example_alias_consumer to None, run_after=None
[2025-01-12T22:59:54.767+0000] {logging_mixin.py:190} INFO - [2025-01-12T22:59:54.767+0000] {dag.py:4180} INFO - Setting next_dagrun for dataset_alias_example_alias_producer to None, run_after=None
[2025-01-12T22:59:54.770+0000] {logging_mixin.py:190} INFO - [2025-01-12T22:59:54.769+0000] {dag.py:4180} INFO - Setting next_dagrun for dataset_s3_bucket_consumer to None, run_after=None
[2025-01-12T22:59:54.772+0000] {logging_mixin.py:190} INFO - [2025-01-12T22:59:54.772+0000] {dag.py:4180} INFO - Setting next_dagrun for dataset_s3_bucket_producer to None, run_after=None
[2025-01-12T22:59:54.829+0000] {processor.py:208} INFO - Processing /home/airflow/.local/lib/python3.12/site-packages/airflow/example_dags/example_dataset_alias.py took 1.096 seconds
[2025-01-12T23:00:25.437+0000] {processor.py:186} INFO - Started process (PID=353) to work on /home/airflow/.local/lib/python3.12/site-packages/airflow/example_dags/example_dataset_alias.py
[2025-01-12T23:00:25.438+0000] {processor.py:914} INFO - Processing file /home/airflow/.local/lib/python3.12/site-packages/airflow/example_dags/example_dataset_alias.py for tasks to queue
[2025-01-12T23:00:25.441+0000] {logging_mixin.py:190} INFO - [2025-01-12T23:00:25.441+0000] {dagbag.py:588} INFO - Filling up the DagBag from /home/airflow/.local/lib/python3.12/site-packages/airflow/example_dags/example_dataset_alias.py
[2025-01-12T23:00:26.168+0000] {processor.py:925} INFO - DAG(s) 'dataset_s3_bucket_consumer', 'dataset_alias_example_alias_consumer', 'dataset_alias_example_alias_producer', 'dataset_s3_bucket_producer' retrieved from /home/airflow/.local/lib/python3.12/site-packages/airflow/example_dags/example_dataset_alias.py
[2025-01-12T23:00:26.201+0000] {logging_mixin.py:190} INFO - [2025-01-12T23:00:26.201+0000] {dag.py:3239} INFO - Sync 4 DAGs
[2025-01-12T23:00:26.229+0000] {logging_mixin.py:190} INFO - [2025-01-12T23:00:26.229+0000] {dag.py:4180} INFO - Setting next_dagrun for dataset_alias_example_alias_consumer to None, run_after=None
[2025-01-12T23:00:26.233+0000] {logging_mixin.py:190} INFO - [2025-01-12T23:00:26.232+0000] {dag.py:4180} INFO - Setting next_dagrun for dataset_alias_example_alias_producer to None, run_after=None
[2025-01-12T23:00:26.235+0000] {logging_mixin.py:190} INFO - [2025-01-12T23:00:26.235+0000] {dag.py:4180} INFO - Setting next_dagrun for dataset_s3_bucket_consumer to None, run_after=None
[2025-01-12T23:00:26.237+0000] {logging_mixin.py:190} INFO - [2025-01-12T23:00:26.237+0000] {dag.py:4180} INFO - Setting next_dagrun for dataset_s3_bucket_producer to None, run_after=None
[2025-01-12T23:00:26.400+0000] {processor.py:208} INFO - Processing /home/airflow/.local/lib/python3.12/site-packages/airflow/example_dags/example_dataset_alias.py took 0.976 seconds
[2025-01-12T23:00:57.236+0000] {processor.py:186} INFO - Started process (PID=416) to work on /home/airflow/.local/lib/python3.12/site-packages/airflow/example_dags/example_dataset_alias.py
[2025-01-12T23:00:57.237+0000] {processor.py:914} INFO - Processing file /home/airflow/.local/lib/python3.12/site-packages/airflow/example_dags/example_dataset_alias.py for tasks to queue
[2025-01-12T23:00:57.241+0000] {logging_mixin.py:190} INFO - [2025-01-12T23:00:57.241+0000] {dagbag.py:588} INFO - Filling up the DagBag from /home/airflow/.local/lib/python3.12/site-packages/airflow/example_dags/example_dataset_alias.py
[2025-01-12T23:00:57.926+0000] {processor.py:925} INFO - DAG(s) 'dataset_s3_bucket_consumer', 'dataset_alias_example_alias_producer', 'dataset_alias_example_alias_consumer', 'dataset_s3_bucket_producer' retrieved from /home/airflow/.local/lib/python3.12/site-packages/airflow/example_dags/example_dataset_alias.py
[2025-01-12T23:00:57.954+0000] {logging_mixin.py:190} INFO - [2025-01-12T23:00:57.953+0000] {dag.py:3239} INFO - Sync 4 DAGs
[2025-01-12T23:00:57.980+0000] {logging_mixin.py:190} INFO - [2025-01-12T23:00:57.980+0000] {dag.py:4180} INFO - Setting next_dagrun for dataset_alias_example_alias_consumer to None, run_after=None
[2025-01-12T23:00:57.983+0000] {logging_mixin.py:190} INFO - [2025-01-12T23:00:57.983+0000] {dag.py:4180} INFO - Setting next_dagrun for dataset_alias_example_alias_producer to None, run_after=None
[2025-01-12T23:00:57.985+0000] {logging_mixin.py:190} INFO - [2025-01-12T23:00:57.985+0000] {dag.py:4180} INFO - Setting next_dagrun for dataset_s3_bucket_consumer to None, run_after=None
[2025-01-12T23:00:57.987+0000] {logging_mixin.py:190} INFO - [2025-01-12T23:00:57.987+0000] {dag.py:4180} INFO - Setting next_dagrun for dataset_s3_bucket_producer to None, run_after=None
[2025-01-12T23:00:58.116+0000] {processor.py:208} INFO - Processing /home/airflow/.local/lib/python3.12/site-packages/airflow/example_dags/example_dataset_alias.py took 0.890 seconds
[2025-01-12T23:01:28.871+0000] {processor.py:186} INFO - Started process (PID=478) to work on /home/airflow/.local/lib/python3.12/site-packages/airflow/example_dags/example_dataset_alias.py
[2025-01-12T23:01:28.873+0000] {processor.py:914} INFO - Processing file /home/airflow/.local/lib/python3.12/site-packages/airflow/example_dags/example_dataset_alias.py for tasks to queue
[2025-01-12T23:01:28.877+0000] {logging_mixin.py:190} INFO - [2025-01-12T23:01:28.876+0000] {dagbag.py:588} INFO - Filling up the DagBag from /home/airflow/.local/lib/python3.12/site-packages/airflow/example_dags/example_dataset_alias.py
[2025-01-12T23:01:29.596+0000] {processor.py:925} INFO - DAG(s) 'dataset_s3_bucket_producer', 'dataset_alias_example_alias_producer', 'dataset_s3_bucket_consumer', 'dataset_alias_example_alias_consumer' retrieved from /home/airflow/.local/lib/python3.12/site-packages/airflow/example_dags/example_dataset_alias.py
[2025-01-12T23:01:29.627+0000] {logging_mixin.py:190} INFO - [2025-01-12T23:01:29.626+0000] {dag.py:3239} INFO - Sync 4 DAGs
[2025-01-12T23:01:29.659+0000] {logging_mixin.py:190} INFO - [2025-01-12T23:01:29.659+0000] {dag.py:4180} INFO - Setting next_dagrun for dataset_alias_example_alias_consumer to None, run_after=None
[2025-01-12T23:01:29.663+0000] {logging_mixin.py:190} INFO - [2025-01-12T23:01:29.663+0000] {dag.py:4180} INFO - Setting next_dagrun for dataset_alias_example_alias_producer to None, run_after=None
[2025-01-12T23:01:29.665+0000] {logging_mixin.py:190} INFO - [2025-01-12T23:01:29.665+0000] {dag.py:4180} INFO - Setting next_dagrun for dataset_s3_bucket_consumer to None, run_after=None
[2025-01-12T23:01:29.667+0000] {logging_mixin.py:190} INFO - [2025-01-12T23:01:29.667+0000] {dag.py:4180} INFO - Setting next_dagrun for dataset_s3_bucket_producer to None, run_after=None
[2025-01-12T23:01:29.780+0000] {processor.py:208} INFO - Processing /home/airflow/.local/lib/python3.12/site-packages/airflow/example_dags/example_dataset_alias.py took 0.916 seconds
[2025-01-12T23:01:59.862+0000] {processor.py:186} INFO - Started process (PID=541) to work on /home/airflow/.local/lib/python3.12/site-packages/airflow/example_dags/example_dataset_alias.py
[2025-01-12T23:01:59.863+0000] {processor.py:914} INFO - Processing file /home/airflow/.local/lib/python3.12/site-packages/airflow/example_dags/example_dataset_alias.py for tasks to queue
[2025-01-12T23:01:59.867+0000] {logging_mixin.py:190} INFO - [2025-01-12T23:01:59.866+0000] {dagbag.py:588} INFO - Filling up the DagBag from /home/airflow/.local/lib/python3.12/site-packages/airflow/example_dags/example_dataset_alias.py
[2025-01-12T23:02:00.604+0000] {processor.py:925} INFO - DAG(s) 'dataset_s3_bucket_producer', 'dataset_s3_bucket_consumer', 'dataset_alias_example_alias_consumer', 'dataset_alias_example_alias_producer' retrieved from /home/airflow/.local/lib/python3.12/site-packages/airflow/example_dags/example_dataset_alias.py
[2025-01-12T23:02:00.713+0000] {logging_mixin.py:190} INFO - [2025-01-12T23:02:00.712+0000] {dag.py:3239} INFO - Sync 4 DAGs
[2025-01-12T23:02:00.740+0000] {logging_mixin.py:190} INFO - [2025-01-12T23:02:00.740+0000] {dag.py:4180} INFO - Setting next_dagrun for dataset_alias_example_alias_consumer to None, run_after=None
[2025-01-12T23:02:00.743+0000] {logging_mixin.py:190} INFO - [2025-01-12T23:02:00.743+0000] {dag.py:4180} INFO - Setting next_dagrun for dataset_alias_example_alias_producer to None, run_after=None
[2025-01-12T23:02:00.746+0000] {logging_mixin.py:190} INFO - [2025-01-12T23:02:00.745+0000] {dag.py:4180} INFO - Setting next_dagrun for dataset_s3_bucket_consumer to None, run_after=None
[2025-01-12T23:02:00.748+0000] {logging_mixin.py:190} INFO - [2025-01-12T23:02:00.747+0000] {dag.py:4180} INFO - Setting next_dagrun for dataset_s3_bucket_producer to None, run_after=None
[2025-01-12T23:02:00.894+0000] {processor.py:208} INFO - Processing /home/airflow/.local/lib/python3.12/site-packages/airflow/example_dags/example_dataset_alias.py took 1.041 seconds
[2025-01-12T23:02:31.504+0000] {processor.py:186} INFO - Started process (PID=604) to work on /home/airflow/.local/lib/python3.12/site-packages/airflow/example_dags/example_dataset_alias.py
[2025-01-12T23:02:31.505+0000] {processor.py:914} INFO - Processing file /home/airflow/.local/lib/python3.12/site-packages/airflow/example_dags/example_dataset_alias.py for tasks to queue
[2025-01-12T23:02:31.508+0000] {logging_mixin.py:190} INFO - [2025-01-12T23:02:31.508+0000] {dagbag.py:588} INFO - Filling up the DagBag from /home/airflow/.local/lib/python3.12/site-packages/airflow/example_dags/example_dataset_alias.py
[2025-01-12T23:02:32.264+0000] {processor.py:925} INFO - DAG(s) 'dataset_s3_bucket_producer', 'dataset_alias_example_alias_consumer', 'dataset_s3_bucket_consumer', 'dataset_alias_example_alias_producer' retrieved from /home/airflow/.local/lib/python3.12/site-packages/airflow/example_dags/example_dataset_alias.py
[2025-01-12T23:02:32.291+0000] {logging_mixin.py:190} INFO - [2025-01-12T23:02:32.290+0000] {dag.py:3239} INFO - Sync 4 DAGs
[2025-01-12T23:02:32.323+0000] {logging_mixin.py:190} INFO - [2025-01-12T23:02:32.323+0000] {dag.py:4180} INFO - Setting next_dagrun for dataset_alias_example_alias_consumer to None, run_after=None
[2025-01-12T23:02:32.328+0000] {logging_mixin.py:190} INFO - [2025-01-12T23:02:32.327+0000] {dag.py:4180} INFO - Setting next_dagrun for dataset_alias_example_alias_producer to None, run_after=None
[2025-01-12T23:02:32.330+0000] {logging_mixin.py:190} INFO - [2025-01-12T23:02:32.330+0000] {dag.py:4180} INFO - Setting next_dagrun for dataset_s3_bucket_consumer to None, run_after=None
[2025-01-12T23:02:32.332+0000] {logging_mixin.py:190} INFO - [2025-01-12T23:02:32.332+0000] {dag.py:4180} INFO - Setting next_dagrun for dataset_s3_bucket_producer to None, run_after=None
[2025-01-12T23:02:32.403+0000] {processor.py:208} INFO - Processing /home/airflow/.local/lib/python3.12/site-packages/airflow/example_dags/example_dataset_alias.py took 0.906 seconds
[2025-01-12T23:03:02.975+0000] {processor.py:186} INFO - Started process (PID=669) to work on /home/airflow/.local/lib/python3.12/site-packages/airflow/example_dags/example_dataset_alias.py
[2025-01-12T23:03:02.976+0000] {processor.py:914} INFO - Processing file /home/airflow/.local/lib/python3.12/site-packages/airflow/example_dags/example_dataset_alias.py for tasks to queue
[2025-01-12T23:03:02.980+0000] {logging_mixin.py:190} INFO - [2025-01-12T23:03:02.979+0000] {dagbag.py:588} INFO - Filling up the DagBag from /home/airflow/.local/lib/python3.12/site-packages/airflow/example_dags/example_dataset_alias.py
[2025-01-12T23:03:03.765+0000] {processor.py:925} INFO - DAG(s) 'dataset_alias_example_alias_producer', 'dataset_alias_example_alias_consumer', 'dataset_s3_bucket_consumer', 'dataset_s3_bucket_producer' retrieved from /home/airflow/.local/lib/python3.12/site-packages/airflow/example_dags/example_dataset_alias.py
[2025-01-12T23:03:03.795+0000] {logging_mixin.py:190} INFO - [2025-01-12T23:03:03.795+0000] {dag.py:3239} INFO - Sync 4 DAGs
[2025-01-12T23:03:03.827+0000] {logging_mixin.py:190} INFO - [2025-01-12T23:03:03.827+0000] {dag.py:4180} INFO - Setting next_dagrun for dataset_alias_example_alias_consumer to None, run_after=None
[2025-01-12T23:03:03.831+0000] {logging_mixin.py:190} INFO - [2025-01-12T23:03:03.831+0000] {dag.py:4180} INFO - Setting next_dagrun for dataset_alias_example_alias_producer to None, run_after=None
[2025-01-12T23:03:03.833+0000] {logging_mixin.py:190} INFO - [2025-01-12T23:03:03.833+0000] {dag.py:4180} INFO - Setting next_dagrun for dataset_s3_bucket_consumer to None, run_after=None
[2025-01-12T23:03:03.835+0000] {logging_mixin.py:190} INFO - [2025-01-12T23:03:03.834+0000] {dag.py:4180} INFO - Setting next_dagrun for dataset_s3_bucket_producer to None, run_after=None
[2025-01-12T23:03:03.896+0000] {processor.py:208} INFO - Processing /home/airflow/.local/lib/python3.12/site-packages/airflow/example_dags/example_dataset_alias.py took 0.928 seconds
[2025-01-12T23:03:34.574+0000] {processor.py:186} INFO - Started process (PID=733) to work on /home/airflow/.local/lib/python3.12/site-packages/airflow/example_dags/example_dataset_alias.py
[2025-01-12T23:03:34.575+0000] {processor.py:914} INFO - Processing file /home/airflow/.local/lib/python3.12/site-packages/airflow/example_dags/example_dataset_alias.py for tasks to queue
[2025-01-12T23:03:34.580+0000] {logging_mixin.py:190} INFO - [2025-01-12T23:03:34.579+0000] {dagbag.py:588} INFO - Filling up the DagBag from /home/airflow/.local/lib/python3.12/site-packages/airflow/example_dags/example_dataset_alias.py
[2025-01-12T23:03:35.337+0000] {processor.py:925} INFO - DAG(s) 'dataset_alias_example_alias_consumer', 'dataset_s3_bucket_consumer', 'dataset_alias_example_alias_producer', 'dataset_s3_bucket_producer' retrieved from /home/airflow/.local/lib/python3.12/site-packages/airflow/example_dags/example_dataset_alias.py
[2025-01-12T23:03:35.363+0000] {logging_mixin.py:190} INFO - [2025-01-12T23:03:35.362+0000] {dag.py:3239} INFO - Sync 4 DAGs
[2025-01-12T23:03:35.397+0000] {logging_mixin.py:190} INFO - [2025-01-12T23:03:35.397+0000] {dag.py:4180} INFO - Setting next_dagrun for dataset_alias_example_alias_consumer to None, run_after=None
[2025-01-12T23:03:35.401+0000] {logging_mixin.py:190} INFO - [2025-01-12T23:03:35.401+0000] {dag.py:4180} INFO - Setting next_dagrun for dataset_alias_example_alias_producer to None, run_after=None
[2025-01-12T23:03:35.403+0000] {logging_mixin.py:190} INFO - [2025-01-12T23:03:35.403+0000] {dag.py:4180} INFO - Setting next_dagrun for dataset_s3_bucket_consumer to None, run_after=None
[2025-01-12T23:03:35.405+0000] {logging_mixin.py:190} INFO - [2025-01-12T23:03:35.405+0000] {dag.py:4180} INFO - Setting next_dagrun for dataset_s3_bucket_producer to None, run_after=None
[2025-01-12T23:03:35.465+0000] {processor.py:208} INFO - Processing /home/airflow/.local/lib/python3.12/site-packages/airflow/example_dags/example_dataset_alias.py took 0.901 seconds
[2025-01-12T23:04:05.698+0000] {processor.py:186} INFO - Started process (PID=795) to work on /home/airflow/.local/lib/python3.12/site-packages/airflow/example_dags/example_dataset_alias.py
[2025-01-12T23:04:05.699+0000] {processor.py:914} INFO - Processing file /home/airflow/.local/lib/python3.12/site-packages/airflow/example_dags/example_dataset_alias.py for tasks to queue
[2025-01-12T23:04:05.702+0000] {logging_mixin.py:190} INFO - [2025-01-12T23:04:05.702+0000] {dagbag.py:588} INFO - Filling up the DagBag from /home/airflow/.local/lib/python3.12/site-packages/airflow/example_dags/example_dataset_alias.py
[2025-01-12T23:04:06.495+0000] {processor.py:925} INFO - DAG(s) 'dataset_alias_example_alias_consumer', 'dataset_s3_bucket_consumer', 'dataset_alias_example_alias_producer', 'dataset_s3_bucket_producer' retrieved from /home/airflow/.local/lib/python3.12/site-packages/airflow/example_dags/example_dataset_alias.py
[2025-01-12T23:04:06.522+0000] {logging_mixin.py:190} INFO - [2025-01-12T23:04:06.522+0000] {dag.py:3239} INFO - Sync 4 DAGs
[2025-01-12T23:04:06.551+0000] {logging_mixin.py:190} INFO - [2025-01-12T23:04:06.551+0000] {dag.py:4180} INFO - Setting next_dagrun for dataset_alias_example_alias_consumer to None, run_after=None
[2025-01-12T23:04:06.555+0000] {logging_mixin.py:190} INFO - [2025-01-12T23:04:06.555+0000] {dag.py:4180} INFO - Setting next_dagrun for dataset_alias_example_alias_producer to None, run_after=None
[2025-01-12T23:04:06.559+0000] {logging_mixin.py:190} INFO - [2025-01-12T23:04:06.559+0000] {dag.py:4180} INFO - Setting next_dagrun for dataset_s3_bucket_consumer to None, run_after=None
[2025-01-12T23:04:06.561+0000] {logging_mixin.py:190} INFO - [2025-01-12T23:04:06.561+0000] {dag.py:4180} INFO - Setting next_dagrun for dataset_s3_bucket_producer to None, run_after=None
[2025-01-12T23:04:06.614+0000] {processor.py:208} INFO - Processing /home/airflow/.local/lib/python3.12/site-packages/airflow/example_dags/example_dataset_alias.py took 0.923 seconds
[2025-01-12T23:04:37.372+0000] {processor.py:186} INFO - Started process (PID=858) to work on /home/airflow/.local/lib/python3.12/site-packages/airflow/example_dags/example_dataset_alias.py
[2025-01-12T23:04:37.373+0000] {processor.py:914} INFO - Processing file /home/airflow/.local/lib/python3.12/site-packages/airflow/example_dags/example_dataset_alias.py for tasks to queue
[2025-01-12T23:04:37.377+0000] {logging_mixin.py:190} INFO - [2025-01-12T23:04:37.376+0000] {dagbag.py:588} INFO - Filling up the DagBag from /home/airflow/.local/lib/python3.12/site-packages/airflow/example_dags/example_dataset_alias.py
[2025-01-12T23:04:38.077+0000] {processor.py:925} INFO - DAG(s) 'dataset_s3_bucket_producer', 'dataset_alias_example_alias_producer', 'dataset_alias_example_alias_consumer', 'dataset_s3_bucket_consumer' retrieved from /home/airflow/.local/lib/python3.12/site-packages/airflow/example_dags/example_dataset_alias.py
[2025-01-12T23:04:38.101+0000] {logging_mixin.py:190} INFO - [2025-01-12T23:04:38.101+0000] {dag.py:3239} INFO - Sync 4 DAGs
[2025-01-12T23:04:38.128+0000] {logging_mixin.py:190} INFO - [2025-01-12T23:04:38.127+0000] {dag.py:4180} INFO - Setting next_dagrun for dataset_alias_example_alias_consumer to None, run_after=None
[2025-01-12T23:04:38.131+0000] {logging_mixin.py:190} INFO - [2025-01-12T23:04:38.131+0000] {dag.py:4180} INFO - Setting next_dagrun for dataset_alias_example_alias_producer to None, run_after=None
[2025-01-12T23:04:38.133+0000] {logging_mixin.py:190} INFO - [2025-01-12T23:04:38.133+0000] {dag.py:4180} INFO - Setting next_dagrun for dataset_s3_bucket_consumer to None, run_after=None
[2025-01-12T23:04:38.135+0000] {logging_mixin.py:190} INFO - [2025-01-12T23:04:38.135+0000] {dag.py:4180} INFO - Setting next_dagrun for dataset_s3_bucket_producer to None, run_after=None
[2025-01-12T23:04:38.274+0000] {processor.py:208} INFO - Processing /home/airflow/.local/lib/python3.12/site-packages/airflow/example_dags/example_dataset_alias.py took 0.911 seconds
[2025-01-12T23:05:08.732+0000] {processor.py:186} INFO - Started process (PID=921) to work on /home/airflow/.local/lib/python3.12/site-packages/airflow/example_dags/example_dataset_alias.py
[2025-01-12T23:05:08.733+0000] {processor.py:914} INFO - Processing file /home/airflow/.local/lib/python3.12/site-packages/airflow/example_dags/example_dataset_alias.py for tasks to queue
[2025-01-12T23:05:08.736+0000] {logging_mixin.py:190} INFO - [2025-01-12T23:05:08.735+0000] {dagbag.py:588} INFO - Filling up the DagBag from /home/airflow/.local/lib/python3.12/site-packages/airflow/example_dags/example_dataset_alias.py
[2025-01-12T23:05:09.453+0000] {processor.py:925} INFO - DAG(s) 'dataset_s3_bucket_consumer', 'dataset_alias_example_alias_producer', 'dataset_s3_bucket_producer', 'dataset_alias_example_alias_consumer' retrieved from /home/airflow/.local/lib/python3.12/site-packages/airflow/example_dags/example_dataset_alias.py
[2025-01-12T23:05:09.478+0000] {logging_mixin.py:190} INFO - [2025-01-12T23:05:09.478+0000] {dag.py:3239} INFO - Sync 4 DAGs
[2025-01-12T23:05:09.504+0000] {logging_mixin.py:190} INFO - [2025-01-12T23:05:09.504+0000] {dag.py:4180} INFO - Setting next_dagrun for dataset_alias_example_alias_consumer to None, run_after=None
[2025-01-12T23:05:09.508+0000] {logging_mixin.py:190} INFO - [2025-01-12T23:05:09.507+0000] {dag.py:4180} INFO - Setting next_dagrun for dataset_alias_example_alias_producer to None, run_after=None
[2025-01-12T23:05:09.510+0000] {logging_mixin.py:190} INFO - [2025-01-12T23:05:09.509+0000] {dag.py:4180} INFO - Setting next_dagrun for dataset_s3_bucket_consumer to None, run_after=None
[2025-01-12T23:05:09.511+0000] {logging_mixin.py:190} INFO - [2025-01-12T23:05:09.511+0000] {dag.py:4180} INFO - Setting next_dagrun for dataset_s3_bucket_producer to None, run_after=None
[2025-01-12T23:05:09.592+0000] {processor.py:208} INFO - Processing /home/airflow/.local/lib/python3.12/site-packages/airflow/example_dags/example_dataset_alias.py took 0.867 seconds
