[2025-01-12T22:31:14.709+0000] {processor.py:186} INFO - Started process (PID=138) to work on /home/airflow/.local/lib/python3.12/site-packages/airflow/example_dags/example_dag_decorator.py
[2025-01-12T22:31:14.710+0000] {processor.py:914} INFO - Processing file /home/airflow/.local/lib/python3.12/site-packages/airflow/example_dags/example_dag_decorator.py for tasks to queue
[2025-01-12T22:31:14.713+0000] {logging_mixin.py:190} INFO - [2025-01-12T22:31:14.713+0000] {dagbag.py:588} INFO - Filling up the DagBag from /home/airflow/.local/lib/python3.12/site-packages/airflow/example_dags/example_dag_decorator.py
[2025-01-12T22:31:14.758+0000] {processor.py:925} INFO - DAG(s) 'example_dag_decorator' retrieved from /home/airflow/.local/lib/python3.12/site-packages/airflow/example_dags/example_dag_decorator.py
[2025-01-12T22:31:15.034+0000] {logging_mixin.py:190} INFO - [2025-01-12T22:31:15.033+0000] {override.py:1911} INFO - Created Permission View: can read on DAG:example_dag_decorator
[2025-01-12T22:31:15.122+0000] {logging_mixin.py:190} INFO - [2025-01-12T22:31:15.121+0000] {override.py:1911} INFO - Created Permission View: can delete on DAG:example_dag_decorator
[2025-01-12T22:31:15.211+0000] {logging_mixin.py:190} INFO - [2025-01-12T22:31:15.210+0000] {override.py:1911} INFO - Created Permission View: can edit on DAG:example_dag_decorator
[2025-01-12T22:31:15.334+0000] {logging_mixin.py:190} INFO - [2025-01-12T22:31:15.333+0000] {override.py:1911} INFO - Created Permission View: menu access on DAG Run:example_dag_decorator
[2025-01-12T22:31:15.389+0000] {logging_mixin.py:190} INFO - [2025-01-12T22:31:15.388+0000] {override.py:1911} INFO - Created Permission View: can create on DAG Run:example_dag_decorator
[2025-01-12T22:31:15.436+0000] {logging_mixin.py:190} INFO - [2025-01-12T22:31:15.435+0000] {override.py:1911} INFO - Created Permission View: can read on DAG Run:example_dag_decorator
[2025-01-12T22:31:15.546+0000] {logging_mixin.py:190} INFO - [2025-01-12T22:31:15.545+0000] {override.py:1911} INFO - Created Permission View: can delete on DAG Run:example_dag_decorator
[2025-01-12T22:31:15.549+0000] {logging_mixin.py:190} INFO - [2025-01-12T22:31:15.548+0000] {dag.py:3239} INFO - Sync 1 DAGs
[2025-01-12T22:31:15.578+0000] {logging_mixin.py:190} INFO - [2025-01-12T22:31:15.578+0000] {dag.py:3262} INFO - Creating ORM DAG for example_dag_decorator
[2025-01-12T22:31:15.580+0000] {logging_mixin.py:190} INFO - [2025-01-12T22:31:15.579+0000] {dag.py:4180} INFO - Setting next_dagrun for example_dag_decorator to None, run_after=None
[2025-01-12T22:31:15.642+0000] {processor.py:208} INFO - Processing /home/airflow/.local/lib/python3.12/site-packages/airflow/example_dags/example_dag_decorator.py took 0.941 seconds
[2025-01-12T22:31:46.018+0000] {processor.py:186} INFO - Started process (PID=201) to work on /home/airflow/.local/lib/python3.12/site-packages/airflow/example_dags/example_dag_decorator.py
[2025-01-12T22:31:46.020+0000] {processor.py:914} INFO - Processing file /home/airflow/.local/lib/python3.12/site-packages/airflow/example_dags/example_dag_decorator.py for tasks to queue
[2025-01-12T22:31:46.022+0000] {logging_mixin.py:190} INFO - [2025-01-12T22:31:46.022+0000] {dagbag.py:588} INFO - Filling up the DagBag from /home/airflow/.local/lib/python3.12/site-packages/airflow/example_dags/example_dag_decorator.py
[2025-01-12T22:31:46.036+0000] {processor.py:925} INFO - DAG(s) 'example_dag_decorator' retrieved from /home/airflow/.local/lib/python3.12/site-packages/airflow/example_dags/example_dag_decorator.py
[2025-01-12T22:31:46.234+0000] {logging_mixin.py:190} INFO - [2025-01-12T22:31:46.233+0000] {dag.py:3239} INFO - Sync 1 DAGs
[2025-01-12T22:31:46.249+0000] {logging_mixin.py:190} INFO - [2025-01-12T22:31:46.249+0000] {dag.py:4180} INFO - Setting next_dagrun for example_dag_decorator to None, run_after=None
[2025-01-12T22:31:46.523+0000] {processor.py:208} INFO - Processing /home/airflow/.local/lib/python3.12/site-packages/airflow/example_dags/example_dag_decorator.py took 0.512 seconds
[2025-01-12T22:32:16.670+0000] {processor.py:186} INFO - Started process (PID=264) to work on /home/airflow/.local/lib/python3.12/site-packages/airflow/example_dags/example_dag_decorator.py
[2025-01-12T22:32:16.672+0000] {processor.py:914} INFO - Processing file /home/airflow/.local/lib/python3.12/site-packages/airflow/example_dags/example_dag_decorator.py for tasks to queue
[2025-01-12T22:32:16.676+0000] {logging_mixin.py:190} INFO - [2025-01-12T22:32:16.675+0000] {dagbag.py:588} INFO - Filling up the DagBag from /home/airflow/.local/lib/python3.12/site-packages/airflow/example_dags/example_dag_decorator.py
[2025-01-12T22:32:16.689+0000] {processor.py:925} INFO - DAG(s) 'example_dag_decorator' retrieved from /home/airflow/.local/lib/python3.12/site-packages/airflow/example_dags/example_dag_decorator.py
[2025-01-12T22:32:16.818+0000] {logging_mixin.py:190} INFO - [2025-01-12T22:32:16.817+0000] {dag.py:3239} INFO - Sync 1 DAGs
[2025-01-12T22:32:16.833+0000] {logging_mixin.py:190} INFO - [2025-01-12T22:32:16.833+0000] {dag.py:4180} INFO - Setting next_dagrun for example_dag_decorator to None, run_after=None
[2025-01-12T22:32:17.076+0000] {processor.py:208} INFO - Processing /home/airflow/.local/lib/python3.12/site-packages/airflow/example_dags/example_dag_decorator.py took 0.414 seconds
[2025-01-12T22:32:48.001+0000] {processor.py:186} INFO - Started process (PID=327) to work on /home/airflow/.local/lib/python3.12/site-packages/airflow/example_dags/example_dag_decorator.py
[2025-01-12T22:32:48.003+0000] {processor.py:914} INFO - Processing file /home/airflow/.local/lib/python3.12/site-packages/airflow/example_dags/example_dag_decorator.py for tasks to queue
[2025-01-12T22:32:48.005+0000] {logging_mixin.py:190} INFO - [2025-01-12T22:32:48.005+0000] {dagbag.py:588} INFO - Filling up the DagBag from /home/airflow/.local/lib/python3.12/site-packages/airflow/example_dags/example_dag_decorator.py
[2025-01-12T22:32:48.019+0000] {processor.py:925} INFO - DAG(s) 'example_dag_decorator' retrieved from /home/airflow/.local/lib/python3.12/site-packages/airflow/example_dags/example_dag_decorator.py
[2025-01-12T22:32:48.144+0000] {logging_mixin.py:190} INFO - [2025-01-12T22:32:48.143+0000] {dag.py:3239} INFO - Sync 1 DAGs
[2025-01-12T22:32:48.162+0000] {logging_mixin.py:190} INFO - [2025-01-12T22:32:48.162+0000] {dag.py:4180} INFO - Setting next_dagrun for example_dag_decorator to None, run_after=None
[2025-01-12T22:32:48.235+0000] {processor.py:208} INFO - Processing /home/airflow/.local/lib/python3.12/site-packages/airflow/example_dags/example_dag_decorator.py took 0.240 seconds
[2025-01-12T22:58:23.766+0000] {processor.py:186} INFO - Started process (PID=125) to work on /home/airflow/.local/lib/python3.12/site-packages/airflow/example_dags/example_dag_decorator.py
[2025-01-12T22:58:23.767+0000] {processor.py:914} INFO - Processing file /home/airflow/.local/lib/python3.12/site-packages/airflow/example_dags/example_dag_decorator.py for tasks to queue
[2025-01-12T22:58:23.770+0000] {logging_mixin.py:190} INFO - [2025-01-12T22:58:23.770+0000] {dagbag.py:588} INFO - Filling up the DagBag from /home/airflow/.local/lib/python3.12/site-packages/airflow/example_dags/example_dag_decorator.py
[2025-01-12T22:58:23.790+0000] {processor.py:925} INFO - DAG(s) 'example_dag_decorator' retrieved from /home/airflow/.local/lib/python3.12/site-packages/airflow/example_dags/example_dag_decorator.py
[2025-01-12T22:58:23.945+0000] {logging_mixin.py:190} INFO - [2025-01-12T22:58:23.944+0000] {dag.py:3239} INFO - Sync 1 DAGs
[2025-01-12T22:58:23.962+0000] {logging_mixin.py:190} INFO - [2025-01-12T22:58:23.962+0000] {dag.py:4180} INFO - Setting next_dagrun for example_dag_decorator to None, run_after=None
[2025-01-12T22:58:24.049+0000] {processor.py:208} INFO - Processing /home/airflow/.local/lib/python3.12/site-packages/airflow/example_dags/example_dag_decorator.py took 0.291 seconds
[2025-01-12T22:58:54.861+0000] {processor.py:186} INFO - Started process (PID=189) to work on /home/airflow/.local/lib/python3.12/site-packages/airflow/example_dags/example_dag_decorator.py
[2025-01-12T22:58:54.863+0000] {processor.py:914} INFO - Processing file /home/airflow/.local/lib/python3.12/site-packages/airflow/example_dags/example_dag_decorator.py for tasks to queue
[2025-01-12T22:58:54.866+0000] {logging_mixin.py:190} INFO - [2025-01-12T22:58:54.866+0000] {dagbag.py:588} INFO - Filling up the DagBag from /home/airflow/.local/lib/python3.12/site-packages/airflow/example_dags/example_dag_decorator.py
[2025-01-12T22:58:54.885+0000] {processor.py:925} INFO - DAG(s) 'example_dag_decorator' retrieved from /home/airflow/.local/lib/python3.12/site-packages/airflow/example_dags/example_dag_decorator.py
[2025-01-12T22:58:54.923+0000] {logging_mixin.py:190} INFO - [2025-01-12T22:58:54.922+0000] {dag.py:3239} INFO - Sync 1 DAGs
[2025-01-12T22:58:54.945+0000] {logging_mixin.py:190} INFO - [2025-01-12T22:58:54.944+0000] {dag.py:4180} INFO - Setting next_dagrun for example_dag_decorator to None, run_after=None
[2025-01-12T22:58:55.015+0000] {processor.py:208} INFO - Processing /home/airflow/.local/lib/python3.12/site-packages/airflow/example_dags/example_dag_decorator.py took 0.162 seconds
[2025-01-12T22:59:26.967+0000] {processor.py:186} INFO - Started process (PID=252) to work on /home/airflow/.local/lib/python3.12/site-packages/airflow/example_dags/example_dag_decorator.py
[2025-01-12T22:59:26.968+0000] {processor.py:914} INFO - Processing file /home/airflow/.local/lib/python3.12/site-packages/airflow/example_dags/example_dag_decorator.py for tasks to queue
[2025-01-12T22:59:26.970+0000] {logging_mixin.py:190} INFO - [2025-01-12T22:59:26.970+0000] {dagbag.py:588} INFO - Filling up the DagBag from /home/airflow/.local/lib/python3.12/site-packages/airflow/example_dags/example_dag_decorator.py
[2025-01-12T22:59:26.983+0000] {processor.py:925} INFO - DAG(s) 'example_dag_decorator' retrieved from /home/airflow/.local/lib/python3.12/site-packages/airflow/example_dags/example_dag_decorator.py
[2025-01-12T22:59:27.014+0000] {logging_mixin.py:190} INFO - [2025-01-12T22:59:27.014+0000] {dag.py:3239} INFO - Sync 1 DAGs
[2025-01-12T22:59:27.031+0000] {logging_mixin.py:190} INFO - [2025-01-12T22:59:27.030+0000] {dag.py:4180} INFO - Setting next_dagrun for example_dag_decorator to None, run_after=None
[2025-01-12T22:59:27.088+0000] {processor.py:208} INFO - Processing /home/airflow/.local/lib/python3.12/site-packages/airflow/example_dags/example_dag_decorator.py took 0.128 seconds
[2025-01-12T22:59:57.786+0000] {processor.py:186} INFO - Started process (PID=315) to work on /home/airflow/.local/lib/python3.12/site-packages/airflow/example_dags/example_dag_decorator.py
[2025-01-12T22:59:57.787+0000] {processor.py:914} INFO - Processing file /home/airflow/.local/lib/python3.12/site-packages/airflow/example_dags/example_dag_decorator.py for tasks to queue
[2025-01-12T22:59:57.790+0000] {logging_mixin.py:190} INFO - [2025-01-12T22:59:57.790+0000] {dagbag.py:588} INFO - Filling up the DagBag from /home/airflow/.local/lib/python3.12/site-packages/airflow/example_dags/example_dag_decorator.py
[2025-01-12T22:59:57.804+0000] {processor.py:925} INFO - DAG(s) 'example_dag_decorator' retrieved from /home/airflow/.local/lib/python3.12/site-packages/airflow/example_dags/example_dag_decorator.py
[2025-01-12T22:59:57.963+0000] {logging_mixin.py:190} INFO - [2025-01-12T22:59:57.963+0000] {dag.py:3239} INFO - Sync 1 DAGs
[2025-01-12T22:59:57.984+0000] {logging_mixin.py:190} INFO - [2025-01-12T22:59:57.984+0000] {dag.py:4180} INFO - Setting next_dagrun for example_dag_decorator to None, run_after=None
[2025-01-12T22:59:58.049+0000] {processor.py:208} INFO - Processing /home/airflow/.local/lib/python3.12/site-packages/airflow/example_dags/example_dag_decorator.py took 0.270 seconds
[2025-01-12T23:00:29.931+0000] {processor.py:186} INFO - Started process (PID=378) to work on /home/airflow/.local/lib/python3.12/site-packages/airflow/example_dags/example_dag_decorator.py
[2025-01-12T23:00:29.932+0000] {processor.py:914} INFO - Processing file /home/airflow/.local/lib/python3.12/site-packages/airflow/example_dags/example_dag_decorator.py for tasks to queue
[2025-01-12T23:00:29.935+0000] {logging_mixin.py:190} INFO - [2025-01-12T23:00:29.934+0000] {dagbag.py:588} INFO - Filling up the DagBag from /home/airflow/.local/lib/python3.12/site-packages/airflow/example_dags/example_dag_decorator.py
[2025-01-12T23:00:29.948+0000] {processor.py:925} INFO - DAG(s) 'example_dag_decorator' retrieved from /home/airflow/.local/lib/python3.12/site-packages/airflow/example_dags/example_dag_decorator.py
[2025-01-12T23:00:30.074+0000] {logging_mixin.py:190} INFO - [2025-01-12T23:00:30.074+0000] {dag.py:3239} INFO - Sync 1 DAGs
[2025-01-12T23:00:30.090+0000] {logging_mixin.py:190} INFO - [2025-01-12T23:00:30.090+0000] {dag.py:4180} INFO - Setting next_dagrun for example_dag_decorator to None, run_after=None
[2025-01-12T23:00:30.166+0000] {processor.py:208} INFO - Processing /home/airflow/.local/lib/python3.12/site-packages/airflow/example_dags/example_dag_decorator.py took 0.242 seconds
[2025-01-12T23:01:02.510+0000] {processor.py:186} INFO - Started process (PID=441) to work on /home/airflow/.local/lib/python3.12/site-packages/airflow/example_dags/example_dag_decorator.py
[2025-01-12T23:01:02.512+0000] {processor.py:914} INFO - Processing file /home/airflow/.local/lib/python3.12/site-packages/airflow/example_dags/example_dag_decorator.py for tasks to queue
[2025-01-12T23:01:02.515+0000] {logging_mixin.py:190} INFO - [2025-01-12T23:01:02.514+0000] {dagbag.py:588} INFO - Filling up the DagBag from /home/airflow/.local/lib/python3.12/site-packages/airflow/example_dags/example_dag_decorator.py
[2025-01-12T23:01:02.531+0000] {processor.py:925} INFO - DAG(s) 'example_dag_decorator' retrieved from /home/airflow/.local/lib/python3.12/site-packages/airflow/example_dags/example_dag_decorator.py
[2025-01-12T23:01:02.674+0000] {logging_mixin.py:190} INFO - [2025-01-12T23:01:02.674+0000] {dag.py:3239} INFO - Sync 1 DAGs
[2025-01-12T23:01:02.690+0000] {logging_mixin.py:190} INFO - [2025-01-12T23:01:02.690+0000] {dag.py:4180} INFO - Setting next_dagrun for example_dag_decorator to None, run_after=None
[2025-01-12T23:01:02.894+0000] {processor.py:208} INFO - Processing /home/airflow/.local/lib/python3.12/site-packages/airflow/example_dags/example_dag_decorator.py took 0.391 seconds
[2025-01-12T23:01:33.494+0000] {processor.py:186} INFO - Started process (PID=503) to work on /home/airflow/.local/lib/python3.12/site-packages/airflow/example_dags/example_dag_decorator.py
[2025-01-12T23:01:33.495+0000] {processor.py:914} INFO - Processing file /home/airflow/.local/lib/python3.12/site-packages/airflow/example_dags/example_dag_decorator.py for tasks to queue
[2025-01-12T23:01:33.498+0000] {logging_mixin.py:190} INFO - [2025-01-12T23:01:33.498+0000] {dagbag.py:588} INFO - Filling up the DagBag from /home/airflow/.local/lib/python3.12/site-packages/airflow/example_dags/example_dag_decorator.py
[2025-01-12T23:01:33.513+0000] {processor.py:925} INFO - DAG(s) 'example_dag_decorator' retrieved from /home/airflow/.local/lib/python3.12/site-packages/airflow/example_dags/example_dag_decorator.py
[2025-01-12T23:01:33.642+0000] {logging_mixin.py:190} INFO - [2025-01-12T23:01:33.642+0000] {dag.py:3239} INFO - Sync 1 DAGs
[2025-01-12T23:01:33.656+0000] {logging_mixin.py:190} INFO - [2025-01-12T23:01:33.656+0000] {dag.py:4180} INFO - Setting next_dagrun for example_dag_decorator to None, run_after=None
[2025-01-12T23:01:33.850+0000] {processor.py:208} INFO - Processing /home/airflow/.local/lib/python3.12/site-packages/airflow/example_dags/example_dag_decorator.py took 0.363 seconds
[2025-01-12T23:02:05.558+0000] {processor.py:186} INFO - Started process (PID=566) to work on /home/airflow/.local/lib/python3.12/site-packages/airflow/example_dags/example_dag_decorator.py
[2025-01-12T23:02:05.559+0000] {processor.py:914} INFO - Processing file /home/airflow/.local/lib/python3.12/site-packages/airflow/example_dags/example_dag_decorator.py for tasks to queue
[2025-01-12T23:02:05.562+0000] {logging_mixin.py:190} INFO - [2025-01-12T23:02:05.562+0000] {dagbag.py:588} INFO - Filling up the DagBag from /home/airflow/.local/lib/python3.12/site-packages/airflow/example_dags/example_dag_decorator.py
[2025-01-12T23:02:05.577+0000] {processor.py:925} INFO - DAG(s) 'example_dag_decorator' retrieved from /home/airflow/.local/lib/python3.12/site-packages/airflow/example_dags/example_dag_decorator.py
[2025-01-12T23:02:05.734+0000] {logging_mixin.py:190} INFO - [2025-01-12T23:02:05.734+0000] {dag.py:3239} INFO - Sync 1 DAGs
[2025-01-12T23:02:05.748+0000] {logging_mixin.py:190} INFO - [2025-01-12T23:02:05.748+0000] {dag.py:4180} INFO - Setting next_dagrun for example_dag_decorator to None, run_after=None
[2025-01-12T23:02:06.043+0000] {processor.py:208} INFO - Processing /home/airflow/.local/lib/python3.12/site-packages/airflow/example_dags/example_dag_decorator.py took 0.492 seconds
[2025-01-12T23:02:36.595+0000] {processor.py:186} INFO - Started process (PID=629) to work on /home/airflow/.local/lib/python3.12/site-packages/airflow/example_dags/example_dag_decorator.py
[2025-01-12T23:02:36.596+0000] {processor.py:914} INFO - Processing file /home/airflow/.local/lib/python3.12/site-packages/airflow/example_dags/example_dag_decorator.py for tasks to queue
[2025-01-12T23:02:36.599+0000] {logging_mixin.py:190} INFO - [2025-01-12T23:02:36.599+0000] {dagbag.py:588} INFO - Filling up the DagBag from /home/airflow/.local/lib/python3.12/site-packages/airflow/example_dags/example_dag_decorator.py
[2025-01-12T23:02:36.614+0000] {processor.py:925} INFO - DAG(s) 'example_dag_decorator' retrieved from /home/airflow/.local/lib/python3.12/site-packages/airflow/example_dags/example_dag_decorator.py
[2025-01-12T23:02:36.767+0000] {logging_mixin.py:190} INFO - [2025-01-12T23:02:36.766+0000] {dag.py:3239} INFO - Sync 1 DAGs
[2025-01-12T23:02:36.782+0000] {logging_mixin.py:190} INFO - [2025-01-12T23:02:36.782+0000] {dag.py:4180} INFO - Setting next_dagrun for example_dag_decorator to None, run_after=None
[2025-01-12T23:02:36.860+0000] {processor.py:208} INFO - Processing /home/airflow/.local/lib/python3.12/site-packages/airflow/example_dags/example_dag_decorator.py took 0.272 seconds
[2025-01-12T23:03:07.113+0000] {processor.py:186} INFO - Started process (PID=692) to work on /home/airflow/.local/lib/python3.12/site-packages/airflow/example_dags/example_dag_decorator.py
[2025-01-12T23:03:07.114+0000] {processor.py:914} INFO - Processing file /home/airflow/.local/lib/python3.12/site-packages/airflow/example_dags/example_dag_decorator.py for tasks to queue
[2025-01-12T23:03:07.117+0000] {logging_mixin.py:190} INFO - [2025-01-12T23:03:07.117+0000] {dagbag.py:588} INFO - Filling up the DagBag from /home/airflow/.local/lib/python3.12/site-packages/airflow/example_dags/example_dag_decorator.py
[2025-01-12T23:03:07.133+0000] {processor.py:925} INFO - DAG(s) 'example_dag_decorator' retrieved from /home/airflow/.local/lib/python3.12/site-packages/airflow/example_dags/example_dag_decorator.py
[2025-01-12T23:03:07.281+0000] {logging_mixin.py:190} INFO - [2025-01-12T23:03:07.281+0000] {dag.py:3239} INFO - Sync 1 DAGs
[2025-01-12T23:03:07.296+0000] {logging_mixin.py:190} INFO - [2025-01-12T23:03:07.296+0000] {dag.py:4180} INFO - Setting next_dagrun for example_dag_decorator to None, run_after=None
[2025-01-12T23:03:07.351+0000] {processor.py:208} INFO - Processing /home/airflow/.local/lib/python3.12/site-packages/airflow/example_dags/example_dag_decorator.py took 0.245 seconds
[2025-01-12T23:03:38.163+0000] {processor.py:186} INFO - Started process (PID=755) to work on /home/airflow/.local/lib/python3.12/site-packages/airflow/example_dags/example_dag_decorator.py
[2025-01-12T23:03:38.164+0000] {processor.py:914} INFO - Processing file /home/airflow/.local/lib/python3.12/site-packages/airflow/example_dags/example_dag_decorator.py for tasks to queue
[2025-01-12T23:03:38.167+0000] {logging_mixin.py:190} INFO - [2025-01-12T23:03:38.167+0000] {dagbag.py:588} INFO - Filling up the DagBag from /home/airflow/.local/lib/python3.12/site-packages/airflow/example_dags/example_dag_decorator.py
[2025-01-12T23:03:38.182+0000] {processor.py:925} INFO - DAG(s) 'example_dag_decorator' retrieved from /home/airflow/.local/lib/python3.12/site-packages/airflow/example_dags/example_dag_decorator.py
[2025-01-12T23:03:38.326+0000] {logging_mixin.py:190} INFO - [2025-01-12T23:03:38.326+0000] {dag.py:3239} INFO - Sync 1 DAGs
[2025-01-12T23:03:38.343+0000] {logging_mixin.py:190} INFO - [2025-01-12T23:03:38.342+0000] {dag.py:4180} INFO - Setting next_dagrun for example_dag_decorator to None, run_after=None
[2025-01-12T23:03:38.601+0000] {processor.py:208} INFO - Processing /home/airflow/.local/lib/python3.12/site-packages/airflow/example_dags/example_dag_decorator.py took 0.446 seconds
[2025-01-12T23:04:09.313+0000] {processor.py:186} INFO - Started process (PID=818) to work on /home/airflow/.local/lib/python3.12/site-packages/airflow/example_dags/example_dag_decorator.py
[2025-01-12T23:04:09.314+0000] {processor.py:914} INFO - Processing file /home/airflow/.local/lib/python3.12/site-packages/airflow/example_dags/example_dag_decorator.py for tasks to queue
[2025-01-12T23:04:09.317+0000] {logging_mixin.py:190} INFO - [2025-01-12T23:04:09.317+0000] {dagbag.py:588} INFO - Filling up the DagBag from /home/airflow/.local/lib/python3.12/site-packages/airflow/example_dags/example_dag_decorator.py
[2025-01-12T23:04:09.333+0000] {processor.py:925} INFO - DAG(s) 'example_dag_decorator' retrieved from /home/airflow/.local/lib/python3.12/site-packages/airflow/example_dags/example_dag_decorator.py
[2025-01-12T23:04:09.499+0000] {logging_mixin.py:190} INFO - [2025-01-12T23:04:09.499+0000] {dag.py:3239} INFO - Sync 1 DAGs
[2025-01-12T23:04:09.518+0000] {logging_mixin.py:190} INFO - [2025-01-12T23:04:09.517+0000] {dag.py:4180} INFO - Setting next_dagrun for example_dag_decorator to None, run_after=None
[2025-01-12T23:04:09.571+0000] {processor.py:208} INFO - Processing /home/airflow/.local/lib/python3.12/site-packages/airflow/example_dags/example_dag_decorator.py took 0.266 seconds
[2025-01-12T23:04:40.383+0000] {processor.py:186} INFO - Started process (PID=880) to work on /home/airflow/.local/lib/python3.12/site-packages/airflow/example_dags/example_dag_decorator.py
[2025-01-12T23:04:40.384+0000] {processor.py:914} INFO - Processing file /home/airflow/.local/lib/python3.12/site-packages/airflow/example_dags/example_dag_decorator.py for tasks to queue
[2025-01-12T23:04:40.387+0000] {logging_mixin.py:190} INFO - [2025-01-12T23:04:40.386+0000] {dagbag.py:588} INFO - Filling up the DagBag from /home/airflow/.local/lib/python3.12/site-packages/airflow/example_dags/example_dag_decorator.py
[2025-01-12T23:04:40.402+0000] {processor.py:925} INFO - DAG(s) 'example_dag_decorator' retrieved from /home/airflow/.local/lib/python3.12/site-packages/airflow/example_dags/example_dag_decorator.py
[2025-01-12T23:04:40.571+0000] {logging_mixin.py:190} INFO - [2025-01-12T23:04:40.571+0000] {dag.py:3239} INFO - Sync 1 DAGs
[2025-01-12T23:04:40.586+0000] {logging_mixin.py:190} INFO - [2025-01-12T23:04:40.586+0000] {dag.py:4180} INFO - Setting next_dagrun for example_dag_decorator to None, run_after=None
[2025-01-12T23:04:40.776+0000] {processor.py:208} INFO - Processing /home/airflow/.local/lib/python3.12/site-packages/airflow/example_dags/example_dag_decorator.py took 0.400 seconds
[2025-01-12T23:05:11.636+0000] {processor.py:186} INFO - Started process (PID=943) to work on /home/airflow/.local/lib/python3.12/site-packages/airflow/example_dags/example_dag_decorator.py
[2025-01-12T23:05:11.637+0000] {processor.py:914} INFO - Processing file /home/airflow/.local/lib/python3.12/site-packages/airflow/example_dags/example_dag_decorator.py for tasks to queue
[2025-01-12T23:05:11.640+0000] {logging_mixin.py:190} INFO - [2025-01-12T23:05:11.640+0000] {dagbag.py:588} INFO - Filling up the DagBag from /home/airflow/.local/lib/python3.12/site-packages/airflow/example_dags/example_dag_decorator.py
[2025-01-12T23:05:11.656+0000] {processor.py:925} INFO - DAG(s) 'example_dag_decorator' retrieved from /home/airflow/.local/lib/python3.12/site-packages/airflow/example_dags/example_dag_decorator.py
[2025-01-12T23:05:11.803+0000] {logging_mixin.py:190} INFO - [2025-01-12T23:05:11.803+0000] {dag.py:3239} INFO - Sync 1 DAGs
[2025-01-12T23:05:11.818+0000] {logging_mixin.py:190} INFO - [2025-01-12T23:05:11.818+0000] {dag.py:4180} INFO - Setting next_dagrun for example_dag_decorator to None, run_after=None
[2025-01-12T23:05:12.009+0000] {processor.py:208} INFO - Processing /home/airflow/.local/lib/python3.12/site-packages/airflow/example_dags/example_dag_decorator.py took 0.380 seconds
