[2025-01-12T22:30:58.515+0000] {processor.py:186} INFO - Started process (PID=119) to work on /home/airflow/.local/lib/python3.12/site-packages/airflow/example_dags/example_dataset_alias_with_no_taskflow.py
[2025-01-12T22:30:58.516+0000] {processor.py:914} INFO - Processing file /home/airflow/.local/lib/python3.12/site-packages/airflow/example_dags/example_dataset_alias_with_no_taskflow.py for tasks to queue
[2025-01-12T22:30:58.519+0000] {logging_mixin.py:190} INFO - [2025-01-12T22:30:58.519+0000] {dagbag.py:588} INFO - Filling up the DagBag from /home/airflow/.local/lib/python3.12/site-packages/airflow/example_dags/example_dataset_alias_with_no_taskflow.py
[2025-01-12T22:30:59.781+0000] {processor.py:925} INFO - DAG(s) 'dataset_alias_example_alias_consumer_with_no_taskflow', 'dataset_s3_bucket_producer_with_no_taskflow', 'dataset_s3_bucket_consumer_with_no_taskflow', 'dataset_alias_example_alias_producer_with_no_taskflow' retrieved from /home/airflow/.local/lib/python3.12/site-packages/airflow/example_dags/example_dataset_alias_with_no_taskflow.py
[2025-01-12T22:31:00.185+0000] {logging_mixin.py:190} INFO - [2025-01-12T22:31:00.182+0000] {override.py:1911} INFO - Created Permission View: can read on DAG:dataset_alias_example_alias_consumer_with_no_taskflow
[2025-01-12T22:31:00.305+0000] {logging_mixin.py:190} INFO - [2025-01-12T22:31:00.304+0000] {override.py:1911} INFO - Created Permission View: can delete on DAG:dataset_alias_example_alias_consumer_with_no_taskflow
[2025-01-12T22:31:00.420+0000] {logging_mixin.py:190} INFO - [2025-01-12T22:31:00.420+0000] {override.py:1911} INFO - Created Permission View: can edit on DAG:dataset_alias_example_alias_consumer_with_no_taskflow
[2025-01-12T22:31:00.676+0000] {logging_mixin.py:190} INFO - [2025-01-12T22:31:00.675+0000] {override.py:1911} INFO - Created Permission View: menu access on DAG Run:dataset_alias_example_alias_consumer_with_no_taskflow
[2025-01-12T22:31:00.798+0000] {logging_mixin.py:190} INFO - [2025-01-12T22:31:00.798+0000] {override.py:1911} INFO - Created Permission View: can create on DAG Run:dataset_alias_example_alias_consumer_with_no_taskflow
[2025-01-12T22:31:00.933+0000] {logging_mixin.py:190} INFO - [2025-01-12T22:31:00.932+0000] {override.py:1911} INFO - Created Permission View: can read on DAG Run:dataset_alias_example_alias_consumer_with_no_taskflow
[2025-01-12T22:31:01.031+0000] {logging_mixin.py:190} INFO - [2025-01-12T22:31:01.030+0000] {override.py:1911} INFO - Created Permission View: can delete on DAG Run:dataset_alias_example_alias_consumer_with_no_taskflow
[2025-01-12T22:31:01.193+0000] {logging_mixin.py:190} INFO - [2025-01-12T22:31:01.192+0000] {override.py:1911} INFO - Created Permission View: can read on DAG:dataset_s3_bucket_producer_with_no_taskflow
[2025-01-12T22:31:01.308+0000] {logging_mixin.py:190} INFO - [2025-01-12T22:31:01.308+0000] {override.py:1911} INFO - Created Permission View: can delete on DAG:dataset_s3_bucket_producer_with_no_taskflow
[2025-01-12T22:31:01.454+0000] {logging_mixin.py:190} INFO - [2025-01-12T22:31:01.453+0000] {override.py:1911} INFO - Created Permission View: can edit on DAG:dataset_s3_bucket_producer_with_no_taskflow
[2025-01-12T22:31:01.744+0000] {logging_mixin.py:190} INFO - [2025-01-12T22:31:01.742+0000] {override.py:1911} INFO - Created Permission View: menu access on DAG Run:dataset_s3_bucket_producer_with_no_taskflow
[2025-01-12T22:31:02.021+0000] {logging_mixin.py:190} INFO - [2025-01-12T22:31:02.020+0000] {override.py:1911} INFO - Created Permission View: can create on DAG Run:dataset_s3_bucket_producer_with_no_taskflow
[2025-01-12T22:31:02.227+0000] {logging_mixin.py:190} INFO - [2025-01-12T22:31:02.226+0000] {override.py:1911} INFO - Created Permission View: can read on DAG Run:dataset_s3_bucket_producer_with_no_taskflow
[2025-01-12T22:31:02.352+0000] {logging_mixin.py:190} INFO - [2025-01-12T22:31:02.350+0000] {override.py:1911} INFO - Created Permission View: can delete on DAG Run:dataset_s3_bucket_producer_with_no_taskflow
[2025-01-12T22:31:02.593+0000] {logging_mixin.py:190} INFO - [2025-01-12T22:31:02.593+0000] {override.py:1911} INFO - Created Permission View: can read on DAG:dataset_s3_bucket_consumer_with_no_taskflow
[2025-01-12T22:31:02.683+0000] {logging_mixin.py:190} INFO - [2025-01-12T22:31:02.682+0000] {override.py:1911} INFO - Created Permission View: can delete on DAG:dataset_s3_bucket_consumer_with_no_taskflow
[2025-01-12T22:31:02.788+0000] {logging_mixin.py:190} INFO - [2025-01-12T22:31:02.787+0000] {override.py:1911} INFO - Created Permission View: can edit on DAG:dataset_s3_bucket_consumer_with_no_taskflow
[2025-01-12T22:31:02.987+0000] {logging_mixin.py:190} INFO - [2025-01-12T22:31:02.986+0000] {override.py:1911} INFO - Created Permission View: menu access on DAG Run:dataset_s3_bucket_consumer_with_no_taskflow
[2025-01-12T22:31:03.071+0000] {logging_mixin.py:190} INFO - [2025-01-12T22:31:03.071+0000] {override.py:1911} INFO - Created Permission View: can create on DAG Run:dataset_s3_bucket_consumer_with_no_taskflow
[2025-01-12T22:31:03.153+0000] {logging_mixin.py:190} INFO - [2025-01-12T22:31:03.152+0000] {override.py:1911} INFO - Created Permission View: can read on DAG Run:dataset_s3_bucket_consumer_with_no_taskflow
[2025-01-12T22:31:03.238+0000] {logging_mixin.py:190} INFO - [2025-01-12T22:31:03.238+0000] {override.py:1911} INFO - Created Permission View: can delete on DAG Run:dataset_s3_bucket_consumer_with_no_taskflow
[2025-01-12T22:31:03.443+0000] {logging_mixin.py:190} INFO - [2025-01-12T22:31:03.442+0000] {override.py:1911} INFO - Created Permission View: can read on DAG:dataset_alias_example_alias_producer_with_no_taskflow
[2025-01-12T22:31:03.531+0000] {logging_mixin.py:190} INFO - [2025-01-12T22:31:03.531+0000] {override.py:1911} INFO - Created Permission View: can delete on DAG:dataset_alias_example_alias_producer_with_no_taskflow
[2025-01-12T22:31:03.687+0000] {logging_mixin.py:190} INFO - [2025-01-12T22:31:03.687+0000] {override.py:1911} INFO - Created Permission View: can edit on DAG:dataset_alias_example_alias_producer_with_no_taskflow
[2025-01-12T22:31:03.943+0000] {logging_mixin.py:190} INFO - [2025-01-12T22:31:03.942+0000] {override.py:1911} INFO - Created Permission View: menu access on DAG Run:dataset_alias_example_alias_producer_with_no_taskflow
[2025-01-12T22:31:04.054+0000] {logging_mixin.py:190} INFO - [2025-01-12T22:31:04.054+0000] {override.py:1911} INFO - Created Permission View: can create on DAG Run:dataset_alias_example_alias_producer_with_no_taskflow
[2025-01-12T22:31:04.143+0000] {logging_mixin.py:190} INFO - [2025-01-12T22:31:04.143+0000] {override.py:1911} INFO - Created Permission View: can read on DAG Run:dataset_alias_example_alias_producer_with_no_taskflow
[2025-01-12T22:31:04.260+0000] {logging_mixin.py:190} INFO - [2025-01-12T22:31:04.260+0000] {override.py:1911} INFO - Created Permission View: can delete on DAG Run:dataset_alias_example_alias_producer_with_no_taskflow
[2025-01-12T22:31:04.262+0000] {logging_mixin.py:190} INFO - [2025-01-12T22:31:04.261+0000] {dag.py:3239} INFO - Sync 4 DAGs
[2025-01-12T22:31:04.286+0000] {logging_mixin.py:190} INFO - [2025-01-12T22:31:04.285+0000] {dag.py:3262} INFO - Creating ORM DAG for dataset_s3_bucket_consumer_with_no_taskflow
[2025-01-12T22:31:04.287+0000] {logging_mixin.py:190} INFO - [2025-01-12T22:31:04.286+0000] {dag.py:3262} INFO - Creating ORM DAG for dataset_alias_example_alias_producer_with_no_taskflow
[2025-01-12T22:31:04.287+0000] {logging_mixin.py:190} INFO - [2025-01-12T22:31:04.287+0000] {dag.py:3262} INFO - Creating ORM DAG for dataset_alias_example_alias_consumer_with_no_taskflow
[2025-01-12T22:31:04.288+0000] {logging_mixin.py:190} INFO - [2025-01-12T22:31:04.288+0000] {dag.py:3262} INFO - Creating ORM DAG for dataset_s3_bucket_producer_with_no_taskflow
[2025-01-12T22:31:04.300+0000] {logging_mixin.py:190} INFO - [2025-01-12T22:31:04.300+0000] {dag.py:4180} INFO - Setting next_dagrun for dataset_alias_example_alias_consumer_with_no_taskflow to None, run_after=None
[2025-01-12T22:31:04.301+0000] {logging_mixin.py:190} INFO - [2025-01-12T22:31:04.301+0000] {dag.py:4180} INFO - Setting next_dagrun for dataset_alias_example_alias_producer_with_no_taskflow to None, run_after=None
[2025-01-12T22:31:04.302+0000] {logging_mixin.py:190} INFO - [2025-01-12T22:31:04.302+0000] {dag.py:4180} INFO - Setting next_dagrun for dataset_s3_bucket_consumer_with_no_taskflow to None, run_after=None
[2025-01-12T22:31:04.304+0000] {logging_mixin.py:190} INFO - [2025-01-12T22:31:04.303+0000] {dag.py:4180} INFO - Setting next_dagrun for dataset_s3_bucket_producer_with_no_taskflow to None, run_after=None
[2025-01-12T22:31:04.396+0000] {processor.py:208} INFO - Processing /home/airflow/.local/lib/python3.12/site-packages/airflow/example_dags/example_dataset_alias_with_no_taskflow.py took 5.888 seconds
[2025-01-12T22:31:35.006+0000] {processor.py:186} INFO - Started process (PID=183) to work on /home/airflow/.local/lib/python3.12/site-packages/airflow/example_dags/example_dataset_alias_with_no_taskflow.py
[2025-01-12T22:31:35.008+0000] {processor.py:914} INFO - Processing file /home/airflow/.local/lib/python3.12/site-packages/airflow/example_dags/example_dataset_alias_with_no_taskflow.py for tasks to queue
[2025-01-12T22:31:35.012+0000] {logging_mixin.py:190} INFO - [2025-01-12T22:31:35.012+0000] {dagbag.py:588} INFO - Filling up the DagBag from /home/airflow/.local/lib/python3.12/site-packages/airflow/example_dags/example_dataset_alias_with_no_taskflow.py
[2025-01-12T22:31:35.707+0000] {processor.py:925} INFO - DAG(s) 'dataset_alias_example_alias_consumer_with_no_taskflow', 'dataset_s3_bucket_producer_with_no_taskflow', 'dataset_alias_example_alias_producer_with_no_taskflow', 'dataset_s3_bucket_consumer_with_no_taskflow' retrieved from /home/airflow/.local/lib/python3.12/site-packages/airflow/example_dags/example_dataset_alias_with_no_taskflow.py
[2025-01-12T22:31:35.732+0000] {logging_mixin.py:190} INFO - [2025-01-12T22:31:35.731+0000] {dag.py:3239} INFO - Sync 4 DAGs
[2025-01-12T22:31:35.765+0000] {logging_mixin.py:190} INFO - [2025-01-12T22:31:35.764+0000] {dag.py:4180} INFO - Setting next_dagrun for dataset_alias_example_alias_consumer_with_no_taskflow to None, run_after=None
[2025-01-12T22:31:35.773+0000] {logging_mixin.py:190} INFO - [2025-01-12T22:31:35.773+0000] {dag.py:4180} INFO - Setting next_dagrun for dataset_alias_example_alias_producer_with_no_taskflow to None, run_after=None
[2025-01-12T22:31:35.777+0000] {logging_mixin.py:190} INFO - [2025-01-12T22:31:35.777+0000] {dag.py:4180} INFO - Setting next_dagrun for dataset_s3_bucket_consumer_with_no_taskflow to None, run_after=None
[2025-01-12T22:31:35.780+0000] {logging_mixin.py:190} INFO - [2025-01-12T22:31:35.780+0000] {dag.py:4180} INFO - Setting next_dagrun for dataset_s3_bucket_producer_with_no_taskflow to None, run_after=None
[2025-01-12T22:31:35.891+0000] {processor.py:208} INFO - Processing /home/airflow/.local/lib/python3.12/site-packages/airflow/example_dags/example_dataset_alias_with_no_taskflow.py took 0.892 seconds
[2025-01-12T22:32:06.064+0000] {processor.py:186} INFO - Started process (PID=247) to work on /home/airflow/.local/lib/python3.12/site-packages/airflow/example_dags/example_dataset_alias_with_no_taskflow.py
[2025-01-12T22:32:06.065+0000] {processor.py:914} INFO - Processing file /home/airflow/.local/lib/python3.12/site-packages/airflow/example_dags/example_dataset_alias_with_no_taskflow.py for tasks to queue
[2025-01-12T22:32:06.068+0000] {logging_mixin.py:190} INFO - [2025-01-12T22:32:06.067+0000] {dagbag.py:588} INFO - Filling up the DagBag from /home/airflow/.local/lib/python3.12/site-packages/airflow/example_dags/example_dataset_alias_with_no_taskflow.py
[2025-01-12T22:32:06.847+0000] {processor.py:925} INFO - DAG(s) 'dataset_alias_example_alias_producer_with_no_taskflow', 'dataset_s3_bucket_producer_with_no_taskflow', 'dataset_s3_bucket_consumer_with_no_taskflow', 'dataset_alias_example_alias_consumer_with_no_taskflow' retrieved from /home/airflow/.local/lib/python3.12/site-packages/airflow/example_dags/example_dataset_alias_with_no_taskflow.py
[2025-01-12T22:32:06.875+0000] {logging_mixin.py:190} INFO - [2025-01-12T22:32:06.874+0000] {dag.py:3239} INFO - Sync 4 DAGs
[2025-01-12T22:32:06.907+0000] {logging_mixin.py:190} INFO - [2025-01-12T22:32:06.906+0000] {dag.py:4180} INFO - Setting next_dagrun for dataset_alias_example_alias_consumer_with_no_taskflow to None, run_after=None
[2025-01-12T22:32:06.912+0000] {logging_mixin.py:190} INFO - [2025-01-12T22:32:06.911+0000] {dag.py:4180} INFO - Setting next_dagrun for dataset_alias_example_alias_producer_with_no_taskflow to None, run_after=None
[2025-01-12T22:32:06.914+0000] {logging_mixin.py:190} INFO - [2025-01-12T22:32:06.913+0000] {dag.py:4180} INFO - Setting next_dagrun for dataset_s3_bucket_consumer_with_no_taskflow to None, run_after=None
[2025-01-12T22:32:06.916+0000] {logging_mixin.py:190} INFO - [2025-01-12T22:32:06.915+0000] {dag.py:4180} INFO - Setting next_dagrun for dataset_s3_bucket_producer_with_no_taskflow to None, run_after=None
[2025-01-12T22:32:07.135+0000] {processor.py:208} INFO - Processing /home/airflow/.local/lib/python3.12/site-packages/airflow/example_dags/example_dataset_alias_with_no_taskflow.py took 1.078 seconds
[2025-01-12T22:32:37.659+0000] {processor.py:186} INFO - Started process (PID=310) to work on /home/airflow/.local/lib/python3.12/site-packages/airflow/example_dags/example_dataset_alias_with_no_taskflow.py
[2025-01-12T22:32:37.661+0000] {processor.py:914} INFO - Processing file /home/airflow/.local/lib/python3.12/site-packages/airflow/example_dags/example_dataset_alias_with_no_taskflow.py for tasks to queue
[2025-01-12T22:32:37.664+0000] {logging_mixin.py:190} INFO - [2025-01-12T22:32:37.663+0000] {dagbag.py:588} INFO - Filling up the DagBag from /home/airflow/.local/lib/python3.12/site-packages/airflow/example_dags/example_dataset_alias_with_no_taskflow.py
[2025-01-12T22:32:38.335+0000] {processor.py:925} INFO - DAG(s) 'dataset_s3_bucket_consumer_with_no_taskflow', 'dataset_alias_example_alias_consumer_with_no_taskflow', 'dataset_alias_example_alias_producer_with_no_taskflow', 'dataset_s3_bucket_producer_with_no_taskflow' retrieved from /home/airflow/.local/lib/python3.12/site-packages/airflow/example_dags/example_dataset_alias_with_no_taskflow.py
[2025-01-12T22:32:38.364+0000] {logging_mixin.py:190} INFO - [2025-01-12T22:32:38.364+0000] {dag.py:3239} INFO - Sync 4 DAGs
[2025-01-12T22:32:38.391+0000] {logging_mixin.py:190} INFO - [2025-01-12T22:32:38.390+0000] {dag.py:4180} INFO - Setting next_dagrun for dataset_alias_example_alias_consumer_with_no_taskflow to None, run_after=None
[2025-01-12T22:32:38.395+0000] {logging_mixin.py:190} INFO - [2025-01-12T22:32:38.394+0000] {dag.py:4180} INFO - Setting next_dagrun for dataset_alias_example_alias_producer_with_no_taskflow to None, run_after=None
[2025-01-12T22:32:38.397+0000] {logging_mixin.py:190} INFO - [2025-01-12T22:32:38.396+0000] {dag.py:4180} INFO - Setting next_dagrun for dataset_s3_bucket_consumer_with_no_taskflow to None, run_after=None
[2025-01-12T22:32:38.399+0000] {logging_mixin.py:190} INFO - [2025-01-12T22:32:38.399+0000] {dag.py:4180} INFO - Setting next_dagrun for dataset_s3_bucket_producer_with_no_taskflow to None, run_after=None
[2025-01-12T22:32:38.786+0000] {processor.py:208} INFO - Processing /home/airflow/.local/lib/python3.12/site-packages/airflow/example_dags/example_dataset_alias_with_no_taskflow.py took 1.134 seconds
[2025-01-12T22:33:09.453+0000] {processor.py:186} INFO - Started process (PID=375) to work on /home/airflow/.local/lib/python3.12/site-packages/airflow/example_dags/example_dataset_alias_with_no_taskflow.py
[2025-01-12T22:33:09.454+0000] {processor.py:914} INFO - Processing file /home/airflow/.local/lib/python3.12/site-packages/airflow/example_dags/example_dataset_alias_with_no_taskflow.py for tasks to queue
[2025-01-12T22:33:09.462+0000] {logging_mixin.py:190} INFO - [2025-01-12T22:33:09.461+0000] {dagbag.py:588} INFO - Filling up the DagBag from /home/airflow/.local/lib/python3.12/site-packages/airflow/example_dags/example_dataset_alias_with_no_taskflow.py
[2025-01-12T22:58:20.841+0000] {processor.py:186} INFO - Started process (PID=106) to work on /home/airflow/.local/lib/python3.12/site-packages/airflow/example_dags/example_dataset_alias_with_no_taskflow.py
[2025-01-12T22:58:20.842+0000] {processor.py:914} INFO - Processing file /home/airflow/.local/lib/python3.12/site-packages/airflow/example_dags/example_dataset_alias_with_no_taskflow.py for tasks to queue
[2025-01-12T22:58:20.845+0000] {logging_mixin.py:190} INFO - [2025-01-12T22:58:20.845+0000] {dagbag.py:588} INFO - Filling up the DagBag from /home/airflow/.local/lib/python3.12/site-packages/airflow/example_dags/example_dataset_alias_with_no_taskflow.py
[2025-01-12T22:58:21.559+0000] {processor.py:925} INFO - DAG(s) 'dataset_alias_example_alias_consumer_with_no_taskflow', 'dataset_s3_bucket_consumer_with_no_taskflow', 'dataset_s3_bucket_producer_with_no_taskflow', 'dataset_alias_example_alias_producer_with_no_taskflow' retrieved from /home/airflow/.local/lib/python3.12/site-packages/airflow/example_dags/example_dataset_alias_with_no_taskflow.py
[2025-01-12T22:58:21.590+0000] {logging_mixin.py:190} INFO - [2025-01-12T22:58:21.590+0000] {dag.py:3239} INFO - Sync 4 DAGs
[2025-01-12T22:58:21.616+0000] {logging_mixin.py:190} INFO - [2025-01-12T22:58:21.615+0000] {dag.py:4180} INFO - Setting next_dagrun for dataset_alias_example_alias_consumer_with_no_taskflow to None, run_after=None
[2025-01-12T22:58:21.619+0000] {logging_mixin.py:190} INFO - [2025-01-12T22:58:21.619+0000] {dag.py:4180} INFO - Setting next_dagrun for dataset_alias_example_alias_producer_with_no_taskflow to None, run_after=None
[2025-01-12T22:58:21.621+0000] {logging_mixin.py:190} INFO - [2025-01-12T22:58:21.620+0000] {dag.py:4180} INFO - Setting next_dagrun for dataset_s3_bucket_consumer_with_no_taskflow to None, run_after=None
[2025-01-12T22:58:21.622+0000] {logging_mixin.py:190} INFO - [2025-01-12T22:58:21.622+0000] {dag.py:4180} INFO - Setting next_dagrun for dataset_s3_bucket_producer_with_no_taskflow to None, run_after=None
[2025-01-12T22:58:21.772+0000] {processor.py:208} INFO - Processing /home/airflow/.local/lib/python3.12/site-packages/airflow/example_dags/example_dataset_alias_with_no_taskflow.py took 0.937 seconds
[2025-01-12T22:58:52.168+0000] {processor.py:186} INFO - Started process (PID=170) to work on /home/airflow/.local/lib/python3.12/site-packages/airflow/example_dags/example_dataset_alias_with_no_taskflow.py
[2025-01-12T22:58:52.170+0000] {processor.py:914} INFO - Processing file /home/airflow/.local/lib/python3.12/site-packages/airflow/example_dags/example_dataset_alias_with_no_taskflow.py for tasks to queue
[2025-01-12T22:58:52.173+0000] {logging_mixin.py:190} INFO - [2025-01-12T22:58:52.172+0000] {dagbag.py:588} INFO - Filling up the DagBag from /home/airflow/.local/lib/python3.12/site-packages/airflow/example_dags/example_dataset_alias_with_no_taskflow.py
[2025-01-12T22:58:52.921+0000] {processor.py:925} INFO - DAG(s) 'dataset_alias_example_alias_consumer_with_no_taskflow', 'dataset_s3_bucket_consumer_with_no_taskflow', 'dataset_s3_bucket_producer_with_no_taskflow', 'dataset_alias_example_alias_producer_with_no_taskflow' retrieved from /home/airflow/.local/lib/python3.12/site-packages/airflow/example_dags/example_dataset_alias_with_no_taskflow.py
[2025-01-12T22:58:52.954+0000] {logging_mixin.py:190} INFO - [2025-01-12T22:58:52.953+0000] {dag.py:3239} INFO - Sync 4 DAGs
[2025-01-12T22:58:52.983+0000] {logging_mixin.py:190} INFO - [2025-01-12T22:58:52.983+0000] {dag.py:4180} INFO - Setting next_dagrun for dataset_alias_example_alias_consumer_with_no_taskflow to None, run_after=None
[2025-01-12T22:58:52.987+0000] {logging_mixin.py:190} INFO - [2025-01-12T22:58:52.986+0000] {dag.py:4180} INFO - Setting next_dagrun for dataset_alias_example_alias_producer_with_no_taskflow to None, run_after=None
[2025-01-12T22:58:52.989+0000] {logging_mixin.py:190} INFO - [2025-01-12T22:58:52.989+0000] {dag.py:4180} INFO - Setting next_dagrun for dataset_s3_bucket_consumer_with_no_taskflow to None, run_after=None
[2025-01-12T22:58:52.991+0000] {logging_mixin.py:190} INFO - [2025-01-12T22:58:52.991+0000] {dag.py:4180} INFO - Setting next_dagrun for dataset_s3_bucket_producer_with_no_taskflow to None, run_after=None
[2025-01-12T22:58:53.102+0000] {processor.py:208} INFO - Processing /home/airflow/.local/lib/python3.12/site-packages/airflow/example_dags/example_dataset_alias_with_no_taskflow.py took 0.941 seconds
[2025-01-12T22:59:23.422+0000] {processor.py:186} INFO - Started process (PID=233) to work on /home/airflow/.local/lib/python3.12/site-packages/airflow/example_dags/example_dataset_alias_with_no_taskflow.py
[2025-01-12T22:59:23.423+0000] {processor.py:914} INFO - Processing file /home/airflow/.local/lib/python3.12/site-packages/airflow/example_dags/example_dataset_alias_with_no_taskflow.py for tasks to queue
[2025-01-12T22:59:23.426+0000] {logging_mixin.py:190} INFO - [2025-01-12T22:59:23.426+0000] {dagbag.py:588} INFO - Filling up the DagBag from /home/airflow/.local/lib/python3.12/site-packages/airflow/example_dags/example_dataset_alias_with_no_taskflow.py
[2025-01-12T22:59:24.168+0000] {processor.py:925} INFO - DAG(s) 'dataset_s3_bucket_consumer_with_no_taskflow', 'dataset_s3_bucket_producer_with_no_taskflow', 'dataset_alias_example_alias_consumer_with_no_taskflow', 'dataset_alias_example_alias_producer_with_no_taskflow' retrieved from /home/airflow/.local/lib/python3.12/site-packages/airflow/example_dags/example_dataset_alias_with_no_taskflow.py
[2025-01-12T22:59:24.205+0000] {logging_mixin.py:190} INFO - [2025-01-12T22:59:24.204+0000] {dag.py:3239} INFO - Sync 4 DAGs
[2025-01-12T22:59:24.230+0000] {logging_mixin.py:190} INFO - [2025-01-12T22:59:24.230+0000] {dag.py:4180} INFO - Setting next_dagrun for dataset_alias_example_alias_consumer_with_no_taskflow to None, run_after=None
[2025-01-12T22:59:24.234+0000] {logging_mixin.py:190} INFO - [2025-01-12T22:59:24.234+0000] {dag.py:4180} INFO - Setting next_dagrun for dataset_alias_example_alias_producer_with_no_taskflow to None, run_after=None
[2025-01-12T22:59:24.236+0000] {logging_mixin.py:190} INFO - [2025-01-12T22:59:24.236+0000] {dag.py:4180} INFO - Setting next_dagrun for dataset_s3_bucket_consumer_with_no_taskflow to None, run_after=None
[2025-01-12T22:59:24.238+0000] {logging_mixin.py:190} INFO - [2025-01-12T22:59:24.238+0000] {dag.py:4180} INFO - Setting next_dagrun for dataset_s3_bucket_producer_with_no_taskflow to None, run_after=None
[2025-01-12T22:59:24.302+0000] {processor.py:208} INFO - Processing /home/airflow/.local/lib/python3.12/site-packages/airflow/example_dags/example_dataset_alias_with_no_taskflow.py took 0.889 seconds
[2025-01-12T22:59:55.222+0000] {processor.py:186} INFO - Started process (PID=297) to work on /home/airflow/.local/lib/python3.12/site-packages/airflow/example_dags/example_dataset_alias_with_no_taskflow.py
[2025-01-12T22:59:55.223+0000] {processor.py:914} INFO - Processing file /home/airflow/.local/lib/python3.12/site-packages/airflow/example_dags/example_dataset_alias_with_no_taskflow.py for tasks to queue
[2025-01-12T22:59:55.226+0000] {logging_mixin.py:190} INFO - [2025-01-12T22:59:55.226+0000] {dagbag.py:588} INFO - Filling up the DagBag from /home/airflow/.local/lib/python3.12/site-packages/airflow/example_dags/example_dataset_alias_with_no_taskflow.py
[2025-01-12T22:59:55.997+0000] {processor.py:925} INFO - DAG(s) 'dataset_alias_example_alias_producer_with_no_taskflow', 'dataset_alias_example_alias_consumer_with_no_taskflow', 'dataset_s3_bucket_consumer_with_no_taskflow', 'dataset_s3_bucket_producer_with_no_taskflow' retrieved from /home/airflow/.local/lib/python3.12/site-packages/airflow/example_dags/example_dataset_alias_with_no_taskflow.py
[2025-01-12T22:59:56.042+0000] {logging_mixin.py:190} INFO - [2025-01-12T22:59:56.041+0000] {dag.py:3239} INFO - Sync 4 DAGs
[2025-01-12T22:59:56.081+0000] {logging_mixin.py:190} INFO - [2025-01-12T22:59:56.081+0000] {dag.py:4180} INFO - Setting next_dagrun for dataset_alias_example_alias_consumer_with_no_taskflow to None, run_after=None
[2025-01-12T22:59:56.087+0000] {logging_mixin.py:190} INFO - [2025-01-12T22:59:56.086+0000] {dag.py:4180} INFO - Setting next_dagrun for dataset_alias_example_alias_producer_with_no_taskflow to None, run_after=None
[2025-01-12T22:59:56.091+0000] {logging_mixin.py:190} INFO - [2025-01-12T22:59:56.090+0000] {dag.py:4180} INFO - Setting next_dagrun for dataset_s3_bucket_consumer_with_no_taskflow to None, run_after=None
[2025-01-12T22:59:56.094+0000] {logging_mixin.py:190} INFO - [2025-01-12T22:59:56.094+0000] {dag.py:4180} INFO - Setting next_dagrun for dataset_s3_bucket_producer_with_no_taskflow to None, run_after=None
[2025-01-12T22:59:56.232+0000] {processor.py:208} INFO - Processing /home/airflow/.local/lib/python3.12/site-packages/airflow/example_dags/example_dataset_alias_with_no_taskflow.py took 1.016 seconds
[2025-01-12T23:00:27.287+0000] {processor.py:186} INFO - Started process (PID=360) to work on /home/airflow/.local/lib/python3.12/site-packages/airflow/example_dags/example_dataset_alias_with_no_taskflow.py
[2025-01-12T23:00:27.291+0000] {processor.py:914} INFO - Processing file /home/airflow/.local/lib/python3.12/site-packages/airflow/example_dags/example_dataset_alias_with_no_taskflow.py for tasks to queue
[2025-01-12T23:00:27.295+0000] {logging_mixin.py:190} INFO - [2025-01-12T23:00:27.294+0000] {dagbag.py:588} INFO - Filling up the DagBag from /home/airflow/.local/lib/python3.12/site-packages/airflow/example_dags/example_dataset_alias_with_no_taskflow.py
[2025-01-12T23:00:28.019+0000] {processor.py:925} INFO - DAG(s) 'dataset_alias_example_alias_consumer_with_no_taskflow', 'dataset_s3_bucket_consumer_with_no_taskflow', 'dataset_alias_example_alias_producer_with_no_taskflow', 'dataset_s3_bucket_producer_with_no_taskflow' retrieved from /home/airflow/.local/lib/python3.12/site-packages/airflow/example_dags/example_dataset_alias_with_no_taskflow.py
[2025-01-12T23:00:28.052+0000] {logging_mixin.py:190} INFO - [2025-01-12T23:00:28.051+0000] {dag.py:3239} INFO - Sync 4 DAGs
[2025-01-12T23:00:28.083+0000] {logging_mixin.py:190} INFO - [2025-01-12T23:00:28.082+0000] {dag.py:4180} INFO - Setting next_dagrun for dataset_alias_example_alias_consumer_with_no_taskflow to None, run_after=None
[2025-01-12T23:00:28.088+0000] {logging_mixin.py:190} INFO - [2025-01-12T23:00:28.087+0000] {dag.py:4180} INFO - Setting next_dagrun for dataset_alias_example_alias_producer_with_no_taskflow to None, run_after=None
[2025-01-12T23:00:28.091+0000] {logging_mixin.py:190} INFO - [2025-01-12T23:00:28.090+0000] {dag.py:4180} INFO - Setting next_dagrun for dataset_s3_bucket_consumer_with_no_taskflow to None, run_after=None
[2025-01-12T23:00:28.093+0000] {logging_mixin.py:190} INFO - [2025-01-12T23:00:28.093+0000] {dag.py:4180} INFO - Setting next_dagrun for dataset_s3_bucket_producer_with_no_taskflow to None, run_after=None
[2025-01-12T23:00:28.240+0000] {processor.py:208} INFO - Processing /home/airflow/.local/lib/python3.12/site-packages/airflow/example_dags/example_dataset_alias_with_no_taskflow.py took 0.973 seconds
[2025-01-12T23:00:58.853+0000] {processor.py:186} INFO - Started process (PID=422) to work on /home/airflow/.local/lib/python3.12/site-packages/airflow/example_dags/example_dataset_alias_with_no_taskflow.py
[2025-01-12T23:00:58.855+0000] {processor.py:914} INFO - Processing file /home/airflow/.local/lib/python3.12/site-packages/airflow/example_dags/example_dataset_alias_with_no_taskflow.py for tasks to queue
[2025-01-12T23:00:58.857+0000] {logging_mixin.py:190} INFO - [2025-01-12T23:00:58.857+0000] {dagbag.py:588} INFO - Filling up the DagBag from /home/airflow/.local/lib/python3.12/site-packages/airflow/example_dags/example_dataset_alias_with_no_taskflow.py
[2025-01-12T23:00:59.646+0000] {processor.py:925} INFO - DAG(s) 'dataset_s3_bucket_producer_with_no_taskflow', 'dataset_s3_bucket_consumer_with_no_taskflow', 'dataset_alias_example_alias_consumer_with_no_taskflow', 'dataset_alias_example_alias_producer_with_no_taskflow' retrieved from /home/airflow/.local/lib/python3.12/site-packages/airflow/example_dags/example_dataset_alias_with_no_taskflow.py
[2025-01-12T23:00:59.714+0000] {logging_mixin.py:190} INFO - [2025-01-12T23:00:59.709+0000] {dag.py:3239} INFO - Sync 4 DAGs
[2025-01-12T23:00:59.777+0000] {logging_mixin.py:190} INFO - [2025-01-12T23:00:59.776+0000] {dag.py:4180} INFO - Setting next_dagrun for dataset_alias_example_alias_consumer_with_no_taskflow to None, run_after=None
[2025-01-12T23:00:59.780+0000] {logging_mixin.py:190} INFO - [2025-01-12T23:00:59.780+0000] {dag.py:4180} INFO - Setting next_dagrun for dataset_alias_example_alias_producer_with_no_taskflow to None, run_after=None
[2025-01-12T23:00:59.782+0000] {logging_mixin.py:190} INFO - [2025-01-12T23:00:59.782+0000] {dag.py:4180} INFO - Setting next_dagrun for dataset_s3_bucket_consumer_with_no_taskflow to None, run_after=None
[2025-01-12T23:00:59.784+0000] {logging_mixin.py:190} INFO - [2025-01-12T23:00:59.784+0000] {dag.py:4180} INFO - Setting next_dagrun for dataset_s3_bucket_producer_with_no_taskflow to None, run_after=None
[2025-01-12T23:00:59.887+0000] {processor.py:208} INFO - Processing /home/airflow/.local/lib/python3.12/site-packages/airflow/example_dags/example_dataset_alias_with_no_taskflow.py took 1.042 seconds
[2025-01-12T23:01:30.145+0000] {processor.py:186} INFO - Started process (PID=484) to work on /home/airflow/.local/lib/python3.12/site-packages/airflow/example_dags/example_dataset_alias_with_no_taskflow.py
[2025-01-12T23:01:30.146+0000] {processor.py:914} INFO - Processing file /home/airflow/.local/lib/python3.12/site-packages/airflow/example_dags/example_dataset_alias_with_no_taskflow.py for tasks to queue
[2025-01-12T23:01:30.149+0000] {logging_mixin.py:190} INFO - [2025-01-12T23:01:30.149+0000] {dagbag.py:588} INFO - Filling up the DagBag from /home/airflow/.local/lib/python3.12/site-packages/airflow/example_dags/example_dataset_alias_with_no_taskflow.py
[2025-01-12T23:01:30.885+0000] {processor.py:925} INFO - DAG(s) 'dataset_s3_bucket_consumer_with_no_taskflow', 'dataset_alias_example_alias_consumer_with_no_taskflow', 'dataset_alias_example_alias_producer_with_no_taskflow', 'dataset_s3_bucket_producer_with_no_taskflow' retrieved from /home/airflow/.local/lib/python3.12/site-packages/airflow/example_dags/example_dataset_alias_with_no_taskflow.py
[2025-01-12T23:01:30.914+0000] {logging_mixin.py:190} INFO - [2025-01-12T23:01:30.913+0000] {dag.py:3239} INFO - Sync 4 DAGs
[2025-01-12T23:01:30.948+0000] {logging_mixin.py:190} INFO - [2025-01-12T23:01:30.947+0000] {dag.py:4180} INFO - Setting next_dagrun for dataset_alias_example_alias_consumer_with_no_taskflow to None, run_after=None
[2025-01-12T23:01:30.952+0000] {logging_mixin.py:190} INFO - [2025-01-12T23:01:30.952+0000] {dag.py:4180} INFO - Setting next_dagrun for dataset_alias_example_alias_producer_with_no_taskflow to None, run_after=None
[2025-01-12T23:01:30.954+0000] {logging_mixin.py:190} INFO - [2025-01-12T23:01:30.954+0000] {dag.py:4180} INFO - Setting next_dagrun for dataset_s3_bucket_consumer_with_no_taskflow to None, run_after=None
[2025-01-12T23:01:30.955+0000] {logging_mixin.py:190} INFO - [2025-01-12T23:01:30.955+0000] {dag.py:4180} INFO - Setting next_dagrun for dataset_s3_bucket_producer_with_no_taskflow to None, run_after=None
[2025-01-12T23:01:31.025+0000] {processor.py:208} INFO - Processing /home/airflow/.local/lib/python3.12/site-packages/airflow/example_dags/example_dataset_alias_with_no_taskflow.py took 0.889 seconds
[2025-01-12T23:02:01.979+0000] {processor.py:186} INFO - Started process (PID=549) to work on /home/airflow/.local/lib/python3.12/site-packages/airflow/example_dags/example_dataset_alias_with_no_taskflow.py
[2025-01-12T23:02:01.980+0000] {processor.py:914} INFO - Processing file /home/airflow/.local/lib/python3.12/site-packages/airflow/example_dags/example_dataset_alias_with_no_taskflow.py for tasks to queue
[2025-01-12T23:02:01.983+0000] {logging_mixin.py:190} INFO - [2025-01-12T23:02:01.982+0000] {dagbag.py:588} INFO - Filling up the DagBag from /home/airflow/.local/lib/python3.12/site-packages/airflow/example_dags/example_dataset_alias_with_no_taskflow.py
[2025-01-12T23:02:02.656+0000] {processor.py:925} INFO - DAG(s) 'dataset_s3_bucket_producer_with_no_taskflow', 'dataset_s3_bucket_consumer_with_no_taskflow', 'dataset_alias_example_alias_consumer_with_no_taskflow', 'dataset_alias_example_alias_producer_with_no_taskflow' retrieved from /home/airflow/.local/lib/python3.12/site-packages/airflow/example_dags/example_dataset_alias_with_no_taskflow.py
[2025-01-12T23:02:02.682+0000] {logging_mixin.py:190} INFO - [2025-01-12T23:02:02.682+0000] {dag.py:3239} INFO - Sync 4 DAGs
[2025-01-12T23:02:02.710+0000] {logging_mixin.py:190} INFO - [2025-01-12T23:02:02.710+0000] {dag.py:4180} INFO - Setting next_dagrun for dataset_alias_example_alias_consumer_with_no_taskflow to None, run_after=None
[2025-01-12T23:02:02.714+0000] {logging_mixin.py:190} INFO - [2025-01-12T23:02:02.713+0000] {dag.py:4180} INFO - Setting next_dagrun for dataset_alias_example_alias_producer_with_no_taskflow to None, run_after=None
[2025-01-12T23:02:02.716+0000] {logging_mixin.py:190} INFO - [2025-01-12T23:02:02.716+0000] {dag.py:4180} INFO - Setting next_dagrun for dataset_s3_bucket_consumer_with_no_taskflow to None, run_after=None
[2025-01-12T23:02:02.718+0000] {logging_mixin.py:190} INFO - [2025-01-12T23:02:02.718+0000] {dag.py:4180} INFO - Setting next_dagrun for dataset_s3_bucket_producer_with_no_taskflow to None, run_after=None
[2025-01-12T23:02:02.892+0000] {processor.py:208} INFO - Processing /home/airflow/.local/lib/python3.12/site-packages/airflow/example_dags/example_dataset_alias_with_no_taskflow.py took 0.921 seconds
[2025-01-12T23:02:33.096+0000] {processor.py:186} INFO - Started process (PID=613) to work on /home/airflow/.local/lib/python3.12/site-packages/airflow/example_dags/example_dataset_alias_with_no_taskflow.py
[2025-01-12T23:02:33.097+0000] {processor.py:914} INFO - Processing file /home/airflow/.local/lib/python3.12/site-packages/airflow/example_dags/example_dataset_alias_with_no_taskflow.py for tasks to queue
[2025-01-12T23:02:33.100+0000] {logging_mixin.py:190} INFO - [2025-01-12T23:02:33.100+0000] {dagbag.py:588} INFO - Filling up the DagBag from /home/airflow/.local/lib/python3.12/site-packages/airflow/example_dags/example_dataset_alias_with_no_taskflow.py
[2025-01-12T23:02:33.858+0000] {processor.py:925} INFO - DAG(s) 'dataset_s3_bucket_consumer_with_no_taskflow', 'dataset_s3_bucket_producer_with_no_taskflow', 'dataset_alias_example_alias_consumer_with_no_taskflow', 'dataset_alias_example_alias_producer_with_no_taskflow' retrieved from /home/airflow/.local/lib/python3.12/site-packages/airflow/example_dags/example_dataset_alias_with_no_taskflow.py
[2025-01-12T23:02:33.885+0000] {logging_mixin.py:190} INFO - [2025-01-12T23:02:33.884+0000] {dag.py:3239} INFO - Sync 4 DAGs
[2025-01-12T23:02:33.916+0000] {logging_mixin.py:190} INFO - [2025-01-12T23:02:33.915+0000] {dag.py:4180} INFO - Setting next_dagrun for dataset_alias_example_alias_consumer_with_no_taskflow to None, run_after=None
[2025-01-12T23:02:33.919+0000] {logging_mixin.py:190} INFO - [2025-01-12T23:02:33.919+0000] {dag.py:4180} INFO - Setting next_dagrun for dataset_alias_example_alias_producer_with_no_taskflow to None, run_after=None
[2025-01-12T23:02:33.921+0000] {logging_mixin.py:190} INFO - [2025-01-12T23:02:33.921+0000] {dag.py:4180} INFO - Setting next_dagrun for dataset_s3_bucket_consumer_with_no_taskflow to None, run_after=None
[2025-01-12T23:02:33.923+0000] {logging_mixin.py:190} INFO - [2025-01-12T23:02:33.923+0000] {dag.py:4180} INFO - Setting next_dagrun for dataset_s3_bucket_producer_with_no_taskflow to None, run_after=None
[2025-01-12T23:02:34.025+0000] {processor.py:208} INFO - Processing /home/airflow/.local/lib/python3.12/site-packages/airflow/example_dags/example_dataset_alias_with_no_taskflow.py took 0.937 seconds
[2025-01-12T23:03:04.705+0000] {processor.py:186} INFO - Started process (PID=678) to work on /home/airflow/.local/lib/python3.12/site-packages/airflow/example_dags/example_dataset_alias_with_no_taskflow.py
[2025-01-12T23:03:04.706+0000] {processor.py:914} INFO - Processing file /home/airflow/.local/lib/python3.12/site-packages/airflow/example_dags/example_dataset_alias_with_no_taskflow.py for tasks to queue
[2025-01-12T23:03:04.709+0000] {logging_mixin.py:190} INFO - [2025-01-12T23:03:04.708+0000] {dagbag.py:588} INFO - Filling up the DagBag from /home/airflow/.local/lib/python3.12/site-packages/airflow/example_dags/example_dataset_alias_with_no_taskflow.py
[2025-01-12T23:03:05.444+0000] {processor.py:925} INFO - DAG(s) 'dataset_s3_bucket_consumer_with_no_taskflow', 'dataset_alias_example_alias_consumer_with_no_taskflow', 'dataset_s3_bucket_producer_with_no_taskflow', 'dataset_alias_example_alias_producer_with_no_taskflow' retrieved from /home/airflow/.local/lib/python3.12/site-packages/airflow/example_dags/example_dataset_alias_with_no_taskflow.py
[2025-01-12T23:03:05.472+0000] {logging_mixin.py:190} INFO - [2025-01-12T23:03:05.471+0000] {dag.py:3239} INFO - Sync 4 DAGs
[2025-01-12T23:03:05.501+0000] {logging_mixin.py:190} INFO - [2025-01-12T23:03:05.501+0000] {dag.py:4180} INFO - Setting next_dagrun for dataset_alias_example_alias_consumer_with_no_taskflow to None, run_after=None
[2025-01-12T23:03:05.505+0000] {logging_mixin.py:190} INFO - [2025-01-12T23:03:05.505+0000] {dag.py:4180} INFO - Setting next_dagrun for dataset_alias_example_alias_producer_with_no_taskflow to None, run_after=None
[2025-01-12T23:03:05.508+0000] {logging_mixin.py:190} INFO - [2025-01-12T23:03:05.507+0000] {dag.py:4180} INFO - Setting next_dagrun for dataset_s3_bucket_consumer_with_no_taskflow to None, run_after=None
[2025-01-12T23:03:05.510+0000] {logging_mixin.py:190} INFO - [2025-01-12T23:03:05.510+0000] {dag.py:4180} INFO - Setting next_dagrun for dataset_s3_bucket_producer_with_no_taskflow to None, run_after=None
[2025-01-12T23:03:05.564+0000] {processor.py:208} INFO - Processing /home/airflow/.local/lib/python3.12/site-packages/airflow/example_dags/example_dataset_alias_with_no_taskflow.py took 0.867 seconds
[2025-01-12T23:03:35.713+0000] {processor.py:186} INFO - Started process (PID=739) to work on /home/airflow/.local/lib/python3.12/site-packages/airflow/example_dags/example_dataset_alias_with_no_taskflow.py
[2025-01-12T23:03:35.714+0000] {processor.py:914} INFO - Processing file /home/airflow/.local/lib/python3.12/site-packages/airflow/example_dags/example_dataset_alias_with_no_taskflow.py for tasks to queue
[2025-01-12T23:03:35.716+0000] {logging_mixin.py:190} INFO - [2025-01-12T23:03:35.716+0000] {dagbag.py:588} INFO - Filling up the DagBag from /home/airflow/.local/lib/python3.12/site-packages/airflow/example_dags/example_dataset_alias_with_no_taskflow.py
[2025-01-12T23:03:36.491+0000] {processor.py:925} INFO - DAG(s) 'dataset_s3_bucket_producer_with_no_taskflow', 'dataset_alias_example_alias_producer_with_no_taskflow', 'dataset_alias_example_alias_consumer_with_no_taskflow', 'dataset_s3_bucket_consumer_with_no_taskflow' retrieved from /home/airflow/.local/lib/python3.12/site-packages/airflow/example_dags/example_dataset_alias_with_no_taskflow.py
[2025-01-12T23:03:36.519+0000] {logging_mixin.py:190} INFO - [2025-01-12T23:03:36.518+0000] {dag.py:3239} INFO - Sync 4 DAGs
[2025-01-12T23:03:36.547+0000] {logging_mixin.py:190} INFO - [2025-01-12T23:03:36.546+0000] {dag.py:4180} INFO - Setting next_dagrun for dataset_alias_example_alias_consumer_with_no_taskflow to None, run_after=None
[2025-01-12T23:03:36.550+0000] {logging_mixin.py:190} INFO - [2025-01-12T23:03:36.550+0000] {dag.py:4180} INFO - Setting next_dagrun for dataset_alias_example_alias_producer_with_no_taskflow to None, run_after=None
[2025-01-12T23:03:36.552+0000] {logging_mixin.py:190} INFO - [2025-01-12T23:03:36.552+0000] {dag.py:4180} INFO - Setting next_dagrun for dataset_s3_bucket_consumer_with_no_taskflow to None, run_after=None
[2025-01-12T23:03:36.554+0000] {logging_mixin.py:190} INFO - [2025-01-12T23:03:36.554+0000] {dag.py:4180} INFO - Setting next_dagrun for dataset_s3_bucket_producer_with_no_taskflow to None, run_after=None
[2025-01-12T23:03:36.645+0000] {processor.py:208} INFO - Processing /home/airflow/.local/lib/python3.12/site-packages/airflow/example_dags/example_dataset_alias_with_no_taskflow.py took 0.940 seconds
[2025-01-12T23:04:06.925+0000] {processor.py:186} INFO - Started process (PID=800) to work on /home/airflow/.local/lib/python3.12/site-packages/airflow/example_dags/example_dataset_alias_with_no_taskflow.py
[2025-01-12T23:04:06.926+0000] {processor.py:914} INFO - Processing file /home/airflow/.local/lib/python3.12/site-packages/airflow/example_dags/example_dataset_alias_with_no_taskflow.py for tasks to queue
[2025-01-12T23:04:06.929+0000] {logging_mixin.py:190} INFO - [2025-01-12T23:04:06.929+0000] {dagbag.py:588} INFO - Filling up the DagBag from /home/airflow/.local/lib/python3.12/site-packages/airflow/example_dags/example_dataset_alias_with_no_taskflow.py
[2025-01-12T23:04:07.764+0000] {processor.py:925} INFO - DAG(s) 'dataset_alias_example_alias_consumer_with_no_taskflow', 'dataset_s3_bucket_consumer_with_no_taskflow', 'dataset_s3_bucket_producer_with_no_taskflow', 'dataset_alias_example_alias_producer_with_no_taskflow' retrieved from /home/airflow/.local/lib/python3.12/site-packages/airflow/example_dags/example_dataset_alias_with_no_taskflow.py
[2025-01-12T23:04:07.793+0000] {logging_mixin.py:190} INFO - [2025-01-12T23:04:07.792+0000] {dag.py:3239} INFO - Sync 4 DAGs
[2025-01-12T23:04:07.825+0000] {logging_mixin.py:190} INFO - [2025-01-12T23:04:07.824+0000] {dag.py:4180} INFO - Setting next_dagrun for dataset_alias_example_alias_consumer_with_no_taskflow to None, run_after=None
[2025-01-12T23:04:07.829+0000] {logging_mixin.py:190} INFO - [2025-01-12T23:04:07.828+0000] {dag.py:4180} INFO - Setting next_dagrun for dataset_alias_example_alias_producer_with_no_taskflow to None, run_after=None
[2025-01-12T23:04:07.833+0000] {logging_mixin.py:190} INFO - [2025-01-12T23:04:07.833+0000] {dag.py:4180} INFO - Setting next_dagrun for dataset_s3_bucket_consumer_with_no_taskflow to None, run_after=None
[2025-01-12T23:04:07.835+0000] {logging_mixin.py:190} INFO - [2025-01-12T23:04:07.835+0000] {dag.py:4180} INFO - Setting next_dagrun for dataset_s3_bucket_producer_with_no_taskflow to None, run_after=None
[2025-01-12T23:04:07.916+0000] {processor.py:208} INFO - Processing /home/airflow/.local/lib/python3.12/site-packages/airflow/example_dags/example_dataset_alias_with_no_taskflow.py took 0.998 seconds
[2025-01-12T23:04:38.625+0000] {processor.py:186} INFO - Started process (PID=864) to work on /home/airflow/.local/lib/python3.12/site-packages/airflow/example_dags/example_dataset_alias_with_no_taskflow.py
[2025-01-12T23:04:38.626+0000] {processor.py:914} INFO - Processing file /home/airflow/.local/lib/python3.12/site-packages/airflow/example_dags/example_dataset_alias_with_no_taskflow.py for tasks to queue
[2025-01-12T23:04:38.629+0000] {logging_mixin.py:190} INFO - [2025-01-12T23:04:38.629+0000] {dagbag.py:588} INFO - Filling up the DagBag from /home/airflow/.local/lib/python3.12/site-packages/airflow/example_dags/example_dataset_alias_with_no_taskflow.py
[2025-01-12T23:04:39.377+0000] {processor.py:925} INFO - DAG(s) 'dataset_alias_example_alias_producer_with_no_taskflow', 'dataset_s3_bucket_producer_with_no_taskflow', 'dataset_alias_example_alias_consumer_with_no_taskflow', 'dataset_s3_bucket_consumer_with_no_taskflow' retrieved from /home/airflow/.local/lib/python3.12/site-packages/airflow/example_dags/example_dataset_alias_with_no_taskflow.py
[2025-01-12T23:04:39.408+0000] {logging_mixin.py:190} INFO - [2025-01-12T23:04:39.407+0000] {dag.py:3239} INFO - Sync 4 DAGs
[2025-01-12T23:04:39.435+0000] {logging_mixin.py:190} INFO - [2025-01-12T23:04:39.435+0000] {dag.py:4180} INFO - Setting next_dagrun for dataset_alias_example_alias_consumer_with_no_taskflow to None, run_after=None
[2025-01-12T23:04:39.439+0000] {logging_mixin.py:190} INFO - [2025-01-12T23:04:39.438+0000] {dag.py:4180} INFO - Setting next_dagrun for dataset_alias_example_alias_producer_with_no_taskflow to None, run_after=None
[2025-01-12T23:04:39.441+0000] {logging_mixin.py:190} INFO - [2025-01-12T23:04:39.441+0000] {dag.py:4180} INFO - Setting next_dagrun for dataset_s3_bucket_consumer_with_no_taskflow to None, run_after=None
[2025-01-12T23:04:39.443+0000] {logging_mixin.py:190} INFO - [2025-01-12T23:04:39.442+0000] {dag.py:4180} INFO - Setting next_dagrun for dataset_s3_bucket_producer_with_no_taskflow to None, run_after=None
[2025-01-12T23:04:39.509+0000] {processor.py:208} INFO - Processing /home/airflow/.local/lib/python3.12/site-packages/airflow/example_dags/example_dataset_alias_with_no_taskflow.py took 0.891 seconds
[2025-01-12T23:05:09.805+0000] {processor.py:186} INFO - Started process (PID=926) to work on /home/airflow/.local/lib/python3.12/site-packages/airflow/example_dags/example_dataset_alias_with_no_taskflow.py
[2025-01-12T23:05:09.806+0000] {processor.py:914} INFO - Processing file /home/airflow/.local/lib/python3.12/site-packages/airflow/example_dags/example_dataset_alias_with_no_taskflow.py for tasks to queue
[2025-01-12T23:05:09.809+0000] {logging_mixin.py:190} INFO - [2025-01-12T23:05:09.809+0000] {dagbag.py:588} INFO - Filling up the DagBag from /home/airflow/.local/lib/python3.12/site-packages/airflow/example_dags/example_dataset_alias_with_no_taskflow.py
[2025-01-12T23:05:10.512+0000] {processor.py:925} INFO - DAG(s) 'dataset_alias_example_alias_producer_with_no_taskflow', 'dataset_s3_bucket_consumer_with_no_taskflow', 'dataset_s3_bucket_producer_with_no_taskflow', 'dataset_alias_example_alias_consumer_with_no_taskflow' retrieved from /home/airflow/.local/lib/python3.12/site-packages/airflow/example_dags/example_dataset_alias_with_no_taskflow.py
[2025-01-12T23:05:10.537+0000] {logging_mixin.py:190} INFO - [2025-01-12T23:05:10.536+0000] {dag.py:3239} INFO - Sync 4 DAGs
[2025-01-12T23:05:10.563+0000] {logging_mixin.py:190} INFO - [2025-01-12T23:05:10.562+0000] {dag.py:4180} INFO - Setting next_dagrun for dataset_alias_example_alias_consumer_with_no_taskflow to None, run_after=None
[2025-01-12T23:05:10.566+0000] {logging_mixin.py:190} INFO - [2025-01-12T23:05:10.566+0000] {dag.py:4180} INFO - Setting next_dagrun for dataset_alias_example_alias_producer_with_no_taskflow to None, run_after=None
[2025-01-12T23:05:10.568+0000] {logging_mixin.py:190} INFO - [2025-01-12T23:05:10.568+0000] {dag.py:4180} INFO - Setting next_dagrun for dataset_s3_bucket_consumer_with_no_taskflow to None, run_after=None
[2025-01-12T23:05:10.570+0000] {logging_mixin.py:190} INFO - [2025-01-12T23:05:10.569+0000] {dag.py:4180} INFO - Setting next_dagrun for dataset_s3_bucket_producer_with_no_taskflow to None, run_after=None
[2025-01-12T23:05:10.623+0000] {processor.py:208} INFO - Processing /home/airflow/.local/lib/python3.12/site-packages/airflow/example_dags/example_dataset_alias_with_no_taskflow.py took 0.825 seconds
