[2025-01-12T22:29:11.275+0000] {processor.py:186} INFO - Started process (PID=79) to work on /home/airflow/.local/lib/python3.12/site-packages/airflow/example_dags/example_nested_branch_dag.py
[2025-01-12T22:29:11.277+0000] {processor.py:914} INFO - Processing file /home/airflow/.local/lib/python3.12/site-packages/airflow/example_dags/example_nested_branch_dag.py for tasks to queue
[2025-01-12T22:29:11.280+0000] {logging_mixin.py:190} INFO - [2025-01-12T22:29:11.279+0000] {dagbag.py:588} INFO - Filling up the DagBag from /home/airflow/.local/lib/python3.12/site-packages/airflow/example_dags/example_nested_branch_dag.py
[2025-01-12T22:29:11.588+0000] {processor.py:925} INFO - DAG(s) 'example_nested_branch_dag' retrieved from /home/airflow/.local/lib/python3.12/site-packages/airflow/example_dags/example_nested_branch_dag.py
[2025-01-12T22:29:11.828+0000] {logging_mixin.py:190} INFO - [2025-01-12T22:29:11.827+0000] {override.py:1911} INFO - Created Permission View: can read on DAG:example_nested_branch_dag
[2025-01-12T22:29:11.872+0000] {logging_mixin.py:190} INFO - [2025-01-12T22:29:11.872+0000] {override.py:1911} INFO - Created Permission View: can delete on DAG:example_nested_branch_dag
[2025-01-12T22:29:11.929+0000] {logging_mixin.py:190} INFO - [2025-01-12T22:29:11.928+0000] {override.py:1911} INFO - Created Permission View: can edit on DAG:example_nested_branch_dag
[2025-01-12T22:29:12.050+0000] {logging_mixin.py:190} INFO - [2025-01-12T22:29:12.049+0000] {override.py:1911} INFO - Created Permission View: menu access on DAG Run:example_nested_branch_dag
[2025-01-12T22:29:12.084+0000] {logging_mixin.py:190} INFO - [2025-01-12T22:29:12.083+0000] {override.py:1911} INFO - Created Permission View: can create on DAG Run:example_nested_branch_dag
[2025-01-12T22:29:12.127+0000] {logging_mixin.py:190} INFO - [2025-01-12T22:29:12.127+0000] {override.py:1911} INFO - Created Permission View: can read on DAG Run:example_nested_branch_dag
[2025-01-12T22:29:12.194+0000] {logging_mixin.py:190} INFO - [2025-01-12T22:29:12.194+0000] {override.py:1911} INFO - Created Permission View: can delete on DAG Run:example_nested_branch_dag
[2025-01-12T22:29:12.196+0000] {logging_mixin.py:190} INFO - [2025-01-12T22:29:12.195+0000] {dag.py:3239} INFO - Sync 1 DAGs
[2025-01-12T22:29:12.214+0000] {logging_mixin.py:190} INFO - [2025-01-12T22:29:12.214+0000] {dag.py:3262} INFO - Creating ORM DAG for example_nested_branch_dag
[2025-01-12T22:29:12.226+0000] {logging_mixin.py:190} INFO - [2025-01-12T22:29:12.225+0000] {dag.py:4180} INFO - Setting next_dagrun for example_nested_branch_dag to 2025-01-11 00:00:00+00:00, run_after=2025-01-12 00:00:00+00:00
[2025-01-12T22:29:12.303+0000] {processor.py:208} INFO - Processing /home/airflow/.local/lib/python3.12/site-packages/airflow/example_dags/example_nested_branch_dag.py took 1.035 seconds
[2025-01-12T22:31:19.691+0000] {processor.py:186} INFO - Started process (PID=154) to work on /home/airflow/.local/lib/python3.12/site-packages/airflow/example_dags/example_nested_branch_dag.py
[2025-01-12T22:31:19.692+0000] {processor.py:914} INFO - Processing file /home/airflow/.local/lib/python3.12/site-packages/airflow/example_dags/example_nested_branch_dag.py for tasks to queue
[2025-01-12T22:31:19.695+0000] {logging_mixin.py:190} INFO - [2025-01-12T22:31:19.695+0000] {dagbag.py:588} INFO - Filling up the DagBag from /home/airflow/.local/lib/python3.12/site-packages/airflow/example_dags/example_nested_branch_dag.py
[2025-01-12T22:31:19.758+0000] {processor.py:925} INFO - DAG(s) 'example_nested_branch_dag' retrieved from /home/airflow/.local/lib/python3.12/site-packages/airflow/example_dags/example_nested_branch_dag.py
[2025-01-12T22:31:19.782+0000] {logging_mixin.py:190} INFO - [2025-01-12T22:31:19.782+0000] {dag.py:3239} INFO - Sync 1 DAGs
[2025-01-12T22:31:19.811+0000] {logging_mixin.py:190} INFO - [2025-01-12T22:31:19.810+0000] {dag.py:4180} INFO - Setting next_dagrun for example_nested_branch_dag to 2025-01-11 00:00:00+00:00, run_after=2025-01-12 00:00:00+00:00
[2025-01-12T22:31:19.888+0000] {processor.py:208} INFO - Processing /home/airflow/.local/lib/python3.12/site-packages/airflow/example_dags/example_nested_branch_dag.py took 0.203 seconds
[2025-01-12T22:31:50.244+0000] {processor.py:186} INFO - Started process (PID=216) to work on /home/airflow/.local/lib/python3.12/site-packages/airflow/example_dags/example_nested_branch_dag.py
[2025-01-12T22:31:50.245+0000] {processor.py:914} INFO - Processing file /home/airflow/.local/lib/python3.12/site-packages/airflow/example_dags/example_nested_branch_dag.py for tasks to queue
[2025-01-12T22:31:50.248+0000] {logging_mixin.py:190} INFO - [2025-01-12T22:31:50.248+0000] {dagbag.py:588} INFO - Filling up the DagBag from /home/airflow/.local/lib/python3.12/site-packages/airflow/example_dags/example_nested_branch_dag.py
[2025-01-12T22:31:50.261+0000] {processor.py:925} INFO - DAG(s) 'example_nested_branch_dag' retrieved from /home/airflow/.local/lib/python3.12/site-packages/airflow/example_dags/example_nested_branch_dag.py
[2025-01-12T22:31:50.289+0000] {logging_mixin.py:190} INFO - [2025-01-12T22:31:50.289+0000] {dag.py:3239} INFO - Sync 1 DAGs
[2025-01-12T22:31:50.318+0000] {logging_mixin.py:190} INFO - [2025-01-12T22:31:50.318+0000] {dag.py:4180} INFO - Setting next_dagrun for example_nested_branch_dag to 2025-01-11 00:00:00+00:00, run_after=2025-01-12 00:00:00+00:00
[2025-01-12T22:31:50.503+0000] {processor.py:208} INFO - Processing /home/airflow/.local/lib/python3.12/site-packages/airflow/example_dags/example_nested_branch_dag.py took 0.266 seconds
[2025-01-12T22:32:20.955+0000] {processor.py:186} INFO - Started process (PID=279) to work on /home/airflow/.local/lib/python3.12/site-packages/airflow/example_dags/example_nested_branch_dag.py
[2025-01-12T22:32:20.958+0000] {processor.py:914} INFO - Processing file /home/airflow/.local/lib/python3.12/site-packages/airflow/example_dags/example_nested_branch_dag.py for tasks to queue
[2025-01-12T22:32:20.964+0000] {logging_mixin.py:190} INFO - [2025-01-12T22:32:20.963+0000] {dagbag.py:588} INFO - Filling up the DagBag from /home/airflow/.local/lib/python3.12/site-packages/airflow/example_dags/example_nested_branch_dag.py
[2025-01-12T22:32:20.994+0000] {processor.py:925} INFO - DAG(s) 'example_nested_branch_dag' retrieved from /home/airflow/.local/lib/python3.12/site-packages/airflow/example_dags/example_nested_branch_dag.py
[2025-01-12T22:32:21.068+0000] {logging_mixin.py:190} INFO - [2025-01-12T22:32:21.068+0000] {dag.py:3239} INFO - Sync 1 DAGs
[2025-01-12T22:32:21.113+0000] {logging_mixin.py:190} INFO - [2025-01-12T22:32:21.112+0000] {dag.py:4180} INFO - Setting next_dagrun for example_nested_branch_dag to 2025-01-11 00:00:00+00:00, run_after=2025-01-12 00:00:00+00:00
[2025-01-12T22:32:21.196+0000] {processor.py:208} INFO - Processing /home/airflow/.local/lib/python3.12/site-packages/airflow/example_dags/example_nested_branch_dag.py took 0.259 seconds
[2025-01-12T22:32:54.561+0000] {processor.py:186} INFO - Started process (PID=348) to work on /home/airflow/.local/lib/python3.12/site-packages/airflow/example_dags/example_nested_branch_dag.py
[2025-01-12T22:32:54.563+0000] {processor.py:914} INFO - Processing file /home/airflow/.local/lib/python3.12/site-packages/airflow/example_dags/example_nested_branch_dag.py for tasks to queue
[2025-01-12T22:32:54.567+0000] {logging_mixin.py:190} INFO - [2025-01-12T22:32:54.567+0000] {dagbag.py:588} INFO - Filling up the DagBag from /home/airflow/.local/lib/python3.12/site-packages/airflow/example_dags/example_nested_branch_dag.py
[2025-01-12T22:32:54.583+0000] {processor.py:925} INFO - DAG(s) 'example_nested_branch_dag' retrieved from /home/airflow/.local/lib/python3.12/site-packages/airflow/example_dags/example_nested_branch_dag.py
[2025-01-12T22:32:54.613+0000] {logging_mixin.py:190} INFO - [2025-01-12T22:32:54.612+0000] {dag.py:3239} INFO - Sync 1 DAGs
[2025-01-12T22:32:54.644+0000] {logging_mixin.py:190} INFO - [2025-01-12T22:32:54.643+0000] {dag.py:4180} INFO - Setting next_dagrun for example_nested_branch_dag to 2025-01-11 00:00:00+00:00, run_after=2025-01-12 00:00:00+00:00
[2025-01-12T22:32:55.855+0000] {processor.py:208} INFO - Processing /home/airflow/.local/lib/python3.12/site-packages/airflow/example_dags/example_nested_branch_dag.py took 1.301 seconds
[2025-01-12T22:58:12.399+0000] {processor.py:186} INFO - Started process (PID=78) to work on /home/airflow/.local/lib/python3.12/site-packages/airflow/example_dags/example_nested_branch_dag.py
[2025-01-12T22:58:12.400+0000] {processor.py:914} INFO - Processing file /home/airflow/.local/lib/python3.12/site-packages/airflow/example_dags/example_nested_branch_dag.py for tasks to queue
[2025-01-12T22:58:12.403+0000] {logging_mixin.py:190} INFO - [2025-01-12T22:58:12.403+0000] {dagbag.py:588} INFO - Filling up the DagBag from /home/airflow/.local/lib/python3.12/site-packages/airflow/example_dags/example_nested_branch_dag.py
[2025-01-12T22:58:12.419+0000] {processor.py:925} INFO - DAG(s) 'example_nested_branch_dag' retrieved from /home/airflow/.local/lib/python3.12/site-packages/airflow/example_dags/example_nested_branch_dag.py
[2025-01-12T22:58:12.451+0000] {logging_mixin.py:190} INFO - [2025-01-12T22:58:12.451+0000] {dag.py:3239} INFO - Sync 1 DAGs
[2025-01-12T22:58:12.480+0000] {logging_mixin.py:190} INFO - [2025-01-12T22:58:12.480+0000] {dag.py:4180} INFO - Setting next_dagrun for example_nested_branch_dag to 2025-01-11 00:00:00+00:00, run_after=2025-01-12 00:00:00+00:00
[2025-01-12T22:58:12.573+0000] {processor.py:208} INFO - Processing /home/airflow/.local/lib/python3.12/site-packages/airflow/example_dags/example_nested_branch_dag.py took 0.180 seconds
[2025-01-12T22:58:43.349+0000] {processor.py:186} INFO - Started process (PID=141) to work on /home/airflow/.local/lib/python3.12/site-packages/airflow/example_dags/example_nested_branch_dag.py
[2025-01-12T22:58:43.350+0000] {processor.py:914} INFO - Processing file /home/airflow/.local/lib/python3.12/site-packages/airflow/example_dags/example_nested_branch_dag.py for tasks to queue
[2025-01-12T22:58:43.353+0000] {logging_mixin.py:190} INFO - [2025-01-12T22:58:43.353+0000] {dagbag.py:588} INFO - Filling up the DagBag from /home/airflow/.local/lib/python3.12/site-packages/airflow/example_dags/example_nested_branch_dag.py
[2025-01-12T22:58:43.366+0000] {processor.py:925} INFO - DAG(s) 'example_nested_branch_dag' retrieved from /home/airflow/.local/lib/python3.12/site-packages/airflow/example_dags/example_nested_branch_dag.py
[2025-01-12T22:58:43.392+0000] {logging_mixin.py:190} INFO - [2025-01-12T22:58:43.392+0000] {dag.py:3239} INFO - Sync 1 DAGs
[2025-01-12T22:58:43.418+0000] {logging_mixin.py:190} INFO - [2025-01-12T22:58:43.418+0000] {dag.py:4180} INFO - Setting next_dagrun for example_nested_branch_dag to 2025-01-11 00:00:00+00:00, run_after=2025-01-12 00:00:00+00:00
[2025-01-12T22:58:43.496+0000] {processor.py:208} INFO - Processing /home/airflow/.local/lib/python3.12/site-packages/airflow/example_dags/example_nested_branch_dag.py took 0.154 seconds
[2025-01-12T22:59:14.327+0000] {processor.py:186} INFO - Started process (PID=205) to work on /home/airflow/.local/lib/python3.12/site-packages/airflow/example_dags/example_nested_branch_dag.py
[2025-01-12T22:59:14.328+0000] {processor.py:914} INFO - Processing file /home/airflow/.local/lib/python3.12/site-packages/airflow/example_dags/example_nested_branch_dag.py for tasks to queue
[2025-01-12T22:59:14.331+0000] {logging_mixin.py:190} INFO - [2025-01-12T22:59:14.331+0000] {dagbag.py:588} INFO - Filling up the DagBag from /home/airflow/.local/lib/python3.12/site-packages/airflow/example_dags/example_nested_branch_dag.py
[2025-01-12T22:59:14.344+0000] {processor.py:925} INFO - DAG(s) 'example_nested_branch_dag' retrieved from /home/airflow/.local/lib/python3.12/site-packages/airflow/example_dags/example_nested_branch_dag.py
[2025-01-12T22:59:14.371+0000] {logging_mixin.py:190} INFO - [2025-01-12T22:59:14.371+0000] {dag.py:3239} INFO - Sync 1 DAGs
[2025-01-12T22:59:14.398+0000] {logging_mixin.py:190} INFO - [2025-01-12T22:59:14.398+0000] {dag.py:4180} INFO - Setting next_dagrun for example_nested_branch_dag to 2025-01-11 00:00:00+00:00, run_after=2025-01-12 00:00:00+00:00
[2025-01-12T22:59:14.459+0000] {processor.py:208} INFO - Processing /home/airflow/.local/lib/python3.12/site-packages/airflow/example_dags/example_nested_branch_dag.py took 0.139 seconds
[2025-01-12T22:59:45.214+0000] {processor.py:186} INFO - Started process (PID=268) to work on /home/airflow/.local/lib/python3.12/site-packages/airflow/example_dags/example_nested_branch_dag.py
[2025-01-12T22:59:45.216+0000] {processor.py:914} INFO - Processing file /home/airflow/.local/lib/python3.12/site-packages/airflow/example_dags/example_nested_branch_dag.py for tasks to queue
[2025-01-12T22:59:45.218+0000] {logging_mixin.py:190} INFO - [2025-01-12T22:59:45.218+0000] {dagbag.py:588} INFO - Filling up the DagBag from /home/airflow/.local/lib/python3.12/site-packages/airflow/example_dags/example_nested_branch_dag.py
[2025-01-12T22:59:45.232+0000] {processor.py:925} INFO - DAG(s) 'example_nested_branch_dag' retrieved from /home/airflow/.local/lib/python3.12/site-packages/airflow/example_dags/example_nested_branch_dag.py
[2025-01-12T22:59:45.258+0000] {logging_mixin.py:190} INFO - [2025-01-12T22:59:45.258+0000] {dag.py:3239} INFO - Sync 1 DAGs
[2025-01-12T22:59:45.287+0000] {logging_mixin.py:190} INFO - [2025-01-12T22:59:45.286+0000] {dag.py:4180} INFO - Setting next_dagrun for example_nested_branch_dag to 2025-01-11 00:00:00+00:00, run_after=2025-01-12 00:00:00+00:00
[2025-01-12T22:59:45.339+0000] {processor.py:208} INFO - Processing /home/airflow/.local/lib/python3.12/site-packages/airflow/example_dags/example_nested_branch_dag.py took 0.131 seconds
[2025-01-12T23:00:16.313+0000] {processor.py:186} INFO - Started process (PID=331) to work on /home/airflow/.local/lib/python3.12/site-packages/airflow/example_dags/example_nested_branch_dag.py
[2025-01-12T23:00:16.315+0000] {processor.py:914} INFO - Processing file /home/airflow/.local/lib/python3.12/site-packages/airflow/example_dags/example_nested_branch_dag.py for tasks to queue
[2025-01-12T23:00:16.318+0000] {logging_mixin.py:190} INFO - [2025-01-12T23:00:16.317+0000] {dagbag.py:588} INFO - Filling up the DagBag from /home/airflow/.local/lib/python3.12/site-packages/airflow/example_dags/example_nested_branch_dag.py
[2025-01-12T23:00:16.332+0000] {processor.py:925} INFO - DAG(s) 'example_nested_branch_dag' retrieved from /home/airflow/.local/lib/python3.12/site-packages/airflow/example_dags/example_nested_branch_dag.py
[2025-01-12T23:00:16.358+0000] {logging_mixin.py:190} INFO - [2025-01-12T23:00:16.358+0000] {dag.py:3239} INFO - Sync 1 DAGs
[2025-01-12T23:00:16.387+0000] {logging_mixin.py:190} INFO - [2025-01-12T23:00:16.386+0000] {dag.py:4180} INFO - Setting next_dagrun for example_nested_branch_dag to 2025-01-11 00:00:00+00:00, run_after=2025-01-12 00:00:00+00:00
[2025-01-12T23:00:16.469+0000] {processor.py:208} INFO - Processing /home/airflow/.local/lib/python3.12/site-packages/airflow/example_dags/example_nested_branch_dag.py took 0.163 seconds
[2025-01-12T23:00:46.913+0000] {processor.py:186} INFO - Started process (PID=394) to work on /home/airflow/.local/lib/python3.12/site-packages/airflow/example_dags/example_nested_branch_dag.py
[2025-01-12T23:00:46.914+0000] {processor.py:914} INFO - Processing file /home/airflow/.local/lib/python3.12/site-packages/airflow/example_dags/example_nested_branch_dag.py for tasks to queue
[2025-01-12T23:00:46.917+0000] {logging_mixin.py:190} INFO - [2025-01-12T23:00:46.916+0000] {dagbag.py:588} INFO - Filling up the DagBag from /home/airflow/.local/lib/python3.12/site-packages/airflow/example_dags/example_nested_branch_dag.py
[2025-01-12T23:00:46.930+0000] {processor.py:925} INFO - DAG(s) 'example_nested_branch_dag' retrieved from /home/airflow/.local/lib/python3.12/site-packages/airflow/example_dags/example_nested_branch_dag.py
[2025-01-12T23:00:46.954+0000] {logging_mixin.py:190} INFO - [2025-01-12T23:00:46.954+0000] {dag.py:3239} INFO - Sync 1 DAGs
[2025-01-12T23:00:46.980+0000] {logging_mixin.py:190} INFO - [2025-01-12T23:00:46.980+0000] {dag.py:4180} INFO - Setting next_dagrun for example_nested_branch_dag to 2025-01-11 00:00:00+00:00, run_after=2025-01-12 00:00:00+00:00
[2025-01-12T23:00:47.255+0000] {processor.py:208} INFO - Processing /home/airflow/.local/lib/python3.12/site-packages/airflow/example_dags/example_nested_branch_dag.py took 0.350 seconds
[2025-01-12T23:01:17.371+0000] {processor.py:186} INFO - Started process (PID=457) to work on /home/airflow/.local/lib/python3.12/site-packages/airflow/example_dags/example_nested_branch_dag.py
[2025-01-12T23:01:17.372+0000] {processor.py:914} INFO - Processing file /home/airflow/.local/lib/python3.12/site-packages/airflow/example_dags/example_nested_branch_dag.py for tasks to queue
[2025-01-12T23:01:17.376+0000] {logging_mixin.py:190} INFO - [2025-01-12T23:01:17.375+0000] {dagbag.py:588} INFO - Filling up the DagBag from /home/airflow/.local/lib/python3.12/site-packages/airflow/example_dags/example_nested_branch_dag.py
[2025-01-12T23:01:17.391+0000] {processor.py:925} INFO - DAG(s) 'example_nested_branch_dag' retrieved from /home/airflow/.local/lib/python3.12/site-packages/airflow/example_dags/example_nested_branch_dag.py
[2025-01-12T23:01:17.420+0000] {logging_mixin.py:190} INFO - [2025-01-12T23:01:17.419+0000] {dag.py:3239} INFO - Sync 1 DAGs
[2025-01-12T23:01:17.455+0000] {logging_mixin.py:190} INFO - [2025-01-12T23:01:17.455+0000] {dag.py:4180} INFO - Setting next_dagrun for example_nested_branch_dag to 2025-01-11 00:00:00+00:00, run_after=2025-01-12 00:00:00+00:00
[2025-01-12T23:01:17.536+0000] {processor.py:208} INFO - Processing /home/airflow/.local/lib/python3.12/site-packages/airflow/example_dags/example_nested_branch_dag.py took 0.173 seconds
[2025-01-12T23:01:47.956+0000] {processor.py:186} INFO - Started process (PID=519) to work on /home/airflow/.local/lib/python3.12/site-packages/airflow/example_dags/example_nested_branch_dag.py
[2025-01-12T23:01:47.957+0000] {processor.py:914} INFO - Processing file /home/airflow/.local/lib/python3.12/site-packages/airflow/example_dags/example_nested_branch_dag.py for tasks to queue
[2025-01-12T23:01:47.961+0000] {logging_mixin.py:190} INFO - [2025-01-12T23:01:47.960+0000] {dagbag.py:588} INFO - Filling up the DagBag from /home/airflow/.local/lib/python3.12/site-packages/airflow/example_dags/example_nested_branch_dag.py
[2025-01-12T23:01:47.979+0000] {processor.py:925} INFO - DAG(s) 'example_nested_branch_dag' retrieved from /home/airflow/.local/lib/python3.12/site-packages/airflow/example_dags/example_nested_branch_dag.py
[2025-01-12T23:01:48.005+0000] {logging_mixin.py:190} INFO - [2025-01-12T23:01:48.005+0000] {dag.py:3239} INFO - Sync 1 DAGs
[2025-01-12T23:01:48.038+0000] {logging_mixin.py:190} INFO - [2025-01-12T23:01:48.038+0000] {dag.py:4180} INFO - Setting next_dagrun for example_nested_branch_dag to 2025-01-11 00:00:00+00:00, run_after=2025-01-12 00:00:00+00:00
[2025-01-12T23:01:48.179+0000] {processor.py:208} INFO - Processing /home/airflow/.local/lib/python3.12/site-packages/airflow/example_dags/example_nested_branch_dag.py took 0.229 seconds
[2025-01-12T23:02:18.965+0000] {processor.py:186} INFO - Started process (PID=588) to work on /home/airflow/.local/lib/python3.12/site-packages/airflow/example_dags/example_nested_branch_dag.py
[2025-01-12T23:02:18.967+0000] {processor.py:914} INFO - Processing file /home/airflow/.local/lib/python3.12/site-packages/airflow/example_dags/example_nested_branch_dag.py for tasks to queue
[2025-01-12T23:02:18.970+0000] {logging_mixin.py:190} INFO - [2025-01-12T23:02:18.970+0000] {dagbag.py:588} INFO - Filling up the DagBag from /home/airflow/.local/lib/python3.12/site-packages/airflow/example_dags/example_nested_branch_dag.py
[2025-01-12T23:02:18.985+0000] {processor.py:925} INFO - DAG(s) 'example_nested_branch_dag' retrieved from /home/airflow/.local/lib/python3.12/site-packages/airflow/example_dags/example_nested_branch_dag.py
[2025-01-12T23:02:19.014+0000] {logging_mixin.py:190} INFO - [2025-01-12T23:02:19.013+0000] {dag.py:3239} INFO - Sync 1 DAGs
[2025-01-12T23:02:19.046+0000] {logging_mixin.py:190} INFO - [2025-01-12T23:02:19.046+0000] {dag.py:4180} INFO - Setting next_dagrun for example_nested_branch_dag to 2025-01-11 00:00:00+00:00, run_after=2025-01-12 00:00:00+00:00
[2025-01-12T23:02:19.179+0000] {processor.py:208} INFO - Processing /home/airflow/.local/lib/python3.12/site-packages/airflow/example_dags/example_nested_branch_dag.py took 0.222 seconds
[2025-01-12T23:02:50.282+0000] {processor.py:186} INFO - Started process (PID=651) to work on /home/airflow/.local/lib/python3.12/site-packages/airflow/example_dags/example_nested_branch_dag.py
[2025-01-12T23:02:50.284+0000] {processor.py:914} INFO - Processing file /home/airflow/.local/lib/python3.12/site-packages/airflow/example_dags/example_nested_branch_dag.py for tasks to queue
[2025-01-12T23:02:50.287+0000] {logging_mixin.py:190} INFO - [2025-01-12T23:02:50.286+0000] {dagbag.py:588} INFO - Filling up the DagBag from /home/airflow/.local/lib/python3.12/site-packages/airflow/example_dags/example_nested_branch_dag.py
[2025-01-12T23:02:50.302+0000] {processor.py:925} INFO - DAG(s) 'example_nested_branch_dag' retrieved from /home/airflow/.local/lib/python3.12/site-packages/airflow/example_dags/example_nested_branch_dag.py
[2025-01-12T23:02:50.329+0000] {logging_mixin.py:190} INFO - [2025-01-12T23:02:50.328+0000] {dag.py:3239} INFO - Sync 1 DAGs
[2025-01-12T23:02:50.360+0000] {logging_mixin.py:190} INFO - [2025-01-12T23:02:50.360+0000] {dag.py:4180} INFO - Setting next_dagrun for example_nested_branch_dag to 2025-01-11 00:00:00+00:00, run_after=2025-01-12 00:00:00+00:00
[2025-01-12T23:02:50.434+0000] {processor.py:208} INFO - Processing /home/airflow/.local/lib/python3.12/site-packages/airflow/example_dags/example_nested_branch_dag.py took 0.159 seconds
[2025-01-12T23:03:20.812+0000] {processor.py:186} INFO - Started process (PID=714) to work on /home/airflow/.local/lib/python3.12/site-packages/airflow/example_dags/example_nested_branch_dag.py
[2025-01-12T23:03:20.813+0000] {processor.py:914} INFO - Processing file /home/airflow/.local/lib/python3.12/site-packages/airflow/example_dags/example_nested_branch_dag.py for tasks to queue
[2025-01-12T23:03:20.816+0000] {logging_mixin.py:190} INFO - [2025-01-12T23:03:20.815+0000] {dagbag.py:588} INFO - Filling up the DagBag from /home/airflow/.local/lib/python3.12/site-packages/airflow/example_dags/example_nested_branch_dag.py
[2025-01-12T23:03:20.829+0000] {processor.py:925} INFO - DAG(s) 'example_nested_branch_dag' retrieved from /home/airflow/.local/lib/python3.12/site-packages/airflow/example_dags/example_nested_branch_dag.py
[2025-01-12T23:03:20.854+0000] {logging_mixin.py:190} INFO - [2025-01-12T23:03:20.854+0000] {dag.py:3239} INFO - Sync 1 DAGs
[2025-01-12T23:03:20.882+0000] {logging_mixin.py:190} INFO - [2025-01-12T23:03:20.882+0000] {dag.py:4180} INFO - Setting next_dagrun for example_nested_branch_dag to 2025-01-11 00:00:00+00:00, run_after=2025-01-12 00:00:00+00:00
[2025-01-12T23:03:20.976+0000] {processor.py:208} INFO - Processing /home/airflow/.local/lib/python3.12/site-packages/airflow/example_dags/example_nested_branch_dag.py took 0.172 seconds
[2025-01-12T23:03:51.930+0000] {processor.py:186} INFO - Started process (PID=777) to work on /home/airflow/.local/lib/python3.12/site-packages/airflow/example_dags/example_nested_branch_dag.py
[2025-01-12T23:03:51.931+0000] {processor.py:914} INFO - Processing file /home/airflow/.local/lib/python3.12/site-packages/airflow/example_dags/example_nested_branch_dag.py for tasks to queue
[2025-01-12T23:03:51.935+0000] {logging_mixin.py:190} INFO - [2025-01-12T23:03:51.934+0000] {dagbag.py:588} INFO - Filling up the DagBag from /home/airflow/.local/lib/python3.12/site-packages/airflow/example_dags/example_nested_branch_dag.py
[2025-01-12T23:03:51.950+0000] {processor.py:925} INFO - DAG(s) 'example_nested_branch_dag' retrieved from /home/airflow/.local/lib/python3.12/site-packages/airflow/example_dags/example_nested_branch_dag.py
[2025-01-12T23:03:51.977+0000] {logging_mixin.py:190} INFO - [2025-01-12T23:03:51.977+0000] {dag.py:3239} INFO - Sync 1 DAGs
[2025-01-12T23:03:52.006+0000] {logging_mixin.py:190} INFO - [2025-01-12T23:03:52.005+0000] {dag.py:4180} INFO - Setting next_dagrun for example_nested_branch_dag to 2025-01-11 00:00:00+00:00, run_after=2025-01-12 00:00:00+00:00
[2025-01-12T23:03:52.060+0000] {processor.py:208} INFO - Processing /home/airflow/.local/lib/python3.12/site-packages/airflow/example_dags/example_nested_branch_dag.py took 0.138 seconds
[2025-01-12T23:04:22.124+0000] {processor.py:186} INFO - Started process (PID=840) to work on /home/airflow/.local/lib/python3.12/site-packages/airflow/example_dags/example_nested_branch_dag.py
[2025-01-12T23:04:22.125+0000] {processor.py:914} INFO - Processing file /home/airflow/.local/lib/python3.12/site-packages/airflow/example_dags/example_nested_branch_dag.py for tasks to queue
[2025-01-12T23:04:22.129+0000] {logging_mixin.py:190} INFO - [2025-01-12T23:04:22.128+0000] {dagbag.py:588} INFO - Filling up the DagBag from /home/airflow/.local/lib/python3.12/site-packages/airflow/example_dags/example_nested_branch_dag.py
[2025-01-12T23:04:22.142+0000] {processor.py:925} INFO - DAG(s) 'example_nested_branch_dag' retrieved from /home/airflow/.local/lib/python3.12/site-packages/airflow/example_dags/example_nested_branch_dag.py
[2025-01-12T23:04:22.166+0000] {logging_mixin.py:190} INFO - [2025-01-12T23:04:22.166+0000] {dag.py:3239} INFO - Sync 1 DAGs
[2025-01-12T23:04:22.193+0000] {logging_mixin.py:190} INFO - [2025-01-12T23:04:22.193+0000] {dag.py:4180} INFO - Setting next_dagrun for example_nested_branch_dag to 2025-01-11 00:00:00+00:00, run_after=2025-01-12 00:00:00+00:00
[2025-01-12T23:04:22.249+0000] {processor.py:208} INFO - Processing /home/airflow/.local/lib/python3.12/site-packages/airflow/example_dags/example_nested_branch_dag.py took 0.132 seconds
[2025-01-12T23:04:52.929+0000] {processor.py:186} INFO - Started process (PID=903) to work on /home/airflow/.local/lib/python3.12/site-packages/airflow/example_dags/example_nested_branch_dag.py
[2025-01-12T23:04:52.930+0000] {processor.py:914} INFO - Processing file /home/airflow/.local/lib/python3.12/site-packages/airflow/example_dags/example_nested_branch_dag.py for tasks to queue
[2025-01-12T23:04:52.933+0000] {logging_mixin.py:190} INFO - [2025-01-12T23:04:52.932+0000] {dagbag.py:588} INFO - Filling up the DagBag from /home/airflow/.local/lib/python3.12/site-packages/airflow/example_dags/example_nested_branch_dag.py
[2025-01-12T23:04:52.947+0000] {processor.py:925} INFO - DAG(s) 'example_nested_branch_dag' retrieved from /home/airflow/.local/lib/python3.12/site-packages/airflow/example_dags/example_nested_branch_dag.py
[2025-01-12T23:04:52.973+0000] {logging_mixin.py:190} INFO - [2025-01-12T23:04:52.972+0000] {dag.py:3239} INFO - Sync 1 DAGs
[2025-01-12T23:04:53.002+0000] {logging_mixin.py:190} INFO - [2025-01-12T23:04:53.002+0000] {dag.py:4180} INFO - Setting next_dagrun for example_nested_branch_dag to 2025-01-11 00:00:00+00:00, run_after=2025-01-12 00:00:00+00:00
[2025-01-12T23:04:53.054+0000] {processor.py:208} INFO - Processing /home/airflow/.local/lib/python3.12/site-packages/airflow/example_dags/example_nested_branch_dag.py took 0.132 seconds
[2025-01-12T23:05:23.176+0000] {processor.py:186} INFO - Started process (PID=966) to work on /home/airflow/.local/lib/python3.12/site-packages/airflow/example_dags/example_nested_branch_dag.py
[2025-01-12T23:05:23.177+0000] {processor.py:914} INFO - Processing file /home/airflow/.local/lib/python3.12/site-packages/airflow/example_dags/example_nested_branch_dag.py for tasks to queue
[2025-01-12T23:05:23.180+0000] {logging_mixin.py:190} INFO - [2025-01-12T23:05:23.180+0000] {dagbag.py:588} INFO - Filling up the DagBag from /home/airflow/.local/lib/python3.12/site-packages/airflow/example_dags/example_nested_branch_dag.py
[2025-01-12T23:05:23.193+0000] {processor.py:925} INFO - DAG(s) 'example_nested_branch_dag' retrieved from /home/airflow/.local/lib/python3.12/site-packages/airflow/example_dags/example_nested_branch_dag.py
[2025-01-12T23:05:23.218+0000] {logging_mixin.py:190} INFO - [2025-01-12T23:05:23.218+0000] {dag.py:3239} INFO - Sync 1 DAGs
[2025-01-12T23:05:23.246+0000] {logging_mixin.py:190} INFO - [2025-01-12T23:05:23.245+0000] {dag.py:4180} INFO - Setting next_dagrun for example_nested_branch_dag to 2025-01-11 00:00:00+00:00, run_after=2025-01-12 00:00:00+00:00
[2025-01-12T23:05:23.291+0000] {processor.py:208} INFO - Processing /home/airflow/.local/lib/python3.12/site-packages/airflow/example_dags/example_nested_branch_dag.py took 0.122 seconds
