[2025-01-12T22:27:49.953+0000] {processor.py:186} INFO - Started process (PID=73) to work on /home/airflow/.local/lib/python3.12/site-packages/airflow/example_dags/example_latest_only_with_trigger.py
[2025-01-12T22:27:49.954+0000] {processor.py:914} INFO - Processing file /home/airflow/.local/lib/python3.12/site-packages/airflow/example_dags/example_latest_only_with_trigger.py for tasks to queue
[2025-01-12T22:27:49.957+0000] {logging_mixin.py:190} INFO - [2025-01-12T22:27:49.957+0000] {dagbag.py:588} INFO - Filling up the DagBag from /home/airflow/.local/lib/python3.12/site-packages/airflow/example_dags/example_latest_only_with_trigger.py
[2025-01-12T22:27:50.021+0000] {processor.py:925} INFO - DAG(s) 'latest_only_with_trigger' retrieved from /home/airflow/.local/lib/python3.12/site-packages/airflow/example_dags/example_latest_only_with_trigger.py
[2025-01-12T22:27:51.744+0000] {logging_mixin.py:190} INFO - [2025-01-12T22:27:51.742+0000] {override.py:1911} INFO - Created Permission View: can delete on DAG:latest_only_with_trigger
[2025-01-12T22:27:58.368+0000] {logging_mixin.py:190} INFO - [2025-01-12T22:27:58.367+0000] {override.py:1911} INFO - Created Permission View: can edit on DAG:latest_only_with_trigger
[2025-01-12T22:28:09.798+0000] {logging_mixin.py:190} INFO - [2025-01-12T22:28:09.797+0000] {override.py:1911} INFO - Created Permission View: can read on DAG:latest_only_with_trigger
[2025-01-12T22:28:11.345+0000] {logging_mixin.py:190} INFO - [2025-01-12T22:28:11.345+0000] {process_utils.py:266} INFO - Waiting up to 5 seconds for processes to exit...
[2025-01-12T22:29:04.204+0000] {processor.py:186} INFO - Started process (PID=66) to work on /home/airflow/.local/lib/python3.12/site-packages/airflow/example_dags/example_latest_only_with_trigger.py
[2025-01-12T22:29:04.207+0000] {processor.py:914} INFO - Processing file /home/airflow/.local/lib/python3.12/site-packages/airflow/example_dags/example_latest_only_with_trigger.py for tasks to queue
[2025-01-12T22:29:04.213+0000] {logging_mixin.py:190} INFO - [2025-01-12T22:29:04.212+0000] {dagbag.py:588} INFO - Filling up the DagBag from /home/airflow/.local/lib/python3.12/site-packages/airflow/example_dags/example_latest_only_with_trigger.py
[2025-01-12T22:29:04.227+0000] {processor.py:925} INFO - DAG(s) 'latest_only_with_trigger' retrieved from /home/airflow/.local/lib/python3.12/site-packages/airflow/example_dags/example_latest_only_with_trigger.py
[2025-01-12T22:29:04.270+0000] {logging_mixin.py:190} INFO - [2025-01-12T22:29:04.270+0000] {dag.py:3239} INFO - Sync 1 DAGs
[2025-01-12T22:29:04.305+0000] {logging_mixin.py:190} INFO - [2025-01-12T22:29:04.305+0000] {dag.py:3262} INFO - Creating ORM DAG for latest_only_with_trigger
[2025-01-12T22:29:04.323+0000] {logging_mixin.py:190} INFO - [2025-01-12T22:29:04.322+0000] {dag.py:4180} INFO - Setting next_dagrun for latest_only_with_trigger to 2025-01-12 16:00:00+00:00, run_after=2025-01-12 20:00:00+00:00
[2025-01-12T22:29:04.505+0000] {processor.py:208} INFO - Processing /home/airflow/.local/lib/python3.12/site-packages/airflow/example_dags/example_latest_only_with_trigger.py took 0.313 seconds
[2025-01-12T22:31:17.403+0000] {processor.py:186} INFO - Started process (PID=148) to work on /home/airflow/.local/lib/python3.12/site-packages/airflow/example_dags/example_latest_only_with_trigger.py
[2025-01-12T22:31:17.703+0000] {processor.py:914} INFO - Processing file /home/airflow/.local/lib/python3.12/site-packages/airflow/example_dags/example_latest_only_with_trigger.py for tasks to queue
[2025-01-12T22:31:17.713+0000] {logging_mixin.py:190} INFO - [2025-01-12T22:31:17.713+0000] {dagbag.py:588} INFO - Filling up the DagBag from /home/airflow/.local/lib/python3.12/site-packages/airflow/example_dags/example_latest_only_with_trigger.py
[2025-01-12T22:31:17.728+0000] {processor.py:925} INFO - DAG(s) 'latest_only_with_trigger' retrieved from /home/airflow/.local/lib/python3.12/site-packages/airflow/example_dags/example_latest_only_with_trigger.py
[2025-01-12T22:31:17.756+0000] {logging_mixin.py:190} INFO - [2025-01-12T22:31:17.756+0000] {dag.py:3239} INFO - Sync 1 DAGs
[2025-01-12T22:31:17.783+0000] {logging_mixin.py:190} INFO - [2025-01-12T22:31:17.783+0000] {dag.py:4180} INFO - Setting next_dagrun for latest_only_with_trigger to 2025-01-12 16:00:00+00:00, run_after=2025-01-12 20:00:00+00:00
[2025-01-12T22:31:17.911+0000] {processor.py:208} INFO - Processing /home/airflow/.local/lib/python3.12/site-packages/airflow/example_dags/example_latest_only_with_trigger.py took 0.514 seconds
[2025-01-12T22:31:48.300+0000] {processor.py:186} INFO - Started process (PID=210) to work on /home/airflow/.local/lib/python3.12/site-packages/airflow/example_dags/example_latest_only_with_trigger.py
[2025-01-12T22:31:48.302+0000] {processor.py:914} INFO - Processing file /home/airflow/.local/lib/python3.12/site-packages/airflow/example_dags/example_latest_only_with_trigger.py for tasks to queue
[2025-01-12T22:31:48.305+0000] {logging_mixin.py:190} INFO - [2025-01-12T22:31:48.304+0000] {dagbag.py:588} INFO - Filling up the DagBag from /home/airflow/.local/lib/python3.12/site-packages/airflow/example_dags/example_latest_only_with_trigger.py
[2025-01-12T22:31:48.316+0000] {processor.py:925} INFO - DAG(s) 'latest_only_with_trigger' retrieved from /home/airflow/.local/lib/python3.12/site-packages/airflow/example_dags/example_latest_only_with_trigger.py
[2025-01-12T22:31:48.361+0000] {logging_mixin.py:190} INFO - [2025-01-12T22:31:48.361+0000] {dag.py:3239} INFO - Sync 1 DAGs
[2025-01-12T22:31:48.390+0000] {logging_mixin.py:190} INFO - [2025-01-12T22:31:48.389+0000] {dag.py:4180} INFO - Setting next_dagrun for latest_only_with_trigger to 2025-01-12 16:00:00+00:00, run_after=2025-01-12 20:00:00+00:00
[2025-01-12T22:31:48.712+0000] {processor.py:208} INFO - Processing /home/airflow/.local/lib/python3.12/site-packages/airflow/example_dags/example_latest_only_with_trigger.py took 0.419 seconds
[2025-01-12T22:32:18.872+0000] {processor.py:186} INFO - Started process (PID=273) to work on /home/airflow/.local/lib/python3.12/site-packages/airflow/example_dags/example_latest_only_with_trigger.py
[2025-01-12T22:32:18.873+0000] {processor.py:914} INFO - Processing file /home/airflow/.local/lib/python3.12/site-packages/airflow/example_dags/example_latest_only_with_trigger.py for tasks to queue
[2025-01-12T22:32:18.876+0000] {logging_mixin.py:190} INFO - [2025-01-12T22:32:18.875+0000] {dagbag.py:588} INFO - Filling up the DagBag from /home/airflow/.local/lib/python3.12/site-packages/airflow/example_dags/example_latest_only_with_trigger.py
[2025-01-12T22:32:18.884+0000] {processor.py:925} INFO - DAG(s) 'latest_only_with_trigger' retrieved from /home/airflow/.local/lib/python3.12/site-packages/airflow/example_dags/example_latest_only_with_trigger.py
[2025-01-12T22:32:18.909+0000] {logging_mixin.py:190} INFO - [2025-01-12T22:32:18.908+0000] {dag.py:3239} INFO - Sync 1 DAGs
[2025-01-12T22:32:18.937+0000] {logging_mixin.py:190} INFO - [2025-01-12T22:32:18.937+0000] {dag.py:4180} INFO - Setting next_dagrun for latest_only_with_trigger to 2025-01-12 16:00:00+00:00, run_after=2025-01-12 20:00:00+00:00
[2025-01-12T22:32:19.323+0000] {processor.py:208} INFO - Processing /home/airflow/.local/lib/python3.12/site-packages/airflow/example_dags/example_latest_only_with_trigger.py took 0.458 seconds
[2025-01-12T22:32:49.916+0000] {processor.py:186} INFO - Started process (PID=336) to work on /home/airflow/.local/lib/python3.12/site-packages/airflow/example_dags/example_latest_only_with_trigger.py
[2025-01-12T22:32:49.918+0000] {processor.py:914} INFO - Processing file /home/airflow/.local/lib/python3.12/site-packages/airflow/example_dags/example_latest_only_with_trigger.py for tasks to queue
[2025-01-12T22:32:49.922+0000] {logging_mixin.py:190} INFO - [2025-01-12T22:32:49.921+0000] {dagbag.py:588} INFO - Filling up the DagBag from /home/airflow/.local/lib/python3.12/site-packages/airflow/example_dags/example_latest_only_with_trigger.py
[2025-01-12T22:32:49.935+0000] {processor.py:925} INFO - DAG(s) 'latest_only_with_trigger' retrieved from /home/airflow/.local/lib/python3.12/site-packages/airflow/example_dags/example_latest_only_with_trigger.py
[2025-01-12T22:32:49.967+0000] {logging_mixin.py:190} INFO - [2025-01-12T22:32:49.967+0000] {dag.py:3239} INFO - Sync 1 DAGs
[2025-01-12T22:32:50.009+0000] {logging_mixin.py:190} INFO - [2025-01-12T22:32:50.009+0000] {dag.py:4180} INFO - Setting next_dagrun for latest_only_with_trigger to 2025-01-12 16:00:00+00:00, run_after=2025-01-12 20:00:00+00:00
[2025-01-12T22:32:50.160+0000] {processor.py:208} INFO - Processing /home/airflow/.local/lib/python3.12/site-packages/airflow/example_dags/example_latest_only_with_trigger.py took 0.252 seconds
[2025-01-12T22:58:10.123+0000] {processor.py:186} INFO - Started process (PID=72) to work on /home/airflow/.local/lib/python3.12/site-packages/airflow/example_dags/example_latest_only_with_trigger.py
[2025-01-12T22:58:10.124+0000] {processor.py:914} INFO - Processing file /home/airflow/.local/lib/python3.12/site-packages/airflow/example_dags/example_latest_only_with_trigger.py for tasks to queue
[2025-01-12T22:58:10.127+0000] {logging_mixin.py:190} INFO - [2025-01-12T22:58:10.127+0000] {dagbag.py:588} INFO - Filling up the DagBag from /home/airflow/.local/lib/python3.12/site-packages/airflow/example_dags/example_latest_only_with_trigger.py
[2025-01-12T22:58:10.136+0000] {processor.py:925} INFO - DAG(s) 'latest_only_with_trigger' retrieved from /home/airflow/.local/lib/python3.12/site-packages/airflow/example_dags/example_latest_only_with_trigger.py
[2025-01-12T22:58:10.166+0000] {logging_mixin.py:190} INFO - [2025-01-12T22:58:10.166+0000] {dag.py:3239} INFO - Sync 1 DAGs
[2025-01-12T22:58:10.266+0000] {logging_mixin.py:190} INFO - [2025-01-12T22:58:10.265+0000] {dag.py:4180} INFO - Setting next_dagrun for latest_only_with_trigger to 2025-01-12 16:00:00+00:00, run_after=2025-01-12 20:00:00+00:00
[2025-01-12T22:58:10.345+0000] {processor.py:208} INFO - Processing /home/airflow/.local/lib/python3.12/site-packages/airflow/example_dags/example_latest_only_with_trigger.py took 0.229 seconds
[2025-01-12T22:58:40.754+0000] {processor.py:186} INFO - Started process (PID=135) to work on /home/airflow/.local/lib/python3.12/site-packages/airflow/example_dags/example_latest_only_with_trigger.py
[2025-01-12T22:58:40.755+0000] {processor.py:914} INFO - Processing file /home/airflow/.local/lib/python3.12/site-packages/airflow/example_dags/example_latest_only_with_trigger.py for tasks to queue
[2025-01-12T22:58:40.758+0000] {logging_mixin.py:190} INFO - [2025-01-12T22:58:40.757+0000] {dagbag.py:588} INFO - Filling up the DagBag from /home/airflow/.local/lib/python3.12/site-packages/airflow/example_dags/example_latest_only_with_trigger.py
[2025-01-12T22:58:40.766+0000] {processor.py:925} INFO - DAG(s) 'latest_only_with_trigger' retrieved from /home/airflow/.local/lib/python3.12/site-packages/airflow/example_dags/example_latest_only_with_trigger.py
[2025-01-12T22:58:40.789+0000] {logging_mixin.py:190} INFO - [2025-01-12T22:58:40.789+0000] {dag.py:3239} INFO - Sync 1 DAGs
[2025-01-12T22:58:40.815+0000] {logging_mixin.py:190} INFO - [2025-01-12T22:58:40.815+0000] {dag.py:4180} INFO - Setting next_dagrun for latest_only_with_trigger to 2025-01-12 16:00:00+00:00, run_after=2025-01-12 20:00:00+00:00
[2025-01-12T22:58:40.873+0000] {processor.py:208} INFO - Processing /home/airflow/.local/lib/python3.12/site-packages/airflow/example_dags/example_latest_only_with_trigger.py took 0.125 seconds
[2025-01-12T22:59:11.851+0000] {processor.py:186} INFO - Started process (PID=199) to work on /home/airflow/.local/lib/python3.12/site-packages/airflow/example_dags/example_latest_only_with_trigger.py
[2025-01-12T22:59:11.853+0000] {processor.py:914} INFO - Processing file /home/airflow/.local/lib/python3.12/site-packages/airflow/example_dags/example_latest_only_with_trigger.py for tasks to queue
[2025-01-12T22:59:11.856+0000] {logging_mixin.py:190} INFO - [2025-01-12T22:59:11.855+0000] {dagbag.py:588} INFO - Filling up the DagBag from /home/airflow/.local/lib/python3.12/site-packages/airflow/example_dags/example_latest_only_with_trigger.py
[2025-01-12T22:59:11.867+0000] {processor.py:925} INFO - DAG(s) 'latest_only_with_trigger' retrieved from /home/airflow/.local/lib/python3.12/site-packages/airflow/example_dags/example_latest_only_with_trigger.py
[2025-01-12T22:59:11.891+0000] {logging_mixin.py:190} INFO - [2025-01-12T22:59:11.891+0000] {dag.py:3239} INFO - Sync 1 DAGs
[2025-01-12T22:59:11.934+0000] {logging_mixin.py:190} INFO - [2025-01-12T22:59:11.934+0000] {dag.py:4180} INFO - Setting next_dagrun for latest_only_with_trigger to 2025-01-12 16:00:00+00:00, run_after=2025-01-12 20:00:00+00:00
[2025-01-12T22:59:11.989+0000] {processor.py:208} INFO - Processing /home/airflow/.local/lib/python3.12/site-packages/airflow/example_dags/example_latest_only_with_trigger.py took 0.146 seconds
[2025-01-12T22:59:42.718+0000] {processor.py:186} INFO - Started process (PID=262) to work on /home/airflow/.local/lib/python3.12/site-packages/airflow/example_dags/example_latest_only_with_trigger.py
[2025-01-12T22:59:42.719+0000] {processor.py:914} INFO - Processing file /home/airflow/.local/lib/python3.12/site-packages/airflow/example_dags/example_latest_only_with_trigger.py for tasks to queue
[2025-01-12T22:59:42.721+0000] {logging_mixin.py:190} INFO - [2025-01-12T22:59:42.721+0000] {dagbag.py:588} INFO - Filling up the DagBag from /home/airflow/.local/lib/python3.12/site-packages/airflow/example_dags/example_latest_only_with_trigger.py
[2025-01-12T22:59:42.731+0000] {processor.py:925} INFO - DAG(s) 'latest_only_with_trigger' retrieved from /home/airflow/.local/lib/python3.12/site-packages/airflow/example_dags/example_latest_only_with_trigger.py
[2025-01-12T22:59:42.757+0000] {logging_mixin.py:190} INFO - [2025-01-12T22:59:42.757+0000] {dag.py:3239} INFO - Sync 1 DAGs
[2025-01-12T22:59:42.788+0000] {logging_mixin.py:190} INFO - [2025-01-12T22:59:42.787+0000] {dag.py:4180} INFO - Setting next_dagrun for latest_only_with_trigger to 2025-01-12 16:00:00+00:00, run_after=2025-01-12 20:00:00+00:00
[2025-01-12T22:59:42.837+0000] {processor.py:208} INFO - Processing /home/airflow/.local/lib/python3.12/site-packages/airflow/example_dags/example_latest_only_with_trigger.py took 0.126 seconds
[2025-01-12T23:00:13.581+0000] {processor.py:186} INFO - Started process (PID=325) to work on /home/airflow/.local/lib/python3.12/site-packages/airflow/example_dags/example_latest_only_with_trigger.py
[2025-01-12T23:00:13.583+0000] {processor.py:914} INFO - Processing file /home/airflow/.local/lib/python3.12/site-packages/airflow/example_dags/example_latest_only_with_trigger.py for tasks to queue
[2025-01-12T23:00:13.585+0000] {logging_mixin.py:190} INFO - [2025-01-12T23:00:13.585+0000] {dagbag.py:588} INFO - Filling up the DagBag from /home/airflow/.local/lib/python3.12/site-packages/airflow/example_dags/example_latest_only_with_trigger.py
[2025-01-12T23:00:13.594+0000] {processor.py:925} INFO - DAG(s) 'latest_only_with_trigger' retrieved from /home/airflow/.local/lib/python3.12/site-packages/airflow/example_dags/example_latest_only_with_trigger.py
[2025-01-12T23:00:13.618+0000] {logging_mixin.py:190} INFO - [2025-01-12T23:00:13.618+0000] {dag.py:3239} INFO - Sync 1 DAGs
[2025-01-12T23:00:13.646+0000] {logging_mixin.py:190} INFO - [2025-01-12T23:00:13.645+0000] {dag.py:4180} INFO - Setting next_dagrun for latest_only_with_trigger to 2025-01-12 16:00:00+00:00, run_after=2025-01-12 20:00:00+00:00
[2025-01-12T23:00:13.741+0000] {processor.py:208} INFO - Processing /home/airflow/.local/lib/python3.12/site-packages/airflow/example_dags/example_latest_only_with_trigger.py took 0.167 seconds
[2025-01-12T23:00:43.805+0000] {processor.py:186} INFO - Started process (PID=388) to work on /home/airflow/.local/lib/python3.12/site-packages/airflow/example_dags/example_latest_only_with_trigger.py
[2025-01-12T23:00:43.806+0000] {processor.py:914} INFO - Processing file /home/airflow/.local/lib/python3.12/site-packages/airflow/example_dags/example_latest_only_with_trigger.py for tasks to queue
[2025-01-12T23:00:43.808+0000] {logging_mixin.py:190} INFO - [2025-01-12T23:00:43.808+0000] {dagbag.py:588} INFO - Filling up the DagBag from /home/airflow/.local/lib/python3.12/site-packages/airflow/example_dags/example_latest_only_with_trigger.py
[2025-01-12T23:00:43.818+0000] {processor.py:925} INFO - DAG(s) 'latest_only_with_trigger' retrieved from /home/airflow/.local/lib/python3.12/site-packages/airflow/example_dags/example_latest_only_with_trigger.py
[2025-01-12T23:00:43.842+0000] {logging_mixin.py:190} INFO - [2025-01-12T23:00:43.842+0000] {dag.py:3239} INFO - Sync 1 DAGs
[2025-01-12T23:00:43.872+0000] {logging_mixin.py:190} INFO - [2025-01-12T23:00:43.872+0000] {dag.py:4180} INFO - Setting next_dagrun for latest_only_with_trigger to 2025-01-12 16:00:00+00:00, run_after=2025-01-12 20:00:00+00:00
[2025-01-12T23:00:44.019+0000] {processor.py:208} INFO - Processing /home/airflow/.local/lib/python3.12/site-packages/airflow/example_dags/example_latest_only_with_trigger.py took 0.222 seconds
[2025-01-12T23:01:14.576+0000] {processor.py:186} INFO - Started process (PID=451) to work on /home/airflow/.local/lib/python3.12/site-packages/airflow/example_dags/example_latest_only_with_trigger.py
[2025-01-12T23:01:14.578+0000] {processor.py:914} INFO - Processing file /home/airflow/.local/lib/python3.12/site-packages/airflow/example_dags/example_latest_only_with_trigger.py for tasks to queue
[2025-01-12T23:01:14.580+0000] {logging_mixin.py:190} INFO - [2025-01-12T23:01:14.580+0000] {dagbag.py:588} INFO - Filling up the DagBag from /home/airflow/.local/lib/python3.12/site-packages/airflow/example_dags/example_latest_only_with_trigger.py
[2025-01-12T23:01:14.590+0000] {processor.py:925} INFO - DAG(s) 'latest_only_with_trigger' retrieved from /home/airflow/.local/lib/python3.12/site-packages/airflow/example_dags/example_latest_only_with_trigger.py
[2025-01-12T23:01:14.620+0000] {logging_mixin.py:190} INFO - [2025-01-12T23:01:14.620+0000] {dag.py:3239} INFO - Sync 1 DAGs
[2025-01-12T23:01:14.661+0000] {logging_mixin.py:190} INFO - [2025-01-12T23:01:14.661+0000] {dag.py:4180} INFO - Setting next_dagrun for latest_only_with_trigger to 2025-01-12 16:00:00+00:00, run_after=2025-01-12 20:00:00+00:00
[2025-01-12T23:01:14.765+0000] {processor.py:208} INFO - Processing /home/airflow/.local/lib/python3.12/site-packages/airflow/example_dags/example_latest_only_with_trigger.py took 0.197 seconds
[2025-01-12T23:01:45.529+0000] {processor.py:186} INFO - Started process (PID=513) to work on /home/airflow/.local/lib/python3.12/site-packages/airflow/example_dags/example_latest_only_with_trigger.py
[2025-01-12T23:01:45.531+0000] {processor.py:914} INFO - Processing file /home/airflow/.local/lib/python3.12/site-packages/airflow/example_dags/example_latest_only_with_trigger.py for tasks to queue
[2025-01-12T23:01:45.534+0000] {logging_mixin.py:190} INFO - [2025-01-12T23:01:45.534+0000] {dagbag.py:588} INFO - Filling up the DagBag from /home/airflow/.local/lib/python3.12/site-packages/airflow/example_dags/example_latest_only_with_trigger.py
[2025-01-12T23:01:45.544+0000] {processor.py:925} INFO - DAG(s) 'latest_only_with_trigger' retrieved from /home/airflow/.local/lib/python3.12/site-packages/airflow/example_dags/example_latest_only_with_trigger.py
[2025-01-12T23:01:45.569+0000] {logging_mixin.py:190} INFO - [2025-01-12T23:01:45.569+0000] {dag.py:3239} INFO - Sync 1 DAGs
[2025-01-12T23:01:45.598+0000] {logging_mixin.py:190} INFO - [2025-01-12T23:01:45.597+0000] {dag.py:4180} INFO - Setting next_dagrun for latest_only_with_trigger to 2025-01-12 16:00:00+00:00, run_after=2025-01-12 20:00:00+00:00
[2025-01-12T23:01:45.653+0000] {processor.py:208} INFO - Processing /home/airflow/.local/lib/python3.12/site-packages/airflow/example_dags/example_latest_only_with_trigger.py took 0.132 seconds
[2025-01-12T23:02:16.475+0000] {processor.py:186} INFO - Started process (PID=576) to work on /home/airflow/.local/lib/python3.12/site-packages/airflow/example_dags/example_latest_only_with_trigger.py
[2025-01-12T23:02:16.477+0000] {processor.py:914} INFO - Processing file /home/airflow/.local/lib/python3.12/site-packages/airflow/example_dags/example_latest_only_with_trigger.py for tasks to queue
[2025-01-12T23:02:16.479+0000] {logging_mixin.py:190} INFO - [2025-01-12T23:02:16.479+0000] {dagbag.py:588} INFO - Filling up the DagBag from /home/airflow/.local/lib/python3.12/site-packages/airflow/example_dags/example_latest_only_with_trigger.py
[2025-01-12T23:02:16.488+0000] {processor.py:925} INFO - DAG(s) 'latest_only_with_trigger' retrieved from /home/airflow/.local/lib/python3.12/site-packages/airflow/example_dags/example_latest_only_with_trigger.py
[2025-01-12T23:02:16.515+0000] {logging_mixin.py:190} INFO - [2025-01-12T23:02:16.515+0000] {dag.py:3239} INFO - Sync 1 DAGs
[2025-01-12T23:02:16.546+0000] {logging_mixin.py:190} INFO - [2025-01-12T23:02:16.546+0000] {dag.py:4180} INFO - Setting next_dagrun for latest_only_with_trigger to 2025-01-12 16:00:00+00:00, run_after=2025-01-12 20:00:00+00:00
[2025-01-12T23:02:16.627+0000] {processor.py:208} INFO - Processing /home/airflow/.local/lib/python3.12/site-packages/airflow/example_dags/example_latest_only_with_trigger.py took 0.160 seconds
[2025-01-12T23:02:47.466+0000] {processor.py:186} INFO - Started process (PID=639) to work on /home/airflow/.local/lib/python3.12/site-packages/airflow/example_dags/example_latest_only_with_trigger.py
[2025-01-12T23:02:47.467+0000] {processor.py:914} INFO - Processing file /home/airflow/.local/lib/python3.12/site-packages/airflow/example_dags/example_latest_only_with_trigger.py for tasks to queue
[2025-01-12T23:02:47.470+0000] {logging_mixin.py:190} INFO - [2025-01-12T23:02:47.470+0000] {dagbag.py:588} INFO - Filling up the DagBag from /home/airflow/.local/lib/python3.12/site-packages/airflow/example_dags/example_latest_only_with_trigger.py
[2025-01-12T23:02:47.479+0000] {processor.py:925} INFO - DAG(s) 'latest_only_with_trigger' retrieved from /home/airflow/.local/lib/python3.12/site-packages/airflow/example_dags/example_latest_only_with_trigger.py
[2025-01-12T23:02:47.503+0000] {logging_mixin.py:190} INFO - [2025-01-12T23:02:47.502+0000] {dag.py:3239} INFO - Sync 1 DAGs
[2025-01-12T23:02:47.533+0000] {logging_mixin.py:190} INFO - [2025-01-12T23:02:47.533+0000] {dag.py:4180} INFO - Setting next_dagrun for latest_only_with_trigger to 2025-01-12 16:00:00+00:00, run_after=2025-01-12 20:00:00+00:00
[2025-01-12T23:02:47.619+0000] {processor.py:208} INFO - Processing /home/airflow/.local/lib/python3.12/site-packages/airflow/example_dags/example_latest_only_with_trigger.py took 0.162 seconds
[2025-01-12T23:03:18.128+0000] {processor.py:186} INFO - Started process (PID=702) to work on /home/airflow/.local/lib/python3.12/site-packages/airflow/example_dags/example_latest_only_with_trigger.py
[2025-01-12T23:03:18.129+0000] {processor.py:914} INFO - Processing file /home/airflow/.local/lib/python3.12/site-packages/airflow/example_dags/example_latest_only_with_trigger.py for tasks to queue
[2025-01-12T23:03:18.133+0000] {logging_mixin.py:190} INFO - [2025-01-12T23:03:18.133+0000] {dagbag.py:588} INFO - Filling up the DagBag from /home/airflow/.local/lib/python3.12/site-packages/airflow/example_dags/example_latest_only_with_trigger.py
[2025-01-12T23:03:18.145+0000] {processor.py:925} INFO - DAG(s) 'latest_only_with_trigger' retrieved from /home/airflow/.local/lib/python3.12/site-packages/airflow/example_dags/example_latest_only_with_trigger.py
[2025-01-12T23:03:18.171+0000] {logging_mixin.py:190} INFO - [2025-01-12T23:03:18.171+0000] {dag.py:3239} INFO - Sync 1 DAGs
[2025-01-12T23:03:18.202+0000] {logging_mixin.py:190} INFO - [2025-01-12T23:03:18.202+0000] {dag.py:4180} INFO - Setting next_dagrun for latest_only_with_trigger to 2025-01-12 16:00:00+00:00, run_after=2025-01-12 20:00:00+00:00
[2025-01-12T23:03:18.268+0000] {processor.py:208} INFO - Processing /home/airflow/.local/lib/python3.12/site-packages/airflow/example_dags/example_latest_only_with_trigger.py took 0.148 seconds
[2025-01-12T23:03:49.295+0000] {processor.py:186} INFO - Started process (PID=771) to work on /home/airflow/.local/lib/python3.12/site-packages/airflow/example_dags/example_latest_only_with_trigger.py
[2025-01-12T23:03:49.297+0000] {processor.py:914} INFO - Processing file /home/airflow/.local/lib/python3.12/site-packages/airflow/example_dags/example_latest_only_with_trigger.py for tasks to queue
[2025-01-12T23:03:49.301+0000] {logging_mixin.py:190} INFO - [2025-01-12T23:03:49.301+0000] {dagbag.py:588} INFO - Filling up the DagBag from /home/airflow/.local/lib/python3.12/site-packages/airflow/example_dags/example_latest_only_with_trigger.py
[2025-01-12T23:03:49.312+0000] {processor.py:925} INFO - DAG(s) 'latest_only_with_trigger' retrieved from /home/airflow/.local/lib/python3.12/site-packages/airflow/example_dags/example_latest_only_with_trigger.py
[2025-01-12T23:03:49.336+0000] {logging_mixin.py:190} INFO - [2025-01-12T23:03:49.336+0000] {dag.py:3239} INFO - Sync 1 DAGs
[2025-01-12T23:03:49.367+0000] {logging_mixin.py:190} INFO - [2025-01-12T23:03:49.366+0000] {dag.py:4180} INFO - Setting next_dagrun for latest_only_with_trigger to 2025-01-12 16:00:00+00:00, run_after=2025-01-12 20:00:00+00:00
[2025-01-12T23:03:49.436+0000] {processor.py:208} INFO - Processing /home/airflow/.local/lib/python3.12/site-packages/airflow/example_dags/example_latest_only_with_trigger.py took 0.148 seconds
[2025-01-12T23:04:19.574+0000] {processor.py:186} INFO - Started process (PID=834) to work on /home/airflow/.local/lib/python3.12/site-packages/airflow/example_dags/example_latest_only_with_trigger.py
[2025-01-12T23:04:19.575+0000] {processor.py:914} INFO - Processing file /home/airflow/.local/lib/python3.12/site-packages/airflow/example_dags/example_latest_only_with_trigger.py for tasks to queue
[2025-01-12T23:04:19.578+0000] {logging_mixin.py:190} INFO - [2025-01-12T23:04:19.578+0000] {dagbag.py:588} INFO - Filling up the DagBag from /home/airflow/.local/lib/python3.12/site-packages/airflow/example_dags/example_latest_only_with_trigger.py
[2025-01-12T23:04:19.587+0000] {processor.py:925} INFO - DAG(s) 'latest_only_with_trigger' retrieved from /home/airflow/.local/lib/python3.12/site-packages/airflow/example_dags/example_latest_only_with_trigger.py
[2025-01-12T23:04:19.610+0000] {logging_mixin.py:190} INFO - [2025-01-12T23:04:19.609+0000] {dag.py:3239} INFO - Sync 1 DAGs
[2025-01-12T23:04:19.635+0000] {logging_mixin.py:190} INFO - [2025-01-12T23:04:19.635+0000] {dag.py:4180} INFO - Setting next_dagrun for latest_only_with_trigger to 2025-01-12 16:00:00+00:00, run_after=2025-01-12 20:00:00+00:00
[2025-01-12T23:04:19.717+0000] {processor.py:208} INFO - Processing /home/airflow/.local/lib/python3.12/site-packages/airflow/example_dags/example_latest_only_with_trigger.py took 0.150 seconds
[2025-01-12T23:04:50.473+0000] {processor.py:186} INFO - Started process (PID=897) to work on /home/airflow/.local/lib/python3.12/site-packages/airflow/example_dags/example_latest_only_with_trigger.py
[2025-01-12T23:04:50.475+0000] {processor.py:914} INFO - Processing file /home/airflow/.local/lib/python3.12/site-packages/airflow/example_dags/example_latest_only_with_trigger.py for tasks to queue
[2025-01-12T23:04:50.479+0000] {logging_mixin.py:190} INFO - [2025-01-12T23:04:50.478+0000] {dagbag.py:588} INFO - Filling up the DagBag from /home/airflow/.local/lib/python3.12/site-packages/airflow/example_dags/example_latest_only_with_trigger.py
[2025-01-12T23:04:50.489+0000] {processor.py:925} INFO - DAG(s) 'latest_only_with_trigger' retrieved from /home/airflow/.local/lib/python3.12/site-packages/airflow/example_dags/example_latest_only_with_trigger.py
[2025-01-12T23:04:50.512+0000] {logging_mixin.py:190} INFO - [2025-01-12T23:04:50.512+0000] {dag.py:3239} INFO - Sync 1 DAGs
[2025-01-12T23:04:50.543+0000] {logging_mixin.py:190} INFO - [2025-01-12T23:04:50.543+0000] {dag.py:4180} INFO - Setting next_dagrun for latest_only_with_trigger to 2025-01-12 16:00:00+00:00, run_after=2025-01-12 20:00:00+00:00
[2025-01-12T23:04:50.651+0000] {processor.py:208} INFO - Processing /home/airflow/.local/lib/python3.12/site-packages/airflow/example_dags/example_latest_only_with_trigger.py took 0.185 seconds
[2025-01-12T23:05:21.374+0000] {processor.py:186} INFO - Started process (PID=960) to work on /home/airflow/.local/lib/python3.12/site-packages/airflow/example_dags/example_latest_only_with_trigger.py
[2025-01-12T23:05:21.375+0000] {processor.py:914} INFO - Processing file /home/airflow/.local/lib/python3.12/site-packages/airflow/example_dags/example_latest_only_with_trigger.py for tasks to queue
[2025-01-12T23:05:21.380+0000] {logging_mixin.py:190} INFO - [2025-01-12T23:05:21.379+0000] {dagbag.py:588} INFO - Filling up the DagBag from /home/airflow/.local/lib/python3.12/site-packages/airflow/example_dags/example_latest_only_with_trigger.py
[2025-01-12T23:05:21.390+0000] {processor.py:925} INFO - DAG(s) 'latest_only_with_trigger' retrieved from /home/airflow/.local/lib/python3.12/site-packages/airflow/example_dags/example_latest_only_with_trigger.py
[2025-01-12T23:05:21.413+0000] {logging_mixin.py:190} INFO - [2025-01-12T23:05:21.413+0000] {dag.py:3239} INFO - Sync 1 DAGs
[2025-01-12T23:05:21.442+0000] {logging_mixin.py:190} INFO - [2025-01-12T23:05:21.442+0000] {dag.py:4180} INFO - Setting next_dagrun for latest_only_with_trigger to 2025-01-12 16:00:00+00:00, run_after=2025-01-12 20:00:00+00:00
[2025-01-12T23:05:21.718+0000] {processor.py:208} INFO - Processing /home/airflow/.local/lib/python3.12/site-packages/airflow/example_dags/example_latest_only_with_trigger.py took 0.364 seconds
