[2025-01-12T22:30:42.397+0000] {processor.py:186} INFO - Started process (PID=109) to work on /home/airflow/.local/lib/python3.12/site-packages/airflow/example_dags/example_skip_dag.py
[2025-01-12T22:30:42.399+0000] {processor.py:914} INFO - Processing file /home/airflow/.local/lib/python3.12/site-packages/airflow/example_dags/example_skip_dag.py for tasks to queue
[2025-01-12T22:30:42.581+0000] {logging_mixin.py:190} INFO - [2025-01-12T22:30:42.580+0000] {dagbag.py:588} INFO - Filling up the DagBag from /home/airflow/.local/lib/python3.12/site-packages/airflow/example_dags/example_skip_dag.py
[2025-01-12T22:30:42.734+0000] {processor.py:925} INFO - DAG(s) 'example_skip_dag' retrieved from /home/airflow/.local/lib/python3.12/site-packages/airflow/example_dags/example_skip_dag.py
[2025-01-12T22:30:44.621+0000] {logging_mixin.py:190} INFO - [2025-01-12T22:30:44.620+0000] {override.py:1911} INFO - Created Permission View: can read on DAG:example_skip_dag
[2025-01-12T22:30:45.710+0000] {logging_mixin.py:190} INFO - [2025-01-12T22:30:45.709+0000] {override.py:1911} INFO - Created Permission View: can delete on DAG:example_skip_dag
[2025-01-12T22:30:46.074+0000] {logging_mixin.py:190} INFO - [2025-01-12T22:30:46.074+0000] {override.py:1911} INFO - Created Permission View: can edit on DAG:example_skip_dag
[2025-01-12T22:30:46.330+0000] {logging_mixin.py:190} INFO - [2025-01-12T22:30:46.330+0000] {override.py:1911} INFO - Created Permission View: menu access on DAG Run:example_skip_dag
[2025-01-12T22:30:46.441+0000] {logging_mixin.py:190} INFO - [2025-01-12T22:30:46.440+0000] {override.py:1911} INFO - Created Permission View: can create on DAG Run:example_skip_dag
[2025-01-12T22:30:46.707+0000] {logging_mixin.py:190} INFO - [2025-01-12T22:30:46.707+0000] {override.py:1911} INFO - Created Permission View: can read on DAG Run:example_skip_dag
[2025-01-12T22:30:47.048+0000] {logging_mixin.py:190} INFO - [2025-01-12T22:30:47.048+0000] {override.py:1911} INFO - Created Permission View: can delete on DAG Run:example_skip_dag
[2025-01-12T22:30:47.430+0000] {logging_mixin.py:190} INFO - [2025-01-12T22:30:47.429+0000] {dag.py:3239} INFO - Sync 1 DAGs
[2025-01-12T22:30:48.037+0000] {logging_mixin.py:190} INFO - [2025-01-12T22:30:48.037+0000] {dag.py:3262} INFO - Creating ORM DAG for example_skip_dag
[2025-01-12T22:30:48.108+0000] {logging_mixin.py:190} INFO - [2025-01-12T22:30:48.107+0000] {dag.py:4180} INFO - Setting next_dagrun for example_skip_dag to 2025-01-11 00:00:00+00:00, run_after=2025-01-12 00:00:00+00:00
[2025-01-12T22:30:48.331+0000] {processor.py:208} INFO - Processing /home/airflow/.local/lib/python3.12/site-packages/airflow/example_dags/example_skip_dag.py took 6.113 seconds
[2025-01-12T22:31:30.085+0000] {processor.py:186} INFO - Started process (PID=178) to work on /home/airflow/.local/lib/python3.12/site-packages/airflow/example_dags/example_skip_dag.py
[2025-01-12T22:31:30.086+0000] {processor.py:914} INFO - Processing file /home/airflow/.local/lib/python3.12/site-packages/airflow/example_dags/example_skip_dag.py for tasks to queue
[2025-01-12T22:31:30.091+0000] {logging_mixin.py:190} INFO - [2025-01-12T22:31:30.090+0000] {dagbag.py:588} INFO - Filling up the DagBag from /home/airflow/.local/lib/python3.12/site-packages/airflow/example_dags/example_skip_dag.py
[2025-01-12T22:31:30.104+0000] {processor.py:925} INFO - DAG(s) 'example_skip_dag' retrieved from /home/airflow/.local/lib/python3.12/site-packages/airflow/example_dags/example_skip_dag.py
[2025-01-12T22:31:30.134+0000] {logging_mixin.py:190} INFO - [2025-01-12T22:31:30.134+0000] {dag.py:3239} INFO - Sync 1 DAGs
[2025-01-12T22:31:30.168+0000] {logging_mixin.py:190} INFO - [2025-01-12T22:31:30.168+0000] {dag.py:4180} INFO - Setting next_dagrun for example_skip_dag to 2025-01-11 00:00:00+00:00, run_after=2025-01-12 00:00:00+00:00
[2025-01-12T22:31:30.335+0000] {processor.py:208} INFO - Processing /home/airflow/.local/lib/python3.12/site-packages/airflow/example_dags/example_skip_dag.py took 0.258 seconds
[2025-01-12T22:32:01.462+0000] {processor.py:186} INFO - Started process (PID=241) to work on /home/airflow/.local/lib/python3.12/site-packages/airflow/example_dags/example_skip_dag.py
[2025-01-12T22:32:01.464+0000] {processor.py:914} INFO - Processing file /home/airflow/.local/lib/python3.12/site-packages/airflow/example_dags/example_skip_dag.py for tasks to queue
[2025-01-12T22:32:01.467+0000] {logging_mixin.py:190} INFO - [2025-01-12T22:32:01.466+0000] {dagbag.py:588} INFO - Filling up the DagBag from /home/airflow/.local/lib/python3.12/site-packages/airflow/example_dags/example_skip_dag.py
[2025-01-12T22:32:01.478+0000] {processor.py:925} INFO - DAG(s) 'example_skip_dag' retrieved from /home/airflow/.local/lib/python3.12/site-packages/airflow/example_dags/example_skip_dag.py
[2025-01-12T22:32:01.504+0000] {logging_mixin.py:190} INFO - [2025-01-12T22:32:01.504+0000] {dag.py:3239} INFO - Sync 1 DAGs
[2025-01-12T22:32:01.538+0000] {logging_mixin.py:190} INFO - [2025-01-12T22:32:01.538+0000] {dag.py:4180} INFO - Setting next_dagrun for example_skip_dag to 2025-01-11 00:00:00+00:00, run_after=2025-01-12 00:00:00+00:00
[2025-01-12T22:32:01.757+0000] {processor.py:208} INFO - Processing /home/airflow/.local/lib/python3.12/site-packages/airflow/example_dags/example_skip_dag.py took 0.302 seconds
[2025-01-12T22:32:32.278+0000] {processor.py:186} INFO - Started process (PID=303) to work on /home/airflow/.local/lib/python3.12/site-packages/airflow/example_dags/example_skip_dag.py
[2025-01-12T22:32:32.279+0000] {processor.py:914} INFO - Processing file /home/airflow/.local/lib/python3.12/site-packages/airflow/example_dags/example_skip_dag.py for tasks to queue
[2025-01-12T22:32:32.282+0000] {logging_mixin.py:190} INFO - [2025-01-12T22:32:32.281+0000] {dagbag.py:588} INFO - Filling up the DagBag from /home/airflow/.local/lib/python3.12/site-packages/airflow/example_dags/example_skip_dag.py
[2025-01-12T22:32:32.290+0000] {processor.py:925} INFO - DAG(s) 'example_skip_dag' retrieved from /home/airflow/.local/lib/python3.12/site-packages/airflow/example_dags/example_skip_dag.py
[2025-01-12T22:32:32.314+0000] {logging_mixin.py:190} INFO - [2025-01-12T22:32:32.314+0000] {dag.py:3239} INFO - Sync 1 DAGs
[2025-01-12T22:32:32.345+0000] {logging_mixin.py:190} INFO - [2025-01-12T22:32:32.344+0000] {dag.py:4180} INFO - Setting next_dagrun for example_skip_dag to 2025-01-11 00:00:00+00:00, run_after=2025-01-12 00:00:00+00:00
[2025-01-12T22:32:32.446+0000] {processor.py:208} INFO - Processing /home/airflow/.local/lib/python3.12/site-packages/airflow/example_dags/example_skip_dag.py took 0.175 seconds
[2025-01-12T22:33:04.668+0000] {processor.py:186} INFO - Started process (PID=366) to work on /home/airflow/.local/lib/python3.12/site-packages/airflow/example_dags/example_skip_dag.py
[2025-01-12T22:33:04.670+0000] {processor.py:914} INFO - Processing file /home/airflow/.local/lib/python3.12/site-packages/airflow/example_dags/example_skip_dag.py for tasks to queue
[2025-01-12T22:33:04.674+0000] {logging_mixin.py:190} INFO - [2025-01-12T22:33:04.673+0000] {dagbag.py:588} INFO - Filling up the DagBag from /home/airflow/.local/lib/python3.12/site-packages/airflow/example_dags/example_skip_dag.py
[2025-01-12T22:33:04.687+0000] {processor.py:925} INFO - DAG(s) 'example_skip_dag' retrieved from /home/airflow/.local/lib/python3.12/site-packages/airflow/example_dags/example_skip_dag.py
[2025-01-12T22:33:04.724+0000] {logging_mixin.py:190} INFO - [2025-01-12T22:33:04.724+0000] {dag.py:3239} INFO - Sync 1 DAGs
[2025-01-12T22:33:04.777+0000] {logging_mixin.py:190} INFO - [2025-01-12T22:33:04.776+0000] {dag.py:4180} INFO - Setting next_dagrun for example_skip_dag to 2025-01-11 00:00:00+00:00, run_after=2025-01-12 00:00:00+00:00
[2025-01-12T22:33:04.912+0000] {processor.py:208} INFO - Processing /home/airflow/.local/lib/python3.12/site-packages/airflow/example_dags/example_skip_dag.py took 0.252 seconds
[2025-01-12T22:58:20.512+0000] {processor.py:186} INFO - Started process (PID=102) to work on /home/airflow/.local/lib/python3.12/site-packages/airflow/example_dags/example_skip_dag.py
[2025-01-12T22:58:20.513+0000] {processor.py:914} INFO - Processing file /home/airflow/.local/lib/python3.12/site-packages/airflow/example_dags/example_skip_dag.py for tasks to queue
[2025-01-12T22:58:20.519+0000] {logging_mixin.py:190} INFO - [2025-01-12T22:58:20.518+0000] {dagbag.py:588} INFO - Filling up the DagBag from /home/airflow/.local/lib/python3.12/site-packages/airflow/example_dags/example_skip_dag.py
[2025-01-12T22:58:20.529+0000] {processor.py:925} INFO - DAG(s) 'example_skip_dag' retrieved from /home/airflow/.local/lib/python3.12/site-packages/airflow/example_dags/example_skip_dag.py
[2025-01-12T22:58:20.561+0000] {logging_mixin.py:190} INFO - [2025-01-12T22:58:20.561+0000] {dag.py:3239} INFO - Sync 1 DAGs
[2025-01-12T22:58:20.588+0000] {logging_mixin.py:190} INFO - [2025-01-12T22:58:20.588+0000] {dag.py:4180} INFO - Setting next_dagrun for example_skip_dag to 2025-01-11 00:00:00+00:00, run_after=2025-01-12 00:00:00+00:00
[2025-01-12T22:58:20.639+0000] {processor.py:208} INFO - Processing /home/airflow/.local/lib/python3.12/site-packages/airflow/example_dags/example_skip_dag.py took 0.134 seconds
[2025-01-12T22:58:51.802+0000] {processor.py:186} INFO - Started process (PID=166) to work on /home/airflow/.local/lib/python3.12/site-packages/airflow/example_dags/example_skip_dag.py
[2025-01-12T22:58:51.803+0000] {processor.py:914} INFO - Processing file /home/airflow/.local/lib/python3.12/site-packages/airflow/example_dags/example_skip_dag.py for tasks to queue
[2025-01-12T22:58:51.807+0000] {logging_mixin.py:190} INFO - [2025-01-12T22:58:51.806+0000] {dagbag.py:588} INFO - Filling up the DagBag from /home/airflow/.local/lib/python3.12/site-packages/airflow/example_dags/example_skip_dag.py
[2025-01-12T22:58:51.818+0000] {processor.py:925} INFO - DAG(s) 'example_skip_dag' retrieved from /home/airflow/.local/lib/python3.12/site-packages/airflow/example_dags/example_skip_dag.py
[2025-01-12T22:58:51.851+0000] {logging_mixin.py:190} INFO - [2025-01-12T22:58:51.850+0000] {dag.py:3239} INFO - Sync 1 DAGs
[2025-01-12T22:58:51.890+0000] {logging_mixin.py:190} INFO - [2025-01-12T22:58:51.890+0000] {dag.py:4180} INFO - Setting next_dagrun for example_skip_dag to 2025-01-11 00:00:00+00:00, run_after=2025-01-12 00:00:00+00:00
[2025-01-12T22:58:51.958+0000] {processor.py:208} INFO - Processing /home/airflow/.local/lib/python3.12/site-packages/airflow/example_dags/example_skip_dag.py took 0.163 seconds
[2025-01-12T22:59:23.080+0000] {processor.py:186} INFO - Started process (PID=229) to work on /home/airflow/.local/lib/python3.12/site-packages/airflow/example_dags/example_skip_dag.py
[2025-01-12T22:59:23.081+0000] {processor.py:914} INFO - Processing file /home/airflow/.local/lib/python3.12/site-packages/airflow/example_dags/example_skip_dag.py for tasks to queue
[2025-01-12T22:59:23.085+0000] {logging_mixin.py:190} INFO - [2025-01-12T22:59:23.085+0000] {dagbag.py:588} INFO - Filling up the DagBag from /home/airflow/.local/lib/python3.12/site-packages/airflow/example_dags/example_skip_dag.py
[2025-01-12T22:59:23.097+0000] {processor.py:925} INFO - DAG(s) 'example_skip_dag' retrieved from /home/airflow/.local/lib/python3.12/site-packages/airflow/example_dags/example_skip_dag.py
[2025-01-12T22:59:23.125+0000] {logging_mixin.py:190} INFO - [2025-01-12T22:59:23.125+0000] {dag.py:3239} INFO - Sync 1 DAGs
[2025-01-12T22:59:23.157+0000] {logging_mixin.py:190} INFO - [2025-01-12T22:59:23.157+0000] {dag.py:4180} INFO - Setting next_dagrun for example_skip_dag to 2025-01-11 00:00:00+00:00, run_after=2025-01-12 00:00:00+00:00
[2025-01-12T22:59:23.214+0000] {processor.py:208} INFO - Processing /home/airflow/.local/lib/python3.12/site-packages/airflow/example_dags/example_skip_dag.py took 0.141 seconds
[2025-01-12T22:59:54.817+0000] {processor.py:186} INFO - Started process (PID=292) to work on /home/airflow/.local/lib/python3.12/site-packages/airflow/example_dags/example_skip_dag.py
[2025-01-12T22:59:54.818+0000] {processor.py:914} INFO - Processing file /home/airflow/.local/lib/python3.12/site-packages/airflow/example_dags/example_skip_dag.py for tasks to queue
[2025-01-12T22:59:54.822+0000] {logging_mixin.py:190} INFO - [2025-01-12T22:59:54.821+0000] {dagbag.py:588} INFO - Filling up the DagBag from /home/airflow/.local/lib/python3.12/site-packages/airflow/example_dags/example_skip_dag.py
[2025-01-12T22:59:54.831+0000] {processor.py:925} INFO - DAG(s) 'example_skip_dag' retrieved from /home/airflow/.local/lib/python3.12/site-packages/airflow/example_dags/example_skip_dag.py
[2025-01-12T22:59:54.862+0000] {logging_mixin.py:190} INFO - [2025-01-12T22:59:54.862+0000] {dag.py:3239} INFO - Sync 1 DAGs
[2025-01-12T22:59:54.896+0000] {logging_mixin.py:190} INFO - [2025-01-12T22:59:54.896+0000] {dag.py:4180} INFO - Setting next_dagrun for example_skip_dag to 2025-01-11 00:00:00+00:00, run_after=2025-01-12 00:00:00+00:00
[2025-01-12T22:59:54.952+0000] {processor.py:208} INFO - Processing /home/airflow/.local/lib/python3.12/site-packages/airflow/example_dags/example_skip_dag.py took 0.142 seconds
[2025-01-12T23:00:26.403+0000] {processor.py:186} INFO - Started process (PID=355) to work on /home/airflow/.local/lib/python3.12/site-packages/airflow/example_dags/example_skip_dag.py
[2025-01-12T23:00:26.404+0000] {processor.py:914} INFO - Processing file /home/airflow/.local/lib/python3.12/site-packages/airflow/example_dags/example_skip_dag.py for tasks to queue
[2025-01-12T23:00:26.408+0000] {logging_mixin.py:190} INFO - [2025-01-12T23:00:26.407+0000] {dagbag.py:588} INFO - Filling up the DagBag from /home/airflow/.local/lib/python3.12/site-packages/airflow/example_dags/example_skip_dag.py
[2025-01-12T23:00:26.418+0000] {processor.py:925} INFO - DAG(s) 'example_skip_dag' retrieved from /home/airflow/.local/lib/python3.12/site-packages/airflow/example_dags/example_skip_dag.py
[2025-01-12T23:00:26.442+0000] {logging_mixin.py:190} INFO - [2025-01-12T23:00:26.442+0000] {dag.py:3239} INFO - Sync 1 DAGs
[2025-01-12T23:00:26.471+0000] {logging_mixin.py:190} INFO - [2025-01-12T23:00:26.471+0000] {dag.py:4180} INFO - Setting next_dagrun for example_skip_dag to 2025-01-11 00:00:00+00:00, run_after=2025-01-12 00:00:00+00:00
[2025-01-12T23:00:26.669+0000] {processor.py:208} INFO - Processing /home/airflow/.local/lib/python3.12/site-packages/airflow/example_dags/example_skip_dag.py took 0.273 seconds
[2025-01-12T23:00:58.189+0000] {processor.py:186} INFO - Started process (PID=418) to work on /home/airflow/.local/lib/python3.12/site-packages/airflow/example_dags/example_skip_dag.py
[2025-01-12T23:00:58.190+0000] {processor.py:914} INFO - Processing file /home/airflow/.local/lib/python3.12/site-packages/airflow/example_dags/example_skip_dag.py for tasks to queue
[2025-01-12T23:00:58.193+0000] {logging_mixin.py:190} INFO - [2025-01-12T23:00:58.193+0000] {dagbag.py:588} INFO - Filling up the DagBag from /home/airflow/.local/lib/python3.12/site-packages/airflow/example_dags/example_skip_dag.py
[2025-01-12T23:00:58.202+0000] {processor.py:925} INFO - DAG(s) 'example_skip_dag' retrieved from /home/airflow/.local/lib/python3.12/site-packages/airflow/example_dags/example_skip_dag.py
[2025-01-12T23:00:58.225+0000] {logging_mixin.py:190} INFO - [2025-01-12T23:00:58.225+0000] {dag.py:3239} INFO - Sync 1 DAGs
[2025-01-12T23:00:58.252+0000] {logging_mixin.py:190} INFO - [2025-01-12T23:00:58.252+0000] {dag.py:4180} INFO - Setting next_dagrun for example_skip_dag to 2025-01-11 00:00:00+00:00, run_after=2025-01-12 00:00:00+00:00
[2025-01-12T23:00:58.481+0000] {processor.py:208} INFO - Processing /home/airflow/.local/lib/python3.12/site-packages/airflow/example_dags/example_skip_dag.py took 0.302 seconds
[2025-01-12T23:01:29.821+0000] {processor.py:186} INFO - Started process (PID=480) to work on /home/airflow/.local/lib/python3.12/site-packages/airflow/example_dags/example_skip_dag.py
[2025-01-12T23:01:29.822+0000] {processor.py:914} INFO - Processing file /home/airflow/.local/lib/python3.12/site-packages/airflow/example_dags/example_skip_dag.py for tasks to queue
[2025-01-12T23:01:29.825+0000] {logging_mixin.py:190} INFO - [2025-01-12T23:01:29.825+0000] {dagbag.py:588} INFO - Filling up the DagBag from /home/airflow/.local/lib/python3.12/site-packages/airflow/example_dags/example_skip_dag.py
[2025-01-12T23:01:29.835+0000] {processor.py:925} INFO - DAG(s) 'example_skip_dag' retrieved from /home/airflow/.local/lib/python3.12/site-packages/airflow/example_dags/example_skip_dag.py
[2025-01-12T23:01:29.861+0000] {logging_mixin.py:190} INFO - [2025-01-12T23:01:29.860+0000] {dag.py:3239} INFO - Sync 1 DAGs
[2025-01-12T23:01:29.890+0000] {logging_mixin.py:190} INFO - [2025-01-12T23:01:29.890+0000] {dag.py:4180} INFO - Setting next_dagrun for example_skip_dag to 2025-01-11 00:00:00+00:00, run_after=2025-01-12 00:00:00+00:00
[2025-01-12T23:01:29.957+0000] {processor.py:208} INFO - Processing /home/airflow/.local/lib/python3.12/site-packages/airflow/example_dags/example_skip_dag.py took 0.143 seconds
[2025-01-12T23:02:00.934+0000] {processor.py:186} INFO - Started process (PID=543) to work on /home/airflow/.local/lib/python3.12/site-packages/airflow/example_dags/example_skip_dag.py
[2025-01-12T23:02:00.936+0000] {processor.py:914} INFO - Processing file /home/airflow/.local/lib/python3.12/site-packages/airflow/example_dags/example_skip_dag.py for tasks to queue
[2025-01-12T23:02:00.939+0000] {logging_mixin.py:190} INFO - [2025-01-12T23:02:00.939+0000] {dagbag.py:588} INFO - Filling up the DagBag from /home/airflow/.local/lib/python3.12/site-packages/airflow/example_dags/example_skip_dag.py
[2025-01-12T23:02:00.948+0000] {processor.py:925} INFO - DAG(s) 'example_skip_dag' retrieved from /home/airflow/.local/lib/python3.12/site-packages/airflow/example_dags/example_skip_dag.py
[2025-01-12T23:02:00.973+0000] {logging_mixin.py:190} INFO - [2025-01-12T23:02:00.973+0000] {dag.py:3239} INFO - Sync 1 DAGs
[2025-01-12T23:02:01.002+0000] {logging_mixin.py:190} INFO - [2025-01-12T23:02:01.002+0000] {dag.py:4180} INFO - Setting next_dagrun for example_skip_dag to 2025-01-11 00:00:00+00:00, run_after=2025-01-12 00:00:00+00:00
[2025-01-12T23:02:01.123+0000] {processor.py:208} INFO - Processing /home/airflow/.local/lib/python3.12/site-packages/airflow/example_dags/example_skip_dag.py took 0.196 seconds
[2025-01-12T23:02:31.504+0000] {processor.py:186} INFO - Started process (PID=605) to work on /home/airflow/.local/lib/python3.12/site-packages/airflow/example_dags/example_skip_dag.py
[2025-01-12T23:02:31.505+0000] {processor.py:914} INFO - Processing file /home/airflow/.local/lib/python3.12/site-packages/airflow/example_dags/example_skip_dag.py for tasks to queue
[2025-01-12T23:02:31.508+0000] {logging_mixin.py:190} INFO - [2025-01-12T23:02:31.508+0000] {dagbag.py:588} INFO - Filling up the DagBag from /home/airflow/.local/lib/python3.12/site-packages/airflow/example_dags/example_skip_dag.py
[2025-01-12T23:02:31.517+0000] {processor.py:925} INFO - DAG(s) 'example_skip_dag' retrieved from /home/airflow/.local/lib/python3.12/site-packages/airflow/example_dags/example_skip_dag.py
[2025-01-12T23:02:31.544+0000] {logging_mixin.py:190} INFO - [2025-01-12T23:02:31.544+0000] {dag.py:3239} INFO - Sync 1 DAGs
[2025-01-12T23:02:31.573+0000] {logging_mixin.py:190} INFO - [2025-01-12T23:02:31.573+0000] {dag.py:4180} INFO - Setting next_dagrun for example_skip_dag to 2025-01-11 00:00:00+00:00, run_after=2025-01-12 00:00:00+00:00
[2025-01-12T23:02:31.705+0000] {processor.py:208} INFO - Processing /home/airflow/.local/lib/python3.12/site-packages/airflow/example_dags/example_skip_dag.py took 0.208 seconds
[2025-01-12T23:03:01.787+0000] {processor.py:186} INFO - Started process (PID=667) to work on /home/airflow/.local/lib/python3.12/site-packages/airflow/example_dags/example_skip_dag.py
[2025-01-12T23:03:01.788+0000] {processor.py:914} INFO - Processing file /home/airflow/.local/lib/python3.12/site-packages/airflow/example_dags/example_skip_dag.py for tasks to queue
[2025-01-12T23:03:01.793+0000] {logging_mixin.py:190} INFO - [2025-01-12T23:03:01.792+0000] {dagbag.py:588} INFO - Filling up the DagBag from /home/airflow/.local/lib/python3.12/site-packages/airflow/example_dags/example_skip_dag.py
[2025-01-12T23:03:01.802+0000] {processor.py:925} INFO - DAG(s) 'example_skip_dag' retrieved from /home/airflow/.local/lib/python3.12/site-packages/airflow/example_dags/example_skip_dag.py
[2025-01-12T23:03:01.828+0000] {logging_mixin.py:190} INFO - [2025-01-12T23:03:01.827+0000] {dag.py:3239} INFO - Sync 1 DAGs
[2025-01-12T23:03:01.855+0000] {logging_mixin.py:190} INFO - [2025-01-12T23:03:01.854+0000] {dag.py:4180} INFO - Setting next_dagrun for example_skip_dag to 2025-01-11 00:00:00+00:00, run_after=2025-01-12 00:00:00+00:00
[2025-01-12T23:03:01.905+0000] {processor.py:208} INFO - Processing /home/airflow/.local/lib/python3.12/site-packages/airflow/example_dags/example_skip_dag.py took 0.127 seconds
[2025-01-12T23:03:32.450+0000] {processor.py:186} INFO - Started process (PID=730) to work on /home/airflow/.local/lib/python3.12/site-packages/airflow/example_dags/example_skip_dag.py
[2025-01-12T23:03:32.453+0000] {processor.py:914} INFO - Processing file /home/airflow/.local/lib/python3.12/site-packages/airflow/example_dags/example_skip_dag.py for tasks to queue
[2025-01-12T23:03:32.456+0000] {logging_mixin.py:190} INFO - [2025-01-12T23:03:32.456+0000] {dagbag.py:588} INFO - Filling up the DagBag from /home/airflow/.local/lib/python3.12/site-packages/airflow/example_dags/example_skip_dag.py
[2025-01-12T23:03:32.467+0000] {processor.py:925} INFO - DAG(s) 'example_skip_dag' retrieved from /home/airflow/.local/lib/python3.12/site-packages/airflow/example_dags/example_skip_dag.py
[2025-01-12T23:03:32.498+0000] {logging_mixin.py:190} INFO - [2025-01-12T23:03:32.497+0000] {dag.py:3239} INFO - Sync 1 DAGs
[2025-01-12T23:03:32.549+0000] {logging_mixin.py:190} INFO - [2025-01-12T23:03:32.549+0000] {dag.py:4180} INFO - Setting next_dagrun for example_skip_dag to 2025-01-11 00:00:00+00:00, run_after=2025-01-12 00:00:00+00:00
[2025-01-12T23:03:32.883+0000] {processor.py:208} INFO - Processing /home/airflow/.local/lib/python3.12/site-packages/airflow/example_dags/example_skip_dag.py took 0.441 seconds
[2025-01-12T23:04:03.512+0000] {processor.py:186} INFO - Started process (PID=793) to work on /home/airflow/.local/lib/python3.12/site-packages/airflow/example_dags/example_skip_dag.py
[2025-01-12T23:04:03.513+0000] {processor.py:914} INFO - Processing file /home/airflow/.local/lib/python3.12/site-packages/airflow/example_dags/example_skip_dag.py for tasks to queue
[2025-01-12T23:04:03.517+0000] {logging_mixin.py:190} INFO - [2025-01-12T23:04:03.516+0000] {dagbag.py:588} INFO - Filling up the DagBag from /home/airflow/.local/lib/python3.12/site-packages/airflow/example_dags/example_skip_dag.py
[2025-01-12T23:04:03.527+0000] {processor.py:925} INFO - DAG(s) 'example_skip_dag' retrieved from /home/airflow/.local/lib/python3.12/site-packages/airflow/example_dags/example_skip_dag.py
[2025-01-12T23:04:03.553+0000] {logging_mixin.py:190} INFO - [2025-01-12T23:04:03.552+0000] {dag.py:3239} INFO - Sync 1 DAGs
[2025-01-12T23:04:03.583+0000] {logging_mixin.py:190} INFO - [2025-01-12T23:04:03.583+0000] {dag.py:4180} INFO - Setting next_dagrun for example_skip_dag to 2025-01-11 00:00:00+00:00, run_after=2025-01-12 00:00:00+00:00
[2025-01-12T23:04:03.668+0000] {processor.py:208} INFO - Processing /home/airflow/.local/lib/python3.12/site-packages/airflow/example_dags/example_skip_dag.py took 0.164 seconds
[2025-01-12T23:04:34.107+0000] {processor.py:186} INFO - Started process (PID=856) to work on /home/airflow/.local/lib/python3.12/site-packages/airflow/example_dags/example_skip_dag.py
[2025-01-12T23:04:34.108+0000] {processor.py:914} INFO - Processing file /home/airflow/.local/lib/python3.12/site-packages/airflow/example_dags/example_skip_dag.py for tasks to queue
[2025-01-12T23:04:34.113+0000] {logging_mixin.py:190} INFO - [2025-01-12T23:04:34.112+0000] {dagbag.py:588} INFO - Filling up the DagBag from /home/airflow/.local/lib/python3.12/site-packages/airflow/example_dags/example_skip_dag.py
[2025-01-12T23:04:34.125+0000] {processor.py:925} INFO - DAG(s) 'example_skip_dag' retrieved from /home/airflow/.local/lib/python3.12/site-packages/airflow/example_dags/example_skip_dag.py
[2025-01-12T23:04:34.148+0000] {logging_mixin.py:190} INFO - [2025-01-12T23:04:34.148+0000] {dag.py:3239} INFO - Sync 1 DAGs
[2025-01-12T23:04:34.174+0000] {logging_mixin.py:190} INFO - [2025-01-12T23:04:34.174+0000] {dag.py:4180} INFO - Setting next_dagrun for example_skip_dag to 2025-01-11 00:00:00+00:00, run_after=2025-01-12 00:00:00+00:00
[2025-01-12T23:04:34.307+0000] {processor.py:208} INFO - Processing /home/airflow/.local/lib/python3.12/site-packages/airflow/example_dags/example_skip_dag.py took 0.209 seconds
[2025-01-12T23:05:04.485+0000] {processor.py:186} INFO - Started process (PID=919) to work on /home/airflow/.local/lib/python3.12/site-packages/airflow/example_dags/example_skip_dag.py
[2025-01-12T23:05:04.486+0000] {processor.py:914} INFO - Processing file /home/airflow/.local/lib/python3.12/site-packages/airflow/example_dags/example_skip_dag.py for tasks to queue
[2025-01-12T23:05:04.490+0000] {logging_mixin.py:190} INFO - [2025-01-12T23:05:04.490+0000] {dagbag.py:588} INFO - Filling up the DagBag from /home/airflow/.local/lib/python3.12/site-packages/airflow/example_dags/example_skip_dag.py
[2025-01-12T23:05:04.499+0000] {processor.py:925} INFO - DAG(s) 'example_skip_dag' retrieved from /home/airflow/.local/lib/python3.12/site-packages/airflow/example_dags/example_skip_dag.py
[2025-01-12T23:05:04.527+0000] {logging_mixin.py:190} INFO - [2025-01-12T23:05:04.527+0000] {dag.py:3239} INFO - Sync 1 DAGs
[2025-01-12T23:05:04.554+0000] {logging_mixin.py:190} INFO - [2025-01-12T23:05:04.554+0000] {dag.py:4180} INFO - Setting next_dagrun for example_skip_dag to 2025-01-11 00:00:00+00:00, run_after=2025-01-12 00:00:00+00:00
[2025-01-12T23:05:04.624+0000] {processor.py:208} INFO - Processing /home/airflow/.local/lib/python3.12/site-packages/airflow/example_dags/example_skip_dag.py took 0.151 seconds
