[2025-01-12T22:31:04.571+0000] {processor.py:186} INFO - Started process (PID=123) to work on /home/airflow/.local/lib/python3.12/site-packages/airflow/example_dags/example_short_circuit_operator.py
[2025-01-12T22:31:04.572+0000] {processor.py:914} INFO - Processing file /home/airflow/.local/lib/python3.12/site-packages/airflow/example_dags/example_short_circuit_operator.py for tasks to queue
[2025-01-12T22:31:04.575+0000] {logging_mixin.py:190} INFO - [2025-01-12T22:31:04.574+0000] {dagbag.py:588} INFO - Filling up the DagBag from /home/airflow/.local/lib/python3.12/site-packages/airflow/example_dags/example_short_circuit_operator.py
[2025-01-12T22:31:04.587+0000] {processor.py:925} INFO - DAG(s) 'example_short_circuit_operator' retrieved from /home/airflow/.local/lib/python3.12/site-packages/airflow/example_dags/example_short_circuit_operator.py
[2025-01-12T22:31:04.932+0000] {logging_mixin.py:190} INFO - [2025-01-12T22:31:04.931+0000] {override.py:1911} INFO - Created Permission View: can read on DAG:example_short_circuit_operator
[2025-01-12T22:31:05.042+0000] {logging_mixin.py:190} INFO - [2025-01-12T22:31:05.042+0000] {override.py:1911} INFO - Created Permission View: can delete on DAG:example_short_circuit_operator
[2025-01-12T22:31:05.164+0000] {logging_mixin.py:190} INFO - [2025-01-12T22:31:05.164+0000] {override.py:1911} INFO - Created Permission View: can edit on DAG:example_short_circuit_operator
[2025-01-12T22:31:05.365+0000] {logging_mixin.py:190} INFO - [2025-01-12T22:31:05.364+0000] {override.py:1911} INFO - Created Permission View: menu access on DAG Run:example_short_circuit_operator
[2025-01-12T22:31:05.476+0000] {logging_mixin.py:190} INFO - [2025-01-12T22:31:05.475+0000] {override.py:1911} INFO - Created Permission View: can create on DAG Run:example_short_circuit_operator
[2025-01-12T22:31:05.587+0000] {logging_mixin.py:190} INFO - [2025-01-12T22:31:05.586+0000] {override.py:1911} INFO - Created Permission View: can read on DAG Run:example_short_circuit_operator
[2025-01-12T22:31:05.699+0000] {logging_mixin.py:190} INFO - [2025-01-12T22:31:05.698+0000] {override.py:1911} INFO - Created Permission View: can delete on DAG Run:example_short_circuit_operator
[2025-01-12T22:31:05.700+0000] {logging_mixin.py:190} INFO - [2025-01-12T22:31:05.699+0000] {dag.py:3239} INFO - Sync 1 DAGs
[2025-01-12T22:31:05.722+0000] {logging_mixin.py:190} INFO - [2025-01-12T22:31:05.722+0000] {dag.py:3262} INFO - Creating ORM DAG for example_short_circuit_operator
[2025-01-12T22:31:05.724+0000] {logging_mixin.py:190} INFO - [2025-01-12T22:31:05.723+0000] {dag.py:4180} INFO - Setting next_dagrun for example_short_circuit_operator to None, run_after=None
[2025-01-12T22:31:05.815+0000] {processor.py:208} INFO - Processing /home/airflow/.local/lib/python3.12/site-packages/airflow/example_dags/example_short_circuit_operator.py took 1.253 seconds
[2025-01-12T22:31:35.961+0000] {processor.py:186} INFO - Started process (PID=186) to work on /home/airflow/.local/lib/python3.12/site-packages/airflow/example_dags/example_short_circuit_operator.py
[2025-01-12T22:31:35.962+0000] {processor.py:914} INFO - Processing file /home/airflow/.local/lib/python3.12/site-packages/airflow/example_dags/example_short_circuit_operator.py for tasks to queue
[2025-01-12T22:31:35.966+0000] {logging_mixin.py:190} INFO - [2025-01-12T22:31:35.965+0000] {dagbag.py:588} INFO - Filling up the DagBag from /home/airflow/.local/lib/python3.12/site-packages/airflow/example_dags/example_short_circuit_operator.py
[2025-01-12T22:31:35.985+0000] {processor.py:925} INFO - DAG(s) 'example_short_circuit_operator' retrieved from /home/airflow/.local/lib/python3.12/site-packages/airflow/example_dags/example_short_circuit_operator.py
[2025-01-12T22:31:36.014+0000] {logging_mixin.py:190} INFO - [2025-01-12T22:31:36.013+0000] {dag.py:3239} INFO - Sync 1 DAGs
[2025-01-12T22:31:36.031+0000] {logging_mixin.py:190} INFO - [2025-01-12T22:31:36.031+0000] {dag.py:4180} INFO - Setting next_dagrun for example_short_circuit_operator to None, run_after=None
[2025-01-12T22:31:36.118+0000] {processor.py:208} INFO - Processing /home/airflow/.local/lib/python3.12/site-packages/airflow/example_dags/example_short_circuit_operator.py took 0.165 seconds
[2025-01-12T22:32:06.880+0000] {processor.py:186} INFO - Started process (PID=249) to work on /home/airflow/.local/lib/python3.12/site-packages/airflow/example_dags/example_short_circuit_operator.py
[2025-01-12T22:32:06.881+0000] {processor.py:914} INFO - Processing file /home/airflow/.local/lib/python3.12/site-packages/airflow/example_dags/example_short_circuit_operator.py for tasks to queue
[2025-01-12T22:32:06.884+0000] {logging_mixin.py:190} INFO - [2025-01-12T22:32:06.884+0000] {dagbag.py:588} INFO - Filling up the DagBag from /home/airflow/.local/lib/python3.12/site-packages/airflow/example_dags/example_short_circuit_operator.py
[2025-01-12T22:32:06.895+0000] {processor.py:925} INFO - DAG(s) 'example_short_circuit_operator' retrieved from /home/airflow/.local/lib/python3.12/site-packages/airflow/example_dags/example_short_circuit_operator.py
[2025-01-12T22:32:06.929+0000] {logging_mixin.py:190} INFO - [2025-01-12T22:32:06.928+0000] {dag.py:3239} INFO - Sync 1 DAGs
[2025-01-12T22:32:06.947+0000] {logging_mixin.py:190} INFO - [2025-01-12T22:32:06.947+0000] {dag.py:4180} INFO - Setting next_dagrun for example_short_circuit_operator to None, run_after=None
[2025-01-12T22:32:07.351+0000] {processor.py:208} INFO - Processing /home/airflow/.local/lib/python3.12/site-packages/airflow/example_dags/example_short_circuit_operator.py took 0.478 seconds
[2025-01-12T22:32:37.892+0000] {processor.py:186} INFO - Started process (PID=312) to work on /home/airflow/.local/lib/python3.12/site-packages/airflow/example_dags/example_short_circuit_operator.py
[2025-01-12T22:32:37.894+0000] {processor.py:914} INFO - Processing file /home/airflow/.local/lib/python3.12/site-packages/airflow/example_dags/example_short_circuit_operator.py for tasks to queue
[2025-01-12T22:32:37.897+0000] {logging_mixin.py:190} INFO - [2025-01-12T22:32:37.896+0000] {dagbag.py:588} INFO - Filling up the DagBag from /home/airflow/.local/lib/python3.12/site-packages/airflow/example_dags/example_short_circuit_operator.py
[2025-01-12T22:32:37.912+0000] {processor.py:925} INFO - DAG(s) 'example_short_circuit_operator' retrieved from /home/airflow/.local/lib/python3.12/site-packages/airflow/example_dags/example_short_circuit_operator.py
[2025-01-12T22:32:37.943+0000] {logging_mixin.py:190} INFO - [2025-01-12T22:32:37.942+0000] {dag.py:3239} INFO - Sync 1 DAGs
[2025-01-12T22:32:37.964+0000] {logging_mixin.py:190} INFO - [2025-01-12T22:32:37.963+0000] {dag.py:4180} INFO - Setting next_dagrun for example_short_circuit_operator to None, run_after=None
[2025-01-12T22:32:38.048+0000] {processor.py:208} INFO - Processing /home/airflow/.local/lib/python3.12/site-packages/airflow/example_dags/example_short_circuit_operator.py took 0.162 seconds
[2025-01-12T22:33:08.413+0000] {processor.py:186} INFO - Started process (PID=374) to work on /home/airflow/.local/lib/python3.12/site-packages/airflow/example_dags/example_short_circuit_operator.py
[2025-01-12T22:33:08.414+0000] {processor.py:914} INFO - Processing file /home/airflow/.local/lib/python3.12/site-packages/airflow/example_dags/example_short_circuit_operator.py for tasks to queue
[2025-01-12T22:33:08.418+0000] {logging_mixin.py:190} INFO - [2025-01-12T22:33:08.417+0000] {dagbag.py:588} INFO - Filling up the DagBag from /home/airflow/.local/lib/python3.12/site-packages/airflow/example_dags/example_short_circuit_operator.py
[2025-01-12T22:33:08.429+0000] {processor.py:925} INFO - DAG(s) 'example_short_circuit_operator' retrieved from /home/airflow/.local/lib/python3.12/site-packages/airflow/example_dags/example_short_circuit_operator.py
[2025-01-12T22:33:08.459+0000] {logging_mixin.py:190} INFO - [2025-01-12T22:33:08.459+0000] {dag.py:3239} INFO - Sync 1 DAGs
[2025-01-12T22:33:08.477+0000] {logging_mixin.py:190} INFO - [2025-01-12T22:33:08.477+0000] {dag.py:4180} INFO - Setting next_dagrun for example_short_circuit_operator to None, run_after=None
[2025-01-12T22:33:08.688+0000] {processor.py:208} INFO - Processing /home/airflow/.local/lib/python3.12/site-packages/airflow/example_dags/example_short_circuit_operator.py took 0.283 seconds
[2025-01-12T22:58:21.746+0000] {processor.py:186} INFO - Started process (PID=110) to work on /home/airflow/.local/lib/python3.12/site-packages/airflow/example_dags/example_short_circuit_operator.py
[2025-01-12T22:58:21.747+0000] {processor.py:914} INFO - Processing file /home/airflow/.local/lib/python3.12/site-packages/airflow/example_dags/example_short_circuit_operator.py for tasks to queue
[2025-01-12T22:58:21.750+0000] {logging_mixin.py:190} INFO - [2025-01-12T22:58:21.749+0000] {dagbag.py:588} INFO - Filling up the DagBag from /home/airflow/.local/lib/python3.12/site-packages/airflow/example_dags/example_short_circuit_operator.py
[2025-01-12T22:58:21.759+0000] {processor.py:925} INFO - DAG(s) 'example_short_circuit_operator' retrieved from /home/airflow/.local/lib/python3.12/site-packages/airflow/example_dags/example_short_circuit_operator.py
[2025-01-12T22:58:21.790+0000] {logging_mixin.py:190} INFO - [2025-01-12T22:58:21.789+0000] {dag.py:3239} INFO - Sync 1 DAGs
[2025-01-12T22:58:21.808+0000] {logging_mixin.py:190} INFO - [2025-01-12T22:58:21.808+0000] {dag.py:4180} INFO - Setting next_dagrun for example_short_circuit_operator to None, run_after=None
[2025-01-12T22:58:21.872+0000] {processor.py:208} INFO - Processing /home/airflow/.local/lib/python3.12/site-packages/airflow/example_dags/example_short_circuit_operator.py took 0.134 seconds
[2025-01-12T22:58:52.803+0000] {processor.py:186} INFO - Started process (PID=174) to work on /home/airflow/.local/lib/python3.12/site-packages/airflow/example_dags/example_short_circuit_operator.py
[2025-01-12T22:58:52.804+0000] {processor.py:914} INFO - Processing file /home/airflow/.local/lib/python3.12/site-packages/airflow/example_dags/example_short_circuit_operator.py for tasks to queue
[2025-01-12T22:58:52.807+0000] {logging_mixin.py:190} INFO - [2025-01-12T22:58:52.806+0000] {dagbag.py:588} INFO - Filling up the DagBag from /home/airflow/.local/lib/python3.12/site-packages/airflow/example_dags/example_short_circuit_operator.py
[2025-01-12T22:58:52.816+0000] {processor.py:925} INFO - DAG(s) 'example_short_circuit_operator' retrieved from /home/airflow/.local/lib/python3.12/site-packages/airflow/example_dags/example_short_circuit_operator.py
[2025-01-12T22:58:52.853+0000] {logging_mixin.py:190} INFO - [2025-01-12T22:58:52.850+0000] {dag.py:3239} INFO - Sync 1 DAGs
[2025-01-12T22:58:52.882+0000] {logging_mixin.py:190} INFO - [2025-01-12T22:58:52.881+0000] {dag.py:4180} INFO - Setting next_dagrun for example_short_circuit_operator to None, run_after=None
[2025-01-12T22:58:52.941+0000] {processor.py:208} INFO - Processing /home/airflow/.local/lib/python3.12/site-packages/airflow/example_dags/example_short_circuit_operator.py took 0.144 seconds
[2025-01-12T22:59:23.996+0000] {processor.py:186} INFO - Started process (PID=237) to work on /home/airflow/.local/lib/python3.12/site-packages/airflow/example_dags/example_short_circuit_operator.py
[2025-01-12T22:59:23.997+0000] {processor.py:914} INFO - Processing file /home/airflow/.local/lib/python3.12/site-packages/airflow/example_dags/example_short_circuit_operator.py for tasks to queue
[2025-01-12T22:59:24.013+0000] {logging_mixin.py:190} INFO - [2025-01-12T22:59:24.012+0000] {dagbag.py:588} INFO - Filling up the DagBag from /home/airflow/.local/lib/python3.12/site-packages/airflow/example_dags/example_short_circuit_operator.py
[2025-01-12T22:59:24.027+0000] {processor.py:925} INFO - DAG(s) 'example_short_circuit_operator' retrieved from /home/airflow/.local/lib/python3.12/site-packages/airflow/example_dags/example_short_circuit_operator.py
[2025-01-12T22:59:24.055+0000] {logging_mixin.py:190} INFO - [2025-01-12T22:59:24.055+0000] {dag.py:3239} INFO - Sync 1 DAGs
[2025-01-12T22:59:24.073+0000] {logging_mixin.py:190} INFO - [2025-01-12T22:59:24.072+0000] {dag.py:4180} INFO - Setting next_dagrun for example_short_circuit_operator to None, run_after=None
[2025-01-12T22:59:24.159+0000] {processor.py:208} INFO - Processing /home/airflow/.local/lib/python3.12/site-packages/airflow/example_dags/example_short_circuit_operator.py took 0.170 seconds
[2025-01-12T22:59:55.708+0000] {processor.py:186} INFO - Started process (PID=300) to work on /home/airflow/.local/lib/python3.12/site-packages/airflow/example_dags/example_short_circuit_operator.py
[2025-01-12T22:59:55.709+0000] {processor.py:914} INFO - Processing file /home/airflow/.local/lib/python3.12/site-packages/airflow/example_dags/example_short_circuit_operator.py for tasks to queue
[2025-01-12T22:59:55.712+0000] {logging_mixin.py:190} INFO - [2025-01-12T22:59:55.712+0000] {dagbag.py:588} INFO - Filling up the DagBag from /home/airflow/.local/lib/python3.12/site-packages/airflow/example_dags/example_short_circuit_operator.py
[2025-01-12T22:59:55.722+0000] {processor.py:925} INFO - DAG(s) 'example_short_circuit_operator' retrieved from /home/airflow/.local/lib/python3.12/site-packages/airflow/example_dags/example_short_circuit_operator.py
[2025-01-12T22:59:55.751+0000] {logging_mixin.py:190} INFO - [2025-01-12T22:59:55.751+0000] {dag.py:3239} INFO - Sync 1 DAGs
[2025-01-12T22:59:55.769+0000] {logging_mixin.py:190} INFO - [2025-01-12T22:59:55.768+0000] {dag.py:4180} INFO - Setting next_dagrun for example_short_circuit_operator to None, run_after=None
[2025-01-12T22:59:55.832+0000] {processor.py:208} INFO - Processing /home/airflow/.local/lib/python3.12/site-packages/airflow/example_dags/example_short_circuit_operator.py took 0.131 seconds
[2025-01-12T23:00:27.746+0000] {processor.py:186} INFO - Started process (PID=363) to work on /home/airflow/.local/lib/python3.12/site-packages/airflow/example_dags/example_short_circuit_operator.py
[2025-01-12T23:00:27.748+0000] {processor.py:914} INFO - Processing file /home/airflow/.local/lib/python3.12/site-packages/airflow/example_dags/example_short_circuit_operator.py for tasks to queue
[2025-01-12T23:00:27.751+0000] {logging_mixin.py:190} INFO - [2025-01-12T23:00:27.750+0000] {dagbag.py:588} INFO - Filling up the DagBag from /home/airflow/.local/lib/python3.12/site-packages/airflow/example_dags/example_short_circuit_operator.py
[2025-01-12T23:00:27.762+0000] {processor.py:925} INFO - DAG(s) 'example_short_circuit_operator' retrieved from /home/airflow/.local/lib/python3.12/site-packages/airflow/example_dags/example_short_circuit_operator.py
[2025-01-12T23:00:27.790+0000] {logging_mixin.py:190} INFO - [2025-01-12T23:00:27.790+0000] {dag.py:3239} INFO - Sync 1 DAGs
[2025-01-12T23:00:27.810+0000] {logging_mixin.py:190} INFO - [2025-01-12T23:00:27.809+0000] {dag.py:4180} INFO - Setting next_dagrun for example_short_circuit_operator to None, run_after=None
[2025-01-12T23:00:27.887+0000] {processor.py:208} INFO - Processing /home/airflow/.local/lib/python3.12/site-packages/airflow/example_dags/example_short_circuit_operator.py took 0.148 seconds
[2025-01-12T23:01:00.021+0000] {processor.py:186} INFO - Started process (PID=426) to work on /home/airflow/.local/lib/python3.12/site-packages/airflow/example_dags/example_short_circuit_operator.py
[2025-01-12T23:01:00.022+0000] {processor.py:914} INFO - Processing file /home/airflow/.local/lib/python3.12/site-packages/airflow/example_dags/example_short_circuit_operator.py for tasks to queue
[2025-01-12T23:01:00.025+0000] {logging_mixin.py:190} INFO - [2025-01-12T23:01:00.025+0000] {dagbag.py:588} INFO - Filling up the DagBag from /home/airflow/.local/lib/python3.12/site-packages/airflow/example_dags/example_short_circuit_operator.py
[2025-01-12T23:01:00.036+0000] {processor.py:925} INFO - DAG(s) 'example_short_circuit_operator' retrieved from /home/airflow/.local/lib/python3.12/site-packages/airflow/example_dags/example_short_circuit_operator.py
[2025-01-12T23:01:00.062+0000] {logging_mixin.py:190} INFO - [2025-01-12T23:01:00.062+0000] {dag.py:3239} INFO - Sync 1 DAGs
[2025-01-12T23:01:00.079+0000] {logging_mixin.py:190} INFO - [2025-01-12T23:01:00.079+0000] {dag.py:4180} INFO - Setting next_dagrun for example_short_circuit_operator to None, run_after=None
[2025-01-12T23:01:00.238+0000] {processor.py:208} INFO - Processing /home/airflow/.local/lib/python3.12/site-packages/airflow/example_dags/example_short_circuit_operator.py took 0.226 seconds
[2025-01-12T23:01:30.839+0000] {processor.py:186} INFO - Started process (PID=488) to work on /home/airflow/.local/lib/python3.12/site-packages/airflow/example_dags/example_short_circuit_operator.py
[2025-01-12T23:01:30.840+0000] {processor.py:914} INFO - Processing file /home/airflow/.local/lib/python3.12/site-packages/airflow/example_dags/example_short_circuit_operator.py for tasks to queue
[2025-01-12T23:01:30.843+0000] {logging_mixin.py:190} INFO - [2025-01-12T23:01:30.843+0000] {dagbag.py:588} INFO - Filling up the DagBag from /home/airflow/.local/lib/python3.12/site-packages/airflow/example_dags/example_short_circuit_operator.py
[2025-01-12T23:01:30.854+0000] {processor.py:925} INFO - DAG(s) 'example_short_circuit_operator' retrieved from /home/airflow/.local/lib/python3.12/site-packages/airflow/example_dags/example_short_circuit_operator.py
[2025-01-12T23:01:30.885+0000] {logging_mixin.py:190} INFO - [2025-01-12T23:01:30.885+0000] {dag.py:3239} INFO - Sync 1 DAGs
[2025-01-12T23:01:30.903+0000] {logging_mixin.py:190} INFO - [2025-01-12T23:01:30.903+0000] {dag.py:4180} INFO - Setting next_dagrun for example_short_circuit_operator to None, run_after=None
[2025-01-12T23:01:30.981+0000] {processor.py:208} INFO - Processing /home/airflow/.local/lib/python3.12/site-packages/airflow/example_dags/example_short_circuit_operator.py took 0.151 seconds
[2025-01-12T23:02:02.612+0000] {processor.py:186} INFO - Started process (PID=551) to work on /home/airflow/.local/lib/python3.12/site-packages/airflow/example_dags/example_short_circuit_operator.py
[2025-01-12T23:02:02.613+0000] {processor.py:914} INFO - Processing file /home/airflow/.local/lib/python3.12/site-packages/airflow/example_dags/example_short_circuit_operator.py for tasks to queue
[2025-01-12T23:02:02.616+0000] {logging_mixin.py:190} INFO - [2025-01-12T23:02:02.616+0000] {dagbag.py:588} INFO - Filling up the DagBag from /home/airflow/.local/lib/python3.12/site-packages/airflow/example_dags/example_short_circuit_operator.py
[2025-01-12T23:02:02.627+0000] {processor.py:925} INFO - DAG(s) 'example_short_circuit_operator' retrieved from /home/airflow/.local/lib/python3.12/site-packages/airflow/example_dags/example_short_circuit_operator.py
[2025-01-12T23:02:02.656+0000] {logging_mixin.py:190} INFO - [2025-01-12T23:02:02.656+0000] {dag.py:3239} INFO - Sync 1 DAGs
[2025-01-12T23:02:02.673+0000] {logging_mixin.py:190} INFO - [2025-01-12T23:02:02.673+0000] {dag.py:4180} INFO - Setting next_dagrun for example_short_circuit_operator to None, run_after=None
[2025-01-12T23:02:02.892+0000] {processor.py:208} INFO - Processing /home/airflow/.local/lib/python3.12/site-packages/airflow/example_dags/example_short_circuit_operator.py took 0.287 seconds
[2025-01-12T23:02:33.241+0000] {processor.py:186} INFO - Started process (PID=614) to work on /home/airflow/.local/lib/python3.12/site-packages/airflow/example_dags/example_short_circuit_operator.py
[2025-01-12T23:02:33.243+0000] {processor.py:914} INFO - Processing file /home/airflow/.local/lib/python3.12/site-packages/airflow/example_dags/example_short_circuit_operator.py for tasks to queue
[2025-01-12T23:02:33.246+0000] {logging_mixin.py:190} INFO - [2025-01-12T23:02:33.245+0000] {dagbag.py:588} INFO - Filling up the DagBag from /home/airflow/.local/lib/python3.12/site-packages/airflow/example_dags/example_short_circuit_operator.py
[2025-01-12T23:02:33.256+0000] {processor.py:925} INFO - DAG(s) 'example_short_circuit_operator' retrieved from /home/airflow/.local/lib/python3.12/site-packages/airflow/example_dags/example_short_circuit_operator.py
[2025-01-12T23:02:33.285+0000] {logging_mixin.py:190} INFO - [2025-01-12T23:02:33.285+0000] {dag.py:3239} INFO - Sync 1 DAGs
[2025-01-12T23:02:33.304+0000] {logging_mixin.py:190} INFO - [2025-01-12T23:02:33.304+0000] {dag.py:4180} INFO - Setting next_dagrun for example_short_circuit_operator to None, run_after=None
[2025-01-12T23:02:33.426+0000] {processor.py:208} INFO - Processing /home/airflow/.local/lib/python3.12/site-packages/airflow/example_dags/example_short_circuit_operator.py took 0.191 seconds
[2025-01-12T23:03:04.326+0000] {processor.py:186} INFO - Started process (PID=676) to work on /home/airflow/.local/lib/python3.12/site-packages/airflow/example_dags/example_short_circuit_operator.py
[2025-01-12T23:03:04.327+0000] {processor.py:914} INFO - Processing file /home/airflow/.local/lib/python3.12/site-packages/airflow/example_dags/example_short_circuit_operator.py for tasks to queue
[2025-01-12T23:03:04.330+0000] {logging_mixin.py:190} INFO - [2025-01-12T23:03:04.330+0000] {dagbag.py:588} INFO - Filling up the DagBag from /home/airflow/.local/lib/python3.12/site-packages/airflow/example_dags/example_short_circuit_operator.py
[2025-01-12T23:03:04.343+0000] {processor.py:925} INFO - DAG(s) 'example_short_circuit_operator' retrieved from /home/airflow/.local/lib/python3.12/site-packages/airflow/example_dags/example_short_circuit_operator.py
[2025-01-12T23:03:04.372+0000] {logging_mixin.py:190} INFO - [2025-01-12T23:03:04.372+0000] {dag.py:3239} INFO - Sync 1 DAGs
[2025-01-12T23:03:04.394+0000] {logging_mixin.py:190} INFO - [2025-01-12T23:03:04.394+0000] {dag.py:4180} INFO - Setting next_dagrun for example_short_circuit_operator to None, run_after=None
[2025-01-12T23:03:04.640+0000] {processor.py:208} INFO - Processing /home/airflow/.local/lib/python3.12/site-packages/airflow/example_dags/example_short_circuit_operator.py took 0.323 seconds
[2025-01-12T23:03:35.749+0000] {processor.py:186} INFO - Started process (PID=740) to work on /home/airflow/.local/lib/python3.12/site-packages/airflow/example_dags/example_short_circuit_operator.py
[2025-01-12T23:03:35.750+0000] {processor.py:914} INFO - Processing file /home/airflow/.local/lib/python3.12/site-packages/airflow/example_dags/example_short_circuit_operator.py for tasks to queue
[2025-01-12T23:03:35.753+0000] {logging_mixin.py:190} INFO - [2025-01-12T23:03:35.753+0000] {dagbag.py:588} INFO - Filling up the DagBag from /home/airflow/.local/lib/python3.12/site-packages/airflow/example_dags/example_short_circuit_operator.py
[2025-01-12T23:03:35.764+0000] {processor.py:925} INFO - DAG(s) 'example_short_circuit_operator' retrieved from /home/airflow/.local/lib/python3.12/site-packages/airflow/example_dags/example_short_circuit_operator.py
[2025-01-12T23:03:35.793+0000] {logging_mixin.py:190} INFO - [2025-01-12T23:03:35.792+0000] {dag.py:3239} INFO - Sync 1 DAGs
[2025-01-12T23:03:35.810+0000] {logging_mixin.py:190} INFO - [2025-01-12T23:03:35.810+0000] {dag.py:4180} INFO - Setting next_dagrun for example_short_circuit_operator to None, run_after=None
[2025-01-12T23:03:35.901+0000] {processor.py:208} INFO - Processing /home/airflow/.local/lib/python3.12/site-packages/airflow/example_dags/example_short_circuit_operator.py took 0.159 seconds
[2025-01-12T23:04:07.427+0000] {processor.py:186} INFO - Started process (PID=803) to work on /home/airflow/.local/lib/python3.12/site-packages/airflow/example_dags/example_short_circuit_operator.py
[2025-01-12T23:04:07.428+0000] {processor.py:914} INFO - Processing file /home/airflow/.local/lib/python3.12/site-packages/airflow/example_dags/example_short_circuit_operator.py for tasks to queue
[2025-01-12T23:04:07.431+0000] {logging_mixin.py:190} INFO - [2025-01-12T23:04:07.431+0000] {dagbag.py:588} INFO - Filling up the DagBag from /home/airflow/.local/lib/python3.12/site-packages/airflow/example_dags/example_short_circuit_operator.py
[2025-01-12T23:04:07.445+0000] {processor.py:925} INFO - DAG(s) 'example_short_circuit_operator' retrieved from /home/airflow/.local/lib/python3.12/site-packages/airflow/example_dags/example_short_circuit_operator.py
[2025-01-12T23:04:07.478+0000] {logging_mixin.py:190} INFO - [2025-01-12T23:04:07.477+0000] {dag.py:3239} INFO - Sync 1 DAGs
[2025-01-12T23:04:07.499+0000] {logging_mixin.py:190} INFO - [2025-01-12T23:04:07.499+0000] {dag.py:4180} INFO - Setting next_dagrun for example_short_circuit_operator to None, run_after=None
[2025-01-12T23:04:07.570+0000] {processor.py:208} INFO - Processing /home/airflow/.local/lib/python3.12/site-packages/airflow/example_dags/example_short_circuit_operator.py took 0.152 seconds
[2025-01-12T23:04:38.853+0000] {processor.py:186} INFO - Started process (PID=866) to work on /home/airflow/.local/lib/python3.12/site-packages/airflow/example_dags/example_short_circuit_operator.py
[2025-01-12T23:04:38.854+0000] {processor.py:914} INFO - Processing file /home/airflow/.local/lib/python3.12/site-packages/airflow/example_dags/example_short_circuit_operator.py for tasks to queue
[2025-01-12T23:04:38.857+0000] {logging_mixin.py:190} INFO - [2025-01-12T23:04:38.856+0000] {dagbag.py:588} INFO - Filling up the DagBag from /home/airflow/.local/lib/python3.12/site-packages/airflow/example_dags/example_short_circuit_operator.py
[2025-01-12T23:04:38.867+0000] {processor.py:925} INFO - DAG(s) 'example_short_circuit_operator' retrieved from /home/airflow/.local/lib/python3.12/site-packages/airflow/example_dags/example_short_circuit_operator.py
[2025-01-12T23:04:38.895+0000] {logging_mixin.py:190} INFO - [2025-01-12T23:04:38.895+0000] {dag.py:3239} INFO - Sync 1 DAGs
[2025-01-12T23:04:38.914+0000] {logging_mixin.py:190} INFO - [2025-01-12T23:04:38.914+0000] {dag.py:4180} INFO - Setting next_dagrun for example_short_circuit_operator to None, run_after=None
[2025-01-12T23:04:38.965+0000] {processor.py:208} INFO - Processing /home/airflow/.local/lib/python3.12/site-packages/airflow/example_dags/example_short_circuit_operator.py took 0.120 seconds
[2025-01-12T23:05:10.253+0000] {processor.py:186} INFO - Started process (PID=929) to work on /home/airflow/.local/lib/python3.12/site-packages/airflow/example_dags/example_short_circuit_operator.py
[2025-01-12T23:05:10.254+0000] {processor.py:914} INFO - Processing file /home/airflow/.local/lib/python3.12/site-packages/airflow/example_dags/example_short_circuit_operator.py for tasks to queue
[2025-01-12T23:05:10.257+0000] {logging_mixin.py:190} INFO - [2025-01-12T23:05:10.256+0000] {dagbag.py:588} INFO - Filling up the DagBag from /home/airflow/.local/lib/python3.12/site-packages/airflow/example_dags/example_short_circuit_operator.py
[2025-01-12T23:05:10.267+0000] {processor.py:925} INFO - DAG(s) 'example_short_circuit_operator' retrieved from /home/airflow/.local/lib/python3.12/site-packages/airflow/example_dags/example_short_circuit_operator.py
[2025-01-12T23:05:10.294+0000] {logging_mixin.py:190} INFO - [2025-01-12T23:05:10.294+0000] {dag.py:3239} INFO - Sync 1 DAGs
[2025-01-12T23:05:10.310+0000] {logging_mixin.py:190} INFO - [2025-01-12T23:05:10.310+0000] {dag.py:4180} INFO - Setting next_dagrun for example_short_circuit_operator to None, run_after=None
[2025-01-12T23:05:10.370+0000] {processor.py:208} INFO - Processing /home/airflow/.local/lib/python3.12/site-packages/airflow/example_dags/example_short_circuit_operator.py took 0.124 seconds
