[2025-01-12T22:30:24.706+0000] {processor.py:186} INFO - Started process (PID=104) to work on /home/airflow/.local/lib/python3.12/site-packages/airflow/example_dags/example_branch_labels.py
[2025-01-12T22:30:24.708+0000] {processor.py:914} INFO - Processing file /home/airflow/.local/lib/python3.12/site-packages/airflow/example_dags/example_branch_labels.py for tasks to queue
[2025-01-12T22:30:24.713+0000] {logging_mixin.py:190} INFO - [2025-01-12T22:30:24.711+0000] {dagbag.py:588} INFO - Filling up the DagBag from /home/airflow/.local/lib/python3.12/site-packages/airflow/example_dags/example_branch_labels.py
[2025-01-12T22:30:24.811+0000] {processor.py:925} INFO - DAG(s) 'example_branch_labels' retrieved from /home/airflow/.local/lib/python3.12/site-packages/airflow/example_dags/example_branch_labels.py
[2025-01-12T22:30:27.865+0000] {logging_mixin.py:190} INFO - [2025-01-12T22:30:27.864+0000] {override.py:1911} INFO - Created Permission View: can read on DAG:example_branch_labels
[2025-01-12T22:30:27.965+0000] {logging_mixin.py:190} INFO - [2025-01-12T22:30:27.964+0000] {override.py:1911} INFO - Created Permission View: can delete on DAG:example_branch_labels
[2025-01-12T22:30:28.859+0000] {logging_mixin.py:190} INFO - [2025-01-12T22:30:28.859+0000] {override.py:1911} INFO - Created Permission View: can edit on DAG:example_branch_labels
[2025-01-12T22:30:29.487+0000] {logging_mixin.py:190} INFO - [2025-01-12T22:30:29.487+0000] {override.py:1911} INFO - Created Permission View: menu access on DAG Run:example_branch_labels
[2025-01-12T22:30:29.671+0000] {logging_mixin.py:190} INFO - [2025-01-12T22:30:29.670+0000] {override.py:1911} INFO - Created Permission View: can create on DAG Run:example_branch_labels
[2025-01-12T22:30:30.073+0000] {logging_mixin.py:190} INFO - [2025-01-12T22:30:30.073+0000] {override.py:1911} INFO - Created Permission View: can read on DAG Run:example_branch_labels
[2025-01-12T22:30:30.539+0000] {logging_mixin.py:190} INFO - [2025-01-12T22:30:30.537+0000] {override.py:1911} INFO - Created Permission View: can delete on DAG Run:example_branch_labels
[2025-01-12T22:30:30.545+0000] {logging_mixin.py:190} INFO - [2025-01-12T22:30:30.544+0000] {dag.py:3239} INFO - Sync 1 DAGs
[2025-01-12T22:30:30.586+0000] {logging_mixin.py:190} INFO - [2025-01-12T22:30:30.586+0000] {dag.py:3262} INFO - Creating ORM DAG for example_branch_labels
[2025-01-12T22:30:31.499+0000] {logging_mixin.py:190} INFO - [2025-01-12T22:30:31.499+0000] {dag.py:4180} INFO - Setting next_dagrun for example_branch_labels to 2025-01-11 00:00:00+00:00, run_after=2025-01-12 00:00:00+00:00
[2025-01-12T22:30:31.866+0000] {processor.py:208} INFO - Processing /home/airflow/.local/lib/python3.12/site-packages/airflow/example_dags/example_branch_labels.py took 7.172 seconds
[2025-01-12T22:31:29.585+0000] {processor.py:186} INFO - Started process (PID=173) to work on /home/airflow/.local/lib/python3.12/site-packages/airflow/example_dags/example_branch_labels.py
[2025-01-12T22:31:29.586+0000] {processor.py:914} INFO - Processing file /home/airflow/.local/lib/python3.12/site-packages/airflow/example_dags/example_branch_labels.py for tasks to queue
[2025-01-12T22:31:29.589+0000] {logging_mixin.py:190} INFO - [2025-01-12T22:31:29.589+0000] {dagbag.py:588} INFO - Filling up the DagBag from /home/airflow/.local/lib/python3.12/site-packages/airflow/example_dags/example_branch_labels.py
[2025-01-12T22:31:29.604+0000] {processor.py:925} INFO - DAG(s) 'example_branch_labels' retrieved from /home/airflow/.local/lib/python3.12/site-packages/airflow/example_dags/example_branch_labels.py
[2025-01-12T22:31:29.628+0000] {logging_mixin.py:190} INFO - [2025-01-12T22:31:29.628+0000] {dag.py:3239} INFO - Sync 1 DAGs
[2025-01-12T22:31:29.655+0000] {logging_mixin.py:190} INFO - [2025-01-12T22:31:29.654+0000] {dag.py:4180} INFO - Setting next_dagrun for example_branch_labels to 2025-01-11 00:00:00+00:00, run_after=2025-01-12 00:00:00+00:00
[2025-01-12T22:31:29.756+0000] {processor.py:208} INFO - Processing /home/airflow/.local/lib/python3.12/site-packages/airflow/example_dags/example_branch_labels.py took 0.178 seconds
[2025-01-12T22:32:00.873+0000] {processor.py:186} INFO - Started process (PID=236) to work on /home/airflow/.local/lib/python3.12/site-packages/airflow/example_dags/example_branch_labels.py
[2025-01-12T22:32:00.874+0000] {processor.py:914} INFO - Processing file /home/airflow/.local/lib/python3.12/site-packages/airflow/example_dags/example_branch_labels.py for tasks to queue
[2025-01-12T22:32:00.877+0000] {logging_mixin.py:190} INFO - [2025-01-12T22:32:00.877+0000] {dagbag.py:588} INFO - Filling up the DagBag from /home/airflow/.local/lib/python3.12/site-packages/airflow/example_dags/example_branch_labels.py
[2025-01-12T22:32:00.889+0000] {processor.py:925} INFO - DAG(s) 'example_branch_labels' retrieved from /home/airflow/.local/lib/python3.12/site-packages/airflow/example_dags/example_branch_labels.py
[2025-01-12T22:32:00.912+0000] {logging_mixin.py:190} INFO - [2025-01-12T22:32:00.912+0000] {dag.py:3239} INFO - Sync 1 DAGs
[2025-01-12T22:32:00.943+0000] {logging_mixin.py:190} INFO - [2025-01-12T22:32:00.943+0000] {dag.py:4180} INFO - Setting next_dagrun for example_branch_labels to 2025-01-11 00:00:00+00:00, run_after=2025-01-12 00:00:00+00:00
[2025-01-12T22:32:01.059+0000] {processor.py:208} INFO - Processing /home/airflow/.local/lib/python3.12/site-packages/airflow/example_dags/example_branch_labels.py took 0.193 seconds
[2025-01-12T22:32:31.806+0000] {processor.py:186} INFO - Started process (PID=299) to work on /home/airflow/.local/lib/python3.12/site-packages/airflow/example_dags/example_branch_labels.py
[2025-01-12T22:32:31.807+0000] {processor.py:914} INFO - Processing file /home/airflow/.local/lib/python3.12/site-packages/airflow/example_dags/example_branch_labels.py for tasks to queue
[2025-01-12T22:32:31.810+0000] {logging_mixin.py:190} INFO - [2025-01-12T22:32:31.810+0000] {dagbag.py:588} INFO - Filling up the DagBag from /home/airflow/.local/lib/python3.12/site-packages/airflow/example_dags/example_branch_labels.py
[2025-01-12T22:32:31.821+0000] {processor.py:925} INFO - DAG(s) 'example_branch_labels' retrieved from /home/airflow/.local/lib/python3.12/site-packages/airflow/example_dags/example_branch_labels.py
[2025-01-12T22:32:31.848+0000] {logging_mixin.py:190} INFO - [2025-01-12T22:32:31.847+0000] {dag.py:3239} INFO - Sync 1 DAGs
[2025-01-12T22:32:31.882+0000] {logging_mixin.py:190} INFO - [2025-01-12T22:32:31.882+0000] {dag.py:4180} INFO - Setting next_dagrun for example_branch_labels to 2025-01-11 00:00:00+00:00, run_after=2025-01-12 00:00:00+00:00
[2025-01-12T22:32:31.968+0000] {processor.py:208} INFO - Processing /home/airflow/.local/lib/python3.12/site-packages/airflow/example_dags/example_branch_labels.py took 0.169 seconds
[2025-01-12T22:33:03.796+0000] {processor.py:186} INFO - Started process (PID=362) to work on /home/airflow/.local/lib/python3.12/site-packages/airflow/example_dags/example_branch_labels.py
[2025-01-12T22:33:03.797+0000] {processor.py:914} INFO - Processing file /home/airflow/.local/lib/python3.12/site-packages/airflow/example_dags/example_branch_labels.py for tasks to queue
[2025-01-12T22:33:03.801+0000] {logging_mixin.py:190} INFO - [2025-01-12T22:33:03.800+0000] {dagbag.py:588} INFO - Filling up the DagBag from /home/airflow/.local/lib/python3.12/site-packages/airflow/example_dags/example_branch_labels.py
[2025-01-12T22:33:03.813+0000] {processor.py:925} INFO - DAG(s) 'example_branch_labels' retrieved from /home/airflow/.local/lib/python3.12/site-packages/airflow/example_dags/example_branch_labels.py
[2025-01-12T22:33:03.837+0000] {logging_mixin.py:190} INFO - [2025-01-12T22:33:03.837+0000] {dag.py:3239} INFO - Sync 1 DAGs
[2025-01-12T22:33:03.872+0000] {logging_mixin.py:190} INFO - [2025-01-12T22:33:03.872+0000] {dag.py:4180} INFO - Setting next_dagrun for example_branch_labels to 2025-01-11 00:00:00+00:00, run_after=2025-01-12 00:00:00+00:00
[2025-01-12T22:33:04.103+0000] {processor.py:208} INFO - Processing /home/airflow/.local/lib/python3.12/site-packages/airflow/example_dags/example_branch_labels.py took 0.317 seconds
[2025-01-12T22:58:14.970+0000] {processor.py:186} INFO - Started process (PID=91) to work on /home/airflow/.local/lib/python3.12/site-packages/airflow/example_dags/example_branch_labels.py
[2025-01-12T22:58:14.972+0000] {processor.py:914} INFO - Processing file /home/airflow/.local/lib/python3.12/site-packages/airflow/example_dags/example_branch_labels.py for tasks to queue
[2025-01-12T22:58:14.975+0000] {logging_mixin.py:190} INFO - [2025-01-12T22:58:14.974+0000] {dagbag.py:588} INFO - Filling up the DagBag from /home/airflow/.local/lib/python3.12/site-packages/airflow/example_dags/example_branch_labels.py
[2025-01-12T22:58:14.987+0000] {processor.py:925} INFO - DAG(s) 'example_branch_labels' retrieved from /home/airflow/.local/lib/python3.12/site-packages/airflow/example_dags/example_branch_labels.py
[2025-01-12T22:58:15.021+0000] {logging_mixin.py:190} INFO - [2025-01-12T22:58:15.021+0000] {dag.py:3239} INFO - Sync 1 DAGs
[2025-01-12T22:58:15.048+0000] {logging_mixin.py:190} INFO - [2025-01-12T22:58:15.047+0000] {dag.py:4180} INFO - Setting next_dagrun for example_branch_labels to 2025-01-11 00:00:00+00:00, run_after=2025-01-12 00:00:00+00:00
[2025-01-12T22:58:15.138+0000] {processor.py:208} INFO - Processing /home/airflow/.local/lib/python3.12/site-packages/airflow/example_dags/example_branch_labels.py took 0.175 seconds
[2025-01-12T22:58:45.355+0000] {processor.py:186} INFO - Started process (PID=153) to work on /home/airflow/.local/lib/python3.12/site-packages/airflow/example_dags/example_branch_labels.py
[2025-01-12T22:58:45.356+0000] {processor.py:914} INFO - Processing file /home/airflow/.local/lib/python3.12/site-packages/airflow/example_dags/example_branch_labels.py for tasks to queue
[2025-01-12T22:58:45.359+0000] {logging_mixin.py:190} INFO - [2025-01-12T22:58:45.359+0000] {dagbag.py:588} INFO - Filling up the DagBag from /home/airflow/.local/lib/python3.12/site-packages/airflow/example_dags/example_branch_labels.py
[2025-01-12T22:58:45.371+0000] {processor.py:925} INFO - DAG(s) 'example_branch_labels' retrieved from /home/airflow/.local/lib/python3.12/site-packages/airflow/example_dags/example_branch_labels.py
[2025-01-12T22:58:45.395+0000] {logging_mixin.py:190} INFO - [2025-01-12T22:58:45.395+0000] {dag.py:3239} INFO - Sync 1 DAGs
[2025-01-12T22:58:45.423+0000] {logging_mixin.py:190} INFO - [2025-01-12T22:58:45.423+0000] {dag.py:4180} INFO - Setting next_dagrun for example_branch_labels to 2025-01-11 00:00:00+00:00, run_after=2025-01-12 00:00:00+00:00
[2025-01-12T22:58:45.475+0000] {processor.py:208} INFO - Processing /home/airflow/.local/lib/python3.12/site-packages/airflow/example_dags/example_branch_labels.py took 0.127 seconds
[2025-01-12T22:59:15.539+0000] {processor.py:186} INFO - Started process (PID=217) to work on /home/airflow/.local/lib/python3.12/site-packages/airflow/example_dags/example_branch_labels.py
[2025-01-12T22:59:15.540+0000] {processor.py:914} INFO - Processing file /home/airflow/.local/lib/python3.12/site-packages/airflow/example_dags/example_branch_labels.py for tasks to queue
[2025-01-12T22:59:15.543+0000] {logging_mixin.py:190} INFO - [2025-01-12T22:59:15.542+0000] {dagbag.py:588} INFO - Filling up the DagBag from /home/airflow/.local/lib/python3.12/site-packages/airflow/example_dags/example_branch_labels.py
[2025-01-12T22:59:15.555+0000] {processor.py:925} INFO - DAG(s) 'example_branch_labels' retrieved from /home/airflow/.local/lib/python3.12/site-packages/airflow/example_dags/example_branch_labels.py
[2025-01-12T22:59:15.579+0000] {logging_mixin.py:190} INFO - [2025-01-12T22:59:15.579+0000] {dag.py:3239} INFO - Sync 1 DAGs
[2025-01-12T22:59:15.608+0000] {logging_mixin.py:190} INFO - [2025-01-12T22:59:15.608+0000] {dag.py:4180} INFO - Setting next_dagrun for example_branch_labels to 2025-01-11 00:00:00+00:00, run_after=2025-01-12 00:00:00+00:00
[2025-01-12T22:59:15.667+0000] {processor.py:208} INFO - Processing /home/airflow/.local/lib/python3.12/site-packages/airflow/example_dags/example_branch_labels.py took 0.135 seconds
[2025-01-12T22:59:46.246+0000] {processor.py:186} INFO - Started process (PID=280) to work on /home/airflow/.local/lib/python3.12/site-packages/airflow/example_dags/example_branch_labels.py
[2025-01-12T22:59:46.247+0000] {processor.py:914} INFO - Processing file /home/airflow/.local/lib/python3.12/site-packages/airflow/example_dags/example_branch_labels.py for tasks to queue
[2025-01-12T22:59:46.250+0000] {logging_mixin.py:190} INFO - [2025-01-12T22:59:46.250+0000] {dagbag.py:588} INFO - Filling up the DagBag from /home/airflow/.local/lib/python3.12/site-packages/airflow/example_dags/example_branch_labels.py
[2025-01-12T22:59:46.263+0000] {processor.py:925} INFO - DAG(s) 'example_branch_labels' retrieved from /home/airflow/.local/lib/python3.12/site-packages/airflow/example_dags/example_branch_labels.py
[2025-01-12T22:59:46.292+0000] {logging_mixin.py:190} INFO - [2025-01-12T22:59:46.292+0000] {dag.py:3239} INFO - Sync 1 DAGs
[2025-01-12T22:59:46.329+0000] {logging_mixin.py:190} INFO - [2025-01-12T22:59:46.329+0000] {dag.py:4180} INFO - Setting next_dagrun for example_branch_labels to 2025-01-11 00:00:00+00:00, run_after=2025-01-12 00:00:00+00:00
[2025-01-12T22:59:46.394+0000] {processor.py:208} INFO - Processing /home/airflow/.local/lib/python3.12/site-packages/airflow/example_dags/example_branch_labels.py took 0.155 seconds
[2025-01-12T23:00:17.843+0000] {processor.py:186} INFO - Started process (PID=343) to work on /home/airflow/.local/lib/python3.12/site-packages/airflow/example_dags/example_branch_labels.py
[2025-01-12T23:00:17.845+0000] {processor.py:914} INFO - Processing file /home/airflow/.local/lib/python3.12/site-packages/airflow/example_dags/example_branch_labels.py for tasks to queue
[2025-01-12T23:00:17.848+0000] {logging_mixin.py:190} INFO - [2025-01-12T23:00:17.847+0000] {dagbag.py:588} INFO - Filling up the DagBag from /home/airflow/.local/lib/python3.12/site-packages/airflow/example_dags/example_branch_labels.py
[2025-01-12T23:00:17.859+0000] {processor.py:925} INFO - DAG(s) 'example_branch_labels' retrieved from /home/airflow/.local/lib/python3.12/site-packages/airflow/example_dags/example_branch_labels.py
[2025-01-12T23:00:17.884+0000] {logging_mixin.py:190} INFO - [2025-01-12T23:00:17.883+0000] {dag.py:3239} INFO - Sync 1 DAGs
[2025-01-12T23:00:17.913+0000] {logging_mixin.py:190} INFO - [2025-01-12T23:00:17.913+0000] {dag.py:4180} INFO - Setting next_dagrun for example_branch_labels to 2025-01-11 00:00:00+00:00, run_after=2025-01-12 00:00:00+00:00
[2025-01-12T23:00:18.002+0000] {processor.py:208} INFO - Processing /home/airflow/.local/lib/python3.12/site-packages/airflow/example_dags/example_branch_labels.py took 0.166 seconds
[2025-01-12T23:00:49.417+0000] {processor.py:186} INFO - Started process (PID=412) to work on /home/airflow/.local/lib/python3.12/site-packages/airflow/example_dags/example_branch_labels.py
[2025-01-12T23:00:49.419+0000] {processor.py:914} INFO - Processing file /home/airflow/.local/lib/python3.12/site-packages/airflow/example_dags/example_branch_labels.py for tasks to queue
[2025-01-12T23:00:49.423+0000] {logging_mixin.py:190} INFO - [2025-01-12T23:00:49.422+0000] {dagbag.py:588} INFO - Filling up the DagBag from /home/airflow/.local/lib/python3.12/site-packages/airflow/example_dags/example_branch_labels.py
[2025-01-12T23:00:49.452+0000] {processor.py:925} INFO - DAG(s) 'example_branch_labels' retrieved from /home/airflow/.local/lib/python3.12/site-packages/airflow/example_dags/example_branch_labels.py
[2025-01-12T23:00:49.476+0000] {logging_mixin.py:190} INFO - [2025-01-12T23:00:49.476+0000] {dag.py:3239} INFO - Sync 1 DAGs
[2025-01-12T23:00:49.509+0000] {logging_mixin.py:190} INFO - [2025-01-12T23:00:49.509+0000] {dag.py:4180} INFO - Setting next_dagrun for example_branch_labels to 2025-01-11 00:00:00+00:00, run_after=2025-01-12 00:00:00+00:00
[2025-01-12T23:00:49.691+0000] {processor.py:208} INFO - Processing /home/airflow/.local/lib/python3.12/site-packages/airflow/example_dags/example_branch_labels.py took 0.286 seconds
[2025-01-12T23:01:20.413+0000] {processor.py:186} INFO - Started process (PID=474) to work on /home/airflow/.local/lib/python3.12/site-packages/airflow/example_dags/example_branch_labels.py
[2025-01-12T23:01:20.414+0000] {processor.py:914} INFO - Processing file /home/airflow/.local/lib/python3.12/site-packages/airflow/example_dags/example_branch_labels.py for tasks to queue
[2025-01-12T23:01:20.417+0000] {logging_mixin.py:190} INFO - [2025-01-12T23:01:20.417+0000] {dagbag.py:588} INFO - Filling up the DagBag from /home/airflow/.local/lib/python3.12/site-packages/airflow/example_dags/example_branch_labels.py
[2025-01-12T23:01:20.430+0000] {processor.py:925} INFO - DAG(s) 'example_branch_labels' retrieved from /home/airflow/.local/lib/python3.12/site-packages/airflow/example_dags/example_branch_labels.py
[2025-01-12T23:01:20.459+0000] {logging_mixin.py:190} INFO - [2025-01-12T23:01:20.459+0000] {dag.py:3239} INFO - Sync 1 DAGs
[2025-01-12T23:01:20.496+0000] {logging_mixin.py:190} INFO - [2025-01-12T23:01:20.495+0000] {dag.py:4180} INFO - Setting next_dagrun for example_branch_labels to 2025-01-11 00:00:00+00:00, run_after=2025-01-12 00:00:00+00:00
[2025-01-12T23:01:20.567+0000] {processor.py:208} INFO - Processing /home/airflow/.local/lib/python3.12/site-packages/airflow/example_dags/example_branch_labels.py took 0.162 seconds
[2025-01-12T23:01:51.253+0000] {processor.py:186} INFO - Started process (PID=537) to work on /home/airflow/.local/lib/python3.12/site-packages/airflow/example_dags/example_branch_labels.py
[2025-01-12T23:01:51.255+0000] {processor.py:914} INFO - Processing file /home/airflow/.local/lib/python3.12/site-packages/airflow/example_dags/example_branch_labels.py for tasks to queue
[2025-01-12T23:01:51.258+0000] {logging_mixin.py:190} INFO - [2025-01-12T23:01:51.257+0000] {dagbag.py:588} INFO - Filling up the DagBag from /home/airflow/.local/lib/python3.12/site-packages/airflow/example_dags/example_branch_labels.py
[2025-01-12T23:01:51.271+0000] {processor.py:925} INFO - DAG(s) 'example_branch_labels' retrieved from /home/airflow/.local/lib/python3.12/site-packages/airflow/example_dags/example_branch_labels.py
[2025-01-12T23:01:51.298+0000] {logging_mixin.py:190} INFO - [2025-01-12T23:01:51.297+0000] {dag.py:3239} INFO - Sync 1 DAGs
[2025-01-12T23:01:51.330+0000] {logging_mixin.py:190} INFO - [2025-01-12T23:01:51.330+0000] {dag.py:4180} INFO - Setting next_dagrun for example_branch_labels to 2025-01-11 00:00:00+00:00, run_after=2025-01-12 00:00:00+00:00
[2025-01-12T23:01:51.465+0000] {processor.py:208} INFO - Processing /home/airflow/.local/lib/python3.12/site-packages/airflow/example_dags/example_branch_labels.py took 0.219 seconds
[2025-01-12T23:02:22.096+0000] {processor.py:186} INFO - Started process (PID=600) to work on /home/airflow/.local/lib/python3.12/site-packages/airflow/example_dags/example_branch_labels.py
[2025-01-12T23:02:22.097+0000] {processor.py:914} INFO - Processing file /home/airflow/.local/lib/python3.12/site-packages/airflow/example_dags/example_branch_labels.py for tasks to queue
[2025-01-12T23:02:22.100+0000] {logging_mixin.py:190} INFO - [2025-01-12T23:02:22.099+0000] {dagbag.py:588} INFO - Filling up the DagBag from /home/airflow/.local/lib/python3.12/site-packages/airflow/example_dags/example_branch_labels.py
[2025-01-12T23:02:22.113+0000] {processor.py:925} INFO - DAG(s) 'example_branch_labels' retrieved from /home/airflow/.local/lib/python3.12/site-packages/airflow/example_dags/example_branch_labels.py
[2025-01-12T23:02:22.143+0000] {logging_mixin.py:190} INFO - [2025-01-12T23:02:22.142+0000] {dag.py:3239} INFO - Sync 1 DAGs
[2025-01-12T23:02:22.178+0000] {logging_mixin.py:190} INFO - [2025-01-12T23:02:22.178+0000] {dag.py:4180} INFO - Setting next_dagrun for example_branch_labels to 2025-01-11 00:00:00+00:00, run_after=2025-01-12 00:00:00+00:00
[2025-01-12T23:02:22.224+0000] {processor.py:208} INFO - Processing /home/airflow/.local/lib/python3.12/site-packages/airflow/example_dags/example_branch_labels.py took 0.136 seconds
[2025-01-12T23:02:55.965+0000] {processor.py:186} INFO - Started process (PID=663) to work on /home/airflow/.local/lib/python3.12/site-packages/airflow/example_dags/example_branch_labels.py
[2025-01-12T23:02:55.966+0000] {processor.py:914} INFO - Processing file /home/airflow/.local/lib/python3.12/site-packages/airflow/example_dags/example_branch_labels.py for tasks to queue
[2025-01-12T23:02:55.969+0000] {logging_mixin.py:190} INFO - [2025-01-12T23:02:55.969+0000] {dagbag.py:588} INFO - Filling up the DagBag from /home/airflow/.local/lib/python3.12/site-packages/airflow/example_dags/example_branch_labels.py
[2025-01-12T23:02:55.986+0000] {processor.py:925} INFO - DAG(s) 'example_branch_labels' retrieved from /home/airflow/.local/lib/python3.12/site-packages/airflow/example_dags/example_branch_labels.py
[2025-01-12T23:02:56.018+0000] {logging_mixin.py:190} INFO - [2025-01-12T23:02:56.018+0000] {dag.py:3239} INFO - Sync 1 DAGs
[2025-01-12T23:02:56.059+0000] {logging_mixin.py:190} INFO - [2025-01-12T23:02:56.056+0000] {dag.py:4180} INFO - Setting next_dagrun for example_branch_labels to 2025-01-11 00:00:00+00:00, run_after=2025-01-12 00:00:00+00:00
[2025-01-12T23:02:56.314+0000] {processor.py:208} INFO - Processing /home/airflow/.local/lib/python3.12/site-packages/airflow/example_dags/example_branch_labels.py took 0.360 seconds
[2025-01-12T23:03:26.745+0000] {processor.py:186} INFO - Started process (PID=726) to work on /home/airflow/.local/lib/python3.12/site-packages/airflow/example_dags/example_branch_labels.py
[2025-01-12T23:03:26.746+0000] {processor.py:914} INFO - Processing file /home/airflow/.local/lib/python3.12/site-packages/airflow/example_dags/example_branch_labels.py for tasks to queue
[2025-01-12T23:03:26.750+0000] {logging_mixin.py:190} INFO - [2025-01-12T23:03:26.749+0000] {dagbag.py:588} INFO - Filling up the DagBag from /home/airflow/.local/lib/python3.12/site-packages/airflow/example_dags/example_branch_labels.py
[2025-01-12T23:03:26.762+0000] {processor.py:925} INFO - DAG(s) 'example_branch_labels' retrieved from /home/airflow/.local/lib/python3.12/site-packages/airflow/example_dags/example_branch_labels.py
[2025-01-12T23:03:26.795+0000] {logging_mixin.py:190} INFO - [2025-01-12T23:03:26.795+0000] {dag.py:3239} INFO - Sync 1 DAGs
[2025-01-12T23:03:26.841+0000] {logging_mixin.py:190} INFO - [2025-01-12T23:03:26.840+0000] {dag.py:4180} INFO - Setting next_dagrun for example_branch_labels to 2025-01-11 00:00:00+00:00, run_after=2025-01-12 00:00:00+00:00
[2025-01-12T23:03:26.912+0000] {processor.py:208} INFO - Processing /home/airflow/.local/lib/python3.12/site-packages/airflow/example_dags/example_branch_labels.py took 0.173 seconds
[2025-01-12T23:03:57.081+0000] {processor.py:186} INFO - Started process (PID=789) to work on /home/airflow/.local/lib/python3.12/site-packages/airflow/example_dags/example_branch_labels.py
[2025-01-12T23:03:57.082+0000] {processor.py:914} INFO - Processing file /home/airflow/.local/lib/python3.12/site-packages/airflow/example_dags/example_branch_labels.py for tasks to queue
[2025-01-12T23:03:57.086+0000] {logging_mixin.py:190} INFO - [2025-01-12T23:03:57.085+0000] {dagbag.py:588} INFO - Filling up the DagBag from /home/airflow/.local/lib/python3.12/site-packages/airflow/example_dags/example_branch_labels.py
[2025-01-12T23:03:57.097+0000] {processor.py:925} INFO - DAG(s) 'example_branch_labels' retrieved from /home/airflow/.local/lib/python3.12/site-packages/airflow/example_dags/example_branch_labels.py
[2025-01-12T23:03:57.123+0000] {logging_mixin.py:190} INFO - [2025-01-12T23:03:57.122+0000] {dag.py:3239} INFO - Sync 1 DAGs
[2025-01-12T23:03:57.156+0000] {logging_mixin.py:190} INFO - [2025-01-12T23:03:57.155+0000] {dag.py:4180} INFO - Setting next_dagrun for example_branch_labels to 2025-01-11 00:00:00+00:00, run_after=2025-01-12 00:00:00+00:00
[2025-01-12T23:03:57.211+0000] {processor.py:208} INFO - Processing /home/airflow/.local/lib/python3.12/site-packages/airflow/example_dags/example_branch_labels.py took 0.138 seconds
[2025-01-12T23:04:27.617+0000] {processor.py:186} INFO - Started process (PID=852) to work on /home/airflow/.local/lib/python3.12/site-packages/airflow/example_dags/example_branch_labels.py
[2025-01-12T23:04:27.618+0000] {processor.py:914} INFO - Processing file /home/airflow/.local/lib/python3.12/site-packages/airflow/example_dags/example_branch_labels.py for tasks to queue
[2025-01-12T23:04:27.620+0000] {logging_mixin.py:190} INFO - [2025-01-12T23:04:27.620+0000] {dagbag.py:588} INFO - Filling up the DagBag from /home/airflow/.local/lib/python3.12/site-packages/airflow/example_dags/example_branch_labels.py
[2025-01-12T23:04:27.632+0000] {processor.py:925} INFO - DAG(s) 'example_branch_labels' retrieved from /home/airflow/.local/lib/python3.12/site-packages/airflow/example_dags/example_branch_labels.py
[2025-01-12T23:04:27.658+0000] {logging_mixin.py:190} INFO - [2025-01-12T23:04:27.658+0000] {dag.py:3239} INFO - Sync 1 DAGs
[2025-01-12T23:04:27.687+0000] {logging_mixin.py:190} INFO - [2025-01-12T23:04:27.686+0000] {dag.py:4180} INFO - Setting next_dagrun for example_branch_labels to 2025-01-11 00:00:00+00:00, run_after=2025-01-12 00:00:00+00:00
[2025-01-12T23:04:27.741+0000] {processor.py:208} INFO - Processing /home/airflow/.local/lib/python3.12/site-packages/airflow/example_dags/example_branch_labels.py took 0.131 seconds
[2025-01-12T23:04:58.065+0000] {processor.py:186} INFO - Started process (PID=915) to work on /home/airflow/.local/lib/python3.12/site-packages/airflow/example_dags/example_branch_labels.py
[2025-01-12T23:04:58.066+0000] {processor.py:914} INFO - Processing file /home/airflow/.local/lib/python3.12/site-packages/airflow/example_dags/example_branch_labels.py for tasks to queue
[2025-01-12T23:04:58.070+0000] {logging_mixin.py:190} INFO - [2025-01-12T23:04:58.069+0000] {dagbag.py:588} INFO - Filling up the DagBag from /home/airflow/.local/lib/python3.12/site-packages/airflow/example_dags/example_branch_labels.py
[2025-01-12T23:04:58.085+0000] {processor.py:925} INFO - DAG(s) 'example_branch_labels' retrieved from /home/airflow/.local/lib/python3.12/site-packages/airflow/example_dags/example_branch_labels.py
[2025-01-12T23:04:58.109+0000] {logging_mixin.py:190} INFO - [2025-01-12T23:04:58.109+0000] {dag.py:3239} INFO - Sync 1 DAGs
[2025-01-12T23:04:58.141+0000] {logging_mixin.py:190} INFO - [2025-01-12T23:04:58.141+0000] {dag.py:4180} INFO - Setting next_dagrun for example_branch_labels to 2025-01-11 00:00:00+00:00, run_after=2025-01-12 00:00:00+00:00
[2025-01-12T23:04:58.186+0000] {processor.py:208} INFO - Processing /home/airflow/.local/lib/python3.12/site-packages/airflow/example_dags/example_branch_labels.py took 0.130 seconds
