[2025-01-12T22:30:52.368+0000] {processor.py:186} INFO - Started process (PID=117) to work on /home/airflow/.local/lib/python3.12/site-packages/airflow/example_dags/example_task_group.py
[2025-01-12T22:30:52.370+0000] {processor.py:914} INFO - Processing file /home/airflow/.local/lib/python3.12/site-packages/airflow/example_dags/example_task_group.py for tasks to queue
[2025-01-12T22:30:52.374+0000] {logging_mixin.py:190} INFO - [2025-01-12T22:30:52.373+0000] {dagbag.py:588} INFO - Filling up the DagBag from /home/airflow/.local/lib/python3.12/site-packages/airflow/example_dags/example_task_group.py
[2025-01-12T22:30:52.387+0000] {processor.py:925} INFO - DAG(s) 'example_task_group' retrieved from /home/airflow/.local/lib/python3.12/site-packages/airflow/example_dags/example_task_group.py
[2025-01-12T22:30:52.682+0000] {logging_mixin.py:190} INFO - [2025-01-12T22:30:52.681+0000] {override.py:1911} INFO - Created Permission View: can read on DAG:example_task_group
[2025-01-12T22:30:52.837+0000] {logging_mixin.py:190} INFO - [2025-01-12T22:30:52.836+0000] {override.py:1911} INFO - Created Permission View: can delete on DAG:example_task_group
[2025-01-12T22:30:52.998+0000] {logging_mixin.py:190} INFO - [2025-01-12T22:30:52.998+0000] {override.py:1911} INFO - Created Permission View: can edit on DAG:example_task_group
[2025-01-12T22:30:53.582+0000] {logging_mixin.py:190} INFO - [2025-01-12T22:30:53.581+0000] {override.py:1911} INFO - Created Permission View: menu access on DAG Run:example_task_group
[2025-01-12T22:30:53.866+0000] {logging_mixin.py:190} INFO - [2025-01-12T22:30:53.866+0000] {override.py:1911} INFO - Created Permission View: can create on DAG Run:example_task_group
[2025-01-12T22:30:54.076+0000] {logging_mixin.py:190} INFO - [2025-01-12T22:30:54.076+0000] {override.py:1911} INFO - Created Permission View: can read on DAG Run:example_task_group
[2025-01-12T22:30:54.309+0000] {logging_mixin.py:190} INFO - [2025-01-12T22:30:54.309+0000] {override.py:1911} INFO - Created Permission View: can delete on DAG Run:example_task_group
[2025-01-12T22:30:54.310+0000] {logging_mixin.py:190} INFO - [2025-01-12T22:30:54.310+0000] {dag.py:3239} INFO - Sync 1 DAGs
[2025-01-12T22:30:54.328+0000] {logging_mixin.py:190} INFO - [2025-01-12T22:30:54.328+0000] {dag.py:3262} INFO - Creating ORM DAG for example_task_group
[2025-01-12T22:30:54.329+0000] {logging_mixin.py:190} INFO - [2025-01-12T22:30:54.329+0000] {dag.py:4180} INFO - Setting next_dagrun for example_task_group to None, run_after=None
[2025-01-12T22:30:54.540+0000] {processor.py:208} INFO - Processing /home/airflow/.local/lib/python3.12/site-packages/airflow/example_dags/example_task_group.py took 2.179 seconds
[2025-01-12T22:31:30.556+0000] {processor.py:186} INFO - Started process (PID=180) to work on /home/airflow/.local/lib/python3.12/site-packages/airflow/example_dags/example_task_group.py
[2025-01-12T22:31:30.558+0000] {processor.py:914} INFO - Processing file /home/airflow/.local/lib/python3.12/site-packages/airflow/example_dags/example_task_group.py for tasks to queue
[2025-01-12T22:31:30.561+0000] {logging_mixin.py:190} INFO - [2025-01-12T22:31:30.561+0000] {dagbag.py:588} INFO - Filling up the DagBag from /home/airflow/.local/lib/python3.12/site-packages/airflow/example_dags/example_task_group.py
[2025-01-12T22:31:30.574+0000] {processor.py:925} INFO - DAG(s) 'example_task_group' retrieved from /home/airflow/.local/lib/python3.12/site-packages/airflow/example_dags/example_task_group.py
[2025-01-12T22:31:30.599+0000] {logging_mixin.py:190} INFO - [2025-01-12T22:31:30.599+0000] {dag.py:3239} INFO - Sync 1 DAGs
[2025-01-12T22:31:30.618+0000] {logging_mixin.py:190} INFO - [2025-01-12T22:31:30.617+0000] {dag.py:4180} INFO - Setting next_dagrun for example_task_group to None, run_after=None
[2025-01-12T22:31:30.701+0000] {processor.py:208} INFO - Processing /home/airflow/.local/lib/python3.12/site-packages/airflow/example_dags/example_task_group.py took 0.158 seconds
[2025-01-12T22:32:02.016+0000] {processor.py:186} INFO - Started process (PID=243) to work on /home/airflow/.local/lib/python3.12/site-packages/airflow/example_dags/example_task_group.py
[2025-01-12T22:32:02.018+0000] {processor.py:914} INFO - Processing file /home/airflow/.local/lib/python3.12/site-packages/airflow/example_dags/example_task_group.py for tasks to queue
[2025-01-12T22:32:02.021+0000] {logging_mixin.py:190} INFO - [2025-01-12T22:32:02.021+0000] {dagbag.py:588} INFO - Filling up the DagBag from /home/airflow/.local/lib/python3.12/site-packages/airflow/example_dags/example_task_group.py
[2025-01-12T22:32:02.035+0000] {processor.py:925} INFO - DAG(s) 'example_task_group' retrieved from /home/airflow/.local/lib/python3.12/site-packages/airflow/example_dags/example_task_group.py
[2025-01-12T22:32:02.061+0000] {logging_mixin.py:190} INFO - [2025-01-12T22:32:02.060+0000] {dag.py:3239} INFO - Sync 1 DAGs
[2025-01-12T22:32:02.078+0000] {logging_mixin.py:190} INFO - [2025-01-12T22:32:02.078+0000] {dag.py:4180} INFO - Setting next_dagrun for example_task_group to None, run_after=None
[2025-01-12T22:32:02.192+0000] {processor.py:208} INFO - Processing /home/airflow/.local/lib/python3.12/site-packages/airflow/example_dags/example_task_group.py took 0.184 seconds
[2025-01-12T22:32:32.577+0000] {processor.py:186} INFO - Started process (PID=306) to work on /home/airflow/.local/lib/python3.12/site-packages/airflow/example_dags/example_task_group.py
[2025-01-12T22:32:32.578+0000] {processor.py:914} INFO - Processing file /home/airflow/.local/lib/python3.12/site-packages/airflow/example_dags/example_task_group.py for tasks to queue
[2025-01-12T22:32:32.580+0000] {logging_mixin.py:190} INFO - [2025-01-12T22:32:32.580+0000] {dagbag.py:588} INFO - Filling up the DagBag from /home/airflow/.local/lib/python3.12/site-packages/airflow/example_dags/example_task_group.py
[2025-01-12T22:32:32.591+0000] {processor.py:925} INFO - DAG(s) 'example_task_group' retrieved from /home/airflow/.local/lib/python3.12/site-packages/airflow/example_dags/example_task_group.py
[2025-01-12T22:32:32.617+0000] {logging_mixin.py:190} INFO - [2025-01-12T22:32:32.617+0000] {dag.py:3239} INFO - Sync 1 DAGs
[2025-01-12T22:32:32.635+0000] {logging_mixin.py:190} INFO - [2025-01-12T22:32:32.635+0000] {dag.py:4180} INFO - Setting next_dagrun for example_task_group to None, run_after=None
[2025-01-12T22:32:32.778+0000] {processor.py:208} INFO - Processing /home/airflow/.local/lib/python3.12/site-packages/airflow/example_dags/example_task_group.py took 0.208 seconds
[2025-01-12T22:33:04.962+0000] {processor.py:186} INFO - Started process (PID=368) to work on /home/airflow/.local/lib/python3.12/site-packages/airflow/example_dags/example_task_group.py
[2025-01-12T22:33:04.964+0000] {processor.py:914} INFO - Processing file /home/airflow/.local/lib/python3.12/site-packages/airflow/example_dags/example_task_group.py for tasks to queue
[2025-01-12T22:33:04.968+0000] {logging_mixin.py:190} INFO - [2025-01-12T22:33:04.967+0000] {dagbag.py:588} INFO - Filling up the DagBag from /home/airflow/.local/lib/python3.12/site-packages/airflow/example_dags/example_task_group.py
[2025-01-12T22:33:04.984+0000] {processor.py:925} INFO - DAG(s) 'example_task_group' retrieved from /home/airflow/.local/lib/python3.12/site-packages/airflow/example_dags/example_task_group.py
[2025-01-12T22:33:05.023+0000] {logging_mixin.py:190} INFO - [2025-01-12T22:33:05.023+0000] {dag.py:3239} INFO - Sync 1 DAGs
[2025-01-12T22:33:05.058+0000] {logging_mixin.py:190} INFO - [2025-01-12T22:33:05.058+0000] {dag.py:4180} INFO - Setting next_dagrun for example_task_group to None, run_after=None
[2025-01-12T22:33:05.412+0000] {processor.py:208} INFO - Processing /home/airflow/.local/lib/python3.12/site-packages/airflow/example_dags/example_task_group.py took 0.460 seconds
[2025-01-12T22:58:20.677+0000] {processor.py:186} INFO - Started process (PID=104) to work on /home/airflow/.local/lib/python3.12/site-packages/airflow/example_dags/example_task_group.py
[2025-01-12T22:58:20.679+0000] {processor.py:914} INFO - Processing file /home/airflow/.local/lib/python3.12/site-packages/airflow/example_dags/example_task_group.py for tasks to queue
[2025-01-12T22:58:20.684+0000] {logging_mixin.py:190} INFO - [2025-01-12T22:58:20.683+0000] {dagbag.py:588} INFO - Filling up the DagBag from /home/airflow/.local/lib/python3.12/site-packages/airflow/example_dags/example_task_group.py
[2025-01-12T22:58:20.693+0000] {processor.py:925} INFO - DAG(s) 'example_task_group' retrieved from /home/airflow/.local/lib/python3.12/site-packages/airflow/example_dags/example_task_group.py
[2025-01-12T22:58:20.728+0000] {logging_mixin.py:190} INFO - [2025-01-12T22:58:20.728+0000] {dag.py:3239} INFO - Sync 1 DAGs
[2025-01-12T22:58:20.746+0000] {logging_mixin.py:190} INFO - [2025-01-12T22:58:20.746+0000] {dag.py:4180} INFO - Setting next_dagrun for example_task_group to None, run_after=None
[2025-01-12T22:58:20.805+0000] {processor.py:208} INFO - Processing /home/airflow/.local/lib/python3.12/site-packages/airflow/example_dags/example_task_group.py took 0.134 seconds
[2025-01-12T22:58:51.998+0000] {processor.py:186} INFO - Started process (PID=168) to work on /home/airflow/.local/lib/python3.12/site-packages/airflow/example_dags/example_task_group.py
[2025-01-12T22:58:52.000+0000] {processor.py:914} INFO - Processing file /home/airflow/.local/lib/python3.12/site-packages/airflow/example_dags/example_task_group.py for tasks to queue
[2025-01-12T22:58:52.003+0000] {logging_mixin.py:190} INFO - [2025-01-12T22:58:52.003+0000] {dagbag.py:588} INFO - Filling up the DagBag from /home/airflow/.local/lib/python3.12/site-packages/airflow/example_dags/example_task_group.py
[2025-01-12T22:58:52.013+0000] {processor.py:925} INFO - DAG(s) 'example_task_group' retrieved from /home/airflow/.local/lib/python3.12/site-packages/airflow/example_dags/example_task_group.py
[2025-01-12T22:58:52.036+0000] {logging_mixin.py:190} INFO - [2025-01-12T22:58:52.035+0000] {dag.py:3239} INFO - Sync 1 DAGs
[2025-01-12T22:58:52.064+0000] {logging_mixin.py:190} INFO - [2025-01-12T22:58:52.064+0000] {dag.py:4180} INFO - Setting next_dagrun for example_task_group to None, run_after=None
[2025-01-12T22:58:52.130+0000] {processor.py:208} INFO - Processing /home/airflow/.local/lib/python3.12/site-packages/airflow/example_dags/example_task_group.py took 0.138 seconds
[2025-01-12T22:59:23.252+0000] {processor.py:186} INFO - Started process (PID=231) to work on /home/airflow/.local/lib/python3.12/site-packages/airflow/example_dags/example_task_group.py
[2025-01-12T22:59:23.254+0000] {processor.py:914} INFO - Processing file /home/airflow/.local/lib/python3.12/site-packages/airflow/example_dags/example_task_group.py for tasks to queue
[2025-01-12T22:59:23.257+0000] {logging_mixin.py:190} INFO - [2025-01-12T22:59:23.257+0000] {dagbag.py:588} INFO - Filling up the DagBag from /home/airflow/.local/lib/python3.12/site-packages/airflow/example_dags/example_task_group.py
[2025-01-12T22:59:23.268+0000] {processor.py:925} INFO - DAG(s) 'example_task_group' retrieved from /home/airflow/.local/lib/python3.12/site-packages/airflow/example_dags/example_task_group.py
[2025-01-12T22:59:23.294+0000] {logging_mixin.py:190} INFO - [2025-01-12T22:59:23.294+0000] {dag.py:3239} INFO - Sync 1 DAGs
[2025-01-12T22:59:23.312+0000] {logging_mixin.py:190} INFO - [2025-01-12T22:59:23.311+0000] {dag.py:4180} INFO - Setting next_dagrun for example_task_group to None, run_after=None
[2025-01-12T22:59:23.379+0000] {processor.py:208} INFO - Processing /home/airflow/.local/lib/python3.12/site-packages/airflow/example_dags/example_task_group.py took 0.134 seconds
[2025-01-12T22:59:54.997+0000] {processor.py:186} INFO - Started process (PID=294) to work on /home/airflow/.local/lib/python3.12/site-packages/airflow/example_dags/example_task_group.py
[2025-01-12T22:59:54.998+0000] {processor.py:914} INFO - Processing file /home/airflow/.local/lib/python3.12/site-packages/airflow/example_dags/example_task_group.py for tasks to queue
[2025-01-12T22:59:55.003+0000] {logging_mixin.py:190} INFO - [2025-01-12T22:59:55.002+0000] {dagbag.py:588} INFO - Filling up the DagBag from /home/airflow/.local/lib/python3.12/site-packages/airflow/example_dags/example_task_group.py
[2025-01-12T22:59:55.019+0000] {processor.py:925} INFO - DAG(s) 'example_task_group' retrieved from /home/airflow/.local/lib/python3.12/site-packages/airflow/example_dags/example_task_group.py
[2025-01-12T22:59:55.056+0000] {logging_mixin.py:190} INFO - [2025-01-12T22:59:55.056+0000] {dag.py:3239} INFO - Sync 1 DAGs
[2025-01-12T22:59:55.078+0000] {logging_mixin.py:190} INFO - [2025-01-12T22:59:55.078+0000] {dag.py:4180} INFO - Setting next_dagrun for example_task_group to None, run_after=None
[2025-01-12T22:59:55.128+0000] {processor.py:208} INFO - Processing /home/airflow/.local/lib/python3.12/site-packages/airflow/example_dags/example_task_group.py took 0.140 seconds
[2025-01-12T23:00:26.706+0000] {processor.py:186} INFO - Started process (PID=357) to work on /home/airflow/.local/lib/python3.12/site-packages/airflow/example_dags/example_task_group.py
[2025-01-12T23:00:26.707+0000] {processor.py:914} INFO - Processing file /home/airflow/.local/lib/python3.12/site-packages/airflow/example_dags/example_task_group.py for tasks to queue
[2025-01-12T23:00:26.711+0000] {logging_mixin.py:190} INFO - [2025-01-12T23:00:26.710+0000] {dagbag.py:588} INFO - Filling up the DagBag from /home/airflow/.local/lib/python3.12/site-packages/airflow/example_dags/example_task_group.py
[2025-01-12T23:00:26.720+0000] {processor.py:925} INFO - DAG(s) 'example_task_group' retrieved from /home/airflow/.local/lib/python3.12/site-packages/airflow/example_dags/example_task_group.py
[2025-01-12T23:00:26.745+0000] {logging_mixin.py:190} INFO - [2025-01-12T23:00:26.745+0000] {dag.py:3239} INFO - Sync 1 DAGs
[2025-01-12T23:00:26.763+0000] {logging_mixin.py:190} INFO - [2025-01-12T23:00:26.762+0000] {dag.py:4180} INFO - Setting next_dagrun for example_task_group to None, run_after=None
[2025-01-12T23:00:27.038+0000] {processor.py:208} INFO - Processing /home/airflow/.local/lib/python3.12/site-packages/airflow/example_dags/example_task_group.py took 0.338 seconds
[2025-01-12T23:00:58.537+0000] {processor.py:186} INFO - Started process (PID=420) to work on /home/airflow/.local/lib/python3.12/site-packages/airflow/example_dags/example_task_group.py
[2025-01-12T23:00:58.538+0000] {processor.py:914} INFO - Processing file /home/airflow/.local/lib/python3.12/site-packages/airflow/example_dags/example_task_group.py for tasks to queue
[2025-01-12T23:00:58.542+0000] {logging_mixin.py:190} INFO - [2025-01-12T23:00:58.541+0000] {dagbag.py:588} INFO - Filling up the DagBag from /home/airflow/.local/lib/python3.12/site-packages/airflow/example_dags/example_task_group.py
[2025-01-12T23:00:58.551+0000] {processor.py:925} INFO - DAG(s) 'example_task_group' retrieved from /home/airflow/.local/lib/python3.12/site-packages/airflow/example_dags/example_task_group.py
[2025-01-12T23:00:58.576+0000] {logging_mixin.py:190} INFO - [2025-01-12T23:00:58.576+0000] {dag.py:3239} INFO - Sync 1 DAGs
[2025-01-12T23:00:58.592+0000] {logging_mixin.py:190} INFO - [2025-01-12T23:00:58.592+0000] {dag.py:4180} INFO - Setting next_dagrun for example_task_group to None, run_after=None
[2025-01-12T23:00:58.802+0000] {processor.py:208} INFO - Processing /home/airflow/.local/lib/python3.12/site-packages/airflow/example_dags/example_task_group.py took 0.272 seconds
[2025-01-12T23:01:29.996+0000] {processor.py:186} INFO - Started process (PID=482) to work on /home/airflow/.local/lib/python3.12/site-packages/airflow/example_dags/example_task_group.py
[2025-01-12T23:01:29.997+0000] {processor.py:914} INFO - Processing file /home/airflow/.local/lib/python3.12/site-packages/airflow/example_dags/example_task_group.py for tasks to queue
[2025-01-12T23:01:30.000+0000] {logging_mixin.py:190} INFO - [2025-01-12T23:01:30.000+0000] {dagbag.py:588} INFO - Filling up the DagBag from /home/airflow/.local/lib/python3.12/site-packages/airflow/example_dags/example_task_group.py
[2025-01-12T23:01:30.009+0000] {processor.py:925} INFO - DAG(s) 'example_task_group' retrieved from /home/airflow/.local/lib/python3.12/site-packages/airflow/example_dags/example_task_group.py
[2025-01-12T23:01:30.034+0000] {logging_mixin.py:190} INFO - [2025-01-12T23:01:30.034+0000] {dag.py:3239} INFO - Sync 1 DAGs
[2025-01-12T23:01:30.051+0000] {logging_mixin.py:190} INFO - [2025-01-12T23:01:30.051+0000] {dag.py:4180} INFO - Setting next_dagrun for example_task_group to None, run_after=None
[2025-01-12T23:01:30.105+0000] {processor.py:208} INFO - Processing /home/airflow/.local/lib/python3.12/site-packages/airflow/example_dags/example_task_group.py took 0.116 seconds
[2025-01-12T23:02:01.436+0000] {processor.py:186} INFO - Started process (PID=545) to work on /home/airflow/.local/lib/python3.12/site-packages/airflow/example_dags/example_task_group.py
[2025-01-12T23:02:01.437+0000] {processor.py:914} INFO - Processing file /home/airflow/.local/lib/python3.12/site-packages/airflow/example_dags/example_task_group.py for tasks to queue
[2025-01-12T23:02:01.440+0000] {logging_mixin.py:190} INFO - [2025-01-12T23:02:01.439+0000] {dagbag.py:588} INFO - Filling up the DagBag from /home/airflow/.local/lib/python3.12/site-packages/airflow/example_dags/example_task_group.py
[2025-01-12T23:02:01.450+0000] {processor.py:925} INFO - DAG(s) 'example_task_group' retrieved from /home/airflow/.local/lib/python3.12/site-packages/airflow/example_dags/example_task_group.py
[2025-01-12T23:02:01.475+0000] {logging_mixin.py:190} INFO - [2025-01-12T23:02:01.475+0000] {dag.py:3239} INFO - Sync 1 DAGs
[2025-01-12T23:02:01.492+0000] {logging_mixin.py:190} INFO - [2025-01-12T23:02:01.492+0000] {dag.py:4180} INFO - Setting next_dagrun for example_task_group to None, run_after=None
[2025-01-12T23:02:01.595+0000] {processor.py:208} INFO - Processing /home/airflow/.local/lib/python3.12/site-packages/airflow/example_dags/example_task_group.py took 0.167 seconds
[2025-01-12T23:02:32.449+0000] {processor.py:186} INFO - Started process (PID=608) to work on /home/airflow/.local/lib/python3.12/site-packages/airflow/example_dags/example_task_group.py
[2025-01-12T23:02:32.450+0000] {processor.py:914} INFO - Processing file /home/airflow/.local/lib/python3.12/site-packages/airflow/example_dags/example_task_group.py for tasks to queue
[2025-01-12T23:02:32.453+0000] {logging_mixin.py:190} INFO - [2025-01-12T23:02:32.453+0000] {dagbag.py:588} INFO - Filling up the DagBag from /home/airflow/.local/lib/python3.12/site-packages/airflow/example_dags/example_task_group.py
[2025-01-12T23:02:32.466+0000] {processor.py:925} INFO - DAG(s) 'example_task_group' retrieved from /home/airflow/.local/lib/python3.12/site-packages/airflow/example_dags/example_task_group.py
[2025-01-12T23:02:32.493+0000] {logging_mixin.py:190} INFO - [2025-01-12T23:02:32.493+0000] {dag.py:3239} INFO - Sync 1 DAGs
[2025-01-12T23:02:32.516+0000] {logging_mixin.py:190} INFO - [2025-01-12T23:02:32.515+0000] {dag.py:4180} INFO - Setting next_dagrun for example_task_group to None, run_after=None
[2025-01-12T23:02:32.622+0000] {processor.py:208} INFO - Processing /home/airflow/.local/lib/python3.12/site-packages/airflow/example_dags/example_task_group.py took 0.182 seconds
[2025-01-12T23:03:03.896+0000] {processor.py:186} INFO - Started process (PID=671) to work on /home/airflow/.local/lib/python3.12/site-packages/airflow/example_dags/example_task_group.py
[2025-01-12T23:03:03.897+0000] {processor.py:914} INFO - Processing file /home/airflow/.local/lib/python3.12/site-packages/airflow/example_dags/example_task_group.py for tasks to queue
[2025-01-12T23:03:03.901+0000] {logging_mixin.py:190} INFO - [2025-01-12T23:03:03.900+0000] {dagbag.py:588} INFO - Filling up the DagBag from /home/airflow/.local/lib/python3.12/site-packages/airflow/example_dags/example_task_group.py
[2025-01-12T23:03:03.913+0000] {processor.py:925} INFO - DAG(s) 'example_task_group' retrieved from /home/airflow/.local/lib/python3.12/site-packages/airflow/example_dags/example_task_group.py
[2025-01-12T23:03:03.940+0000] {logging_mixin.py:190} INFO - [2025-01-12T23:03:03.940+0000] {dag.py:3239} INFO - Sync 1 DAGs
[2025-01-12T23:03:03.959+0000] {logging_mixin.py:190} INFO - [2025-01-12T23:03:03.959+0000] {dag.py:4180} INFO - Setting next_dagrun for example_task_group to None, run_after=None
[2025-01-12T23:03:04.007+0000] {processor.py:208} INFO - Processing /home/airflow/.local/lib/python3.12/site-packages/airflow/example_dags/example_task_group.py took 0.117 seconds
[2025-01-12T23:03:35.062+0000] {processor.py:186} INFO - Started process (PID=734) to work on /home/airflow/.local/lib/python3.12/site-packages/airflow/example_dags/example_task_group.py
[2025-01-12T23:03:35.063+0000] {processor.py:914} INFO - Processing file /home/airflow/.local/lib/python3.12/site-packages/airflow/example_dags/example_task_group.py for tasks to queue
[2025-01-12T23:03:35.067+0000] {logging_mixin.py:190} INFO - [2025-01-12T23:03:35.066+0000] {dagbag.py:588} INFO - Filling up the DagBag from /home/airflow/.local/lib/python3.12/site-packages/airflow/example_dags/example_task_group.py
[2025-01-12T23:03:35.078+0000] {processor.py:925} INFO - DAG(s) 'example_task_group' retrieved from /home/airflow/.local/lib/python3.12/site-packages/airflow/example_dags/example_task_group.py
[2025-01-12T23:03:35.107+0000] {logging_mixin.py:190} INFO - [2025-01-12T23:03:35.107+0000] {dag.py:3239} INFO - Sync 1 DAGs
[2025-01-12T23:03:35.132+0000] {logging_mixin.py:190} INFO - [2025-01-12T23:03:35.131+0000] {dag.py:4180} INFO - Setting next_dagrun for example_task_group to None, run_after=None
[2025-01-12T23:03:35.198+0000] {processor.py:208} INFO - Processing /home/airflow/.local/lib/python3.12/site-packages/airflow/example_dags/example_task_group.py took 0.143 seconds
[2025-01-12T23:04:06.656+0000] {processor.py:186} INFO - Started process (PID=797) to work on /home/airflow/.local/lib/python3.12/site-packages/airflow/example_dags/example_task_group.py
[2025-01-12T23:04:06.658+0000] {processor.py:914} INFO - Processing file /home/airflow/.local/lib/python3.12/site-packages/airflow/example_dags/example_task_group.py for tasks to queue
[2025-01-12T23:04:06.663+0000] {logging_mixin.py:190} INFO - [2025-01-12T23:04:06.662+0000] {dagbag.py:588} INFO - Filling up the DagBag from /home/airflow/.local/lib/python3.12/site-packages/airflow/example_dags/example_task_group.py
[2025-01-12T23:04:06.693+0000] {processor.py:925} INFO - DAG(s) 'example_task_group' retrieved from /home/airflow/.local/lib/python3.12/site-packages/airflow/example_dags/example_task_group.py
[2025-01-12T23:04:06.741+0000] {logging_mixin.py:190} INFO - [2025-01-12T23:04:06.740+0000] {dag.py:3239} INFO - Sync 1 DAGs
[2025-01-12T23:04:06.763+0000] {logging_mixin.py:190} INFO - [2025-01-12T23:04:06.763+0000] {dag.py:4180} INFO - Setting next_dagrun for example_task_group to None, run_after=None
[2025-01-12T23:04:06.825+0000] {processor.py:208} INFO - Processing /home/airflow/.local/lib/python3.12/site-packages/airflow/example_dags/example_task_group.py took 0.177 seconds
[2025-01-12T23:04:38.316+0000] {processor.py:186} INFO - Started process (PID=860) to work on /home/airflow/.local/lib/python3.12/site-packages/airflow/example_dags/example_task_group.py
[2025-01-12T23:04:38.317+0000] {processor.py:914} INFO - Processing file /home/airflow/.local/lib/python3.12/site-packages/airflow/example_dags/example_task_group.py for tasks to queue
[2025-01-12T23:04:38.321+0000] {logging_mixin.py:190} INFO - [2025-01-12T23:04:38.320+0000] {dagbag.py:588} INFO - Filling up the DagBag from /home/airflow/.local/lib/python3.12/site-packages/airflow/example_dags/example_task_group.py
[2025-01-12T23:04:38.334+0000] {processor.py:925} INFO - DAG(s) 'example_task_group' retrieved from /home/airflow/.local/lib/python3.12/site-packages/airflow/example_dags/example_task_group.py
[2025-01-12T23:04:38.357+0000] {logging_mixin.py:190} INFO - [2025-01-12T23:04:38.357+0000] {dag.py:3239} INFO - Sync 1 DAGs
[2025-01-12T23:04:38.375+0000] {logging_mixin.py:190} INFO - [2025-01-12T23:04:38.375+0000] {dag.py:4180} INFO - Setting next_dagrun for example_task_group to None, run_after=None
[2025-01-12T23:04:38.430+0000] {processor.py:208} INFO - Processing /home/airflow/.local/lib/python3.12/site-packages/airflow/example_dags/example_task_group.py took 0.120 seconds
[2025-01-12T23:05:09.607+0000] {processor.py:186} INFO - Started process (PID=923) to work on /home/airflow/.local/lib/python3.12/site-packages/airflow/example_dags/example_task_group.py
[2025-01-12T23:05:09.608+0000] {processor.py:914} INFO - Processing file /home/airflow/.local/lib/python3.12/site-packages/airflow/example_dags/example_task_group.py for tasks to queue
[2025-01-12T23:05:09.612+0000] {logging_mixin.py:190} INFO - [2025-01-12T23:05:09.612+0000] {dagbag.py:588} INFO - Filling up the DagBag from /home/airflow/.local/lib/python3.12/site-packages/airflow/example_dags/example_task_group.py
[2025-01-12T23:05:09.624+0000] {processor.py:925} INFO - DAG(s) 'example_task_group' retrieved from /home/airflow/.local/lib/python3.12/site-packages/airflow/example_dags/example_task_group.py
[2025-01-12T23:05:09.651+0000] {logging_mixin.py:190} INFO - [2025-01-12T23:05:09.650+0000] {dag.py:3239} INFO - Sync 1 DAGs
[2025-01-12T23:05:09.668+0000] {logging_mixin.py:190} INFO - [2025-01-12T23:05:09.668+0000] {dag.py:4180} INFO - Setting next_dagrun for example_task_group to None, run_after=None
[2025-01-12T23:05:09.725+0000] {processor.py:208} INFO - Processing /home/airflow/.local/lib/python3.12/site-packages/airflow/example_dags/example_task_group.py took 0.127 seconds
