[2025-01-12T22:31:05.856+0000] {processor.py:186} INFO - Started process (PID=125) to work on /home/airflow/.local/lib/python3.12/site-packages/airflow/example_dags/example_inlet_event_extra.py
[2025-01-12T22:31:05.857+0000] {processor.py:914} INFO - Processing file /home/airflow/.local/lib/python3.12/site-packages/airflow/example_dags/example_inlet_event_extra.py for tasks to queue
[2025-01-12T22:31:05.860+0000] {logging_mixin.py:190} INFO - [2025-01-12T22:31:05.860+0000] {dagbag.py:588} INFO - Filling up the DagBag from /home/airflow/.local/lib/python3.12/site-packages/airflow/example_dags/example_inlet_event_extra.py
[2025-01-12T22:31:06.567+0000] {processor.py:925} INFO - DAG(s) 'read_dataset_event', 'read_dataset_event_from_classic' retrieved from /home/airflow/.local/lib/python3.12/site-packages/airflow/example_dags/example_inlet_event_extra.py
[2025-01-12T22:31:06.777+0000] {logging_mixin.py:190} INFO - [2025-01-12T22:31:06.776+0000] {override.py:1911} INFO - Created Permission View: can read on DAG:read_dataset_event
[2025-01-12T22:31:06.865+0000] {logging_mixin.py:190} INFO - [2025-01-12T22:31:06.865+0000] {override.py:1911} INFO - Created Permission View: can delete on DAG:read_dataset_event
[2025-01-12T22:31:07.000+0000] {logging_mixin.py:190} INFO - [2025-01-12T22:31:07.000+0000] {override.py:1911} INFO - Created Permission View: can edit on DAG:read_dataset_event
[2025-01-12T22:31:07.230+0000] {logging_mixin.py:190} INFO - [2025-01-12T22:31:07.229+0000] {override.py:1911} INFO - Created Permission View: menu access on DAG Run:read_dataset_event
[2025-01-12T22:31:07.353+0000] {logging_mixin.py:190} INFO - [2025-01-12T22:31:07.351+0000] {override.py:1911} INFO - Created Permission View: can create on DAG Run:read_dataset_event
[2025-01-12T22:31:07.432+0000] {logging_mixin.py:190} INFO - [2025-01-12T22:31:07.432+0000] {override.py:1911} INFO - Created Permission View: can read on DAG Run:read_dataset_event
[2025-01-12T22:31:07.553+0000] {logging_mixin.py:190} INFO - [2025-01-12T22:31:07.552+0000] {override.py:1911} INFO - Created Permission View: can delete on DAG Run:read_dataset_event
[2025-01-12T22:31:07.740+0000] {logging_mixin.py:190} INFO - [2025-01-12T22:31:07.739+0000] {override.py:1911} INFO - Created Permission View: can read on DAG:read_dataset_event_from_classic
[2025-01-12T22:31:07.843+0000] {logging_mixin.py:190} INFO - [2025-01-12T22:31:07.842+0000] {override.py:1911} INFO - Created Permission View: can delete on DAG:read_dataset_event_from_classic
[2025-01-12T22:31:07.910+0000] {logging_mixin.py:190} INFO - [2025-01-12T22:31:07.910+0000] {override.py:1911} INFO - Created Permission View: can edit on DAG:read_dataset_event_from_classic
[2025-01-12T22:31:08.033+0000] {logging_mixin.py:190} INFO - [2025-01-12T22:31:08.032+0000] {override.py:1911} INFO - Created Permission View: menu access on DAG Run:read_dataset_event_from_classic
[2025-01-12T22:31:08.110+0000] {logging_mixin.py:190} INFO - [2025-01-12T22:31:08.109+0000] {override.py:1911} INFO - Created Permission View: can create on DAG Run:read_dataset_event_from_classic
[2025-01-12T22:31:08.199+0000] {logging_mixin.py:190} INFO - [2025-01-12T22:31:08.198+0000] {override.py:1911} INFO - Created Permission View: can read on DAG Run:read_dataset_event_from_classic
[2025-01-12T22:31:08.288+0000] {logging_mixin.py:190} INFO - [2025-01-12T22:31:08.287+0000] {override.py:1911} INFO - Created Permission View: can delete on DAG Run:read_dataset_event_from_classic
[2025-01-12T22:31:08.289+0000] {logging_mixin.py:190} INFO - [2025-01-12T22:31:08.288+0000] {dag.py:3239} INFO - Sync 2 DAGs
[2025-01-12T22:31:08.308+0000] {logging_mixin.py:190} INFO - [2025-01-12T22:31:08.307+0000] {dag.py:3262} INFO - Creating ORM DAG for read_dataset_event
[2025-01-12T22:31:08.309+0000] {logging_mixin.py:190} INFO - [2025-01-12T22:31:08.309+0000] {dag.py:3262} INFO - Creating ORM DAG for read_dataset_event_from_classic
[2025-01-12T22:31:08.328+0000] {logging_mixin.py:190} INFO - [2025-01-12T22:31:08.327+0000] {dag.py:4180} INFO - Setting next_dagrun for read_dataset_event to 2025-01-11 00:00:00+00:00, run_after=2025-01-12 00:00:00+00:00
[2025-01-12T22:31:08.331+0000] {logging_mixin.py:190} INFO - [2025-01-12T22:31:08.331+0000] {dag.py:4180} INFO - Setting next_dagrun for read_dataset_event_from_classic to 2025-01-11 00:00:00+00:00, run_after=2025-01-12 00:00:00+00:00
[2025-01-12T22:31:08.443+0000] {processor.py:208} INFO - Processing /home/airflow/.local/lib/python3.12/site-packages/airflow/example_dags/example_inlet_event_extra.py took 2.594 seconds
[2025-01-12T22:31:39.292+0000] {processor.py:186} INFO - Started process (PID=189) to work on /home/airflow/.local/lib/python3.12/site-packages/airflow/example_dags/example_inlet_event_extra.py
[2025-01-12T22:31:39.293+0000] {processor.py:914} INFO - Processing file /home/airflow/.local/lib/python3.12/site-packages/airflow/example_dags/example_inlet_event_extra.py for tasks to queue
[2025-01-12T22:31:39.296+0000] {logging_mixin.py:190} INFO - [2025-01-12T22:31:39.296+0000] {dagbag.py:588} INFO - Filling up the DagBag from /home/airflow/.local/lib/python3.12/site-packages/airflow/example_dags/example_inlet_event_extra.py
[2025-01-12T22:31:39.933+0000] {processor.py:925} INFO - DAG(s) 'read_dataset_event', 'read_dataset_event_from_classic' retrieved from /home/airflow/.local/lib/python3.12/site-packages/airflow/example_dags/example_inlet_event_extra.py
[2025-01-12T22:31:39.957+0000] {logging_mixin.py:190} INFO - [2025-01-12T22:31:39.957+0000] {dag.py:3239} INFO - Sync 2 DAGs
[2025-01-12T22:31:39.983+0000] {logging_mixin.py:190} INFO - [2025-01-12T22:31:39.983+0000] {dag.py:4180} INFO - Setting next_dagrun for read_dataset_event to 2025-01-11 00:00:00+00:00, run_after=2025-01-12 00:00:00+00:00
[2025-01-12T22:31:39.989+0000] {logging_mixin.py:190} INFO - [2025-01-12T22:31:39.989+0000] {dag.py:4180} INFO - Setting next_dagrun for read_dataset_event_from_classic to 2025-01-11 00:00:00+00:00, run_after=2025-01-12 00:00:00+00:00
[2025-01-12T22:31:40.286+0000] {processor.py:208} INFO - Processing /home/airflow/.local/lib/python3.12/site-packages/airflow/example_dags/example_inlet_event_extra.py took 1.001 seconds
[2025-01-12T22:32:10.525+0000] {processor.py:186} INFO - Started process (PID=252) to work on /home/airflow/.local/lib/python3.12/site-packages/airflow/example_dags/example_inlet_event_extra.py
[2025-01-12T22:32:10.527+0000] {processor.py:914} INFO - Processing file /home/airflow/.local/lib/python3.12/site-packages/airflow/example_dags/example_inlet_event_extra.py for tasks to queue
[2025-01-12T22:32:10.531+0000] {logging_mixin.py:190} INFO - [2025-01-12T22:32:10.530+0000] {dagbag.py:588} INFO - Filling up the DagBag from /home/airflow/.local/lib/python3.12/site-packages/airflow/example_dags/example_inlet_event_extra.py
[2025-01-12T22:32:11.249+0000] {processor.py:925} INFO - DAG(s) 'read_dataset_event_from_classic', 'read_dataset_event' retrieved from /home/airflow/.local/lib/python3.12/site-packages/airflow/example_dags/example_inlet_event_extra.py
[2025-01-12T22:32:11.274+0000] {logging_mixin.py:190} INFO - [2025-01-12T22:32:11.274+0000] {dag.py:3239} INFO - Sync 2 DAGs
[2025-01-12T22:32:11.316+0000] {logging_mixin.py:190} INFO - [2025-01-12T22:32:11.315+0000] {dag.py:4180} INFO - Setting next_dagrun for read_dataset_event to 2025-01-11 00:00:00+00:00, run_after=2025-01-12 00:00:00+00:00
[2025-01-12T22:32:11.326+0000] {logging_mixin.py:190} INFO - [2025-01-12T22:32:11.326+0000] {dag.py:4180} INFO - Setting next_dagrun for read_dataset_event_from_classic to 2025-01-11 00:00:00+00:00, run_after=2025-01-12 00:00:00+00:00
[2025-01-12T22:32:11.583+0000] {processor.py:208} INFO - Processing /home/airflow/.local/lib/python3.12/site-packages/airflow/example_dags/example_inlet_event_extra.py took 1.066 seconds
[2025-01-12T22:32:42.354+0000] {processor.py:186} INFO - Started process (PID=316) to work on /home/airflow/.local/lib/python3.12/site-packages/airflow/example_dags/example_inlet_event_extra.py
[2025-01-12T22:32:42.356+0000] {processor.py:914} INFO - Processing file /home/airflow/.local/lib/python3.12/site-packages/airflow/example_dags/example_inlet_event_extra.py for tasks to queue
[2025-01-12T22:32:42.359+0000] {logging_mixin.py:190} INFO - [2025-01-12T22:32:42.358+0000] {dagbag.py:588} INFO - Filling up the DagBag from /home/airflow/.local/lib/python3.12/site-packages/airflow/example_dags/example_inlet_event_extra.py
[2025-01-12T22:32:43.049+0000] {processor.py:925} INFO - DAG(s) 'read_dataset_event', 'read_dataset_event_from_classic' retrieved from /home/airflow/.local/lib/python3.12/site-packages/airflow/example_dags/example_inlet_event_extra.py
[2025-01-12T22:32:43.077+0000] {logging_mixin.py:190} INFO - [2025-01-12T22:32:43.077+0000] {dag.py:3239} INFO - Sync 2 DAGs
[2025-01-12T22:32:43.110+0000] {logging_mixin.py:190} INFO - [2025-01-12T22:32:43.110+0000] {dag.py:4180} INFO - Setting next_dagrun for read_dataset_event to 2025-01-11 00:00:00+00:00, run_after=2025-01-12 00:00:00+00:00
[2025-01-12T22:32:43.117+0000] {logging_mixin.py:190} INFO - [2025-01-12T22:32:43.116+0000] {dag.py:4180} INFO - Setting next_dagrun for read_dataset_event_from_classic to 2025-01-11 00:00:00+00:00, run_after=2025-01-12 00:00:00+00:00
[2025-01-12T22:32:43.214+0000] {processor.py:208} INFO - Processing /home/airflow/.local/lib/python3.12/site-packages/airflow/example_dags/example_inlet_event_extra.py took 0.866 seconds
[2025-01-12T22:58:21.909+0000] {processor.py:186} INFO - Started process (PID=112) to work on /home/airflow/.local/lib/python3.12/site-packages/airflow/example_dags/example_inlet_event_extra.py
[2025-01-12T22:58:21.910+0000] {processor.py:914} INFO - Processing file /home/airflow/.local/lib/python3.12/site-packages/airflow/example_dags/example_inlet_event_extra.py for tasks to queue
[2025-01-12T22:58:21.913+0000] {logging_mixin.py:190} INFO - [2025-01-12T22:58:21.913+0000] {dagbag.py:588} INFO - Filling up the DagBag from /home/airflow/.local/lib/python3.12/site-packages/airflow/example_dags/example_inlet_event_extra.py
[2025-01-12T22:58:22.698+0000] {processor.py:925} INFO - DAG(s) 'read_dataset_event', 'read_dataset_event_from_classic' retrieved from /home/airflow/.local/lib/python3.12/site-packages/airflow/example_dags/example_inlet_event_extra.py
[2025-01-12T22:58:22.723+0000] {logging_mixin.py:190} INFO - [2025-01-12T22:58:22.723+0000] {dag.py:3239} INFO - Sync 2 DAGs
[2025-01-12T22:58:22.753+0000] {logging_mixin.py:190} INFO - [2025-01-12T22:58:22.753+0000] {dag.py:4180} INFO - Setting next_dagrun for read_dataset_event to 2025-01-11 00:00:00+00:00, run_after=2025-01-12 00:00:00+00:00
[2025-01-12T22:58:22.759+0000] {logging_mixin.py:190} INFO - [2025-01-12T22:58:22.759+0000] {dag.py:4180} INFO - Setting next_dagrun for read_dataset_event_from_classic to 2025-01-11 00:00:00+00:00, run_after=2025-01-12 00:00:00+00:00
[2025-01-12T22:58:22.839+0000] {processor.py:208} INFO - Processing /home/airflow/.local/lib/python3.12/site-packages/airflow/example_dags/example_inlet_event_extra.py took 0.937 seconds
[2025-01-12T22:58:53.147+0000] {processor.py:186} INFO - Started process (PID=176) to work on /home/airflow/.local/lib/python3.12/site-packages/airflow/example_dags/example_inlet_event_extra.py
[2025-01-12T22:58:53.148+0000] {processor.py:914} INFO - Processing file /home/airflow/.local/lib/python3.12/site-packages/airflow/example_dags/example_inlet_event_extra.py for tasks to queue
[2025-01-12T22:58:53.151+0000] {logging_mixin.py:190} INFO - [2025-01-12T22:58:53.151+0000] {dagbag.py:588} INFO - Filling up the DagBag from /home/airflow/.local/lib/python3.12/site-packages/airflow/example_dags/example_inlet_event_extra.py
[2025-01-12T22:58:53.924+0000] {processor.py:925} INFO - DAG(s) 'read_dataset_event_from_classic', 'read_dataset_event' retrieved from /home/airflow/.local/lib/python3.12/site-packages/airflow/example_dags/example_inlet_event_extra.py
[2025-01-12T22:58:53.955+0000] {logging_mixin.py:190} INFO - [2025-01-12T22:58:53.955+0000] {dag.py:3239} INFO - Sync 2 DAGs
[2025-01-12T22:58:53.990+0000] {logging_mixin.py:190} INFO - [2025-01-12T22:58:53.990+0000] {dag.py:4180} INFO - Setting next_dagrun for read_dataset_event to 2025-01-11 00:00:00+00:00, run_after=2025-01-12 00:00:00+00:00
[2025-01-12T22:58:53.997+0000] {logging_mixin.py:190} INFO - [2025-01-12T22:58:53.996+0000] {dag.py:4180} INFO - Setting next_dagrun for read_dataset_event_from_classic to 2025-01-11 00:00:00+00:00, run_after=2025-01-12 00:00:00+00:00
[2025-01-12T22:58:54.105+0000] {processor.py:208} INFO - Processing /home/airflow/.local/lib/python3.12/site-packages/airflow/example_dags/example_inlet_event_extra.py took 0.967 seconds
[2025-01-12T22:59:24.347+0000] {processor.py:186} INFO - Started process (PID=239) to work on /home/airflow/.local/lib/python3.12/site-packages/airflow/example_dags/example_inlet_event_extra.py
[2025-01-12T22:59:24.348+0000] {processor.py:914} INFO - Processing file /home/airflow/.local/lib/python3.12/site-packages/airflow/example_dags/example_inlet_event_extra.py for tasks to queue
[2025-01-12T22:59:24.351+0000] {logging_mixin.py:190} INFO - [2025-01-12T22:59:24.351+0000] {dagbag.py:588} INFO - Filling up the DagBag from /home/airflow/.local/lib/python3.12/site-packages/airflow/example_dags/example_inlet_event_extra.py
[2025-01-12T22:59:25.043+0000] {processor.py:925} INFO - DAG(s) 'read_dataset_event_from_classic', 'read_dataset_event' retrieved from /home/airflow/.local/lib/python3.12/site-packages/airflow/example_dags/example_inlet_event_extra.py
[2025-01-12T22:59:25.072+0000] {logging_mixin.py:190} INFO - [2025-01-12T22:59:25.071+0000] {dag.py:3239} INFO - Sync 2 DAGs
[2025-01-12T22:59:25.102+0000] {logging_mixin.py:190} INFO - [2025-01-12T22:59:25.102+0000] {dag.py:4180} INFO - Setting next_dagrun for read_dataset_event to 2025-01-11 00:00:00+00:00, run_after=2025-01-12 00:00:00+00:00
[2025-01-12T22:59:25.110+0000] {logging_mixin.py:190} INFO - [2025-01-12T22:59:25.110+0000] {dag.py:4180} INFO - Setting next_dagrun for read_dataset_event_from_classic to 2025-01-11 00:00:00+00:00, run_after=2025-01-12 00:00:00+00:00
[2025-01-12T22:59:25.382+0000] {processor.py:208} INFO - Processing /home/airflow/.local/lib/python3.12/site-packages/airflow/example_dags/example_inlet_event_extra.py took 1.042 seconds
[2025-01-12T22:59:56.428+0000] {processor.py:186} INFO - Started process (PID=305) to work on /home/airflow/.local/lib/python3.12/site-packages/airflow/example_dags/example_inlet_event_extra.py
[2025-01-12T22:59:56.430+0000] {processor.py:914} INFO - Processing file /home/airflow/.local/lib/python3.12/site-packages/airflow/example_dags/example_inlet_event_extra.py for tasks to queue
[2025-01-12T22:59:56.433+0000] {logging_mixin.py:190} INFO - [2025-01-12T22:59:56.432+0000] {dagbag.py:588} INFO - Filling up the DagBag from /home/airflow/.local/lib/python3.12/site-packages/airflow/example_dags/example_inlet_event_extra.py
[2025-01-12T22:59:57.198+0000] {processor.py:925} INFO - DAG(s) 'read_dataset_event_from_classic', 'read_dataset_event' retrieved from /home/airflow/.local/lib/python3.12/site-packages/airflow/example_dags/example_inlet_event_extra.py
[2025-01-12T22:59:57.221+0000] {logging_mixin.py:190} INFO - [2025-01-12T22:59:57.221+0000] {dag.py:3239} INFO - Sync 2 DAGs
[2025-01-12T22:59:57.249+0000] {logging_mixin.py:190} INFO - [2025-01-12T22:59:57.249+0000] {dag.py:4180} INFO - Setting next_dagrun for read_dataset_event to 2025-01-11 00:00:00+00:00, run_after=2025-01-12 00:00:00+00:00
[2025-01-12T22:59:57.255+0000] {logging_mixin.py:190} INFO - [2025-01-12T22:59:57.255+0000] {dag.py:4180} INFO - Setting next_dagrun for read_dataset_event_from_classic to 2025-01-11 00:00:00+00:00, run_after=2025-01-12 00:00:00+00:00
[2025-01-12T22:59:57.293+0000] {processor.py:208} INFO - Processing /home/airflow/.local/lib/python3.12/site-packages/airflow/example_dags/example_inlet_event_extra.py took 0.873 seconds
[2025-01-12T23:00:28.848+0000] {processor.py:186} INFO - Started process (PID=372) to work on /home/airflow/.local/lib/python3.12/site-packages/airflow/example_dags/example_inlet_event_extra.py
[2025-01-12T23:00:28.850+0000] {processor.py:914} INFO - Processing file /home/airflow/.local/lib/python3.12/site-packages/airflow/example_dags/example_inlet_event_extra.py for tasks to queue
[2025-01-12T23:00:28.853+0000] {logging_mixin.py:190} INFO - [2025-01-12T23:00:28.852+0000] {dagbag.py:588} INFO - Filling up the DagBag from /home/airflow/.local/lib/python3.12/site-packages/airflow/example_dags/example_inlet_event_extra.py
[2025-01-12T23:00:29.621+0000] {processor.py:925} INFO - DAG(s) 'read_dataset_event', 'read_dataset_event_from_classic' retrieved from /home/airflow/.local/lib/python3.12/site-packages/airflow/example_dags/example_inlet_event_extra.py
[2025-01-12T23:00:29.644+0000] {logging_mixin.py:190} INFO - [2025-01-12T23:00:29.644+0000] {dag.py:3239} INFO - Sync 2 DAGs
[2025-01-12T23:00:29.673+0000] {logging_mixin.py:190} INFO - [2025-01-12T23:00:29.673+0000] {dag.py:4180} INFO - Setting next_dagrun for read_dataset_event to 2025-01-11 00:00:00+00:00, run_after=2025-01-12 00:00:00+00:00
[2025-01-12T23:00:29.680+0000] {logging_mixin.py:190} INFO - [2025-01-12T23:00:29.679+0000] {dag.py:4180} INFO - Setting next_dagrun for read_dataset_event_from_classic to 2025-01-11 00:00:00+00:00, run_after=2025-01-12 00:00:00+00:00
[2025-01-12T23:00:29.885+0000] {processor.py:208} INFO - Processing /home/airflow/.local/lib/python3.12/site-packages/airflow/example_dags/example_inlet_event_extra.py took 1.044 seconds
[2025-01-12T23:01:00.852+0000] {processor.py:186} INFO - Started process (PID=433) to work on /home/airflow/.local/lib/python3.12/site-packages/airflow/example_dags/example_inlet_event_extra.py
[2025-01-12T23:01:00.854+0000] {processor.py:914} INFO - Processing file /home/airflow/.local/lib/python3.12/site-packages/airflow/example_dags/example_inlet_event_extra.py for tasks to queue
[2025-01-12T23:01:00.857+0000] {logging_mixin.py:190} INFO - [2025-01-12T23:01:00.856+0000] {dagbag.py:588} INFO - Filling up the DagBag from /home/airflow/.local/lib/python3.12/site-packages/airflow/example_dags/example_inlet_event_extra.py
[2025-01-12T23:01:01.668+0000] {processor.py:925} INFO - DAG(s) 'read_dataset_event_from_classic', 'read_dataset_event' retrieved from /home/airflow/.local/lib/python3.12/site-packages/airflow/example_dags/example_inlet_event_extra.py
[2025-01-12T23:01:01.700+0000] {logging_mixin.py:190} INFO - [2025-01-12T23:01:01.700+0000] {dag.py:3239} INFO - Sync 2 DAGs
[2025-01-12T23:01:01.737+0000] {logging_mixin.py:190} INFO - [2025-01-12T23:01:01.736+0000] {dag.py:4180} INFO - Setting next_dagrun for read_dataset_event to 2025-01-11 00:00:00+00:00, run_after=2025-01-12 00:00:00+00:00
[2025-01-12T23:01:01.744+0000] {logging_mixin.py:190} INFO - [2025-01-12T23:01:01.744+0000] {dag.py:4180} INFO - Setting next_dagrun for read_dataset_event_from_classic to 2025-01-11 00:00:00+00:00, run_after=2025-01-12 00:00:00+00:00
[2025-01-12T23:01:01.964+0000] {processor.py:208} INFO - Processing /home/airflow/.local/lib/python3.12/site-packages/airflow/example_dags/example_inlet_event_extra.py took 1.121 seconds
[2025-01-12T23:01:32.185+0000] {processor.py:186} INFO - Started process (PID=498) to work on /home/airflow/.local/lib/python3.12/site-packages/airflow/example_dags/example_inlet_event_extra.py
[2025-01-12T23:01:32.186+0000] {processor.py:914} INFO - Processing file /home/airflow/.local/lib/python3.12/site-packages/airflow/example_dags/example_inlet_event_extra.py for tasks to queue
[2025-01-12T23:01:32.189+0000] {logging_mixin.py:190} INFO - [2025-01-12T23:01:32.188+0000] {dagbag.py:588} INFO - Filling up the DagBag from /home/airflow/.local/lib/python3.12/site-packages/airflow/example_dags/example_inlet_event_extra.py
[2025-01-12T23:01:32.923+0000] {processor.py:925} INFO - DAG(s) 'read_dataset_event_from_classic', 'read_dataset_event' retrieved from /home/airflow/.local/lib/python3.12/site-packages/airflow/example_dags/example_inlet_event_extra.py
[2025-01-12T23:01:32.954+0000] {logging_mixin.py:190} INFO - [2025-01-12T23:01:32.953+0000] {dag.py:3239} INFO - Sync 2 DAGs
[2025-01-12T23:01:32.986+0000] {logging_mixin.py:190} INFO - [2025-01-12T23:01:32.986+0000] {dag.py:4180} INFO - Setting next_dagrun for read_dataset_event to 2025-01-11 00:00:00+00:00, run_after=2025-01-12 00:00:00+00:00
[2025-01-12T23:01:32.993+0000] {logging_mixin.py:190} INFO - [2025-01-12T23:01:32.993+0000] {dag.py:4180} INFO - Setting next_dagrun for read_dataset_event_from_classic to 2025-01-11 00:00:00+00:00, run_after=2025-01-12 00:00:00+00:00
[2025-01-12T23:01:33.431+0000] {processor.py:208} INFO - Processing /home/airflow/.local/lib/python3.12/site-packages/airflow/example_dags/example_inlet_event_extra.py took 1.254 seconds
[2025-01-12T23:02:04.343+0000] {processor.py:186} INFO - Started process (PID=560) to work on /home/airflow/.local/lib/python3.12/site-packages/airflow/example_dags/example_inlet_event_extra.py
[2025-01-12T23:02:04.344+0000] {processor.py:914} INFO - Processing file /home/airflow/.local/lib/python3.12/site-packages/airflow/example_dags/example_inlet_event_extra.py for tasks to queue
[2025-01-12T23:02:04.348+0000] {logging_mixin.py:190} INFO - [2025-01-12T23:02:04.347+0000] {dagbag.py:588} INFO - Filling up the DagBag from /home/airflow/.local/lib/python3.12/site-packages/airflow/example_dags/example_inlet_event_extra.py
[2025-01-12T23:02:05.037+0000] {processor.py:925} INFO - DAG(s) 'read_dataset_event_from_classic', 'read_dataset_event' retrieved from /home/airflow/.local/lib/python3.12/site-packages/airflow/example_dags/example_inlet_event_extra.py
[2025-01-12T23:02:05.059+0000] {logging_mixin.py:190} INFO - [2025-01-12T23:02:05.059+0000] {dag.py:3239} INFO - Sync 2 DAGs
[2025-01-12T23:02:05.087+0000] {logging_mixin.py:190} INFO - [2025-01-12T23:02:05.087+0000] {dag.py:4180} INFO - Setting next_dagrun for read_dataset_event to 2025-01-11 00:00:00+00:00, run_after=2025-01-12 00:00:00+00:00
[2025-01-12T23:02:05.093+0000] {logging_mixin.py:190} INFO - [2025-01-12T23:02:05.093+0000] {dag.py:4180} INFO - Setting next_dagrun for read_dataset_event_from_classic to 2025-01-11 00:00:00+00:00, run_after=2025-01-12 00:00:00+00:00
[2025-01-12T23:02:05.323+0000] {processor.py:208} INFO - Processing /home/airflow/.local/lib/python3.12/site-packages/airflow/example_dags/example_inlet_event_extra.py took 0.987 seconds
[2025-01-12T23:02:35.697+0000] {processor.py:186} INFO - Started process (PID=623) to work on /home/airflow/.local/lib/python3.12/site-packages/airflow/example_dags/example_inlet_event_extra.py
[2025-01-12T23:02:35.699+0000] {processor.py:914} INFO - Processing file /home/airflow/.local/lib/python3.12/site-packages/airflow/example_dags/example_inlet_event_extra.py for tasks to queue
[2025-01-12T23:02:35.703+0000] {logging_mixin.py:190} INFO - [2025-01-12T23:02:35.702+0000] {dagbag.py:588} INFO - Filling up the DagBag from /home/airflow/.local/lib/python3.12/site-packages/airflow/example_dags/example_inlet_event_extra.py
[2025-01-12T23:02:36.423+0000] {processor.py:925} INFO - DAG(s) 'read_dataset_event_from_classic', 'read_dataset_event' retrieved from /home/airflow/.local/lib/python3.12/site-packages/airflow/example_dags/example_inlet_event_extra.py
[2025-01-12T23:02:36.447+0000] {logging_mixin.py:190} INFO - [2025-01-12T23:02:36.447+0000] {dag.py:3239} INFO - Sync 2 DAGs
[2025-01-12T23:02:36.481+0000] {logging_mixin.py:190} INFO - [2025-01-12T23:02:36.481+0000] {dag.py:4180} INFO - Setting next_dagrun for read_dataset_event to 2025-01-11 00:00:00+00:00, run_after=2025-01-12 00:00:00+00:00
[2025-01-12T23:02:36.488+0000] {logging_mixin.py:190} INFO - [2025-01-12T23:02:36.487+0000] {dag.py:4180} INFO - Setting next_dagrun for read_dataset_event_from_classic to 2025-01-11 00:00:00+00:00, run_after=2025-01-12 00:00:00+00:00
[2025-01-12T23:02:36.547+0000] {processor.py:208} INFO - Processing /home/airflow/.local/lib/python3.12/site-packages/airflow/example_dags/example_inlet_event_extra.py took 0.861 seconds
[2025-01-12T23:03:06.695+0000] {processor.py:186} INFO - Started process (PID=689) to work on /home/airflow/.local/lib/python3.12/site-packages/airflow/example_dags/example_inlet_event_extra.py
[2025-01-12T23:03:06.696+0000] {processor.py:914} INFO - Processing file /home/airflow/.local/lib/python3.12/site-packages/airflow/example_dags/example_inlet_event_extra.py for tasks to queue
[2025-01-12T23:03:06.699+0000] {logging_mixin.py:190} INFO - [2025-01-12T23:03:06.699+0000] {dagbag.py:588} INFO - Filling up the DagBag from /home/airflow/.local/lib/python3.12/site-packages/airflow/example_dags/example_inlet_event_extra.py
[2025-01-12T23:03:07.449+0000] {processor.py:925} INFO - DAG(s) 'read_dataset_event', 'read_dataset_event_from_classic' retrieved from /home/airflow/.local/lib/python3.12/site-packages/airflow/example_dags/example_inlet_event_extra.py
[2025-01-12T23:03:07.474+0000] {logging_mixin.py:190} INFO - [2025-01-12T23:03:07.473+0000] {dag.py:3239} INFO - Sync 2 DAGs
[2025-01-12T23:03:07.503+0000] {logging_mixin.py:190} INFO - [2025-01-12T23:03:07.503+0000] {dag.py:4180} INFO - Setting next_dagrun for read_dataset_event to 2025-01-11 00:00:00+00:00, run_after=2025-01-12 00:00:00+00:00
[2025-01-12T23:03:07.510+0000] {logging_mixin.py:190} INFO - [2025-01-12T23:03:07.510+0000] {dag.py:4180} INFO - Setting next_dagrun for read_dataset_event_from_classic to 2025-01-11 00:00:00+00:00, run_after=2025-01-12 00:00:00+00:00
[2025-01-12T23:03:07.585+0000] {processor.py:208} INFO - Processing /home/airflow/.local/lib/python3.12/site-packages/airflow/example_dags/example_inlet_event_extra.py took 0.899 seconds
[2025-01-12T23:03:37.778+0000] {processor.py:186} INFO - Started process (PID=754) to work on /home/airflow/.local/lib/python3.12/site-packages/airflow/example_dags/example_inlet_event_extra.py
[2025-01-12T23:03:37.779+0000] {processor.py:914} INFO - Processing file /home/airflow/.local/lib/python3.12/site-packages/airflow/example_dags/example_inlet_event_extra.py for tasks to queue
[2025-01-12T23:03:37.782+0000] {logging_mixin.py:190} INFO - [2025-01-12T23:03:37.782+0000] {dagbag.py:588} INFO - Filling up the DagBag from /home/airflow/.local/lib/python3.12/site-packages/airflow/example_dags/example_inlet_event_extra.py
[2025-01-12T23:03:38.462+0000] {processor.py:925} INFO - DAG(s) 'read_dataset_event_from_classic', 'read_dataset_event' retrieved from /home/airflow/.local/lib/python3.12/site-packages/airflow/example_dags/example_inlet_event_extra.py
[2025-01-12T23:03:38.485+0000] {logging_mixin.py:190} INFO - [2025-01-12T23:03:38.485+0000] {dag.py:3239} INFO - Sync 2 DAGs
[2025-01-12T23:03:38.513+0000] {logging_mixin.py:190} INFO - [2025-01-12T23:03:38.513+0000] {dag.py:4180} INFO - Setting next_dagrun for read_dataset_event to 2025-01-11 00:00:00+00:00, run_after=2025-01-12 00:00:00+00:00
[2025-01-12T23:03:38.519+0000] {logging_mixin.py:190} INFO - [2025-01-12T23:03:38.519+0000] {dag.py:4180} INFO - Setting next_dagrun for read_dataset_event_from_classic to 2025-01-11 00:00:00+00:00, run_after=2025-01-12 00:00:00+00:00
[2025-01-12T23:03:38.637+0000] {processor.py:208} INFO - Processing /home/airflow/.local/lib/python3.12/site-packages/airflow/example_dags/example_inlet_event_extra.py took 0.867 seconds
[2025-01-12T23:04:09.266+0000] {processor.py:186} INFO - Started process (PID=817) to work on /home/airflow/.local/lib/python3.12/site-packages/airflow/example_dags/example_inlet_event_extra.py
[2025-01-12T23:04:09.268+0000] {processor.py:914} INFO - Processing file /home/airflow/.local/lib/python3.12/site-packages/airflow/example_dags/example_inlet_event_extra.py for tasks to queue
[2025-01-12T23:04:09.272+0000] {logging_mixin.py:190} INFO - [2025-01-12T23:04:09.271+0000] {dagbag.py:588} INFO - Filling up the DagBag from /home/airflow/.local/lib/python3.12/site-packages/airflow/example_dags/example_inlet_event_extra.py
[2025-01-12T23:04:10.041+0000] {processor.py:925} INFO - DAG(s) 'read_dataset_event_from_classic', 'read_dataset_event' retrieved from /home/airflow/.local/lib/python3.12/site-packages/airflow/example_dags/example_inlet_event_extra.py
[2025-01-12T23:04:10.065+0000] {logging_mixin.py:190} INFO - [2025-01-12T23:04:10.065+0000] {dag.py:3239} INFO - Sync 2 DAGs
[2025-01-12T23:04:10.098+0000] {logging_mixin.py:190} INFO - [2025-01-12T23:04:10.098+0000] {dag.py:4180} INFO - Setting next_dagrun for read_dataset_event to 2025-01-11 00:00:00+00:00, run_after=2025-01-12 00:00:00+00:00
[2025-01-12T23:04:10.105+0000] {logging_mixin.py:190} INFO - [2025-01-12T23:04:10.104+0000] {dag.py:4180} INFO - Setting next_dagrun for read_dataset_event_from_classic to 2025-01-11 00:00:00+00:00, run_after=2025-01-12 00:00:00+00:00
[2025-01-12T23:04:10.191+0000] {processor.py:208} INFO - Processing /home/airflow/.local/lib/python3.12/site-packages/airflow/example_dags/example_inlet_event_extra.py took 0.933 seconds
[2025-01-12T23:04:40.884+0000] {processor.py:186} INFO - Started process (PID=883) to work on /home/airflow/.local/lib/python3.12/site-packages/airflow/example_dags/example_inlet_event_extra.py
[2025-01-12T23:04:40.886+0000] {processor.py:914} INFO - Processing file /home/airflow/.local/lib/python3.12/site-packages/airflow/example_dags/example_inlet_event_extra.py for tasks to queue
[2025-01-12T23:04:40.890+0000] {logging_mixin.py:190} INFO - [2025-01-12T23:04:40.889+0000] {dagbag.py:588} INFO - Filling up the DagBag from /home/airflow/.local/lib/python3.12/site-packages/airflow/example_dags/example_inlet_event_extra.py
[2025-01-12T23:04:41.685+0000] {processor.py:925} INFO - DAG(s) 'read_dataset_event', 'read_dataset_event_from_classic' retrieved from /home/airflow/.local/lib/python3.12/site-packages/airflow/example_dags/example_inlet_event_extra.py
[2025-01-12T23:04:41.709+0000] {logging_mixin.py:190} INFO - [2025-01-12T23:04:41.709+0000] {dag.py:3239} INFO - Sync 2 DAGs
[2025-01-12T23:04:41.744+0000] {logging_mixin.py:190} INFO - [2025-01-12T23:04:41.744+0000] {dag.py:4180} INFO - Setting next_dagrun for read_dataset_event to 2025-01-11 00:00:00+00:00, run_after=2025-01-12 00:00:00+00:00
[2025-01-12T23:04:41.751+0000] {logging_mixin.py:190} INFO - [2025-01-12T23:04:41.750+0000] {dag.py:4180} INFO - Setting next_dagrun for read_dataset_event_from_classic to 2025-01-11 00:00:00+00:00, run_after=2025-01-12 00:00:00+00:00
[2025-01-12T23:04:41.923+0000] {processor.py:208} INFO - Processing /home/airflow/.local/lib/python3.12/site-packages/airflow/example_dags/example_inlet_event_extra.py took 1.045 seconds
[2025-01-12T23:05:12.114+0000] {processor.py:186} INFO - Started process (PID=946) to work on /home/airflow/.local/lib/python3.12/site-packages/airflow/example_dags/example_inlet_event_extra.py
[2025-01-12T23:05:12.116+0000] {processor.py:914} INFO - Processing file /home/airflow/.local/lib/python3.12/site-packages/airflow/example_dags/example_inlet_event_extra.py for tasks to queue
[2025-01-12T23:05:12.119+0000] {logging_mixin.py:190} INFO - [2025-01-12T23:05:12.118+0000] {dagbag.py:588} INFO - Filling up the DagBag from /home/airflow/.local/lib/python3.12/site-packages/airflow/example_dags/example_inlet_event_extra.py
[2025-01-12T23:05:12.799+0000] {processor.py:925} INFO - DAG(s) 'read_dataset_event', 'read_dataset_event_from_classic' retrieved from /home/airflow/.local/lib/python3.12/site-packages/airflow/example_dags/example_inlet_event_extra.py
[2025-01-12T23:05:12.822+0000] {logging_mixin.py:190} INFO - [2025-01-12T23:05:12.822+0000] {dag.py:3239} INFO - Sync 2 DAGs
[2025-01-12T23:05:12.848+0000] {logging_mixin.py:190} INFO - [2025-01-12T23:05:12.848+0000] {dag.py:4180} INFO - Setting next_dagrun for read_dataset_event to 2025-01-11 00:00:00+00:00, run_after=2025-01-12 00:00:00+00:00
[2025-01-12T23:05:12.855+0000] {logging_mixin.py:190} INFO - [2025-01-12T23:05:12.855+0000] {dag.py:4180} INFO - Setting next_dagrun for read_dataset_event_from_classic to 2025-01-11 00:00:00+00:00, run_after=2025-01-12 00:00:00+00:00
[2025-01-12T23:05:12.900+0000] {processor.py:208} INFO - Processing /home/airflow/.local/lib/python3.12/site-packages/airflow/example_dags/example_inlet_event_extra.py took 0.793 seconds
