[2025-01-12T22:31:07.865+0000] {processor.py:186} INFO - Started process (PID=127) to work on /home/airflow/.local/lib/python3.12/site-packages/airflow/example_dags/example_xcomargs.py
[2025-01-12T22:31:07.866+0000] {processor.py:914} INFO - Processing file /home/airflow/.local/lib/python3.12/site-packages/airflow/example_dags/example_xcomargs.py for tasks to queue
[2025-01-12T22:31:07.869+0000] {logging_mixin.py:190} INFO - [2025-01-12T22:31:07.868+0000] {dagbag.py:588} INFO - Filling up the DagBag from /home/airflow/.local/lib/python3.12/site-packages/airflow/example_dags/example_xcomargs.py
[2025-01-12T22:31:07.978+0000] {processor.py:925} INFO - DAG(s) 'example_xcom_args_with_operators', 'example_xcom_args' retrieved from /home/airflow/.local/lib/python3.12/site-packages/airflow/example_dags/example_xcomargs.py
[2025-01-12T22:31:08.244+0000] {logging_mixin.py:190} INFO - [2025-01-12T22:31:08.243+0000] {override.py:1911} INFO - Created Permission View: can read on DAG:example_xcom_args_with_operators
[2025-01-12T22:31:08.344+0000] {logging_mixin.py:190} INFO - [2025-01-12T22:31:08.343+0000] {override.py:1911} INFO - Created Permission View: can delete on DAG:example_xcom_args_with_operators
[2025-01-12T22:31:08.473+0000] {logging_mixin.py:190} INFO - [2025-01-12T22:31:08.472+0000] {override.py:1911} INFO - Created Permission View: can edit on DAG:example_xcom_args_with_operators
[2025-01-12T22:31:08.609+0000] {logging_mixin.py:190} INFO - [2025-01-12T22:31:08.609+0000] {override.py:1911} INFO - Created Permission View: menu access on DAG Run:example_xcom_args_with_operators
[2025-01-12T22:31:08.655+0000] {logging_mixin.py:190} INFO - [2025-01-12T22:31:08.654+0000] {override.py:1911} INFO - Created Permission View: can create on DAG Run:example_xcom_args_with_operators
[2025-01-12T22:31:08.698+0000] {logging_mixin.py:190} INFO - [2025-01-12T22:31:08.698+0000] {override.py:1911} INFO - Created Permission View: can read on DAG Run:example_xcom_args_with_operators
[2025-01-12T22:31:08.784+0000] {logging_mixin.py:190} INFO - [2025-01-12T22:31:08.784+0000] {override.py:1911} INFO - Created Permission View: can delete on DAG Run:example_xcom_args_with_operators
[2025-01-12T22:31:09.007+0000] {logging_mixin.py:190} INFO - [2025-01-12T22:31:09.006+0000] {override.py:1911} INFO - Created Permission View: can read on DAG:example_xcom_args
[2025-01-12T22:31:09.107+0000] {logging_mixin.py:190} INFO - [2025-01-12T22:31:09.106+0000] {override.py:1911} INFO - Created Permission View: can delete on DAG:example_xcom_args
[2025-01-12T22:31:09.221+0000] {logging_mixin.py:190} INFO - [2025-01-12T22:31:09.220+0000] {override.py:1911} INFO - Created Permission View: can edit on DAG:example_xcom_args
[2025-01-12T22:31:09.407+0000] {logging_mixin.py:190} INFO - [2025-01-12T22:31:09.406+0000] {override.py:1911} INFO - Created Permission View: menu access on DAG Run:example_xcom_args
[2025-01-12T22:31:09.499+0000] {logging_mixin.py:190} INFO - [2025-01-12T22:31:09.499+0000] {override.py:1911} INFO - Created Permission View: can create on DAG Run:example_xcom_args
[2025-01-12T22:31:09.588+0000] {logging_mixin.py:190} INFO - [2025-01-12T22:31:09.588+0000] {override.py:1911} INFO - Created Permission View: can read on DAG Run:example_xcom_args
[2025-01-12T22:31:09.655+0000] {logging_mixin.py:190} INFO - [2025-01-12T22:31:09.654+0000] {override.py:1911} INFO - Created Permission View: can delete on DAG Run:example_xcom_args
[2025-01-12T22:31:09.656+0000] {logging_mixin.py:190} INFO - [2025-01-12T22:31:09.655+0000] {dag.py:3239} INFO - Sync 2 DAGs
[2025-01-12T22:31:09.671+0000] {logging_mixin.py:190} INFO - [2025-01-12T22:31:09.671+0000] {dag.py:3262} INFO - Creating ORM DAG for example_xcom_args_with_operators
[2025-01-12T22:31:09.672+0000] {logging_mixin.py:190} INFO - [2025-01-12T22:31:09.672+0000] {dag.py:3262} INFO - Creating ORM DAG for example_xcom_args
[2025-01-12T22:31:09.673+0000] {logging_mixin.py:190} INFO - [2025-01-12T22:31:09.673+0000] {dag.py:4180} INFO - Setting next_dagrun for example_xcom_args to None, run_after=None
[2025-01-12T22:31:09.674+0000] {logging_mixin.py:190} INFO - [2025-01-12T22:31:09.674+0000] {dag.py:4180} INFO - Setting next_dagrun for example_xcom_args_with_operators to None, run_after=None
[2025-01-12T22:31:09.764+0000] {processor.py:208} INFO - Processing /home/airflow/.local/lib/python3.12/site-packages/airflow/example_dags/example_xcomargs.py took 1.905 seconds
[2025-01-12T22:31:40.278+0000] {processor.py:186} INFO - Started process (PID=190) to work on /home/airflow/.local/lib/python3.12/site-packages/airflow/example_dags/example_xcomargs.py
[2025-01-12T22:31:40.279+0000] {processor.py:914} INFO - Processing file /home/airflow/.local/lib/python3.12/site-packages/airflow/example_dags/example_xcomargs.py for tasks to queue
[2025-01-12T22:31:40.282+0000] {logging_mixin.py:190} INFO - [2025-01-12T22:31:40.282+0000] {dagbag.py:588} INFO - Filling up the DagBag from /home/airflow/.local/lib/python3.12/site-packages/airflow/example_dags/example_xcomargs.py
[2025-01-12T22:31:40.294+0000] {processor.py:925} INFO - DAG(s) 'example_xcom_args_with_operators', 'example_xcom_args' retrieved from /home/airflow/.local/lib/python3.12/site-packages/airflow/example_dags/example_xcomargs.py
[2025-01-12T22:31:40.324+0000] {logging_mixin.py:190} INFO - [2025-01-12T22:31:40.324+0000] {dag.py:3239} INFO - Sync 2 DAGs
[2025-01-12T22:31:40.343+0000] {logging_mixin.py:190} INFO - [2025-01-12T22:31:40.343+0000] {dag.py:4180} INFO - Setting next_dagrun for example_xcom_args to None, run_after=None
[2025-01-12T22:31:40.348+0000] {logging_mixin.py:190} INFO - [2025-01-12T22:31:40.348+0000] {dag.py:4180} INFO - Setting next_dagrun for example_xcom_args_with_operators to None, run_after=None
[2025-01-12T22:31:40.415+0000] {processor.py:208} INFO - Processing /home/airflow/.local/lib/python3.12/site-packages/airflow/example_dags/example_xcomargs.py took 0.144 seconds
[2025-01-12T22:32:10.527+0000] {processor.py:186} INFO - Started process (PID=253) to work on /home/airflow/.local/lib/python3.12/site-packages/airflow/example_dags/example_xcomargs.py
[2025-01-12T22:32:10.529+0000] {processor.py:914} INFO - Processing file /home/airflow/.local/lib/python3.12/site-packages/airflow/example_dags/example_xcomargs.py for tasks to queue
[2025-01-12T22:32:10.532+0000] {logging_mixin.py:190} INFO - [2025-01-12T22:32:10.532+0000] {dagbag.py:588} INFO - Filling up the DagBag from /home/airflow/.local/lib/python3.12/site-packages/airflow/example_dags/example_xcomargs.py
[2025-01-12T22:32:10.547+0000] {processor.py:925} INFO - DAG(s) 'example_xcom_args_with_operators', 'example_xcom_args' retrieved from /home/airflow/.local/lib/python3.12/site-packages/airflow/example_dags/example_xcomargs.py
[2025-01-12T22:32:10.582+0000] {logging_mixin.py:190} INFO - [2025-01-12T22:32:10.582+0000] {dag.py:3239} INFO - Sync 2 DAGs
[2025-01-12T22:32:10.606+0000] {logging_mixin.py:190} INFO - [2025-01-12T22:32:10.606+0000] {dag.py:4180} INFO - Setting next_dagrun for example_xcom_args to None, run_after=None
[2025-01-12T22:32:10.611+0000] {logging_mixin.py:190} INFO - [2025-01-12T22:32:10.611+0000] {dag.py:4180} INFO - Setting next_dagrun for example_xcom_args_with_operators to None, run_after=None
[2025-01-12T22:32:10.860+0000] {processor.py:208} INFO - Processing /home/airflow/.local/lib/python3.12/site-packages/airflow/example_dags/example_xcomargs.py took 0.341 seconds
[2025-01-12T22:32:41.107+0000] {processor.py:186} INFO - Started process (PID=315) to work on /home/airflow/.local/lib/python3.12/site-packages/airflow/example_dags/example_xcomargs.py
[2025-01-12T22:32:41.108+0000] {processor.py:914} INFO - Processing file /home/airflow/.local/lib/python3.12/site-packages/airflow/example_dags/example_xcomargs.py for tasks to queue
[2025-01-12T22:32:41.111+0000] {logging_mixin.py:190} INFO - [2025-01-12T22:32:41.111+0000] {dagbag.py:588} INFO - Filling up the DagBag from /home/airflow/.local/lib/python3.12/site-packages/airflow/example_dags/example_xcomargs.py
[2025-01-12T22:32:41.122+0000] {processor.py:925} INFO - DAG(s) 'example_xcom_args', 'example_xcom_args_with_operators' retrieved from /home/airflow/.local/lib/python3.12/site-packages/airflow/example_dags/example_xcomargs.py
[2025-01-12T22:32:41.173+0000] {logging_mixin.py:190} INFO - [2025-01-12T22:32:41.172+0000] {dag.py:3239} INFO - Sync 2 DAGs
[2025-01-12T22:32:41.193+0000] {logging_mixin.py:190} INFO - [2025-01-12T22:32:41.193+0000] {dag.py:4180} INFO - Setting next_dagrun for example_xcom_args to None, run_after=None
[2025-01-12T22:32:41.199+0000] {logging_mixin.py:190} INFO - [2025-01-12T22:32:41.198+0000] {dag.py:4180} INFO - Setting next_dagrun for example_xcom_args_with_operators to None, run_after=None
[2025-01-12T22:32:41.341+0000] {processor.py:208} INFO - Processing /home/airflow/.local/lib/python3.12/site-packages/airflow/example_dags/example_xcomargs.py took 0.241 seconds
[2025-01-12T22:58:22.221+0000] {processor.py:186} INFO - Started process (PID=114) to work on /home/airflow/.local/lib/python3.12/site-packages/airflow/example_dags/example_xcomargs.py
[2025-01-12T22:58:22.223+0000] {processor.py:914} INFO - Processing file /home/airflow/.local/lib/python3.12/site-packages/airflow/example_dags/example_xcomargs.py for tasks to queue
[2025-01-12T22:58:22.225+0000] {logging_mixin.py:190} INFO - [2025-01-12T22:58:22.225+0000] {dagbag.py:588} INFO - Filling up the DagBag from /home/airflow/.local/lib/python3.12/site-packages/airflow/example_dags/example_xcomargs.py
[2025-01-12T22:58:22.236+0000] {processor.py:925} INFO - DAG(s) 'example_xcom_args', 'example_xcom_args_with_operators' retrieved from /home/airflow/.local/lib/python3.12/site-packages/airflow/example_dags/example_xcomargs.py
[2025-01-12T22:58:22.265+0000] {logging_mixin.py:190} INFO - [2025-01-12T22:58:22.264+0000] {dag.py:3239} INFO - Sync 2 DAGs
[2025-01-12T22:58:22.282+0000] {logging_mixin.py:190} INFO - [2025-01-12T22:58:22.281+0000] {dag.py:4180} INFO - Setting next_dagrun for example_xcom_args to None, run_after=None
[2025-01-12T22:58:22.286+0000] {logging_mixin.py:190} INFO - [2025-01-12T22:58:22.286+0000] {dag.py:4180} INFO - Setting next_dagrun for example_xcom_args_with_operators to None, run_after=None
[2025-01-12T22:58:22.464+0000] {processor.py:208} INFO - Processing /home/airflow/.local/lib/python3.12/site-packages/airflow/example_dags/example_xcomargs.py took 0.249 seconds
[2025-01-12T22:58:53.344+0000] {processor.py:186} INFO - Started process (PID=178) to work on /home/airflow/.local/lib/python3.12/site-packages/airflow/example_dags/example_xcomargs.py
[2025-01-12T22:58:53.346+0000] {processor.py:914} INFO - Processing file /home/airflow/.local/lib/python3.12/site-packages/airflow/example_dags/example_xcomargs.py for tasks to queue
[2025-01-12T22:58:53.349+0000] {logging_mixin.py:190} INFO - [2025-01-12T22:58:53.349+0000] {dagbag.py:588} INFO - Filling up the DagBag from /home/airflow/.local/lib/python3.12/site-packages/airflow/example_dags/example_xcomargs.py
[2025-01-12T22:58:53.362+0000] {processor.py:925} INFO - DAG(s) 'example_xcom_args_with_operators', 'example_xcom_args' retrieved from /home/airflow/.local/lib/python3.12/site-packages/airflow/example_dags/example_xcomargs.py
[2025-01-12T22:58:53.390+0000] {logging_mixin.py:190} INFO - [2025-01-12T22:58:53.390+0000] {dag.py:3239} INFO - Sync 2 DAGs
[2025-01-12T22:58:53.408+0000] {logging_mixin.py:190} INFO - [2025-01-12T22:58:53.408+0000] {dag.py:4180} INFO - Setting next_dagrun for example_xcom_args to None, run_after=None
[2025-01-12T22:58:53.413+0000] {logging_mixin.py:190} INFO - [2025-01-12T22:58:53.413+0000] {dag.py:4180} INFO - Setting next_dagrun for example_xcom_args_with_operators to None, run_after=None
[2025-01-12T22:58:53.464+0000] {processor.py:208} INFO - Processing /home/airflow/.local/lib/python3.12/site-packages/airflow/example_dags/example_xcomargs.py took 0.126 seconds
[2025-01-12T22:59:24.588+0000] {processor.py:186} INFO - Started process (PID=241) to work on /home/airflow/.local/lib/python3.12/site-packages/airflow/example_dags/example_xcomargs.py
[2025-01-12T22:59:24.589+0000] {processor.py:914} INFO - Processing file /home/airflow/.local/lib/python3.12/site-packages/airflow/example_dags/example_xcomargs.py for tasks to queue
[2025-01-12T22:59:24.592+0000] {logging_mixin.py:190} INFO - [2025-01-12T22:59:24.592+0000] {dagbag.py:588} INFO - Filling up the DagBag from /home/airflow/.local/lib/python3.12/site-packages/airflow/example_dags/example_xcomargs.py
[2025-01-12T22:59:24.604+0000] {processor.py:925} INFO - DAG(s) 'example_xcom_args', 'example_xcom_args_with_operators' retrieved from /home/airflow/.local/lib/python3.12/site-packages/airflow/example_dags/example_xcomargs.py
[2025-01-12T22:59:24.630+0000] {logging_mixin.py:190} INFO - [2025-01-12T22:59:24.630+0000] {dag.py:3239} INFO - Sync 2 DAGs
[2025-01-12T22:59:24.647+0000] {logging_mixin.py:190} INFO - [2025-01-12T22:59:24.647+0000] {dag.py:4180} INFO - Setting next_dagrun for example_xcom_args to None, run_after=None
[2025-01-12T22:59:24.652+0000] {logging_mixin.py:190} INFO - [2025-01-12T22:59:24.652+0000] {dag.py:4180} INFO - Setting next_dagrun for example_xcom_args_with_operators to None, run_after=None
[2025-01-12T22:59:24.872+0000] {processor.py:208} INFO - Processing /home/airflow/.local/lib/python3.12/site-packages/airflow/example_dags/example_xcomargs.py took 0.291 seconds
[2025-01-12T22:59:56.273+0000] {processor.py:186} INFO - Started process (PID=303) to work on /home/airflow/.local/lib/python3.12/site-packages/airflow/example_dags/example_xcomargs.py
[2025-01-12T22:59:56.274+0000] {processor.py:914} INFO - Processing file /home/airflow/.local/lib/python3.12/site-packages/airflow/example_dags/example_xcomargs.py for tasks to queue
[2025-01-12T22:59:56.277+0000] {logging_mixin.py:190} INFO - [2025-01-12T22:59:56.277+0000] {dagbag.py:588} INFO - Filling up the DagBag from /home/airflow/.local/lib/python3.12/site-packages/airflow/example_dags/example_xcomargs.py
[2025-01-12T22:59:56.292+0000] {processor.py:925} INFO - DAG(s) 'example_xcom_args_with_operators', 'example_xcom_args' retrieved from /home/airflow/.local/lib/python3.12/site-packages/airflow/example_dags/example_xcomargs.py
[2025-01-12T22:59:56.321+0000] {logging_mixin.py:190} INFO - [2025-01-12T22:59:56.320+0000] {dag.py:3239} INFO - Sync 2 DAGs
[2025-01-12T22:59:56.337+0000] {logging_mixin.py:190} INFO - [2025-01-12T22:59:56.337+0000] {dag.py:4180} INFO - Setting next_dagrun for example_xcom_args to None, run_after=None
[2025-01-12T22:59:56.342+0000] {logging_mixin.py:190} INFO - [2025-01-12T22:59:56.342+0000] {dag.py:4180} INFO - Setting next_dagrun for example_xcom_args_with_operators to None, run_after=None
[2025-01-12T22:59:56.392+0000] {processor.py:208} INFO - Processing /home/airflow/.local/lib/python3.12/site-packages/airflow/example_dags/example_xcomargs.py took 0.128 seconds
[2025-01-12T23:00:28.286+0000] {processor.py:186} INFO - Started process (PID=366) to work on /home/airflow/.local/lib/python3.12/site-packages/airflow/example_dags/example_xcomargs.py
[2025-01-12T23:00:28.287+0000] {processor.py:914} INFO - Processing file /home/airflow/.local/lib/python3.12/site-packages/airflow/example_dags/example_xcomargs.py for tasks to queue
[2025-01-12T23:00:28.290+0000] {logging_mixin.py:190} INFO - [2025-01-12T23:00:28.290+0000] {dagbag.py:588} INFO - Filling up the DagBag from /home/airflow/.local/lib/python3.12/site-packages/airflow/example_dags/example_xcomargs.py
[2025-01-12T23:00:28.303+0000] {processor.py:925} INFO - DAG(s) 'example_xcom_args_with_operators', 'example_xcom_args' retrieved from /home/airflow/.local/lib/python3.12/site-packages/airflow/example_dags/example_xcomargs.py
[2025-01-12T23:00:28.335+0000] {logging_mixin.py:190} INFO - [2025-01-12T23:00:28.335+0000] {dag.py:3239} INFO - Sync 2 DAGs
[2025-01-12T23:00:28.354+0000] {logging_mixin.py:190} INFO - [2025-01-12T23:00:28.354+0000] {dag.py:4180} INFO - Setting next_dagrun for example_xcom_args to None, run_after=None
[2025-01-12T23:00:28.359+0000] {logging_mixin.py:190} INFO - [2025-01-12T23:00:28.359+0000] {dag.py:4180} INFO - Setting next_dagrun for example_xcom_args_with_operators to None, run_after=None
[2025-01-12T23:00:28.431+0000] {processor.py:208} INFO - Processing /home/airflow/.local/lib/python3.12/site-packages/airflow/example_dags/example_xcomargs.py took 0.153 seconds
[2025-01-12T23:01:00.424+0000] {processor.py:186} INFO - Started process (PID=429) to work on /home/airflow/.local/lib/python3.12/site-packages/airflow/example_dags/example_xcomargs.py
[2025-01-12T23:01:00.426+0000] {processor.py:914} INFO - Processing file /home/airflow/.local/lib/python3.12/site-packages/airflow/example_dags/example_xcomargs.py for tasks to queue
[2025-01-12T23:01:00.429+0000] {logging_mixin.py:190} INFO - [2025-01-12T23:01:00.428+0000] {dagbag.py:588} INFO - Filling up the DagBag from /home/airflow/.local/lib/python3.12/site-packages/airflow/example_dags/example_xcomargs.py
[2025-01-12T23:01:00.442+0000] {processor.py:925} INFO - DAG(s) 'example_xcom_args', 'example_xcom_args_with_operators' retrieved from /home/airflow/.local/lib/python3.12/site-packages/airflow/example_dags/example_xcomargs.py
[2025-01-12T23:01:00.478+0000] {logging_mixin.py:190} INFO - [2025-01-12T23:01:00.477+0000] {dag.py:3239} INFO - Sync 2 DAGs
[2025-01-12T23:01:00.504+0000] {logging_mixin.py:190} INFO - [2025-01-12T23:01:00.504+0000] {dag.py:4180} INFO - Setting next_dagrun for example_xcom_args to None, run_after=None
[2025-01-12T23:01:00.509+0000] {logging_mixin.py:190} INFO - [2025-01-12T23:01:00.509+0000] {dag.py:4180} INFO - Setting next_dagrun for example_xcom_args_with_operators to None, run_after=None
[2025-01-12T23:01:00.590+0000] {processor.py:208} INFO - Processing /home/airflow/.local/lib/python3.12/site-packages/airflow/example_dags/example_xcomargs.py took 0.174 seconds
[2025-01-12T23:01:31.291+0000] {processor.py:186} INFO - Started process (PID=491) to work on /home/airflow/.local/lib/python3.12/site-packages/airflow/example_dags/example_xcomargs.py
[2025-01-12T23:01:31.293+0000] {processor.py:914} INFO - Processing file /home/airflow/.local/lib/python3.12/site-packages/airflow/example_dags/example_xcomargs.py for tasks to queue
[2025-01-12T23:01:31.296+0000] {logging_mixin.py:190} INFO - [2025-01-12T23:01:31.295+0000] {dagbag.py:588} INFO - Filling up the DagBag from /home/airflow/.local/lib/python3.12/site-packages/airflow/example_dags/example_xcomargs.py
[2025-01-12T23:01:31.308+0000] {processor.py:925} INFO - DAG(s) 'example_xcom_args_with_operators', 'example_xcom_args' retrieved from /home/airflow/.local/lib/python3.12/site-packages/airflow/example_dags/example_xcomargs.py
[2025-01-12T23:01:31.334+0000] {logging_mixin.py:190} INFO - [2025-01-12T23:01:31.333+0000] {dag.py:3239} INFO - Sync 2 DAGs
[2025-01-12T23:01:31.351+0000] {logging_mixin.py:190} INFO - [2025-01-12T23:01:31.350+0000] {dag.py:4180} INFO - Setting next_dagrun for example_xcom_args to None, run_after=None
[2025-01-12T23:01:31.355+0000] {logging_mixin.py:190} INFO - [2025-01-12T23:01:31.355+0000] {dag.py:4180} INFO - Setting next_dagrun for example_xcom_args_with_operators to None, run_after=None
[2025-01-12T23:01:31.408+0000] {processor.py:208} INFO - Processing /home/airflow/.local/lib/python3.12/site-packages/airflow/example_dags/example_xcomargs.py took 0.124 seconds
[2025-01-12T23:02:03.239+0000] {processor.py:186} INFO - Started process (PID=554) to work on /home/airflow/.local/lib/python3.12/site-packages/airflow/example_dags/example_xcomargs.py
[2025-01-12T23:02:03.309+0000] {processor.py:914} INFO - Processing file /home/airflow/.local/lib/python3.12/site-packages/airflow/example_dags/example_xcomargs.py for tasks to queue
[2025-01-12T23:02:03.313+0000] {logging_mixin.py:190} INFO - [2025-01-12T23:02:03.312+0000] {dagbag.py:588} INFO - Filling up the DagBag from /home/airflow/.local/lib/python3.12/site-packages/airflow/example_dags/example_xcomargs.py
[2025-01-12T23:02:03.324+0000] {processor.py:925} INFO - DAG(s) 'example_xcom_args', 'example_xcom_args_with_operators' retrieved from /home/airflow/.local/lib/python3.12/site-packages/airflow/example_dags/example_xcomargs.py
[2025-01-12T23:02:03.351+0000] {logging_mixin.py:190} INFO - [2025-01-12T23:02:03.350+0000] {dag.py:3239} INFO - Sync 2 DAGs
[2025-01-12T23:02:03.367+0000] {logging_mixin.py:190} INFO - [2025-01-12T23:02:03.367+0000] {dag.py:4180} INFO - Setting next_dagrun for example_xcom_args to None, run_after=None
[2025-01-12T23:02:03.372+0000] {logging_mixin.py:190} INFO - [2025-01-12T23:02:03.372+0000] {dag.py:4180} INFO - Setting next_dagrun for example_xcom_args_with_operators to None, run_after=None
[2025-01-12T23:02:03.505+0000] {processor.py:208} INFO - Processing /home/airflow/.local/lib/python3.12/site-packages/airflow/example_dags/example_xcomargs.py took 0.272 seconds
[2025-01-12T23:02:34.069+0000] {processor.py:186} INFO - Started process (PID=617) to work on /home/airflow/.local/lib/python3.12/site-packages/airflow/example_dags/example_xcomargs.py
[2025-01-12T23:02:34.070+0000] {processor.py:914} INFO - Processing file /home/airflow/.local/lib/python3.12/site-packages/airflow/example_dags/example_xcomargs.py for tasks to queue
[2025-01-12T23:02:34.073+0000] {logging_mixin.py:190} INFO - [2025-01-12T23:02:34.073+0000] {dagbag.py:588} INFO - Filling up the DagBag from /home/airflow/.local/lib/python3.12/site-packages/airflow/example_dags/example_xcomargs.py
[2025-01-12T23:02:34.085+0000] {processor.py:925} INFO - DAG(s) 'example_xcom_args_with_operators', 'example_xcom_args' retrieved from /home/airflow/.local/lib/python3.12/site-packages/airflow/example_dags/example_xcomargs.py
[2025-01-12T23:02:34.114+0000] {logging_mixin.py:190} INFO - [2025-01-12T23:02:34.113+0000] {dag.py:3239} INFO - Sync 2 DAGs
[2025-01-12T23:02:34.134+0000] {logging_mixin.py:190} INFO - [2025-01-12T23:02:34.133+0000] {dag.py:4180} INFO - Setting next_dagrun for example_xcom_args to None, run_after=None
[2025-01-12T23:02:34.138+0000] {logging_mixin.py:190} INFO - [2025-01-12T23:02:34.138+0000] {dag.py:4180} INFO - Setting next_dagrun for example_xcom_args_with_operators to None, run_after=None
[2025-01-12T23:02:34.225+0000] {processor.py:208} INFO - Processing /home/airflow/.local/lib/python3.12/site-packages/airflow/example_dags/example_xcomargs.py took 0.163 seconds
[2025-01-12T23:03:05.571+0000] {processor.py:186} INFO - Started process (PID=680) to work on /home/airflow/.local/lib/python3.12/site-packages/airflow/example_dags/example_xcomargs.py
[2025-01-12T23:03:05.572+0000] {processor.py:914} INFO - Processing file /home/airflow/.local/lib/python3.12/site-packages/airflow/example_dags/example_xcomargs.py for tasks to queue
[2025-01-12T23:03:05.575+0000] {logging_mixin.py:190} INFO - [2025-01-12T23:03:05.574+0000] {dagbag.py:588} INFO - Filling up the DagBag from /home/airflow/.local/lib/python3.12/site-packages/airflow/example_dags/example_xcomargs.py
[2025-01-12T23:03:05.590+0000] {processor.py:925} INFO - DAG(s) 'example_xcom_args', 'example_xcom_args_with_operators' retrieved from /home/airflow/.local/lib/python3.12/site-packages/airflow/example_dags/example_xcomargs.py
[2025-01-12T23:03:05.618+0000] {logging_mixin.py:190} INFO - [2025-01-12T23:03:05.618+0000] {dag.py:3239} INFO - Sync 2 DAGs
[2025-01-12T23:03:05.637+0000] {logging_mixin.py:190} INFO - [2025-01-12T23:03:05.636+0000] {dag.py:4180} INFO - Setting next_dagrun for example_xcom_args to None, run_after=None
[2025-01-12T23:03:05.642+0000] {logging_mixin.py:190} INFO - [2025-01-12T23:03:05.642+0000] {dag.py:4180} INFO - Setting next_dagrun for example_xcom_args_with_operators to None, run_after=None
[2025-01-12T23:03:05.697+0000] {processor.py:208} INFO - Processing /home/airflow/.local/lib/python3.12/site-packages/airflow/example_dags/example_xcomargs.py took 0.135 seconds
[2025-01-12T23:03:36.491+0000] {processor.py:186} INFO - Started process (PID=743) to work on /home/airflow/.local/lib/python3.12/site-packages/airflow/example_dags/example_xcomargs.py
[2025-01-12T23:03:36.492+0000] {processor.py:914} INFO - Processing file /home/airflow/.local/lib/python3.12/site-packages/airflow/example_dags/example_xcomargs.py for tasks to queue
[2025-01-12T23:03:36.495+0000] {logging_mixin.py:190} INFO - [2025-01-12T23:03:36.495+0000] {dagbag.py:588} INFO - Filling up the DagBag from /home/airflow/.local/lib/python3.12/site-packages/airflow/example_dags/example_xcomargs.py
[2025-01-12T23:03:36.508+0000] {processor.py:925} INFO - DAG(s) 'example_xcom_args', 'example_xcom_args_with_operators' retrieved from /home/airflow/.local/lib/python3.12/site-packages/airflow/example_dags/example_xcomargs.py
[2025-01-12T23:03:36.535+0000] {logging_mixin.py:190} INFO - [2025-01-12T23:03:36.535+0000] {dag.py:3239} INFO - Sync 2 DAGs
[2025-01-12T23:03:36.555+0000] {logging_mixin.py:190} INFO - [2025-01-12T23:03:36.554+0000] {dag.py:4180} INFO - Setting next_dagrun for example_xcom_args to None, run_after=None
[2025-01-12T23:03:36.560+0000] {logging_mixin.py:190} INFO - [2025-01-12T23:03:36.560+0000] {dag.py:4180} INFO - Setting next_dagrun for example_xcom_args_with_operators to None, run_after=None
[2025-01-12T23:03:36.600+0000] {processor.py:208} INFO - Processing /home/airflow/.local/lib/python3.12/site-packages/airflow/example_dags/example_xcomargs.py took 0.116 seconds
[2025-01-12T23:04:07.972+0000] {processor.py:186} INFO - Started process (PID=806) to work on /home/airflow/.local/lib/python3.12/site-packages/airflow/example_dags/example_xcomargs.py
[2025-01-12T23:04:07.973+0000] {processor.py:914} INFO - Processing file /home/airflow/.local/lib/python3.12/site-packages/airflow/example_dags/example_xcomargs.py for tasks to queue
[2025-01-12T23:04:07.977+0000] {logging_mixin.py:190} INFO - [2025-01-12T23:04:07.976+0000] {dagbag.py:588} INFO - Filling up the DagBag from /home/airflow/.local/lib/python3.12/site-packages/airflow/example_dags/example_xcomargs.py
[2025-01-12T23:04:07.991+0000] {processor.py:925} INFO - DAG(s) 'example_xcom_args', 'example_xcom_args_with_operators' retrieved from /home/airflow/.local/lib/python3.12/site-packages/airflow/example_dags/example_xcomargs.py
[2025-01-12T23:04:08.029+0000] {logging_mixin.py:190} INFO - [2025-01-12T23:04:08.028+0000] {dag.py:3239} INFO - Sync 2 DAGs
[2025-01-12T23:04:08.051+0000] {logging_mixin.py:190} INFO - [2025-01-12T23:04:08.051+0000] {dag.py:4180} INFO - Setting next_dagrun for example_xcom_args to None, run_after=None
[2025-01-12T23:04:08.057+0000] {logging_mixin.py:190} INFO - [2025-01-12T23:04:08.057+0000] {dag.py:4180} INFO - Setting next_dagrun for example_xcom_args_with_operators to None, run_after=None
[2025-01-12T23:04:08.130+0000] {processor.py:208} INFO - Processing /home/airflow/.local/lib/python3.12/site-packages/airflow/example_dags/example_xcomargs.py took 0.168 seconds
[2025-01-12T23:04:39.348+0000] {processor.py:186} INFO - Started process (PID=869) to work on /home/airflow/.local/lib/python3.12/site-packages/airflow/example_dags/example_xcomargs.py
[2025-01-12T23:04:39.349+0000] {processor.py:914} INFO - Processing file /home/airflow/.local/lib/python3.12/site-packages/airflow/example_dags/example_xcomargs.py for tasks to queue
[2025-01-12T23:04:39.352+0000] {logging_mixin.py:190} INFO - [2025-01-12T23:04:39.352+0000] {dagbag.py:588} INFO - Filling up the DagBag from /home/airflow/.local/lib/python3.12/site-packages/airflow/example_dags/example_xcomargs.py
[2025-01-12T23:04:39.365+0000] {processor.py:925} INFO - DAG(s) 'example_xcom_args', 'example_xcom_args_with_operators' retrieved from /home/airflow/.local/lib/python3.12/site-packages/airflow/example_dags/example_xcomargs.py
[2025-01-12T23:04:39.400+0000] {logging_mixin.py:190} INFO - [2025-01-12T23:04:39.400+0000] {dag.py:3239} INFO - Sync 2 DAGs
[2025-01-12T23:04:39.426+0000] {logging_mixin.py:190} INFO - [2025-01-12T23:04:39.425+0000] {dag.py:4180} INFO - Setting next_dagrun for example_xcom_args to None, run_after=None
[2025-01-12T23:04:39.430+0000] {logging_mixin.py:190} INFO - [2025-01-12T23:04:39.430+0000] {dag.py:4180} INFO - Setting next_dagrun for example_xcom_args_with_operators to None, run_after=None
[2025-01-12T23:04:39.474+0000] {processor.py:208} INFO - Processing /home/airflow/.local/lib/python3.12/site-packages/airflow/example_dags/example_xcomargs.py took 0.134 seconds
[2025-01-12T23:05:10.665+0000] {processor.py:186} INFO - Started process (PID=932) to work on /home/airflow/.local/lib/python3.12/site-packages/airflow/example_dags/example_xcomargs.py
[2025-01-12T23:05:10.666+0000] {processor.py:914} INFO - Processing file /home/airflow/.local/lib/python3.12/site-packages/airflow/example_dags/example_xcomargs.py for tasks to queue
[2025-01-12T23:05:10.669+0000] {logging_mixin.py:190} INFO - [2025-01-12T23:05:10.669+0000] {dagbag.py:588} INFO - Filling up the DagBag from /home/airflow/.local/lib/python3.12/site-packages/airflow/example_dags/example_xcomargs.py
[2025-01-12T23:05:10.682+0000] {processor.py:925} INFO - DAG(s) 'example_xcom_args_with_operators', 'example_xcom_args' retrieved from /home/airflow/.local/lib/python3.12/site-packages/airflow/example_dags/example_xcomargs.py
[2025-01-12T23:05:10.710+0000] {logging_mixin.py:190} INFO - [2025-01-12T23:05:10.710+0000] {dag.py:3239} INFO - Sync 2 DAGs
[2025-01-12T23:05:10.730+0000] {logging_mixin.py:190} INFO - [2025-01-12T23:05:10.730+0000] {dag.py:4180} INFO - Setting next_dagrun for example_xcom_args to None, run_after=None
[2025-01-12T23:05:10.736+0000] {logging_mixin.py:190} INFO - [2025-01-12T23:05:10.736+0000] {dag.py:4180} INFO - Setting next_dagrun for example_xcom_args_with_operators to None, run_after=None
[2025-01-12T23:05:10.791+0000] {processor.py:208} INFO - Processing /home/airflow/.local/lib/python3.12/site-packages/airflow/example_dags/example_xcomargs.py took 0.133 seconds
