[2025-01-12T22:29:04.553+0000] {processor.py:186} INFO - Started process (PID=68) to work on /home/airflow/.local/lib/python3.12/site-packages/airflow/example_dags/example_sensors.py
[2025-01-12T22:29:04.554+0000] {processor.py:914} INFO - Processing file /home/airflow/.local/lib/python3.12/site-packages/airflow/example_dags/example_sensors.py for tasks to queue
[2025-01-12T22:29:04.557+0000] {logging_mixin.py:190} INFO - [2025-01-12T22:29:04.557+0000] {dagbag.py:588} INFO - Filling up the DagBag from /home/airflow/.local/lib/python3.12/site-packages/airflow/example_dags/example_sensors.py
[2025-01-12T22:29:04.666+0000] {processor.py:925} INFO - DAG(s) 'example_sensors' retrieved from /home/airflow/.local/lib/python3.12/site-packages/airflow/example_dags/example_sensors.py
[2025-01-12T22:29:05.194+0000] {logging_mixin.py:190} INFO - [2025-01-12T22:29:05.193+0000] {override.py:1911} INFO - Created Permission View: can read on DAG:example_sensors
[2025-01-12T22:29:05.707+0000] {logging_mixin.py:190} INFO - [2025-01-12T22:29:05.707+0000] {override.py:1911} INFO - Created Permission View: can delete on DAG:example_sensors
[2025-01-12T22:29:05.939+0000] {logging_mixin.py:190} INFO - [2025-01-12T22:29:05.939+0000] {override.py:1911} INFO - Created Permission View: can edit on DAG:example_sensors
[2025-01-12T22:29:08.962+0000] {logging_mixin.py:190} INFO - [2025-01-12T22:29:08.962+0000] {override.py:1911} INFO - Created Permission View: menu access on DAG Run:example_sensors
[2025-01-12T22:29:09.405+0000] {logging_mixin.py:190} INFO - [2025-01-12T22:29:09.405+0000] {override.py:1911} INFO - Created Permission View: can create on DAG Run:example_sensors
[2025-01-12T22:29:09.716+0000] {logging_mixin.py:190} INFO - [2025-01-12T22:29:09.716+0000] {override.py:1911} INFO - Created Permission View: can read on DAG Run:example_sensors
[2025-01-12T22:29:09.827+0000] {logging_mixin.py:190} INFO - [2025-01-12T22:29:09.827+0000] {override.py:1911} INFO - Created Permission View: can delete on DAG Run:example_sensors
[2025-01-12T22:29:09.828+0000] {logging_mixin.py:190} INFO - [2025-01-12T22:29:09.828+0000] {dag.py:3239} INFO - Sync 1 DAGs
[2025-01-12T22:29:09.852+0000] {logging_mixin.py:190} INFO - [2025-01-12T22:29:09.852+0000] {dag.py:3262} INFO - Creating ORM DAG for example_sensors
[2025-01-12T22:29:09.854+0000] {logging_mixin.py:190} INFO - [2025-01-12T22:29:09.853+0000] {dag.py:4180} INFO - Setting next_dagrun for example_sensors to None, run_after=None
[2025-01-12T22:29:10.203+0000] {processor.py:208} INFO - Processing /home/airflow/.local/lib/python3.12/site-packages/airflow/example_dags/example_sensors.py took 5.659 seconds
[2025-01-12T22:31:18.319+0000] {processor.py:186} INFO - Started process (PID=150) to work on /home/airflow/.local/lib/python3.12/site-packages/airflow/example_dags/example_sensors.py
[2025-01-12T22:31:18.386+0000] {processor.py:914} INFO - Processing file /home/airflow/.local/lib/python3.12/site-packages/airflow/example_dags/example_sensors.py for tasks to queue
[2025-01-12T22:31:18.392+0000] {logging_mixin.py:190} INFO - [2025-01-12T22:31:18.391+0000] {dagbag.py:588} INFO - Filling up the DagBag from /home/airflow/.local/lib/python3.12/site-packages/airflow/example_dags/example_sensors.py
[2025-01-12T22:31:18.492+0000] {processor.py:925} INFO - DAG(s) 'example_sensors' retrieved from /home/airflow/.local/lib/python3.12/site-packages/airflow/example_dags/example_sensors.py
[2025-01-12T22:31:18.541+0000] {logging_mixin.py:190} INFO - [2025-01-12T22:31:18.541+0000] {dag.py:3239} INFO - Sync 1 DAGs
[2025-01-12T22:31:18.559+0000] {logging_mixin.py:190} INFO - [2025-01-12T22:31:18.559+0000] {dag.py:4180} INFO - Setting next_dagrun for example_sensors to None, run_after=None
[2025-01-12T22:31:18.664+0000] {processor.py:208} INFO - Processing /home/airflow/.local/lib/python3.12/site-packages/airflow/example_dags/example_sensors.py took 0.353 seconds
[2025-01-12T22:31:48.761+0000] {processor.py:186} INFO - Started process (PID=212) to work on /home/airflow/.local/lib/python3.12/site-packages/airflow/example_dags/example_sensors.py
[2025-01-12T22:31:48.762+0000] {processor.py:914} INFO - Processing file /home/airflow/.local/lib/python3.12/site-packages/airflow/example_dags/example_sensors.py for tasks to queue
[2025-01-12T22:31:48.766+0000] {logging_mixin.py:190} INFO - [2025-01-12T22:31:48.765+0000] {dagbag.py:588} INFO - Filling up the DagBag from /home/airflow/.local/lib/python3.12/site-packages/airflow/example_dags/example_sensors.py
[2025-01-12T22:31:48.779+0000] {processor.py:925} INFO - DAG(s) 'example_sensors' retrieved from /home/airflow/.local/lib/python3.12/site-packages/airflow/example_dags/example_sensors.py
[2025-01-12T22:31:48.809+0000] {logging_mixin.py:190} INFO - [2025-01-12T22:31:48.808+0000] {dag.py:3239} INFO - Sync 1 DAGs
[2025-01-12T22:31:48.825+0000] {logging_mixin.py:190} INFO - [2025-01-12T22:31:48.824+0000] {dag.py:4180} INFO - Setting next_dagrun for example_sensors to None, run_after=None
[2025-01-12T22:31:49.056+0000] {processor.py:208} INFO - Processing /home/airflow/.local/lib/python3.12/site-packages/airflow/example_dags/example_sensors.py took 0.303 seconds
[2025-01-12T22:32:19.381+0000] {processor.py:186} INFO - Started process (PID=275) to work on /home/airflow/.local/lib/python3.12/site-packages/airflow/example_dags/example_sensors.py
[2025-01-12T22:32:19.383+0000] {processor.py:914} INFO - Processing file /home/airflow/.local/lib/python3.12/site-packages/airflow/example_dags/example_sensors.py for tasks to queue
[2025-01-12T22:32:19.387+0000] {logging_mixin.py:190} INFO - [2025-01-12T22:32:19.386+0000] {dagbag.py:588} INFO - Filling up the DagBag from /home/airflow/.local/lib/python3.12/site-packages/airflow/example_dags/example_sensors.py
[2025-01-12T22:32:19.404+0000] {processor.py:925} INFO - DAG(s) 'example_sensors' retrieved from /home/airflow/.local/lib/python3.12/site-packages/airflow/example_dags/example_sensors.py
[2025-01-12T22:32:19.455+0000] {logging_mixin.py:190} INFO - [2025-01-12T22:32:19.455+0000] {dag.py:3239} INFO - Sync 1 DAGs
[2025-01-12T22:32:19.480+0000] {logging_mixin.py:190} INFO - [2025-01-12T22:32:19.480+0000] {dag.py:4180} INFO - Setting next_dagrun for example_sensors to None, run_after=None
[2025-01-12T22:32:19.651+0000] {processor.py:208} INFO - Processing /home/airflow/.local/lib/python3.12/site-packages/airflow/example_dags/example_sensors.py took 0.279 seconds
[2025-01-12T22:32:50.119+0000] {processor.py:186} INFO - Started process (PID=338) to work on /home/airflow/.local/lib/python3.12/site-packages/airflow/example_dags/example_sensors.py
[2025-01-12T22:32:50.120+0000] {processor.py:914} INFO - Processing file /home/airflow/.local/lib/python3.12/site-packages/airflow/example_dags/example_sensors.py for tasks to queue
[2025-01-12T22:32:50.123+0000] {logging_mixin.py:190} INFO - [2025-01-12T22:32:50.122+0000] {dagbag.py:588} INFO - Filling up the DagBag from /home/airflow/.local/lib/python3.12/site-packages/airflow/example_dags/example_sensors.py
[2025-01-12T22:32:50.136+0000] {processor.py:925} INFO - DAG(s) 'example_sensors' retrieved from /home/airflow/.local/lib/python3.12/site-packages/airflow/example_dags/example_sensors.py
[2025-01-12T22:32:50.170+0000] {logging_mixin.py:190} INFO - [2025-01-12T22:32:50.170+0000] {dag.py:3239} INFO - Sync 1 DAGs
[2025-01-12T22:32:50.191+0000] {logging_mixin.py:190} INFO - [2025-01-12T22:32:50.191+0000] {dag.py:4180} INFO - Setting next_dagrun for example_sensors to None, run_after=None
[2025-01-12T22:32:50.326+0000] {processor.py:208} INFO - Processing /home/airflow/.local/lib/python3.12/site-packages/airflow/example_dags/example_sensors.py took 0.214 seconds
[2025-01-12T22:58:10.662+0000] {processor.py:186} INFO - Started process (PID=74) to work on /home/airflow/.local/lib/python3.12/site-packages/airflow/example_dags/example_sensors.py
[2025-01-12T22:58:10.664+0000] {processor.py:914} INFO - Processing file /home/airflow/.local/lib/python3.12/site-packages/airflow/example_dags/example_sensors.py for tasks to queue
[2025-01-12T22:58:10.669+0000] {logging_mixin.py:190} INFO - [2025-01-12T22:58:10.669+0000] {dagbag.py:588} INFO - Filling up the DagBag from /home/airflow/.local/lib/python3.12/site-packages/airflow/example_dags/example_sensors.py
[2025-01-12T22:58:10.682+0000] {processor.py:925} INFO - DAG(s) 'example_sensors' retrieved from /home/airflow/.local/lib/python3.12/site-packages/airflow/example_dags/example_sensors.py
[2025-01-12T22:58:10.718+0000] {logging_mixin.py:190} INFO - [2025-01-12T22:58:10.718+0000] {dag.py:3239} INFO - Sync 1 DAGs
[2025-01-12T22:58:10.734+0000] {logging_mixin.py:190} INFO - [2025-01-12T22:58:10.734+0000] {dag.py:4180} INFO - Setting next_dagrun for example_sensors to None, run_after=None
[2025-01-12T22:58:10.848+0000] {processor.py:208} INFO - Processing /home/airflow/.local/lib/python3.12/site-packages/airflow/example_dags/example_sensors.py took 0.199 seconds
[2025-01-12T22:58:40.916+0000] {processor.py:186} INFO - Started process (PID=137) to work on /home/airflow/.local/lib/python3.12/site-packages/airflow/example_dags/example_sensors.py
[2025-01-12T22:58:40.917+0000] {processor.py:914} INFO - Processing file /home/airflow/.local/lib/python3.12/site-packages/airflow/example_dags/example_sensors.py for tasks to queue
[2025-01-12T22:58:40.919+0000] {logging_mixin.py:190} INFO - [2025-01-12T22:58:40.919+0000] {dagbag.py:588} INFO - Filling up the DagBag from /home/airflow/.local/lib/python3.12/site-packages/airflow/example_dags/example_sensors.py
[2025-01-12T22:58:40.932+0000] {processor.py:925} INFO - DAG(s) 'example_sensors' retrieved from /home/airflow/.local/lib/python3.12/site-packages/airflow/example_dags/example_sensors.py
[2025-01-12T22:58:40.962+0000] {logging_mixin.py:190} INFO - [2025-01-12T22:58:40.962+0000] {dag.py:3239} INFO - Sync 1 DAGs
[2025-01-12T22:58:40.981+0000] {logging_mixin.py:190} INFO - [2025-01-12T22:58:40.980+0000] {dag.py:4180} INFO - Setting next_dagrun for example_sensors to None, run_after=None
[2025-01-12T22:58:41.085+0000] {processor.py:208} INFO - Processing /home/airflow/.local/lib/python3.12/site-packages/airflow/example_dags/example_sensors.py took 0.175 seconds
[2025-01-12T22:59:12.027+0000] {processor.py:186} INFO - Started process (PID=201) to work on /home/airflow/.local/lib/python3.12/site-packages/airflow/example_dags/example_sensors.py
[2025-01-12T22:59:12.028+0000] {processor.py:914} INFO - Processing file /home/airflow/.local/lib/python3.12/site-packages/airflow/example_dags/example_sensors.py for tasks to queue
[2025-01-12T22:59:12.031+0000] {logging_mixin.py:190} INFO - [2025-01-12T22:59:12.030+0000] {dagbag.py:588} INFO - Filling up the DagBag from /home/airflow/.local/lib/python3.12/site-packages/airflow/example_dags/example_sensors.py
[2025-01-12T22:59:12.044+0000] {processor.py:925} INFO - DAG(s) 'example_sensors' retrieved from /home/airflow/.local/lib/python3.12/site-packages/airflow/example_dags/example_sensors.py
[2025-01-12T22:59:12.076+0000] {logging_mixin.py:190} INFO - [2025-01-12T22:59:12.076+0000] {dag.py:3239} INFO - Sync 1 DAGs
[2025-01-12T22:59:12.092+0000] {logging_mixin.py:190} INFO - [2025-01-12T22:59:12.092+0000] {dag.py:4180} INFO - Setting next_dagrun for example_sensors to None, run_after=None
[2025-01-12T22:59:12.155+0000] {processor.py:208} INFO - Processing /home/airflow/.local/lib/python3.12/site-packages/airflow/example_dags/example_sensors.py took 0.135 seconds
[2025-01-12T22:59:42.879+0000] {processor.py:186} INFO - Started process (PID=264) to work on /home/airflow/.local/lib/python3.12/site-packages/airflow/example_dags/example_sensors.py
[2025-01-12T22:59:42.880+0000] {processor.py:914} INFO - Processing file /home/airflow/.local/lib/python3.12/site-packages/airflow/example_dags/example_sensors.py for tasks to queue
[2025-01-12T22:59:42.883+0000] {logging_mixin.py:190} INFO - [2025-01-12T22:59:42.883+0000] {dagbag.py:588} INFO - Filling up the DagBag from /home/airflow/.local/lib/python3.12/site-packages/airflow/example_dags/example_sensors.py
[2025-01-12T22:59:42.897+0000] {processor.py:925} INFO - DAG(s) 'example_sensors' retrieved from /home/airflow/.local/lib/python3.12/site-packages/airflow/example_dags/example_sensors.py
[2025-01-12T22:59:42.931+0000] {logging_mixin.py:190} INFO - [2025-01-12T22:59:42.931+0000] {dag.py:3239} INFO - Sync 1 DAGs
[2025-01-12T22:59:42.948+0000] {logging_mixin.py:190} INFO - [2025-01-12T22:59:42.947+0000] {dag.py:4180} INFO - Setting next_dagrun for example_sensors to None, run_after=None
[2025-01-12T22:59:42.997+0000] {processor.py:208} INFO - Processing /home/airflow/.local/lib/python3.12/site-packages/airflow/example_dags/example_sensors.py took 0.126 seconds
[2025-01-12T23:00:13.779+0000] {processor.py:186} INFO - Started process (PID=327) to work on /home/airflow/.local/lib/python3.12/site-packages/airflow/example_dags/example_sensors.py
[2025-01-12T23:00:13.780+0000] {processor.py:914} INFO - Processing file /home/airflow/.local/lib/python3.12/site-packages/airflow/example_dags/example_sensors.py for tasks to queue
[2025-01-12T23:00:13.783+0000] {logging_mixin.py:190} INFO - [2025-01-12T23:00:13.782+0000] {dagbag.py:588} INFO - Filling up the DagBag from /home/airflow/.local/lib/python3.12/site-packages/airflow/example_dags/example_sensors.py
[2025-01-12T23:00:13.795+0000] {processor.py:925} INFO - DAG(s) 'example_sensors' retrieved from /home/airflow/.local/lib/python3.12/site-packages/airflow/example_dags/example_sensors.py
[2025-01-12T23:00:13.827+0000] {logging_mixin.py:190} INFO - [2025-01-12T23:00:13.826+0000] {dag.py:3239} INFO - Sync 1 DAGs
[2025-01-12T23:00:13.844+0000] {logging_mixin.py:190} INFO - [2025-01-12T23:00:13.844+0000] {dag.py:4180} INFO - Setting next_dagrun for example_sensors to None, run_after=None
[2025-01-12T23:00:14.002+0000] {processor.py:208} INFO - Processing /home/airflow/.local/lib/python3.12/site-packages/airflow/example_dags/example_sensors.py took 0.230 seconds
[2025-01-12T23:00:44.063+0000] {processor.py:186} INFO - Started process (PID=390) to work on /home/airflow/.local/lib/python3.12/site-packages/airflow/example_dags/example_sensors.py
[2025-01-12T23:00:44.064+0000] {processor.py:914} INFO - Processing file /home/airflow/.local/lib/python3.12/site-packages/airflow/example_dags/example_sensors.py for tasks to queue
[2025-01-12T23:00:44.068+0000] {logging_mixin.py:190} INFO - [2025-01-12T23:00:44.067+0000] {dagbag.py:588} INFO - Filling up the DagBag from /home/airflow/.local/lib/python3.12/site-packages/airflow/example_dags/example_sensors.py
[2025-01-12T23:00:44.082+0000] {processor.py:925} INFO - DAG(s) 'example_sensors' retrieved from /home/airflow/.local/lib/python3.12/site-packages/airflow/example_dags/example_sensors.py
[2025-01-12T23:00:44.117+0000] {logging_mixin.py:190} INFO - [2025-01-12T23:00:44.117+0000] {dag.py:3239} INFO - Sync 1 DAGs
[2025-01-12T23:00:44.138+0000] {logging_mixin.py:190} INFO - [2025-01-12T23:00:44.137+0000] {dag.py:4180} INFO - Setting next_dagrun for example_sensors to None, run_after=None
[2025-01-12T23:00:44.291+0000] {processor.py:208} INFO - Processing /home/airflow/.local/lib/python3.12/site-packages/airflow/example_dags/example_sensors.py took 0.235 seconds
[2025-01-12T23:01:14.811+0000] {processor.py:186} INFO - Started process (PID=453) to work on /home/airflow/.local/lib/python3.12/site-packages/airflow/example_dags/example_sensors.py
[2025-01-12T23:01:14.812+0000] {processor.py:914} INFO - Processing file /home/airflow/.local/lib/python3.12/site-packages/airflow/example_dags/example_sensors.py for tasks to queue
[2025-01-12T23:01:14.814+0000] {logging_mixin.py:190} INFO - [2025-01-12T23:01:14.814+0000] {dagbag.py:588} INFO - Filling up the DagBag from /home/airflow/.local/lib/python3.12/site-packages/airflow/example_dags/example_sensors.py
[2025-01-12T23:01:14.828+0000] {processor.py:925} INFO - DAG(s) 'example_sensors' retrieved from /home/airflow/.local/lib/python3.12/site-packages/airflow/example_dags/example_sensors.py
[2025-01-12T23:01:14.867+0000] {logging_mixin.py:190} INFO - [2025-01-12T23:01:14.867+0000] {dag.py:3239} INFO - Sync 1 DAGs
[2025-01-12T23:01:14.885+0000] {logging_mixin.py:190} INFO - [2025-01-12T23:01:14.885+0000] {dag.py:4180} INFO - Setting next_dagrun for example_sensors to None, run_after=None
[2025-01-12T23:01:14.961+0000] {processor.py:208} INFO - Processing /home/airflow/.local/lib/python3.12/site-packages/airflow/example_dags/example_sensors.py took 0.158 seconds
[2025-01-12T23:01:45.693+0000] {processor.py:186} INFO - Started process (PID=515) to work on /home/airflow/.local/lib/python3.12/site-packages/airflow/example_dags/example_sensors.py
[2025-01-12T23:01:45.694+0000] {processor.py:914} INFO - Processing file /home/airflow/.local/lib/python3.12/site-packages/airflow/example_dags/example_sensors.py for tasks to queue
[2025-01-12T23:01:45.697+0000] {logging_mixin.py:190} INFO - [2025-01-12T23:01:45.697+0000] {dagbag.py:588} INFO - Filling up the DagBag from /home/airflow/.local/lib/python3.12/site-packages/airflow/example_dags/example_sensors.py
[2025-01-12T23:01:45.713+0000] {processor.py:925} INFO - DAG(s) 'example_sensors' retrieved from /home/airflow/.local/lib/python3.12/site-packages/airflow/example_dags/example_sensors.py
[2025-01-12T23:01:45.744+0000] {logging_mixin.py:190} INFO - [2025-01-12T23:01:45.744+0000] {dag.py:3239} INFO - Sync 1 DAGs
[2025-01-12T23:01:45.761+0000] {logging_mixin.py:190} INFO - [2025-01-12T23:01:45.761+0000] {dag.py:4180} INFO - Setting next_dagrun for example_sensors to None, run_after=None
[2025-01-12T23:01:45.820+0000] {processor.py:208} INFO - Processing /home/airflow/.local/lib/python3.12/site-packages/airflow/example_dags/example_sensors.py took 0.135 seconds
[2025-01-12T23:02:16.667+0000] {processor.py:186} INFO - Started process (PID=578) to work on /home/airflow/.local/lib/python3.12/site-packages/airflow/example_dags/example_sensors.py
[2025-01-12T23:02:16.668+0000] {processor.py:914} INFO - Processing file /home/airflow/.local/lib/python3.12/site-packages/airflow/example_dags/example_sensors.py for tasks to queue
[2025-01-12T23:02:16.671+0000] {logging_mixin.py:190} INFO - [2025-01-12T23:02:16.670+0000] {dagbag.py:588} INFO - Filling up the DagBag from /home/airflow/.local/lib/python3.12/site-packages/airflow/example_dags/example_sensors.py
[2025-01-12T23:02:16.684+0000] {processor.py:925} INFO - DAG(s) 'example_sensors' retrieved from /home/airflow/.local/lib/python3.12/site-packages/airflow/example_dags/example_sensors.py
[2025-01-12T23:02:16.713+0000] {logging_mixin.py:190} INFO - [2025-01-12T23:02:16.713+0000] {dag.py:3239} INFO - Sync 1 DAGs
[2025-01-12T23:02:16.731+0000] {logging_mixin.py:190} INFO - [2025-01-12T23:02:16.731+0000] {dag.py:4180} INFO - Setting next_dagrun for example_sensors to None, run_after=None
[2025-01-12T23:02:16.781+0000] {processor.py:208} INFO - Processing /home/airflow/.local/lib/python3.12/site-packages/airflow/example_dags/example_sensors.py took 0.122 seconds
[2025-01-12T23:02:47.627+0000] {processor.py:186} INFO - Started process (PID=641) to work on /home/airflow/.local/lib/python3.12/site-packages/airflow/example_dags/example_sensors.py
[2025-01-12T23:02:47.628+0000] {processor.py:914} INFO - Processing file /home/airflow/.local/lib/python3.12/site-packages/airflow/example_dags/example_sensors.py for tasks to queue
[2025-01-12T23:02:47.631+0000] {logging_mixin.py:190} INFO - [2025-01-12T23:02:47.631+0000] {dagbag.py:588} INFO - Filling up the DagBag from /home/airflow/.local/lib/python3.12/site-packages/airflow/example_dags/example_sensors.py
[2025-01-12T23:02:47.646+0000] {processor.py:925} INFO - DAG(s) 'example_sensors' retrieved from /home/airflow/.local/lib/python3.12/site-packages/airflow/example_dags/example_sensors.py
[2025-01-12T23:02:47.677+0000] {logging_mixin.py:190} INFO - [2025-01-12T23:02:47.676+0000] {dag.py:3239} INFO - Sync 1 DAGs
[2025-01-12T23:02:47.694+0000] {logging_mixin.py:190} INFO - [2025-01-12T23:02:47.693+0000] {dag.py:4180} INFO - Setting next_dagrun for example_sensors to None, run_after=None
[2025-01-12T23:02:47.779+0000] {processor.py:208} INFO - Processing /home/airflow/.local/lib/python3.12/site-packages/airflow/example_dags/example_sensors.py took 0.161 seconds
[2025-01-12T23:03:18.312+0000] {processor.py:186} INFO - Started process (PID=704) to work on /home/airflow/.local/lib/python3.12/site-packages/airflow/example_dags/example_sensors.py
[2025-01-12T23:03:18.313+0000] {processor.py:914} INFO - Processing file /home/airflow/.local/lib/python3.12/site-packages/airflow/example_dags/example_sensors.py for tasks to queue
[2025-01-12T23:03:18.316+0000] {logging_mixin.py:190} INFO - [2025-01-12T23:03:18.316+0000] {dagbag.py:588} INFO - Filling up the DagBag from /home/airflow/.local/lib/python3.12/site-packages/airflow/example_dags/example_sensors.py
[2025-01-12T23:03:18.331+0000] {processor.py:925} INFO - DAG(s) 'example_sensors' retrieved from /home/airflow/.local/lib/python3.12/site-packages/airflow/example_dags/example_sensors.py
[2025-01-12T23:03:18.363+0000] {logging_mixin.py:190} INFO - [2025-01-12T23:03:18.363+0000] {dag.py:3239} INFO - Sync 1 DAGs
[2025-01-12T23:03:18.380+0000] {logging_mixin.py:190} INFO - [2025-01-12T23:03:18.380+0000] {dag.py:4180} INFO - Setting next_dagrun for example_sensors to None, run_after=None
[2025-01-12T23:03:18.456+0000] {processor.py:208} INFO - Processing /home/airflow/.local/lib/python3.12/site-packages/airflow/example_dags/example_sensors.py took 0.154 seconds
[2025-01-12T23:03:49.475+0000] {processor.py:186} INFO - Started process (PID=773) to work on /home/airflow/.local/lib/python3.12/site-packages/airflow/example_dags/example_sensors.py
[2025-01-12T23:03:49.477+0000] {processor.py:914} INFO - Processing file /home/airflow/.local/lib/python3.12/site-packages/airflow/example_dags/example_sensors.py for tasks to queue
[2025-01-12T23:03:49.481+0000] {logging_mixin.py:190} INFO - [2025-01-12T23:03:49.481+0000] {dagbag.py:588} INFO - Filling up the DagBag from /home/airflow/.local/lib/python3.12/site-packages/airflow/example_dags/example_sensors.py
[2025-01-12T23:03:49.495+0000] {processor.py:925} INFO - DAG(s) 'example_sensors' retrieved from /home/airflow/.local/lib/python3.12/site-packages/airflow/example_dags/example_sensors.py
[2025-01-12T23:03:49.527+0000] {logging_mixin.py:190} INFO - [2025-01-12T23:03:49.527+0000] {dag.py:3239} INFO - Sync 1 DAGs
[2025-01-12T23:03:49.545+0000] {logging_mixin.py:190} INFO - [2025-01-12T23:03:49.545+0000] {dag.py:4180} INFO - Setting next_dagrun for example_sensors to None, run_after=None
[2025-01-12T23:03:49.591+0000] {processor.py:208} INFO - Processing /home/airflow/.local/lib/python3.12/site-packages/airflow/example_dags/example_sensors.py took 0.123 seconds
[2025-01-12T23:04:19.758+0000] {processor.py:186} INFO - Started process (PID=836) to work on /home/airflow/.local/lib/python3.12/site-packages/airflow/example_dags/example_sensors.py
[2025-01-12T23:04:19.759+0000] {processor.py:914} INFO - Processing file /home/airflow/.local/lib/python3.12/site-packages/airflow/example_dags/example_sensors.py for tasks to queue
[2025-01-12T23:04:19.761+0000] {logging_mixin.py:190} INFO - [2025-01-12T23:04:19.761+0000] {dagbag.py:588} INFO - Filling up the DagBag from /home/airflow/.local/lib/python3.12/site-packages/airflow/example_dags/example_sensors.py
[2025-01-12T23:04:19.775+0000] {processor.py:925} INFO - DAG(s) 'example_sensors' retrieved from /home/airflow/.local/lib/python3.12/site-packages/airflow/example_dags/example_sensors.py
[2025-01-12T23:04:19.805+0000] {logging_mixin.py:190} INFO - [2025-01-12T23:04:19.805+0000] {dag.py:3239} INFO - Sync 1 DAGs
[2025-01-12T23:04:19.822+0000] {logging_mixin.py:190} INFO - [2025-01-12T23:04:19.822+0000] {dag.py:4180} INFO - Setting next_dagrun for example_sensors to None, run_after=None
[2025-01-12T23:04:19.872+0000] {processor.py:208} INFO - Processing /home/airflow/.local/lib/python3.12/site-packages/airflow/example_dags/example_sensors.py took 0.122 seconds
[2025-01-12T23:04:50.701+0000] {processor.py:186} INFO - Started process (PID=899) to work on /home/airflow/.local/lib/python3.12/site-packages/airflow/example_dags/example_sensors.py
[2025-01-12T23:04:50.703+0000] {processor.py:914} INFO - Processing file /home/airflow/.local/lib/python3.12/site-packages/airflow/example_dags/example_sensors.py for tasks to queue
[2025-01-12T23:04:50.706+0000] {logging_mixin.py:190} INFO - [2025-01-12T23:04:50.705+0000] {dagbag.py:588} INFO - Filling up the DagBag from /home/airflow/.local/lib/python3.12/site-packages/airflow/example_dags/example_sensors.py
[2025-01-12T23:04:50.719+0000] {processor.py:925} INFO - DAG(s) 'example_sensors' retrieved from /home/airflow/.local/lib/python3.12/site-packages/airflow/example_dags/example_sensors.py
[2025-01-12T23:04:50.754+0000] {logging_mixin.py:190} INFO - [2025-01-12T23:04:50.754+0000] {dag.py:3239} INFO - Sync 1 DAGs
[2025-01-12T23:04:50.773+0000] {logging_mixin.py:190} INFO - [2025-01-12T23:04:50.773+0000] {dag.py:4180} INFO - Setting next_dagrun for example_sensors to None, run_after=None
[2025-01-12T23:04:50.843+0000] {processor.py:208} INFO - Processing /home/airflow/.local/lib/python3.12/site-packages/airflow/example_dags/example_sensors.py took 0.151 seconds
[2025-01-12T23:05:21.764+0000] {processor.py:186} INFO - Started process (PID=962) to work on /home/airflow/.local/lib/python3.12/site-packages/airflow/example_dags/example_sensors.py
[2025-01-12T23:05:21.765+0000] {processor.py:914} INFO - Processing file /home/airflow/.local/lib/python3.12/site-packages/airflow/example_dags/example_sensors.py for tasks to queue
[2025-01-12T23:05:21.767+0000] {logging_mixin.py:190} INFO - [2025-01-12T23:05:21.767+0000] {dagbag.py:588} INFO - Filling up the DagBag from /home/airflow/.local/lib/python3.12/site-packages/airflow/example_dags/example_sensors.py
[2025-01-12T23:05:21.780+0000] {processor.py:925} INFO - DAG(s) 'example_sensors' retrieved from /home/airflow/.local/lib/python3.12/site-packages/airflow/example_dags/example_sensors.py
[2025-01-12T23:05:21.810+0000] {logging_mixin.py:190} INFO - [2025-01-12T23:05:21.810+0000] {dag.py:3239} INFO - Sync 1 DAGs
[2025-01-12T23:05:21.828+0000] {logging_mixin.py:190} INFO - [2025-01-12T23:05:21.827+0000] {dag.py:4180} INFO - Setting next_dagrun for example_sensors to None, run_after=None
[2025-01-12T23:05:21.915+0000] {processor.py:208} INFO - Processing /home/airflow/.local/lib/python3.12/site-packages/airflow/example_dags/example_sensors.py took 0.158 seconds
