[2025-01-12T22:30:15.715+0000] {processor.py:186} INFO - Started process (PID=101) to work on /home/airflow/.local/lib/python3.12/site-packages/airflow/example_dags/tutorial.py
[2025-01-12T22:30:15.716+0000] {processor.py:914} INFO - Processing file /home/airflow/.local/lib/python3.12/site-packages/airflow/example_dags/tutorial.py for tasks to queue
[2025-01-12T22:30:15.936+0000] {logging_mixin.py:190} INFO - [2025-01-12T22:30:15.719+0000] {dagbag.py:588} INFO - Filling up the DagBag from /home/airflow/.local/lib/python3.12/site-packages/airflow/example_dags/tutorial.py
[2025-01-12T22:30:16.930+0000] {processor.py:925} INFO - DAG(s) 'tutorial' retrieved from /home/airflow/.local/lib/python3.12/site-packages/airflow/example_dags/tutorial.py
[2025-01-12T22:30:19.751+0000] {logging_mixin.py:190} INFO - [2025-01-12T22:30:19.750+0000] {override.py:1911} INFO - Created Permission View: can read on DAG:tutorial
[2025-01-12T22:30:19.862+0000] {logging_mixin.py:190} INFO - [2025-01-12T22:30:19.862+0000] {override.py:1911} INFO - Created Permission View: can delete on DAG:tutorial
[2025-01-12T22:30:20.179+0000] {logging_mixin.py:190} INFO - [2025-01-12T22:30:20.179+0000] {override.py:1911} INFO - Created Permission View: can edit on DAG:tutorial
[2025-01-12T22:30:20.480+0000] {logging_mixin.py:190} INFO - [2025-01-12T22:30:20.479+0000] {override.py:1911} INFO - Created Permission View: menu access on DAG Run:tutorial
[2025-01-12T22:30:20.691+0000] {logging_mixin.py:190} INFO - [2025-01-12T22:30:20.691+0000] {override.py:1911} INFO - Created Permission View: can create on DAG Run:tutorial
[2025-01-12T22:30:21.113+0000] {logging_mixin.py:190} INFO - [2025-01-12T22:30:21.112+0000] {override.py:1911} INFO - Created Permission View: can read on DAG Run:tutorial
[2025-01-12T22:30:21.413+0000] {logging_mixin.py:190} INFO - [2025-01-12T22:30:21.413+0000] {override.py:1911} INFO - Created Permission View: can delete on DAG Run:tutorial
[2025-01-12T22:30:21.431+0000] {logging_mixin.py:190} INFO - [2025-01-12T22:30:21.431+0000] {dag.py:3239} INFO - Sync 1 DAGs
[2025-01-12T22:30:22.311+0000] {logging_mixin.py:190} INFO - [2025-01-12T22:30:22.311+0000] {dag.py:3262} INFO - Creating ORM DAG for tutorial
[2025-01-12T22:30:22.411+0000] {logging_mixin.py:190} INFO - [2025-01-12T22:30:22.410+0000] {dag.py:4180} INFO - Setting next_dagrun for tutorial to 2025-01-11 00:00:00+00:00, run_after=2025-01-12 00:00:00+00:00
[2025-01-12T22:30:22.917+0000] {processor.py:208} INFO - Processing /home/airflow/.local/lib/python3.12/site-packages/airflow/example_dags/tutorial.py took 7.541 seconds
[2025-01-12T22:31:29.341+0000] {processor.py:186} INFO - Started process (PID=170) to work on /home/airflow/.local/lib/python3.12/site-packages/airflow/example_dags/tutorial.py
[2025-01-12T22:31:29.343+0000] {processor.py:914} INFO - Processing file /home/airflow/.local/lib/python3.12/site-packages/airflow/example_dags/tutorial.py for tasks to queue
[2025-01-12T22:31:29.346+0000] {logging_mixin.py:190} INFO - [2025-01-12T22:31:29.345+0000] {dagbag.py:588} INFO - Filling up the DagBag from /home/airflow/.local/lib/python3.12/site-packages/airflow/example_dags/tutorial.py
[2025-01-12T22:31:29.356+0000] {processor.py:925} INFO - DAG(s) 'tutorial' retrieved from /home/airflow/.local/lib/python3.12/site-packages/airflow/example_dags/tutorial.py
[2025-01-12T22:31:29.382+0000] {logging_mixin.py:190} INFO - [2025-01-12T22:31:29.382+0000] {dag.py:3239} INFO - Sync 1 DAGs
[2025-01-12T22:31:29.412+0000] {logging_mixin.py:190} INFO - [2025-01-12T22:31:29.411+0000] {dag.py:4180} INFO - Setting next_dagrun for tutorial to 2025-01-11 00:00:00+00:00, run_after=2025-01-12 00:00:00+00:00
[2025-01-12T22:31:29.488+0000] {processor.py:208} INFO - Processing /home/airflow/.local/lib/python3.12/site-packages/airflow/example_dags/tutorial.py took 0.153 seconds
[2025-01-12T22:32:00.567+0000] {processor.py:186} INFO - Started process (PID=233) to work on /home/airflow/.local/lib/python3.12/site-packages/airflow/example_dags/tutorial.py
[2025-01-12T22:32:00.568+0000] {processor.py:914} INFO - Processing file /home/airflow/.local/lib/python3.12/site-packages/airflow/example_dags/tutorial.py for tasks to queue
[2025-01-12T22:32:00.571+0000] {logging_mixin.py:190} INFO - [2025-01-12T22:32:00.571+0000] {dagbag.py:588} INFO - Filling up the DagBag from /home/airflow/.local/lib/python3.12/site-packages/airflow/example_dags/tutorial.py
[2025-01-12T22:32:00.580+0000] {processor.py:925} INFO - DAG(s) 'tutorial' retrieved from /home/airflow/.local/lib/python3.12/site-packages/airflow/example_dags/tutorial.py
[2025-01-12T22:32:00.606+0000] {logging_mixin.py:190} INFO - [2025-01-12T22:32:00.606+0000] {dag.py:3239} INFO - Sync 1 DAGs
[2025-01-12T22:32:00.635+0000] {logging_mixin.py:190} INFO - [2025-01-12T22:32:00.634+0000] {dag.py:4180} INFO - Setting next_dagrun for tutorial to 2025-01-11 00:00:00+00:00, run_after=2025-01-12 00:00:00+00:00
[2025-01-12T22:32:00.729+0000] {processor.py:208} INFO - Processing /home/airflow/.local/lib/python3.12/site-packages/airflow/example_dags/tutorial.py took 0.169 seconds
[2025-01-12T22:32:31.185+0000] {processor.py:186} INFO - Started process (PID=296) to work on /home/airflow/.local/lib/python3.12/site-packages/airflow/example_dags/tutorial.py
[2025-01-12T22:32:31.187+0000] {processor.py:914} INFO - Processing file /home/airflow/.local/lib/python3.12/site-packages/airflow/example_dags/tutorial.py for tasks to queue
[2025-01-12T22:32:31.191+0000] {logging_mixin.py:190} INFO - [2025-01-12T22:32:31.191+0000] {dagbag.py:588} INFO - Filling up the DagBag from /home/airflow/.local/lib/python3.12/site-packages/airflow/example_dags/tutorial.py
[2025-01-12T22:32:31.206+0000] {processor.py:925} INFO - DAG(s) 'tutorial' retrieved from /home/airflow/.local/lib/python3.12/site-packages/airflow/example_dags/tutorial.py
[2025-01-12T22:32:31.236+0000] {logging_mixin.py:190} INFO - [2025-01-12T22:32:31.236+0000] {dag.py:3239} INFO - Sync 1 DAGs
[2025-01-12T22:32:31.275+0000] {logging_mixin.py:190} INFO - [2025-01-12T22:32:31.274+0000] {dag.py:4180} INFO - Setting next_dagrun for tutorial to 2025-01-11 00:00:00+00:00, run_after=2025-01-12 00:00:00+00:00
[2025-01-12T22:32:31.367+0000] {processor.py:208} INFO - Processing /home/airflow/.local/lib/python3.12/site-packages/airflow/example_dags/tutorial.py took 0.190 seconds
[2025-01-12T22:33:01.753+0000] {processor.py:186} INFO - Started process (PID=357) to work on /home/airflow/.local/lib/python3.12/site-packages/airflow/example_dags/tutorial.py
[2025-01-12T22:33:01.755+0000] {processor.py:914} INFO - Processing file /home/airflow/.local/lib/python3.12/site-packages/airflow/example_dags/tutorial.py for tasks to queue
[2025-01-12T22:33:01.759+0000] {logging_mixin.py:190} INFO - [2025-01-12T22:33:01.758+0000] {dagbag.py:588} INFO - Filling up the DagBag from /home/airflow/.local/lib/python3.12/site-packages/airflow/example_dags/tutorial.py
[2025-01-12T22:33:01.768+0000] {processor.py:925} INFO - DAG(s) 'tutorial' retrieved from /home/airflow/.local/lib/python3.12/site-packages/airflow/example_dags/tutorial.py
[2025-01-12T22:33:01.791+0000] {logging_mixin.py:190} INFO - [2025-01-12T22:33:01.791+0000] {dag.py:3239} INFO - Sync 1 DAGs
[2025-01-12T22:33:01.819+0000] {logging_mixin.py:190} INFO - [2025-01-12T22:33:01.819+0000] {dag.py:4180} INFO - Setting next_dagrun for tutorial to 2025-01-11 00:00:00+00:00, run_after=2025-01-12 00:00:00+00:00
[2025-01-12T22:33:02.047+0000] {processor.py:208} INFO - Processing /home/airflow/.local/lib/python3.12/site-packages/airflow/example_dags/tutorial.py took 0.300 seconds
[2025-01-12T22:58:13.874+0000] {processor.py:186} INFO - Started process (PID=88) to work on /home/airflow/.local/lib/python3.12/site-packages/airflow/example_dags/tutorial.py
[2025-01-12T22:58:13.875+0000] {processor.py:914} INFO - Processing file /home/airflow/.local/lib/python3.12/site-packages/airflow/example_dags/tutorial.py for tasks to queue
[2025-01-12T22:58:13.878+0000] {logging_mixin.py:190} INFO - [2025-01-12T22:58:13.878+0000] {dagbag.py:588} INFO - Filling up the DagBag from /home/airflow/.local/lib/python3.12/site-packages/airflow/example_dags/tutorial.py
[2025-01-12T22:58:13.888+0000] {processor.py:925} INFO - DAG(s) 'tutorial' retrieved from /home/airflow/.local/lib/python3.12/site-packages/airflow/example_dags/tutorial.py
[2025-01-12T22:58:13.921+0000] {logging_mixin.py:190} INFO - [2025-01-12T22:58:13.921+0000] {dag.py:3239} INFO - Sync 1 DAGs
[2025-01-12T22:58:13.947+0000] {logging_mixin.py:190} INFO - [2025-01-12T22:58:13.947+0000] {dag.py:4180} INFO - Setting next_dagrun for tutorial to 2025-01-11 00:00:00+00:00, run_after=2025-01-12 00:00:00+00:00
[2025-01-12T22:58:13.994+0000] {processor.py:208} INFO - Processing /home/airflow/.local/lib/python3.12/site-packages/airflow/example_dags/tutorial.py took 0.127 seconds
[2025-01-12T22:58:44.122+0000] {processor.py:186} INFO - Started process (PID=150) to work on /home/airflow/.local/lib/python3.12/site-packages/airflow/example_dags/tutorial.py
[2025-01-12T22:58:44.123+0000] {processor.py:914} INFO - Processing file /home/airflow/.local/lib/python3.12/site-packages/airflow/example_dags/tutorial.py for tasks to queue
[2025-01-12T22:58:44.126+0000] {logging_mixin.py:190} INFO - [2025-01-12T22:58:44.126+0000] {dagbag.py:588} INFO - Filling up the DagBag from /home/airflow/.local/lib/python3.12/site-packages/airflow/example_dags/tutorial.py
[2025-01-12T22:58:44.136+0000] {processor.py:925} INFO - DAG(s) 'tutorial' retrieved from /home/airflow/.local/lib/python3.12/site-packages/airflow/example_dags/tutorial.py
[2025-01-12T22:58:44.160+0000] {logging_mixin.py:190} INFO - [2025-01-12T22:58:44.160+0000] {dag.py:3239} INFO - Sync 1 DAGs
[2025-01-12T22:58:44.186+0000] {logging_mixin.py:190} INFO - [2025-01-12T22:58:44.185+0000] {dag.py:4180} INFO - Setting next_dagrun for tutorial to 2025-01-11 00:00:00+00:00, run_after=2025-01-12 00:00:00+00:00
[2025-01-12T22:58:44.252+0000] {processor.py:208} INFO - Processing /home/airflow/.local/lib/python3.12/site-packages/airflow/example_dags/tutorial.py took 0.136 seconds
[2025-01-12T22:59:15.261+0000] {processor.py:186} INFO - Started process (PID=214) to work on /home/airflow/.local/lib/python3.12/site-packages/airflow/example_dags/tutorial.py
[2025-01-12T22:59:15.263+0000] {processor.py:914} INFO - Processing file /home/airflow/.local/lib/python3.12/site-packages/airflow/example_dags/tutorial.py for tasks to queue
[2025-01-12T22:59:15.265+0000] {logging_mixin.py:190} INFO - [2025-01-12T22:59:15.265+0000] {dagbag.py:588} INFO - Filling up the DagBag from /home/airflow/.local/lib/python3.12/site-packages/airflow/example_dags/tutorial.py
[2025-01-12T22:59:15.275+0000] {processor.py:925} INFO - DAG(s) 'tutorial' retrieved from /home/airflow/.local/lib/python3.12/site-packages/airflow/example_dags/tutorial.py
[2025-01-12T22:59:15.299+0000] {logging_mixin.py:190} INFO - [2025-01-12T22:59:15.299+0000] {dag.py:3239} INFO - Sync 1 DAGs
[2025-01-12T22:59:15.326+0000] {logging_mixin.py:190} INFO - [2025-01-12T22:59:15.325+0000] {dag.py:4180} INFO - Setting next_dagrun for tutorial to 2025-01-11 00:00:00+00:00, run_after=2025-01-12 00:00:00+00:00
[2025-01-12T22:59:15.378+0000] {processor.py:208} INFO - Processing /home/airflow/.local/lib/python3.12/site-packages/airflow/example_dags/tutorial.py took 0.124 seconds
[2025-01-12T22:59:46.033+0000] {processor.py:186} INFO - Started process (PID=277) to work on /home/airflow/.local/lib/python3.12/site-packages/airflow/example_dags/tutorial.py
[2025-01-12T22:59:46.034+0000] {processor.py:914} INFO - Processing file /home/airflow/.local/lib/python3.12/site-packages/airflow/example_dags/tutorial.py for tasks to queue
[2025-01-12T22:59:46.037+0000] {logging_mixin.py:190} INFO - [2025-01-12T22:59:46.036+0000] {dagbag.py:588} INFO - Filling up the DagBag from /home/airflow/.local/lib/python3.12/site-packages/airflow/example_dags/tutorial.py
[2025-01-12T22:59:46.047+0000] {processor.py:925} INFO - DAG(s) 'tutorial' retrieved from /home/airflow/.local/lib/python3.12/site-packages/airflow/example_dags/tutorial.py
[2025-01-12T22:59:46.070+0000] {logging_mixin.py:190} INFO - [2025-01-12T22:59:46.070+0000] {dag.py:3239} INFO - Sync 1 DAGs
[2025-01-12T22:59:46.100+0000] {logging_mixin.py:190} INFO - [2025-01-12T22:59:46.100+0000] {dag.py:4180} INFO - Setting next_dagrun for tutorial to 2025-01-11 00:00:00+00:00, run_after=2025-01-12 00:00:00+00:00
[2025-01-12T22:59:46.161+0000] {processor.py:208} INFO - Processing /home/airflow/.local/lib/python3.12/site-packages/airflow/example_dags/tutorial.py took 0.136 seconds
[2025-01-12T23:00:17.495+0000] {processor.py:186} INFO - Started process (PID=340) to work on /home/airflow/.local/lib/python3.12/site-packages/airflow/example_dags/tutorial.py
[2025-01-12T23:00:17.496+0000] {processor.py:914} INFO - Processing file /home/airflow/.local/lib/python3.12/site-packages/airflow/example_dags/tutorial.py for tasks to queue
[2025-01-12T23:00:17.499+0000] {logging_mixin.py:190} INFO - [2025-01-12T23:00:17.499+0000] {dagbag.py:588} INFO - Filling up the DagBag from /home/airflow/.local/lib/python3.12/site-packages/airflow/example_dags/tutorial.py
[2025-01-12T23:00:17.508+0000] {processor.py:925} INFO - DAG(s) 'tutorial' retrieved from /home/airflow/.local/lib/python3.12/site-packages/airflow/example_dags/tutorial.py
[2025-01-12T23:00:17.532+0000] {logging_mixin.py:190} INFO - [2025-01-12T23:00:17.531+0000] {dag.py:3239} INFO - Sync 1 DAGs
[2025-01-12T23:00:17.558+0000] {logging_mixin.py:190} INFO - [2025-01-12T23:00:17.558+0000] {dag.py:4180} INFO - Setting next_dagrun for tutorial to 2025-01-11 00:00:00+00:00, run_after=2025-01-12 00:00:00+00:00
[2025-01-12T23:00:17.642+0000] {processor.py:208} INFO - Processing /home/airflow/.local/lib/python3.12/site-packages/airflow/example_dags/tutorial.py took 0.155 seconds
[2025-01-12T23:00:48.782+0000] {processor.py:186} INFO - Started process (PID=409) to work on /home/airflow/.local/lib/python3.12/site-packages/airflow/example_dags/tutorial.py
[2025-01-12T23:00:48.783+0000] {processor.py:914} INFO - Processing file /home/airflow/.local/lib/python3.12/site-packages/airflow/example_dags/tutorial.py for tasks to queue
[2025-01-12T23:00:48.786+0000] {logging_mixin.py:190} INFO - [2025-01-12T23:00:48.786+0000] {dagbag.py:588} INFO - Filling up the DagBag from /home/airflow/.local/lib/python3.12/site-packages/airflow/example_dags/tutorial.py
[2025-01-12T23:00:48.796+0000] {processor.py:925} INFO - DAG(s) 'tutorial' retrieved from /home/airflow/.local/lib/python3.12/site-packages/airflow/example_dags/tutorial.py
[2025-01-12T23:00:48.819+0000] {logging_mixin.py:190} INFO - [2025-01-12T23:00:48.819+0000] {dag.py:3239} INFO - Sync 1 DAGs
[2025-01-12T23:00:48.851+0000] {logging_mixin.py:190} INFO - [2025-01-12T23:00:48.851+0000] {dag.py:4180} INFO - Setting next_dagrun for tutorial to 2025-01-11 00:00:00+00:00, run_after=2025-01-12 00:00:00+00:00
[2025-01-12T23:00:49.044+0000] {processor.py:208} INFO - Processing /home/airflow/.local/lib/python3.12/site-packages/airflow/example_dags/tutorial.py took 0.269 seconds
[2025-01-12T23:01:19.149+0000] {processor.py:186} INFO - Started process (PID=471) to work on /home/airflow/.local/lib/python3.12/site-packages/airflow/example_dags/tutorial.py
[2025-01-12T23:01:19.150+0000] {processor.py:914} INFO - Processing file /home/airflow/.local/lib/python3.12/site-packages/airflow/example_dags/tutorial.py for tasks to queue
[2025-01-12T23:01:19.153+0000] {logging_mixin.py:190} INFO - [2025-01-12T23:01:19.153+0000] {dagbag.py:588} INFO - Filling up the DagBag from /home/airflow/.local/lib/python3.12/site-packages/airflow/example_dags/tutorial.py
[2025-01-12T23:01:19.165+0000] {processor.py:925} INFO - DAG(s) 'tutorial' retrieved from /home/airflow/.local/lib/python3.12/site-packages/airflow/example_dags/tutorial.py
[2025-01-12T23:01:19.188+0000] {logging_mixin.py:190} INFO - [2025-01-12T23:01:19.187+0000] {dag.py:3239} INFO - Sync 1 DAGs
[2025-01-12T23:01:19.217+0000] {logging_mixin.py:190} INFO - [2025-01-12T23:01:19.216+0000] {dag.py:4180} INFO - Setting next_dagrun for tutorial to 2025-01-11 00:00:00+00:00, run_after=2025-01-12 00:00:00+00:00
[2025-01-12T23:01:19.319+0000] {processor.py:208} INFO - Processing /home/airflow/.local/lib/python3.12/site-packages/airflow/example_dags/tutorial.py took 0.179 seconds
[2025-01-12T23:01:49.674+0000] {processor.py:186} INFO - Started process (PID=534) to work on /home/airflow/.local/lib/python3.12/site-packages/airflow/example_dags/tutorial.py
[2025-01-12T23:01:49.675+0000] {processor.py:914} INFO - Processing file /home/airflow/.local/lib/python3.12/site-packages/airflow/example_dags/tutorial.py for tasks to queue
[2025-01-12T23:01:49.679+0000] {logging_mixin.py:190} INFO - [2025-01-12T23:01:49.678+0000] {dagbag.py:588} INFO - Filling up the DagBag from /home/airflow/.local/lib/python3.12/site-packages/airflow/example_dags/tutorial.py
[2025-01-12T23:01:49.693+0000] {processor.py:925} INFO - DAG(s) 'tutorial' retrieved from /home/airflow/.local/lib/python3.12/site-packages/airflow/example_dags/tutorial.py
[2025-01-12T23:01:49.714+0000] {logging_mixin.py:190} INFO - [2025-01-12T23:01:49.714+0000] {dag.py:3239} INFO - Sync 1 DAGs
[2025-01-12T23:01:49.743+0000] {logging_mixin.py:190} INFO - [2025-01-12T23:01:49.742+0000] {dag.py:4180} INFO - Setting next_dagrun for tutorial to 2025-01-11 00:00:00+00:00, run_after=2025-01-12 00:00:00+00:00
[2025-01-12T23:01:49.797+0000] {processor.py:208} INFO - Processing /home/airflow/.local/lib/python3.12/site-packages/airflow/example_dags/tutorial.py took 0.132 seconds
[2025-01-12T23:02:19.886+0000] {processor.py:186} INFO - Started process (PID=597) to work on /home/airflow/.local/lib/python3.12/site-packages/airflow/example_dags/tutorial.py
[2025-01-12T23:02:19.887+0000] {processor.py:914} INFO - Processing file /home/airflow/.local/lib/python3.12/site-packages/airflow/example_dags/tutorial.py for tasks to queue
[2025-01-12T23:02:19.891+0000] {logging_mixin.py:190} INFO - [2025-01-12T23:02:19.890+0000] {dagbag.py:588} INFO - Filling up the DagBag from /home/airflow/.local/lib/python3.12/site-packages/airflow/example_dags/tutorial.py
[2025-01-12T23:02:19.901+0000] {processor.py:925} INFO - DAG(s) 'tutorial' retrieved from /home/airflow/.local/lib/python3.12/site-packages/airflow/example_dags/tutorial.py
[2025-01-12T23:02:19.928+0000] {logging_mixin.py:190} INFO - [2025-01-12T23:02:19.928+0000] {dag.py:3239} INFO - Sync 1 DAGs
[2025-01-12T23:02:19.962+0000] {logging_mixin.py:190} INFO - [2025-01-12T23:02:19.962+0000] {dag.py:4180} INFO - Setting next_dagrun for tutorial to 2025-01-11 00:00:00+00:00, run_after=2025-01-12 00:00:00+00:00
[2025-01-12T23:02:20.035+0000] {processor.py:208} INFO - Processing /home/airflow/.local/lib/python3.12/site-packages/airflow/example_dags/tutorial.py took 0.157 seconds
[2025-01-12T23:02:51.225+0000] {processor.py:186} INFO - Started process (PID=660) to work on /home/airflow/.local/lib/python3.12/site-packages/airflow/example_dags/tutorial.py
[2025-01-12T23:02:51.227+0000] {processor.py:914} INFO - Processing file /home/airflow/.local/lib/python3.12/site-packages/airflow/example_dags/tutorial.py for tasks to queue
[2025-01-12T23:02:51.230+0000] {logging_mixin.py:190} INFO - [2025-01-12T23:02:51.229+0000] {dagbag.py:588} INFO - Filling up the DagBag from /home/airflow/.local/lib/python3.12/site-packages/airflow/example_dags/tutorial.py
[2025-01-12T23:02:51.244+0000] {processor.py:925} INFO - DAG(s) 'tutorial' retrieved from /home/airflow/.local/lib/python3.12/site-packages/airflow/example_dags/tutorial.py
[2025-01-12T23:02:51.272+0000] {logging_mixin.py:190} INFO - [2025-01-12T23:02:51.272+0000] {dag.py:3239} INFO - Sync 1 DAGs
[2025-01-12T23:02:51.301+0000] {logging_mixin.py:190} INFO - [2025-01-12T23:02:51.301+0000] {dag.py:4180} INFO - Setting next_dagrun for tutorial to 2025-01-11 00:00:00+00:00, run_after=2025-01-12 00:00:00+00:00
[2025-01-12T23:02:51.374+0000] {processor.py:208} INFO - Processing /home/airflow/.local/lib/python3.12/site-packages/airflow/example_dags/tutorial.py took 0.157 seconds
[2025-01-12T23:03:22.304+0000] {processor.py:186} INFO - Started process (PID=723) to work on /home/airflow/.local/lib/python3.12/site-packages/airflow/example_dags/tutorial.py
[2025-01-12T23:03:22.308+0000] {processor.py:914} INFO - Processing file /home/airflow/.local/lib/python3.12/site-packages/airflow/example_dags/tutorial.py for tasks to queue
[2025-01-12T23:03:22.317+0000] {logging_mixin.py:190} INFO - [2025-01-12T23:03:22.316+0000] {dagbag.py:588} INFO - Filling up the DagBag from /home/airflow/.local/lib/python3.12/site-packages/airflow/example_dags/tutorial.py
[2025-01-12T23:03:22.329+0000] {processor.py:925} INFO - DAG(s) 'tutorial' retrieved from /home/airflow/.local/lib/python3.12/site-packages/airflow/example_dags/tutorial.py
[2025-01-12T23:03:22.352+0000] {logging_mixin.py:190} INFO - [2025-01-12T23:03:22.352+0000] {dag.py:3239} INFO - Sync 1 DAGs
[2025-01-12T23:03:22.383+0000] {logging_mixin.py:190} INFO - [2025-01-12T23:03:22.383+0000] {dag.py:4180} INFO - Setting next_dagrun for tutorial to 2025-01-11 00:00:00+00:00, run_after=2025-01-12 00:00:00+00:00
[2025-01-12T23:03:22.594+0000] {processor.py:208} INFO - Processing /home/airflow/.local/lib/python3.12/site-packages/airflow/example_dags/tutorial.py took 0.302 seconds
[2025-01-12T23:03:52.897+0000] {processor.py:186} INFO - Started process (PID=786) to work on /home/airflow/.local/lib/python3.12/site-packages/airflow/example_dags/tutorial.py
[2025-01-12T23:03:52.899+0000] {processor.py:914} INFO - Processing file /home/airflow/.local/lib/python3.12/site-packages/airflow/example_dags/tutorial.py for tasks to queue
[2025-01-12T23:03:52.905+0000] {logging_mixin.py:190} INFO - [2025-01-12T23:03:52.904+0000] {dagbag.py:588} INFO - Filling up the DagBag from /home/airflow/.local/lib/python3.12/site-packages/airflow/example_dags/tutorial.py
[2025-01-12T23:03:52.923+0000] {processor.py:925} INFO - DAG(s) 'tutorial' retrieved from /home/airflow/.local/lib/python3.12/site-packages/airflow/example_dags/tutorial.py
[2025-01-12T23:03:52.972+0000] {logging_mixin.py:190} INFO - [2025-01-12T23:03:52.971+0000] {dag.py:3239} INFO - Sync 1 DAGs
[2025-01-12T23:03:53.028+0000] {logging_mixin.py:190} INFO - [2025-01-12T23:03:53.027+0000] {dag.py:4180} INFO - Setting next_dagrun for tutorial to 2025-01-11 00:00:00+00:00, run_after=2025-01-12 00:00:00+00:00
[2025-01-12T23:03:53.104+0000] {processor.py:208} INFO - Processing /home/airflow/.local/lib/python3.12/site-packages/airflow/example_dags/tutorial.py took 0.223 seconds
[2025-01-12T23:04:23.212+0000] {processor.py:186} INFO - Started process (PID=849) to work on /home/airflow/.local/lib/python3.12/site-packages/airflow/example_dags/tutorial.py
[2025-01-12T23:04:23.213+0000] {processor.py:914} INFO - Processing file /home/airflow/.local/lib/python3.12/site-packages/airflow/example_dags/tutorial.py for tasks to queue
[2025-01-12T23:04:23.216+0000] {logging_mixin.py:190} INFO - [2025-01-12T23:04:23.216+0000] {dagbag.py:588} INFO - Filling up the DagBag from /home/airflow/.local/lib/python3.12/site-packages/airflow/example_dags/tutorial.py
[2025-01-12T23:04:23.225+0000] {processor.py:925} INFO - DAG(s) 'tutorial' retrieved from /home/airflow/.local/lib/python3.12/site-packages/airflow/example_dags/tutorial.py
[2025-01-12T23:04:23.248+0000] {logging_mixin.py:190} INFO - [2025-01-12T23:04:23.247+0000] {dag.py:3239} INFO - Sync 1 DAGs
[2025-01-12T23:04:23.289+0000] {logging_mixin.py:190} INFO - [2025-01-12T23:04:23.289+0000] {dag.py:4180} INFO - Setting next_dagrun for tutorial to 2025-01-11 00:00:00+00:00, run_after=2025-01-12 00:00:00+00:00
[2025-01-12T23:04:23.379+0000] {processor.py:208} INFO - Processing /home/airflow/.local/lib/python3.12/site-packages/airflow/example_dags/tutorial.py took 0.174 seconds
[2025-01-12T23:04:53.683+0000] {processor.py:186} INFO - Started process (PID=912) to work on /home/airflow/.local/lib/python3.12/site-packages/airflow/example_dags/tutorial.py
[2025-01-12T23:04:53.684+0000] {processor.py:914} INFO - Processing file /home/airflow/.local/lib/python3.12/site-packages/airflow/example_dags/tutorial.py for tasks to queue
[2025-01-12T23:04:53.687+0000] {logging_mixin.py:190} INFO - [2025-01-12T23:04:53.686+0000] {dagbag.py:588} INFO - Filling up the DagBag from /home/airflow/.local/lib/python3.12/site-packages/airflow/example_dags/tutorial.py
[2025-01-12T23:04:53.697+0000] {processor.py:925} INFO - DAG(s) 'tutorial' retrieved from /home/airflow/.local/lib/python3.12/site-packages/airflow/example_dags/tutorial.py
[2025-01-12T23:04:53.720+0000] {logging_mixin.py:190} INFO - [2025-01-12T23:04:53.719+0000] {dag.py:3239} INFO - Sync 1 DAGs
[2025-01-12T23:04:53.747+0000] {logging_mixin.py:190} INFO - [2025-01-12T23:04:53.747+0000] {dag.py:4180} INFO - Setting next_dagrun for tutorial to 2025-01-11 00:00:00+00:00, run_after=2025-01-12 00:00:00+00:00
[2025-01-12T23:04:53.800+0000] {processor.py:208} INFO - Processing /home/airflow/.local/lib/python3.12/site-packages/airflow/example_dags/tutorial.py took 0.124 seconds
[2025-01-12T23:05:23.933+0000] {processor.py:186} INFO - Started process (PID=975) to work on /home/airflow/.local/lib/python3.12/site-packages/airflow/example_dags/tutorial.py
[2025-01-12T23:05:23.934+0000] {processor.py:914} INFO - Processing file /home/airflow/.local/lib/python3.12/site-packages/airflow/example_dags/tutorial.py for tasks to queue
[2025-01-12T23:05:23.936+0000] {logging_mixin.py:190} INFO - [2025-01-12T23:05:23.936+0000] {dagbag.py:588} INFO - Filling up the DagBag from /home/airflow/.local/lib/python3.12/site-packages/airflow/example_dags/tutorial.py
[2025-01-12T23:05:23.947+0000] {processor.py:925} INFO - DAG(s) 'tutorial' retrieved from /home/airflow/.local/lib/python3.12/site-packages/airflow/example_dags/tutorial.py
[2025-01-12T23:05:23.969+0000] {logging_mixin.py:190} INFO - [2025-01-12T23:05:23.969+0000] {dag.py:3239} INFO - Sync 1 DAGs
[2025-01-12T23:05:23.998+0000] {logging_mixin.py:190} INFO - [2025-01-12T23:05:23.998+0000] {dag.py:4180} INFO - Setting next_dagrun for tutorial to 2025-01-11 00:00:00+00:00, run_after=2025-01-12 00:00:00+00:00
[2025-01-12T23:05:24.188+0000] {processor.py:208} INFO - Processing /home/airflow/.local/lib/python3.12/site-packages/airflow/example_dags/tutorial.py took 0.262 seconds
