[2025-01-12T22:31:05.812+0000] {processor.py:186} INFO - Started process (PID=124) to work on /home/airflow/.local/lib/python3.12/site-packages/airflow/example_dags/tutorial_objectstorage.py
[2025-01-12T22:31:05.813+0000] {processor.py:914} INFO - Processing file /home/airflow/.local/lib/python3.12/site-packages/airflow/example_dags/tutorial_objectstorage.py for tasks to queue
[2025-01-12T22:31:05.816+0000] {logging_mixin.py:190} INFO - [2025-01-12T22:31:05.816+0000] {dagbag.py:588} INFO - Filling up the DagBag from /home/airflow/.local/lib/python3.12/site-packages/airflow/example_dags/tutorial_objectstorage.py
[2025-01-12T22:31:05.829+0000] {processor.py:925} INFO - DAG(s) 'tutorial_objectstorage' retrieved from /home/airflow/.local/lib/python3.12/site-packages/airflow/example_dags/tutorial_objectstorage.py
[2025-01-12T22:31:06.051+0000] {logging_mixin.py:190} INFO - [2025-01-12T22:31:06.049+0000] {override.py:1911} INFO - Created Permission View: can read on DAG:tutorial_objectstorage
[2025-01-12T22:31:06.098+0000] {logging_mixin.py:190} INFO - [2025-01-12T22:31:06.098+0000] {override.py:1911} INFO - Created Permission View: can delete on DAG:tutorial_objectstorage
[2025-01-12T22:31:06.142+0000] {logging_mixin.py:190} INFO - [2025-01-12T22:31:06.142+0000] {override.py:1911} INFO - Created Permission View: can edit on DAG:tutorial_objectstorage
[2025-01-12T22:31:06.242+0000] {logging_mixin.py:190} INFO - [2025-01-12T22:31:06.242+0000] {override.py:1911} INFO - Created Permission View: menu access on DAG Run:tutorial_objectstorage
[2025-01-12T22:31:06.306+0000] {logging_mixin.py:190} INFO - [2025-01-12T22:31:06.305+0000] {override.py:1911} INFO - Created Permission View: can create on DAG Run:tutorial_objectstorage
[2025-01-12T22:31:06.387+0000] {logging_mixin.py:190} INFO - [2025-01-12T22:31:06.387+0000] {override.py:1911} INFO - Created Permission View: can read on DAG Run:tutorial_objectstorage
[2025-01-12T22:31:06.487+0000] {logging_mixin.py:190} INFO - [2025-01-12T22:31:06.487+0000] {override.py:1911} INFO - Created Permission View: can delete on DAG Run:tutorial_objectstorage
[2025-01-12T22:31:06.488+0000] {logging_mixin.py:190} INFO - [2025-01-12T22:31:06.488+0000] {dag.py:3239} INFO - Sync 1 DAGs
[2025-01-12T22:31:06.506+0000] {logging_mixin.py:190} INFO - [2025-01-12T22:31:06.506+0000] {dag.py:3262} INFO - Creating ORM DAG for tutorial_objectstorage
[2025-01-12T22:31:06.507+0000] {logging_mixin.py:190} INFO - [2025-01-12T22:31:06.507+0000] {dag.py:4180} INFO - Setting next_dagrun for tutorial_objectstorage to None, run_after=None
[2025-01-12T22:31:06.570+0000] {processor.py:208} INFO - Processing /home/airflow/.local/lib/python3.12/site-packages/airflow/example_dags/tutorial_objectstorage.py took 0.766 seconds
[2025-01-12T22:31:37.168+0000] {processor.py:186} INFO - Started process (PID=187) to work on /home/airflow/.local/lib/python3.12/site-packages/airflow/example_dags/tutorial_objectstorage.py
[2025-01-12T22:31:37.169+0000] {processor.py:914} INFO - Processing file /home/airflow/.local/lib/python3.12/site-packages/airflow/example_dags/tutorial_objectstorage.py for tasks to queue
[2025-01-12T22:31:37.172+0000] {logging_mixin.py:190} INFO - [2025-01-12T22:31:37.172+0000] {dagbag.py:588} INFO - Filling up the DagBag from /home/airflow/.local/lib/python3.12/site-packages/airflow/example_dags/tutorial_objectstorage.py
[2025-01-12T22:31:37.187+0000] {processor.py:925} INFO - DAG(s) 'tutorial_objectstorage' retrieved from /home/airflow/.local/lib/python3.12/site-packages/airflow/example_dags/tutorial_objectstorage.py
[2025-01-12T22:31:37.209+0000] {logging_mixin.py:190} INFO - [2025-01-12T22:31:37.209+0000] {dag.py:3239} INFO - Sync 1 DAGs
[2025-01-12T22:31:37.227+0000] {logging_mixin.py:190} INFO - [2025-01-12T22:31:37.227+0000] {dag.py:4180} INFO - Setting next_dagrun for tutorial_objectstorage to None, run_after=None
[2025-01-12T22:31:37.535+0000] {processor.py:208} INFO - Processing /home/airflow/.local/lib/python3.12/site-packages/airflow/example_dags/tutorial_objectstorage.py took 0.373 seconds
[2025-01-12T22:32:08.218+0000] {processor.py:186} INFO - Started process (PID=250) to work on /home/airflow/.local/lib/python3.12/site-packages/airflow/example_dags/tutorial_objectstorage.py
[2025-01-12T22:32:08.220+0000] {processor.py:914} INFO - Processing file /home/airflow/.local/lib/python3.12/site-packages/airflow/example_dags/tutorial_objectstorage.py for tasks to queue
[2025-01-12T22:32:08.222+0000] {logging_mixin.py:190} INFO - [2025-01-12T22:32:08.222+0000] {dagbag.py:588} INFO - Filling up the DagBag from /home/airflow/.local/lib/python3.12/site-packages/airflow/example_dags/tutorial_objectstorage.py
[2025-01-12T22:32:08.235+0000] {processor.py:925} INFO - DAG(s) 'tutorial_objectstorage' retrieved from /home/airflow/.local/lib/python3.12/site-packages/airflow/example_dags/tutorial_objectstorage.py
[2025-01-12T22:32:08.259+0000] {logging_mixin.py:190} INFO - [2025-01-12T22:32:08.258+0000] {dag.py:3239} INFO - Sync 1 DAGs
[2025-01-12T22:32:08.276+0000] {logging_mixin.py:190} INFO - [2025-01-12T22:32:08.276+0000] {dag.py:4180} INFO - Setting next_dagrun for tutorial_objectstorage to None, run_after=None
[2025-01-12T22:32:08.443+0000] {processor.py:208} INFO - Processing /home/airflow/.local/lib/python3.12/site-packages/airflow/example_dags/tutorial_objectstorage.py took 0.231 seconds
[2025-01-12T22:32:38.841+0000] {processor.py:186} INFO - Started process (PID=313) to work on /home/airflow/.local/lib/python3.12/site-packages/airflow/example_dags/tutorial_objectstorage.py
[2025-01-12T22:32:38.842+0000] {processor.py:914} INFO - Processing file /home/airflow/.local/lib/python3.12/site-packages/airflow/example_dags/tutorial_objectstorage.py for tasks to queue
[2025-01-12T22:32:38.846+0000] {logging_mixin.py:190} INFO - [2025-01-12T22:32:38.845+0000] {dagbag.py:588} INFO - Filling up the DagBag from /home/airflow/.local/lib/python3.12/site-packages/airflow/example_dags/tutorial_objectstorage.py
[2025-01-12T22:32:38.858+0000] {processor.py:925} INFO - DAG(s) 'tutorial_objectstorage' retrieved from /home/airflow/.local/lib/python3.12/site-packages/airflow/example_dags/tutorial_objectstorage.py
[2025-01-12T22:32:38.885+0000] {logging_mixin.py:190} INFO - [2025-01-12T22:32:38.884+0000] {dag.py:3239} INFO - Sync 1 DAGs
[2025-01-12T22:32:38.903+0000] {logging_mixin.py:190} INFO - [2025-01-12T22:32:38.903+0000] {dag.py:4180} INFO - Setting next_dagrun for tutorial_objectstorage to None, run_after=None
[2025-01-12T22:32:39.029+0000] {processor.py:208} INFO - Processing /home/airflow/.local/lib/python3.12/site-packages/airflow/example_dags/tutorial_objectstorage.py took 0.197 seconds
[2025-01-12T22:33:09.461+0000] {processor.py:186} INFO - Started process (PID=376) to work on /home/airflow/.local/lib/python3.12/site-packages/airflow/example_dags/tutorial_objectstorage.py
[2025-01-12T22:33:09.463+0000] {processor.py:914} INFO - Processing file /home/airflow/.local/lib/python3.12/site-packages/airflow/example_dags/tutorial_objectstorage.py for tasks to queue
[2025-01-12T22:33:09.469+0000] {logging_mixin.py:190} INFO - [2025-01-12T22:33:09.469+0000] {dagbag.py:588} INFO - Filling up the DagBag from /home/airflow/.local/lib/python3.12/site-packages/airflow/example_dags/tutorial_objectstorage.py
[2025-01-12T22:33:09.492+0000] {processor.py:925} INFO - DAG(s) 'tutorial_objectstorage' retrieved from /home/airflow/.local/lib/python3.12/site-packages/airflow/example_dags/tutorial_objectstorage.py
[2025-01-12T22:33:09.537+0000] {logging_mixin.py:190} INFO - [2025-01-12T22:33:09.537+0000] {dag.py:3239} INFO - Sync 1 DAGs
[2025-01-12T22:33:09.601+0000] {logging_mixin.py:190} INFO - [2025-01-12T22:33:09.581+0000] {dag.py:4180} INFO - Setting next_dagrun for tutorial_objectstorage to None, run_after=None
[2025-01-12T22:33:11.091+0000] {logging_mixin.py:190} INFO - [2025-01-12T22:33:11.090+0000] {process_utils.py:266} INFO - Waiting up to 5 seconds for processes to exit...
[2025-01-12T22:58:21.813+0000] {processor.py:186} INFO - Started process (PID=111) to work on /home/airflow/.local/lib/python3.12/site-packages/airflow/example_dags/tutorial_objectstorage.py
[2025-01-12T22:58:21.815+0000] {processor.py:914} INFO - Processing file /home/airflow/.local/lib/python3.12/site-packages/airflow/example_dags/tutorial_objectstorage.py for tasks to queue
[2025-01-12T22:58:21.817+0000] {logging_mixin.py:190} INFO - [2025-01-12T22:58:21.817+0000] {dagbag.py:588} INFO - Filling up the DagBag from /home/airflow/.local/lib/python3.12/site-packages/airflow/example_dags/tutorial_objectstorage.py
[2025-01-12T22:58:21.828+0000] {processor.py:925} INFO - DAG(s) 'tutorial_objectstorage' retrieved from /home/airflow/.local/lib/python3.12/site-packages/airflow/example_dags/tutorial_objectstorage.py
[2025-01-12T22:58:21.852+0000] {logging_mixin.py:190} INFO - [2025-01-12T22:58:21.852+0000] {dag.py:3239} INFO - Sync 1 DAGs
[2025-01-12T22:58:21.869+0000] {logging_mixin.py:190} INFO - [2025-01-12T22:58:21.869+0000] {dag.py:4180} INFO - Setting next_dagrun for tutorial_objectstorage to None, run_after=None
[2025-01-12T22:58:21.971+0000] {processor.py:208} INFO - Processing /home/airflow/.local/lib/python3.12/site-packages/airflow/example_dags/tutorial_objectstorage.py took 0.165 seconds
[2025-01-12T22:58:52.979+0000] {processor.py:186} INFO - Started process (PID=175) to work on /home/airflow/.local/lib/python3.12/site-packages/airflow/example_dags/tutorial_objectstorage.py
[2025-01-12T22:58:52.980+0000] {processor.py:914} INFO - Processing file /home/airflow/.local/lib/python3.12/site-packages/airflow/example_dags/tutorial_objectstorage.py for tasks to queue
[2025-01-12T22:58:52.983+0000] {logging_mixin.py:190} INFO - [2025-01-12T22:58:52.983+0000] {dagbag.py:588} INFO - Filling up the DagBag from /home/airflow/.local/lib/python3.12/site-packages/airflow/example_dags/tutorial_objectstorage.py
[2025-01-12T22:58:52.994+0000] {processor.py:925} INFO - DAG(s) 'tutorial_objectstorage' retrieved from /home/airflow/.local/lib/python3.12/site-packages/airflow/example_dags/tutorial_objectstorage.py
[2025-01-12T22:58:53.015+0000] {logging_mixin.py:190} INFO - [2025-01-12T22:58:53.015+0000] {dag.py:3239} INFO - Sync 1 DAGs
[2025-01-12T22:58:53.031+0000] {logging_mixin.py:190} INFO - [2025-01-12T22:58:53.031+0000] {dag.py:4180} INFO - Setting next_dagrun for tutorial_objectstorage to None, run_after=None
[2025-01-12T22:58:53.134+0000] {processor.py:208} INFO - Processing /home/airflow/.local/lib/python3.12/site-packages/airflow/example_dags/tutorial_objectstorage.py took 0.163 seconds
[2025-01-12T22:59:24.202+0000] {processor.py:186} INFO - Started process (PID=238) to work on /home/airflow/.local/lib/python3.12/site-packages/airflow/example_dags/tutorial_objectstorage.py
[2025-01-12T22:59:24.203+0000] {processor.py:914} INFO - Processing file /home/airflow/.local/lib/python3.12/site-packages/airflow/example_dags/tutorial_objectstorage.py for tasks to queue
[2025-01-12T22:59:24.206+0000] {logging_mixin.py:190} INFO - [2025-01-12T22:59:24.206+0000] {dagbag.py:588} INFO - Filling up the DagBag from /home/airflow/.local/lib/python3.12/site-packages/airflow/example_dags/tutorial_objectstorage.py
[2025-01-12T22:59:24.217+0000] {processor.py:925} INFO - DAG(s) 'tutorial_objectstorage' retrieved from /home/airflow/.local/lib/python3.12/site-packages/airflow/example_dags/tutorial_objectstorage.py
[2025-01-12T22:59:24.240+0000] {logging_mixin.py:190} INFO - [2025-01-12T22:59:24.240+0000] {dag.py:3239} INFO - Sync 1 DAGs
[2025-01-12T22:59:24.258+0000] {logging_mixin.py:190} INFO - [2025-01-12T22:59:24.258+0000] {dag.py:4180} INFO - Setting next_dagrun for tutorial_objectstorage to None, run_after=None
[2025-01-12T22:59:24.338+0000] {processor.py:208} INFO - Processing /home/airflow/.local/lib/python3.12/site-packages/airflow/example_dags/tutorial_objectstorage.py took 0.143 seconds
[2025-01-12T22:59:55.875+0000] {processor.py:186} INFO - Started process (PID=301) to work on /home/airflow/.local/lib/python3.12/site-packages/airflow/example_dags/tutorial_objectstorage.py
[2025-01-12T22:59:55.876+0000] {processor.py:914} INFO - Processing file /home/airflow/.local/lib/python3.12/site-packages/airflow/example_dags/tutorial_objectstorage.py for tasks to queue
[2025-01-12T22:59:55.879+0000] {logging_mixin.py:190} INFO - [2025-01-12T22:59:55.879+0000] {dagbag.py:588} INFO - Filling up the DagBag from /home/airflow/.local/lib/python3.12/site-packages/airflow/example_dags/tutorial_objectstorage.py
[2025-01-12T22:59:55.890+0000] {processor.py:925} INFO - DAG(s) 'tutorial_objectstorage' retrieved from /home/airflow/.local/lib/python3.12/site-packages/airflow/example_dags/tutorial_objectstorage.py
[2025-01-12T22:59:55.916+0000] {logging_mixin.py:190} INFO - [2025-01-12T22:59:55.916+0000] {dag.py:3239} INFO - Sync 1 DAGs
[2025-01-12T22:59:55.934+0000] {logging_mixin.py:190} INFO - [2025-01-12T22:59:55.934+0000] {dag.py:4180} INFO - Setting next_dagrun for tutorial_objectstorage to None, run_after=None
[2025-01-12T22:59:55.986+0000] {processor.py:208} INFO - Processing /home/airflow/.local/lib/python3.12/site-packages/airflow/example_dags/tutorial_objectstorage.py took 0.118 seconds
[2025-01-12T23:00:27.923+0000] {processor.py:186} INFO - Started process (PID=364) to work on /home/airflow/.local/lib/python3.12/site-packages/airflow/example_dags/tutorial_objectstorage.py
[2025-01-12T23:00:27.925+0000] {processor.py:914} INFO - Processing file /home/airflow/.local/lib/python3.12/site-packages/airflow/example_dags/tutorial_objectstorage.py for tasks to queue
[2025-01-12T23:00:27.927+0000] {logging_mixin.py:190} INFO - [2025-01-12T23:00:27.927+0000] {dagbag.py:588} INFO - Filling up the DagBag from /home/airflow/.local/lib/python3.12/site-packages/airflow/example_dags/tutorial_objectstorage.py
[2025-01-12T23:00:27.940+0000] {processor.py:925} INFO - DAG(s) 'tutorial_objectstorage' retrieved from /home/airflow/.local/lib/python3.12/site-packages/airflow/example_dags/tutorial_objectstorage.py
[2025-01-12T23:00:27.965+0000] {logging_mixin.py:190} INFO - [2025-01-12T23:00:27.964+0000] {dag.py:3239} INFO - Sync 1 DAGs
[2025-01-12T23:00:27.990+0000] {logging_mixin.py:190} INFO - [2025-01-12T23:00:27.989+0000] {dag.py:4180} INFO - Setting next_dagrun for tutorial_objectstorage to None, run_after=None
[2025-01-12T23:00:28.063+0000] {processor.py:208} INFO - Processing /home/airflow/.local/lib/python3.12/site-packages/airflow/example_dags/tutorial_objectstorage.py took 0.146 seconds
[2025-01-12T23:01:00.194+0000] {processor.py:186} INFO - Started process (PID=427) to work on /home/airflow/.local/lib/python3.12/site-packages/airflow/example_dags/tutorial_objectstorage.py
[2025-01-12T23:01:00.195+0000] {processor.py:914} INFO - Processing file /home/airflow/.local/lib/python3.12/site-packages/airflow/example_dags/tutorial_objectstorage.py for tasks to queue
[2025-01-12T23:01:00.198+0000] {logging_mixin.py:190} INFO - [2025-01-12T23:01:00.198+0000] {dagbag.py:588} INFO - Filling up the DagBag from /home/airflow/.local/lib/python3.12/site-packages/airflow/example_dags/tutorial_objectstorage.py
[2025-01-12T23:01:00.211+0000] {processor.py:925} INFO - DAG(s) 'tutorial_objectstorage' retrieved from /home/airflow/.local/lib/python3.12/site-packages/airflow/example_dags/tutorial_objectstorage.py
[2025-01-12T23:01:00.235+0000] {logging_mixin.py:190} INFO - [2025-01-12T23:01:00.235+0000] {dag.py:3239} INFO - Sync 1 DAGs
[2025-01-12T23:01:00.258+0000] {logging_mixin.py:190} INFO - [2025-01-12T23:01:00.258+0000] {dag.py:4180} INFO - Setting next_dagrun for tutorial_objectstorage to None, run_after=None
[2025-01-12T23:01:00.379+0000] {processor.py:208} INFO - Processing /home/airflow/.local/lib/python3.12/site-packages/airflow/example_dags/tutorial_objectstorage.py took 0.194 seconds
[2025-01-12T23:01:31.019+0000] {processor.py:186} INFO - Started process (PID=489) to work on /home/airflow/.local/lib/python3.12/site-packages/airflow/example_dags/tutorial_objectstorage.py
[2025-01-12T23:01:31.021+0000] {processor.py:914} INFO - Processing file /home/airflow/.local/lib/python3.12/site-packages/airflow/example_dags/tutorial_objectstorage.py for tasks to queue
[2025-01-12T23:01:31.024+0000] {logging_mixin.py:190} INFO - [2025-01-12T23:01:31.023+0000] {dagbag.py:588} INFO - Filling up the DagBag from /home/airflow/.local/lib/python3.12/site-packages/airflow/example_dags/tutorial_objectstorage.py
[2025-01-12T23:01:31.035+0000] {processor.py:925} INFO - DAG(s) 'tutorial_objectstorage' retrieved from /home/airflow/.local/lib/python3.12/site-packages/airflow/example_dags/tutorial_objectstorage.py
[2025-01-12T23:01:31.060+0000] {logging_mixin.py:190} INFO - [2025-01-12T23:01:31.059+0000] {dag.py:3239} INFO - Sync 1 DAGs
[2025-01-12T23:01:31.077+0000] {logging_mixin.py:190} INFO - [2025-01-12T23:01:31.077+0000] {dag.py:4180} INFO - Setting next_dagrun for tutorial_objectstorage to None, run_after=None
[2025-01-12T23:01:31.235+0000] {processor.py:208} INFO - Processing /home/airflow/.local/lib/python3.12/site-packages/airflow/example_dags/tutorial_objectstorage.py took 0.223 seconds
[2025-01-12T23:02:02.955+0000] {processor.py:186} INFO - Started process (PID=552) to work on /home/airflow/.local/lib/python3.12/site-packages/airflow/example_dags/tutorial_objectstorage.py
[2025-01-12T23:02:02.956+0000] {processor.py:914} INFO - Processing file /home/airflow/.local/lib/python3.12/site-packages/airflow/example_dags/tutorial_objectstorage.py for tasks to queue
[2025-01-12T23:02:02.959+0000] {logging_mixin.py:190} INFO - [2025-01-12T23:02:02.959+0000] {dagbag.py:588} INFO - Filling up the DagBag from /home/airflow/.local/lib/python3.12/site-packages/airflow/example_dags/tutorial_objectstorage.py
[2025-01-12T23:02:02.969+0000] {processor.py:925} INFO - DAG(s) 'tutorial_objectstorage' retrieved from /home/airflow/.local/lib/python3.12/site-packages/airflow/example_dags/tutorial_objectstorage.py
[2025-01-12T23:02:02.992+0000] {logging_mixin.py:190} INFO - [2025-01-12T23:02:02.991+0000] {dag.py:3239} INFO - Sync 1 DAGs
[2025-01-12T23:02:03.009+0000] {logging_mixin.py:190} INFO - [2025-01-12T23:02:03.008+0000] {dag.py:4180} INFO - Setting next_dagrun for tutorial_objectstorage to None, run_after=None
[2025-01-12T23:02:03.172+0000] {processor.py:208} INFO - Processing /home/airflow/.local/lib/python3.12/site-packages/airflow/example_dags/tutorial_objectstorage.py took 0.224 seconds
[2025-01-12T23:02:33.463+0000] {processor.py:186} INFO - Started process (PID=615) to work on /home/airflow/.local/lib/python3.12/site-packages/airflow/example_dags/tutorial_objectstorage.py
[2025-01-12T23:02:33.464+0000] {processor.py:914} INFO - Processing file /home/airflow/.local/lib/python3.12/site-packages/airflow/example_dags/tutorial_objectstorage.py for tasks to queue
[2025-01-12T23:02:33.467+0000] {logging_mixin.py:190} INFO - [2025-01-12T23:02:33.467+0000] {dagbag.py:588} INFO - Filling up the DagBag from /home/airflow/.local/lib/python3.12/site-packages/airflow/example_dags/tutorial_objectstorage.py
[2025-01-12T23:02:33.477+0000] {processor.py:925} INFO - DAG(s) 'tutorial_objectstorage' retrieved from /home/airflow/.local/lib/python3.12/site-packages/airflow/example_dags/tutorial_objectstorage.py
[2025-01-12T23:02:33.500+0000] {logging_mixin.py:190} INFO - [2025-01-12T23:02:33.500+0000] {dag.py:3239} INFO - Sync 1 DAGs
[2025-01-12T23:02:33.517+0000] {logging_mixin.py:190} INFO - [2025-01-12T23:02:33.517+0000] {dag.py:4180} INFO - Setting next_dagrun for tutorial_objectstorage to None, run_after=None
[2025-01-12T23:02:33.882+0000] {processor.py:208} INFO - Processing /home/airflow/.local/lib/python3.12/site-packages/airflow/example_dags/tutorial_objectstorage.py took 0.426 seconds
[2025-01-12T23:03:04.370+0000] {processor.py:186} INFO - Started process (PID=677) to work on /home/airflow/.local/lib/python3.12/site-packages/airflow/example_dags/tutorial_objectstorage.py
[2025-01-12T23:03:04.372+0000] {processor.py:914} INFO - Processing file /home/airflow/.local/lib/python3.12/site-packages/airflow/example_dags/tutorial_objectstorage.py for tasks to queue
[2025-01-12T23:03:04.375+0000] {logging_mixin.py:190} INFO - [2025-01-12T23:03:04.375+0000] {dagbag.py:588} INFO - Filling up the DagBag from /home/airflow/.local/lib/python3.12/site-packages/airflow/example_dags/tutorial_objectstorage.py
[2025-01-12T23:03:04.389+0000] {processor.py:925} INFO - DAG(s) 'tutorial_objectstorage' retrieved from /home/airflow/.local/lib/python3.12/site-packages/airflow/example_dags/tutorial_objectstorage.py
[2025-01-12T23:03:04.413+0000] {logging_mixin.py:190} INFO - [2025-01-12T23:03:04.412+0000] {dag.py:3239} INFO - Sync 1 DAGs
[2025-01-12T23:03:04.432+0000] {logging_mixin.py:190} INFO - [2025-01-12T23:03:04.432+0000] {dag.py:4180} INFO - Setting next_dagrun for tutorial_objectstorage to None, run_after=None
[2025-01-12T23:03:04.640+0000] {processor.py:208} INFO - Processing /home/airflow/.local/lib/python3.12/site-packages/airflow/example_dags/tutorial_objectstorage.py took 0.277 seconds
[2025-01-12T23:03:35.939+0000] {processor.py:186} INFO - Started process (PID=741) to work on /home/airflow/.local/lib/python3.12/site-packages/airflow/example_dags/tutorial_objectstorage.py
[2025-01-12T23:03:35.940+0000] {processor.py:914} INFO - Processing file /home/airflow/.local/lib/python3.12/site-packages/airflow/example_dags/tutorial_objectstorage.py for tasks to queue
[2025-01-12T23:03:35.943+0000] {logging_mixin.py:190} INFO - [2025-01-12T23:03:35.943+0000] {dagbag.py:588} INFO - Filling up the DagBag from /home/airflow/.local/lib/python3.12/site-packages/airflow/example_dags/tutorial_objectstorage.py
[2025-01-12T23:03:35.954+0000] {processor.py:925} INFO - DAG(s) 'tutorial_objectstorage' retrieved from /home/airflow/.local/lib/python3.12/site-packages/airflow/example_dags/tutorial_objectstorage.py
[2025-01-12T23:03:35.977+0000] {logging_mixin.py:190} INFO - [2025-01-12T23:03:35.977+0000] {dag.py:3239} INFO - Sync 1 DAGs
[2025-01-12T23:03:35.996+0000] {logging_mixin.py:190} INFO - [2025-01-12T23:03:35.996+0000] {dag.py:4180} INFO - Setting next_dagrun for tutorial_objectstorage to None, run_after=None
[2025-01-12T23:03:36.248+0000] {processor.py:208} INFO - Processing /home/airflow/.local/lib/python3.12/site-packages/airflow/example_dags/tutorial_objectstorage.py took 0.316 seconds
[2025-01-12T23:04:07.613+0000] {processor.py:186} INFO - Started process (PID=804) to work on /home/airflow/.local/lib/python3.12/site-packages/airflow/example_dags/tutorial_objectstorage.py
[2025-01-12T23:04:07.614+0000] {processor.py:914} INFO - Processing file /home/airflow/.local/lib/python3.12/site-packages/airflow/example_dags/tutorial_objectstorage.py for tasks to queue
[2025-01-12T23:04:07.617+0000] {logging_mixin.py:190} INFO - [2025-01-12T23:04:07.616+0000] {dagbag.py:588} INFO - Filling up the DagBag from /home/airflow/.local/lib/python3.12/site-packages/airflow/example_dags/tutorial_objectstorage.py
[2025-01-12T23:04:07.630+0000] {processor.py:925} INFO - DAG(s) 'tutorial_objectstorage' retrieved from /home/airflow/.local/lib/python3.12/site-packages/airflow/example_dags/tutorial_objectstorage.py
[2025-01-12T23:04:07.656+0000] {logging_mixin.py:190} INFO - [2025-01-12T23:04:07.656+0000] {dag.py:3239} INFO - Sync 1 DAGs
[2025-01-12T23:04:07.684+0000] {logging_mixin.py:190} INFO - [2025-01-12T23:04:07.684+0000] {dag.py:4180} INFO - Setting next_dagrun for tutorial_objectstorage to None, run_after=None
[2025-01-12T23:04:07.864+0000] {processor.py:208} INFO - Processing /home/airflow/.local/lib/python3.12/site-packages/airflow/example_dags/tutorial_objectstorage.py took 0.260 seconds
[2025-01-12T23:04:39.033+0000] {processor.py:186} INFO - Started process (PID=867) to work on /home/airflow/.local/lib/python3.12/site-packages/airflow/example_dags/tutorial_objectstorage.py
[2025-01-12T23:04:39.034+0000] {processor.py:914} INFO - Processing file /home/airflow/.local/lib/python3.12/site-packages/airflow/example_dags/tutorial_objectstorage.py for tasks to queue
[2025-01-12T23:04:39.037+0000] {logging_mixin.py:190} INFO - [2025-01-12T23:04:39.037+0000] {dagbag.py:588} INFO - Filling up the DagBag from /home/airflow/.local/lib/python3.12/site-packages/airflow/example_dags/tutorial_objectstorage.py
[2025-01-12T23:04:39.049+0000] {processor.py:925} INFO - DAG(s) 'tutorial_objectstorage' retrieved from /home/airflow/.local/lib/python3.12/site-packages/airflow/example_dags/tutorial_objectstorage.py
[2025-01-12T23:04:39.075+0000] {logging_mixin.py:190} INFO - [2025-01-12T23:04:39.074+0000] {dag.py:3239} INFO - Sync 1 DAGs
[2025-01-12T23:04:39.100+0000] {logging_mixin.py:190} INFO - [2025-01-12T23:04:39.100+0000] {dag.py:4180} INFO - Setting next_dagrun for tutorial_objectstorage to None, run_after=None
[2025-01-12T23:04:39.151+0000] {processor.py:208} INFO - Processing /home/airflow/.local/lib/python3.12/site-packages/airflow/example_dags/tutorial_objectstorage.py took 0.134 seconds
[2025-01-12T23:05:10.407+0000] {processor.py:186} INFO - Started process (PID=930) to work on /home/airflow/.local/lib/python3.12/site-packages/airflow/example_dags/tutorial_objectstorage.py
[2025-01-12T23:05:10.408+0000] {processor.py:914} INFO - Processing file /home/airflow/.local/lib/python3.12/site-packages/airflow/example_dags/tutorial_objectstorage.py for tasks to queue
[2025-01-12T23:05:10.411+0000] {logging_mixin.py:190} INFO - [2025-01-12T23:05:10.410+0000] {dagbag.py:588} INFO - Filling up the DagBag from /home/airflow/.local/lib/python3.12/site-packages/airflow/example_dags/tutorial_objectstorage.py
[2025-01-12T23:05:10.421+0000] {processor.py:925} INFO - DAG(s) 'tutorial_objectstorage' retrieved from /home/airflow/.local/lib/python3.12/site-packages/airflow/example_dags/tutorial_objectstorage.py
[2025-01-12T23:05:10.443+0000] {logging_mixin.py:190} INFO - [2025-01-12T23:05:10.443+0000] {dag.py:3239} INFO - Sync 1 DAGs
[2025-01-12T23:05:10.460+0000] {logging_mixin.py:190} INFO - [2025-01-12T23:05:10.459+0000] {dag.py:4180} INFO - Setting next_dagrun for tutorial_objectstorage to None, run_after=None
[2025-01-12T23:05:10.562+0000] {processor.py:208} INFO - Processing /home/airflow/.local/lib/python3.12/site-packages/airflow/example_dags/tutorial_objectstorage.py took 0.162 seconds
