[2025-01-13T17:10:48.891+0000] {local_task_job_runner.py:123} INFO - ::group::Pre task execution logs
[2025-01-13T17:10:48.959+0000] {taskinstance.py:2613} INFO - Dependencies all met for dep_context=non-requeueable deps ti=<TaskInstance: fetch_and_store_amazon_books.fetch_book_data scheduled__2024-07-15T00:00:00+00:00 [queued]>
[2025-01-13T17:10:48.977+0000] {taskinstance.py:2613} INFO - Dependencies all met for dep_context=requeueable deps ti=<TaskInstance: fetch_and_store_amazon_books.fetch_book_data scheduled__2024-07-15T00:00:00+00:00 [queued]>
[2025-01-13T17:10:49.018+0000] {taskinstance.py:2866} INFO - Starting attempt 1 of 2
[2025-01-13T17:10:49.310+0000] {taskinstance.py:2889} INFO - Executing <Task(PythonOperator): fetch_book_data> on 2024-07-15 00:00:00+00:00
[2025-01-13T17:10:49.329+0000] {warnings.py:112} WARNING - /home/***/.local/lib/python3.12/site-packages/***/task/task_runner/standard_task_runner.py:70: DeprecationWarning: This process (pid=195) is multi-threaded, use of fork() may lead to deadlocks in the child.
  pid = os.fork()

[2025-01-13T17:10:49.332+0000] {standard_task_runner.py:72} INFO - Started process 214 to run task
[2025-01-13T17:10:49.344+0000] {standard_task_runner.py:104} INFO - Running: ['***', 'tasks', 'run', 'fetch_and_store_amazon_books', 'fetch_book_data', 'scheduled__2024-07-15T00:00:00+00:00', '--job-id', '100', '--raw', '--subdir', 'DAGS_FOLDER/app.py', '--cfg-path', '/tmp/tmp3kighph1']
[2025-01-13T17:10:49.346+0000] {standard_task_runner.py:105} INFO - Job 100: Subtask fetch_book_data
[2025-01-13T17:10:49.735+0000] {task_command.py:467} INFO - Running <TaskInstance: fetch_and_store_amazon_books.fetch_book_data scheduled__2024-07-15T00:00:00+00:00 [running]> on host 9620d6bb5a4b
[2025-01-13T17:10:51.972+0000] {taskinstance.py:3132} INFO - Exporting env vars: AIRFLOW_CTX_DAG_OWNER='***' AIRFLOW_CTX_DAG_ID='fetch_and_store_amazon_books' AIRFLOW_CTX_TASK_ID='fetch_book_data' AIRFLOW_CTX_EXECUTION_DATE='2024-07-15T00:00:00+00:00' AIRFLOW_CTX_TRY_NUMBER='1' AIRFLOW_CTX_DAG_RUN_ID='scheduled__2024-07-15T00:00:00+00:00'
[2025-01-13T17:10:51.975+0000] {logging_mixin.py:190} INFO - Task instance is in running state
[2025-01-13T17:10:51.977+0000] {logging_mixin.py:190} INFO -  Previous state of the Task instance: queued
[2025-01-13T17:10:51.978+0000] {logging_mixin.py:190} INFO - Current task name:fetch_book_data state:running start_date:2025-01-13 17:10:48.960765+00:00
[2025-01-13T17:10:51.979+0000] {logging_mixin.py:190} INFO - Dag name:fetch_and_store_amazon_books and current dag run status:running
[2025-01-13T17:10:51.980+0000] {taskinstance.py:731} INFO - ::endgroup::
[2025-01-13T17:11:40.892+0000] {job.py:229} INFO - Heartbeat recovered after 14.69 seconds
[2025-01-13T17:13:26.746+0000] {logging_mixin.py:190} INFO - Failed to retrieve the page
[2025-01-13T17:13:27.488+0000] {python.py:240} INFO - Done. Returned value was: None
[2025-01-13T17:13:27.516+0000] {taskinstance.py:340} INFO - ::group::Post task execution logs
[2025-01-13T17:13:27.518+0000] {taskinstance.py:352} INFO - Marking task as SUCCESS. dag_id=fetch_and_store_amazon_books, task_id=fetch_book_data, run_id=scheduled__2024-07-15T00:00:00+00:00, execution_date=20240715T000000, start_date=20250113T171048, end_date=20250113T171327
[2025-01-13T17:13:27.809+0000] {logging_mixin.py:190} INFO - Task instance in success state
[2025-01-13T17:13:27.811+0000] {logging_mixin.py:190} INFO -  Previous state of the Task instance: running
[2025-01-13T17:13:27.814+0000] {logging_mixin.py:190} INFO - Dag name:fetch_and_store_amazon_books queued_at:2025-01-13 17:10:40.438268+00:00
[2025-01-13T17:13:27.816+0000] {logging_mixin.py:190} INFO - Task hostname:9620d6bb5a4b operator:PythonOperator
[2025-01-13T17:13:27.904+0000] {local_task_job_runner.py:266} INFO - Task exited with return code 0
[2025-01-13T17:13:28.006+0000] {taskinstance.py:3895} INFO - 1 downstream tasks scheduled from follow-on schedule check
[2025-01-13T17:13:28.180+0000] {local_task_job_runner.py:245} INFO - ::endgroup::
