[2025-01-13T17:10:57.921+0000] {local_task_job_runner.py:123} INFO - ::group::Pre task execution logs
[2025-01-13T17:10:57.951+0000] {taskinstance.py:2613} INFO - Dependencies all met for dep_context=non-requeueable deps ti=<TaskInstance: fetch_and_store_amazon_books.fetch_book_data scheduled__2024-07-23T00:00:00+00:00 [queued]>
[2025-01-13T17:10:57.965+0000] {taskinstance.py:2613} INFO - Dependencies all met for dep_context=requeueable deps ti=<TaskInstance: fetch_and_store_amazon_books.fetch_book_data scheduled__2024-07-23T00:00:00+00:00 [queued]>
[2025-01-13T17:10:58.008+0000] {taskinstance.py:2866} INFO - Starting attempt 1 of 2
[2025-01-13T17:10:58.406+0000] {taskinstance.py:2889} INFO - Executing <Task(PythonOperator): fetch_book_data> on 2024-07-23 00:00:00+00:00
[2025-01-13T17:10:58.417+0000] {warnings.py:112} WARNING - /home/***/.local/lib/python3.12/site-packages/***/task/task_runner/standard_task_runner.py:70: DeprecationWarning: This process (pid=211) is multi-threaded, use of fork() may lead to deadlocks in the child.
  pid = os.fork()

[2025-01-13T17:10:58.421+0000] {standard_task_runner.py:104} INFO - Running: ['***', 'tasks', 'run', 'fetch_and_store_amazon_books', 'fetch_book_data', 'scheduled__2024-07-23T00:00:00+00:00', '--job-id', '107', '--raw', '--subdir', 'DAGS_FOLDER/app.py', '--cfg-path', '/tmp/tmparyku78b']
[2025-01-13T17:10:58.439+0000] {standard_task_runner.py:72} INFO - Started process 230 to run task
[2025-01-13T17:10:58.440+0000] {standard_task_runner.py:105} INFO - Job 107: Subtask fetch_book_data
[2025-01-13T17:10:59.218+0000] {task_command.py:467} INFO - Running <TaskInstance: fetch_and_store_amazon_books.fetch_book_data scheduled__2024-07-23T00:00:00+00:00 [running]> on host 9620d6bb5a4b
[2025-01-13T17:11:00.939+0000] {taskinstance.py:3132} INFO - Exporting env vars: AIRFLOW_CTX_DAG_OWNER='***' AIRFLOW_CTX_DAG_ID='fetch_and_store_amazon_books' AIRFLOW_CTX_TASK_ID='fetch_book_data' AIRFLOW_CTX_EXECUTION_DATE='2024-07-23T00:00:00+00:00' AIRFLOW_CTX_TRY_NUMBER='1' AIRFLOW_CTX_DAG_RUN_ID='scheduled__2024-07-23T00:00:00+00:00'
[2025-01-13T17:11:00.942+0000] {logging_mixin.py:190} INFO - Task instance is in running state
[2025-01-13T17:11:00.943+0000] {logging_mixin.py:190} INFO -  Previous state of the Task instance: queued
[2025-01-13T17:11:00.944+0000] {logging_mixin.py:190} INFO - Current task name:fetch_book_data state:running start_date:2025-01-13 17:10:57.952616+00:00
[2025-01-13T17:11:00.945+0000] {logging_mixin.py:190} INFO - Dag name:fetch_and_store_amazon_books and current dag run status:running
[2025-01-13T17:11:00.946+0000] {taskinstance.py:731} INFO - ::endgroup::
[2025-01-13T17:11:40.892+0000] {job.py:229} INFO - Heartbeat recovered after 14.69 seconds
[2025-01-13T17:13:40.107+0000] {logging_mixin.py:190} INFO - Failed to retrieve the page
[2025-01-13T17:13:40.439+0000] {python.py:240} INFO - Done. Returned value was: None
[2025-01-13T17:13:40.466+0000] {taskinstance.py:340} INFO - ::group::Post task execution logs
[2025-01-13T17:13:40.467+0000] {taskinstance.py:352} INFO - Marking task as SUCCESS. dag_id=fetch_and_store_amazon_books, task_id=fetch_book_data, run_id=scheduled__2024-07-23T00:00:00+00:00, execution_date=20240723T000000, start_date=20250113T171057, end_date=20250113T171340
[2025-01-13T17:13:40.680+0000] {logging_mixin.py:190} INFO - Task instance in success state
[2025-01-13T17:13:40.682+0000] {logging_mixin.py:190} INFO -  Previous state of the Task instance: running
[2025-01-13T17:13:40.685+0000] {logging_mixin.py:190} INFO - Dag name:fetch_and_store_amazon_books queued_at:2025-01-13 17:10:47.226667+00:00
[2025-01-13T17:13:40.686+0000] {logging_mixin.py:190} INFO - Task hostname:9620d6bb5a4b operator:PythonOperator
[2025-01-13T17:13:40.762+0000] {local_task_job_runner.py:266} INFO - Task exited with return code 0
[2025-01-13T17:13:40.842+0000] {taskinstance.py:3895} INFO - 1 downstream tasks scheduled from follow-on schedule check
[2025-01-13T17:13:41.085+0000] {local_task_job_runner.py:245} INFO - ::endgroup::
