[2025-01-13T17:40:54.003+0000] {local_task_job_runner.py:123} INFO - ::group::Pre task execution logs
[2025-01-13T17:40:54.056+0000] {taskinstance.py:2613} INFO - Dependencies all met for dep_context=non-requeueable deps ti=<TaskInstance: fetch_and_store_amazon_books.fetch_book_data scheduled__2024-08-04T00:00:00+00:00 [queued]>
[2025-01-13T17:40:54.078+0000] {taskinstance.py:2613} INFO - Dependencies all met for dep_context=requeueable deps ti=<TaskInstance: fetch_and_store_amazon_books.fetch_book_data scheduled__2024-08-04T00:00:00+00:00 [queued]>
[2025-01-13T17:40:54.084+0000] {taskinstance.py:2866} INFO - Starting attempt 1 of 2
[2025-01-13T17:40:54.197+0000] {taskinstance.py:2889} INFO - Executing <Task(PythonOperator): fetch_book_data> on 2024-08-04 00:00:00+00:00
[2025-01-13T17:40:54.219+0000] {warnings.py:112} WARNING - /home/***/.local/lib/python3.12/site-packages/***/task/task_runner/standard_task_runner.py:70: DeprecationWarning: This process (pid=333) is multi-threaded, use of fork() may lead to deadlocks in the child.
  pid = os.fork()

[2025-01-13T17:40:54.223+0000] {standard_task_runner.py:72} INFO - Started process 357 to run task
[2025-01-13T17:40:54.229+0000] {standard_task_runner.py:104} INFO - Running: ['***', 'tasks', 'run', 'fetch_and_store_amazon_books', 'fetch_book_data', 'scheduled__2024-08-04T00:00:00+00:00', '--job-id', '158', '--raw', '--subdir', 'DAGS_FOLDER/app.py', '--cfg-path', '/tmp/tmpuh1n3346']
[2025-01-13T17:40:54.249+0000] {standard_task_runner.py:105} INFO - Job 158: Subtask fetch_book_data
[2025-01-13T17:40:54.440+0000] {task_command.py:467} INFO - Running <TaskInstance: fetch_and_store_amazon_books.fetch_book_data scheduled__2024-08-04T00:00:00+00:00 [running]> on host fd1694d66b9b
[2025-01-13T17:40:55.000+0000] {taskinstance.py:3132} INFO - Exporting env vars: AIRFLOW_CTX_DAG_OWNER='***' AIRFLOW_CTX_DAG_ID='fetch_and_store_amazon_books' AIRFLOW_CTX_TASK_ID='fetch_book_data' AIRFLOW_CTX_EXECUTION_DATE='2024-08-04T00:00:00+00:00' AIRFLOW_CTX_TRY_NUMBER='1' AIRFLOW_CTX_DAG_RUN_ID='scheduled__2024-08-04T00:00:00+00:00'
[2025-01-13T17:40:55.004+0000] {logging_mixin.py:190} INFO - Task instance is in running state
[2025-01-13T17:40:55.010+0000] {logging_mixin.py:190} INFO -  Previous state of the Task instance: queued
[2025-01-13T17:40:55.012+0000] {logging_mixin.py:190} INFO - Current task name:fetch_book_data state:running start_date:2025-01-13 17:40:54.057365+00:00
[2025-01-13T17:40:55.013+0000] {logging_mixin.py:190} INFO - Dag name:fetch_and_store_amazon_books and current dag run status:running
[2025-01-13T17:40:55.016+0000] {taskinstance.py:731} INFO - ::endgroup::
[2025-01-13T17:40:56.271+0000] {logging_mixin.py:190} INFO - Failed to retrieve the page
[2025-01-13T17:40:56.638+0000] {python.py:240} INFO - Done. Returned value was: None
[2025-01-13T17:40:56.682+0000] {taskinstance.py:340} INFO - ::group::Post task execution logs
[2025-01-13T17:40:56.684+0000] {taskinstance.py:352} INFO - Marking task as SUCCESS. dag_id=fetch_and_store_amazon_books, task_id=fetch_book_data, run_id=scheduled__2024-08-04T00:00:00+00:00, execution_date=20240804T000000, start_date=20250113T174054, end_date=20250113T174056
[2025-01-13T17:40:57.164+0000] {logging_mixin.py:190} INFO - Task instance in success state
[2025-01-13T17:40:57.166+0000] {logging_mixin.py:190} INFO -  Previous state of the Task instance: running
[2025-01-13T17:40:57.167+0000] {logging_mixin.py:190} INFO - Dag name:fetch_and_store_amazon_books queued_at:2025-01-13 17:40:45.525394+00:00
[2025-01-13T17:40:57.179+0000] {logging_mixin.py:190} INFO - Task hostname:fd1694d66b9b operator:PythonOperator
[2025-01-13T17:40:57.327+0000] {local_task_job_runner.py:266} INFO - Task exited with return code 0
[2025-01-13T17:40:57.418+0000] {local_task_job_runner.py:245} INFO - ::endgroup::
