[2025-01-13T05:33:48.135+0000] {local_task_job_runner.py:123} INFO - ::group::Pre task execution logs
[2025-01-13T05:33:48.165+0000] {taskinstance.py:2613} INFO - Dependencies all met for dep_context=non-requeueable deps ti=<TaskInstance: fetch_and_store_amazon_books.fetch_book_data manual__2025-01-13T05:15:00.175905+00:00 [queued]>
[2025-01-13T05:33:48.177+0000] {taskinstance.py:2613} INFO - Dependencies all met for dep_context=requeueable deps ti=<TaskInstance: fetch_and_store_amazon_books.fetch_book_data manual__2025-01-13T05:15:00.175905+00:00 [queued]>
[2025-01-13T05:33:48.179+0000] {taskinstance.py:2866} INFO - Starting attempt 2 of 2
[2025-01-13T05:33:48.544+0000] {taskinstance.py:2889} INFO - Executing <Task(PythonOperator): fetch_book_data> on 2025-01-13 05:15:00.175905+00:00
[2025-01-13T05:33:48.559+0000] {warnings.py:112} WARNING - /home/***/.local/lib/python3.12/site-packages/***/task/task_runner/standard_task_runner.py:70: DeprecationWarning: This process (pid=887) is multi-threaded, use of fork() may lead to deadlocks in the child.
  pid = os.fork()

[2025-01-13T05:33:48.562+0000] {standard_task_runner.py:72} INFO - Started process 892 to run task
[2025-01-13T05:33:48.563+0000] {standard_task_runner.py:104} INFO - Running: ['***', 'tasks', 'run', 'fetch_and_store_amazon_books', 'fetch_book_data', 'manual__2025-01-13T05:15:00.175905+00:00', '--job-id', '69', '--raw', '--subdir', 'DAGS_FOLDER/app.py', '--cfg-path', '/tmp/tmpzl36tc27']
[2025-01-13T05:33:48.565+0000] {standard_task_runner.py:105} INFO - Job 69: Subtask fetch_book_data
[2025-01-13T05:33:48.961+0000] {task_command.py:467} INFO - Running <TaskInstance: fetch_and_store_amazon_books.fetch_book_data manual__2025-01-13T05:15:00.175905+00:00 [running]> on host 9620d6bb5a4b
[2025-01-13T05:33:49.339+0000] {taskinstance.py:3132} INFO - Exporting env vars: AIRFLOW_CTX_DAG_OWNER='***' AIRFLOW_CTX_DAG_ID='fetch_and_store_amazon_books' AIRFLOW_CTX_TASK_ID='fetch_book_data' AIRFLOW_CTX_EXECUTION_DATE='2025-01-13T05:15:00.175905+00:00' AIRFLOW_CTX_TRY_NUMBER='2' AIRFLOW_CTX_DAG_RUN_ID='manual__2025-01-13T05:15:00.175905+00:00'
[2025-01-13T05:33:49.342+0000] {logging_mixin.py:190} INFO - Task instance is in running state
[2025-01-13T05:33:49.343+0000] {logging_mixin.py:190} INFO -  Previous state of the Task instance: queued
[2025-01-13T05:33:49.344+0000] {logging_mixin.py:190} INFO - Current task name:fetch_book_data state:running start_date:2025-01-13 05:33:48.166130+00:00
[2025-01-13T05:33:49.344+0000] {logging_mixin.py:190} INFO - Dag name:fetch_and_store_amazon_books and current dag run status:running
[2025-01-13T05:33:49.345+0000] {taskinstance.py:731} INFO - ::endgroup::
[2025-01-13T05:33:49.735+0000] {logging_mixin.py:190} INFO - Failed to retrieve the page
[2025-01-13T05:33:50.293+0000] {python.py:240} INFO - Done. Returned value was: None
[2025-01-13T05:33:50.316+0000] {taskinstance.py:340} INFO - ::group::Post task execution logs
[2025-01-13T05:33:50.318+0000] {taskinstance.py:352} INFO - Marking task as SUCCESS. dag_id=fetch_and_store_amazon_books, task_id=fetch_book_data, run_id=manual__2025-01-13T05:15:00.175905+00:00, execution_date=20250113T051500, start_date=20250113T053348, end_date=20250113T053350
[2025-01-13T05:33:50.900+0000] {logging_mixin.py:190} INFO - Task instance in success state
[2025-01-13T05:33:50.901+0000] {logging_mixin.py:190} INFO -  Previous state of the Task instance: running
[2025-01-13T05:33:50.902+0000] {logging_mixin.py:190} INFO - Dag name:fetch_and_store_amazon_books queued_at:2025-01-13 05:15:00.266243+00:00
[2025-01-13T05:33:50.903+0000] {logging_mixin.py:190} INFO - Task hostname:9620d6bb5a4b operator:PythonOperator
[2025-01-13T05:33:50.951+0000] {local_task_job_runner.py:266} INFO - Task exited with return code 0
[2025-01-13T05:33:50.986+0000] {taskinstance.py:3895} INFO - 1 downstream tasks scheduled from follow-on schedule check
[2025-01-13T05:33:51.304+0000] {local_task_job_runner.py:245} INFO - ::endgroup::
