[2025-01-13T17:35:17.240+0000] {local_task_job_runner.py:123} INFO - ::group::Pre task execution logs
[2025-01-13T17:35:17.304+0000] {taskinstance.py:2613} INFO - Dependencies all met for dep_context=non-requeueable deps ti=<TaskInstance: fetch_and_store_amazon_books.fetch_book_data scheduled__2024-07-16T00:00:00+00:00 [queued]>
[2025-01-13T17:35:17.325+0000] {taskinstance.py:2613} INFO - Dependencies all met for dep_context=requeueable deps ti=<TaskInstance: fetch_and_store_amazon_books.fetch_book_data scheduled__2024-07-16T00:00:00+00:00 [queued]>
[2025-01-13T17:35:17.333+0000] {taskinstance.py:2866} INFO - Starting attempt 2 of 2
[2025-01-13T17:35:17.578+0000] {taskinstance.py:2889} INFO - Executing <Task(PythonOperator): fetch_book_data> on 2024-07-16 00:00:00+00:00
[2025-01-13T17:35:17.602+0000] {warnings.py:112} WARNING - /home/***/.local/lib/python3.12/site-packages/***/task/task_runner/standard_task_runner.py:70: DeprecationWarning: This process (pid=112) is multi-threaded, use of fork() may lead to deadlocks in the child.
  pid = os.fork()

[2025-01-13T17:35:17.607+0000] {standard_task_runner.py:72} INFO - Started process 170 to run task
[2025-01-13T17:35:17.616+0000] {standard_task_runner.py:104} INFO - Running: ['***', 'tasks', 'run', 'fetch_and_store_amazon_books', 'fetch_book_data', 'scheduled__2024-07-16T00:00:00+00:00', '--job-id', '127', '--raw', '--subdir', 'DAGS_FOLDER/app.py', '--cfg-path', '/tmp/tmpmsqnp4xk']
[2025-01-13T17:35:17.640+0000] {standard_task_runner.py:105} INFO - Job 127: Subtask fetch_book_data
[2025-01-13T17:35:21.803+0000] {task_command.py:467} INFO - Running <TaskInstance: fetch_and_store_amazon_books.fetch_book_data scheduled__2024-07-16T00:00:00+00:00 [running]> on host fd1694d66b9b
[2025-01-13T17:35:22.798+0000] {taskinstance.py:3132} INFO - Exporting env vars: AIRFLOW_CTX_DAG_OWNER='***' AIRFLOW_CTX_DAG_ID='fetch_and_store_amazon_books' AIRFLOW_CTX_TASK_ID='fetch_book_data' AIRFLOW_CTX_EXECUTION_DATE='2024-07-16T00:00:00+00:00' AIRFLOW_CTX_TRY_NUMBER='2' AIRFLOW_CTX_DAG_RUN_ID='scheduled__2024-07-16T00:00:00+00:00'
[2025-01-13T17:35:22.801+0000] {logging_mixin.py:190} INFO - Task instance is in running state
[2025-01-13T17:35:22.801+0000] {logging_mixin.py:190} INFO -  Previous state of the Task instance: queued
[2025-01-13T17:35:22.802+0000] {logging_mixin.py:190} INFO - Current task name:fetch_book_data state:running start_date:2025-01-13 17:35:17.305997+00:00
[2025-01-13T17:35:22.803+0000] {logging_mixin.py:190} INFO - Dag name:fetch_and_store_amazon_books and current dag run status:running
[2025-01-13T17:35:22.803+0000] {taskinstance.py:731} INFO - ::endgroup::
[2025-01-13T17:35:24.469+0000] {logging_mixin.py:190} INFO - Failed to retrieve the page
[2025-01-13T17:35:24.806+0000] {python.py:240} INFO - Done. Returned value was: None
[2025-01-13T17:35:24.833+0000] {taskinstance.py:340} INFO - ::group::Post task execution logs
[2025-01-13T17:35:24.835+0000] {taskinstance.py:352} INFO - Marking task as SUCCESS. dag_id=fetch_and_store_amazon_books, task_id=fetch_book_data, run_id=scheduled__2024-07-16T00:00:00+00:00, execution_date=20240716T000000, start_date=20250113T173517, end_date=20250113T173524
[2025-01-13T17:35:25.505+0000] {logging_mixin.py:190} INFO - Task instance in success state
[2025-01-13T17:35:25.511+0000] {logging_mixin.py:190} INFO -  Previous state of the Task instance: running
[2025-01-13T17:35:25.512+0000] {logging_mixin.py:190} INFO - Dag name:fetch_and_store_amazon_books queued_at:2025-01-13 17:10:41.649399+00:00
[2025-01-13T17:35:25.514+0000] {logging_mixin.py:190} INFO - Task hostname:fd1694d66b9b operator:PythonOperator
[2025-01-13T17:35:25.560+0000] {local_task_job_runner.py:266} INFO - Task exited with return code 0
[2025-01-13T17:35:25.600+0000] {taskinstance.py:3895} INFO - 1 downstream tasks scheduled from follow-on schedule check
[2025-01-13T17:35:26.316+0000] {local_task_job_runner.py:245} INFO - ::endgroup::
