[2025-01-13T17:35:16.371+0000] {local_task_job_runner.py:123} INFO - ::group::Pre task execution logs
[2025-01-13T17:35:16.452+0000] {taskinstance.py:2613} INFO - Dependencies all met for dep_context=non-requeueable deps ti=<TaskInstance: fetch_and_store_amazon_books.fetch_book_data scheduled__2024-07-14T00:00:00+00:00 [queued]>
[2025-01-13T17:35:16.496+0000] {taskinstance.py:2613} INFO - Dependencies all met for dep_context=requeueable deps ti=<TaskInstance: fetch_and_store_amazon_books.fetch_book_data scheduled__2024-07-14T00:00:00+00:00 [queued]>
[2025-01-13T17:35:16.779+0000] {taskinstance.py:2866} INFO - Starting attempt 2 of 2
[2025-01-13T17:35:17.082+0000] {taskinstance.py:2889} INFO - Executing <Task(PythonOperator): fetch_book_data> on 2024-07-14 00:00:00+00:00
[2025-01-13T17:35:17.112+0000] {warnings.py:112} WARNING - /home/***/.local/lib/python3.12/site-packages/***/task/task_runner/standard_task_runner.py:70: DeprecationWarning: This process (pid=122) is multi-threaded, use of fork() may lead to deadlocks in the child.
  pid = os.fork()

[2025-01-13T17:35:17.117+0000] {standard_task_runner.py:72} INFO - Started process 156 to run task
[2025-01-13T17:35:17.124+0000] {standard_task_runner.py:104} INFO - Running: ['***', 'tasks', 'run', 'fetch_and_store_amazon_books', 'fetch_book_data', 'scheduled__2024-07-14T00:00:00+00:00', '--job-id', '121', '--raw', '--subdir', 'DAGS_FOLDER/app.py', '--cfg-path', '/tmp/tmphezvovps']
[2025-01-13T17:35:17.127+0000] {standard_task_runner.py:105} INFO - Job 121: Subtask fetch_book_data
[2025-01-13T17:35:17.433+0000] {task_command.py:467} INFO - Running <TaskInstance: fetch_and_store_amazon_books.fetch_book_data scheduled__2024-07-14T00:00:00+00:00 [running]> on host fd1694d66b9b
[2025-01-13T17:35:18.332+0000] {taskinstance.py:3132} INFO - Exporting env vars: AIRFLOW_CTX_DAG_OWNER='***' AIRFLOW_CTX_DAG_ID='fetch_and_store_amazon_books' AIRFLOW_CTX_TASK_ID='fetch_book_data' AIRFLOW_CTX_EXECUTION_DATE='2024-07-14T00:00:00+00:00' AIRFLOW_CTX_TRY_NUMBER='2' AIRFLOW_CTX_DAG_RUN_ID='scheduled__2024-07-14T00:00:00+00:00'
[2025-01-13T17:35:18.337+0000] {logging_mixin.py:190} INFO - Task instance is in running state
[2025-01-13T17:35:18.338+0000] {logging_mixin.py:190} INFO -  Previous state of the Task instance: queued
[2025-01-13T17:35:18.339+0000] {logging_mixin.py:190} INFO - Current task name:fetch_book_data state:running start_date:2025-01-13 17:35:16.454281+00:00
[2025-01-13T17:35:18.339+0000] {logging_mixin.py:190} INFO - Dag name:fetch_and_store_amazon_books and current dag run status:running
[2025-01-13T17:35:18.340+0000] {taskinstance.py:731} INFO - ::endgroup::
[2025-01-13T17:35:21.602+0000] {logging_mixin.py:190} INFO - Failed to retrieve the page
[2025-01-13T17:35:22.600+0000] {python.py:240} INFO - Done. Returned value was: None
[2025-01-13T17:35:22.661+0000] {taskinstance.py:340} INFO - ::group::Post task execution logs
[2025-01-13T17:35:22.665+0000] {taskinstance.py:352} INFO - Marking task as SUCCESS. dag_id=fetch_and_store_amazon_books, task_id=fetch_book_data, run_id=scheduled__2024-07-14T00:00:00+00:00, execution_date=20240714T000000, start_date=20250113T173516, end_date=20250113T173522
[2025-01-13T17:35:23.556+0000] {logging_mixin.py:190} INFO - Task instance in success state
[2025-01-13T17:35:23.557+0000] {logging_mixin.py:190} INFO -  Previous state of the Task instance: running
[2025-01-13T17:35:23.559+0000] {logging_mixin.py:190} INFO - Dag name:fetch_and_store_amazon_books queued_at:2025-01-13 17:09:02.527680+00:00
[2025-01-13T17:35:23.560+0000] {logging_mixin.py:190} INFO - Task hostname:fd1694d66b9b operator:PythonOperator
[2025-01-13T17:35:23.642+0000] {local_task_job_runner.py:266} INFO - Task exited with return code 0
[2025-01-13T17:35:23.839+0000] {taskinstance.py:3895} INFO - 1 downstream tasks scheduled from follow-on schedule check
[2025-01-13T17:35:24.061+0000] {local_task_job_runner.py:245} INFO - ::endgroup::
