[2025-01-13T17:47:42.986+0000] {local_task_job_runner.py:123} INFO - ::group::Pre task execution logs
[2025-01-13T17:47:43.263+0000] {taskinstance.py:2613} INFO - Dependencies all met for dep_context=non-requeueable deps ti=<TaskInstance: fetch_and_store_amazon_books.fetch_book_data scheduled__2024-08-06T00:00:00+00:00 [queued]>
[2025-01-13T17:47:43.415+0000] {taskinstance.py:2613} INFO - Dependencies all met for dep_context=requeueable deps ti=<TaskInstance: fetch_and_store_amazon_books.fetch_book_data scheduled__2024-08-06T00:00:00+00:00 [queued]>
[2025-01-13T17:47:43.552+0000] {taskinstance.py:2866} INFO - Starting attempt 2 of 2
[2025-01-13T17:47:44.075+0000] {taskinstance.py:2889} INFO - Executing <Task(PythonOperator): fetch_book_data> on 2024-08-06 00:00:00+00:00
[2025-01-13T17:47:44.098+0000] {warnings.py:112} WARNING - /home/***/.local/lib/python3.12/site-packages/***/task/task_runner/standard_task_runner.py:70: DeprecationWarning: This process (pid=627) is multi-threaded, use of fork() may lead to deadlocks in the child.
  pid = os.fork()

[2025-01-13T17:47:44.103+0000] {standard_task_runner.py:72} INFO - Started process 641 to run task
[2025-01-13T17:47:44.106+0000] {standard_task_runner.py:104} INFO - Running: ['***', 'tasks', 'run', 'fetch_and_store_amazon_books', 'fetch_book_data', 'scheduled__2024-08-06T00:00:00+00:00', '--job-id', '208', '--raw', '--subdir', 'DAGS_FOLDER/app.py', '--cfg-path', '/tmp/tmpbsea4bce']
[2025-01-13T17:47:44.108+0000] {standard_task_runner.py:105} INFO - Job 208: Subtask fetch_book_data
[2025-01-13T17:47:44.749+0000] {task_command.py:467} INFO - Running <TaskInstance: fetch_and_store_amazon_books.fetch_book_data scheduled__2024-08-06T00:00:00+00:00 [running]> on host fd1694d66b9b
[2025-01-13T17:47:46.695+0000] {taskinstance.py:3132} INFO - Exporting env vars: AIRFLOW_CTX_DAG_OWNER='***' AIRFLOW_CTX_DAG_ID='fetch_and_store_amazon_books' AIRFLOW_CTX_TASK_ID='fetch_book_data' AIRFLOW_CTX_EXECUTION_DATE='2024-08-06T00:00:00+00:00' AIRFLOW_CTX_TRY_NUMBER='2' AIRFLOW_CTX_DAG_RUN_ID='scheduled__2024-08-06T00:00:00+00:00'
[2025-01-13T17:47:46.697+0000] {logging_mixin.py:190} INFO - Task instance is in running state
[2025-01-13T17:47:46.698+0000] {logging_mixin.py:190} INFO -  Previous state of the Task instance: queued
[2025-01-13T17:47:46.698+0000] {logging_mixin.py:190} INFO - Current task name:fetch_book_data state:running start_date:2025-01-13 17:47:43.390185+00:00
[2025-01-13T17:47:46.699+0000] {logging_mixin.py:190} INFO - Dag name:fetch_and_store_amazon_books and current dag run status:running
[2025-01-13T17:47:46.700+0000] {taskinstance.py:731} INFO - ::endgroup::
[2025-01-13T17:47:47.701+0000] {logging_mixin.py:190} INFO - Failed to retrieve the page
[2025-01-13T17:47:48.280+0000] {python.py:240} INFO - Done. Returned value was: None
[2025-01-13T17:47:49.046+0000] {taskinstance.py:340} INFO - ::group::Post task execution logs
[2025-01-13T17:47:49.047+0000] {taskinstance.py:352} INFO - Marking task as SUCCESS. dag_id=fetch_and_store_amazon_books, task_id=fetch_book_data, run_id=scheduled__2024-08-06T00:00:00+00:00, execution_date=20240806T000000, start_date=20250113T174743, end_date=20250113T174749
[2025-01-13T17:47:49.970+0000] {logging_mixin.py:190} INFO - Task instance in success state
[2025-01-13T17:47:50.237+0000] {logging_mixin.py:190} INFO -  Previous state of the Task instance: running
[2025-01-13T17:47:50.315+0000] {logging_mixin.py:190} INFO - Dag name:fetch_and_store_amazon_books queued_at:2025-01-13 17:41:11.202608+00:00
[2025-01-13T17:47:50.319+0000] {logging_mixin.py:190} INFO - Task hostname:fd1694d66b9b operator:PythonOperator
[2025-01-13T17:47:50.406+0000] {local_task_job_runner.py:266} INFO - Task exited with return code 0
[2025-01-13T17:47:50.565+0000] {taskinstance.py:3895} INFO - 1 downstream tasks scheduled from follow-on schedule check
[2025-01-13T17:47:52.805+0000] {local_task_job_runner.py:245} INFO - ::endgroup::
