[2025-01-13T05:23:28.317+0000] {local_task_job_runner.py:123} INFO - ::group::Pre task execution logs
[2025-01-13T05:23:28.336+0000] {taskinstance.py:2613} INFO - Dependencies all met for dep_context=non-requeueable deps ti=<TaskInstance: fetch_and_store_amazon_books.fetch_book_data scheduled__2024-06-22T00:00:00+00:00 [queued]>
[2025-01-13T05:23:28.345+0000] {taskinstance.py:2613} INFO - Dependencies all met for dep_context=requeueable deps ti=<TaskInstance: fetch_and_store_amazon_books.fetch_book_data scheduled__2024-06-22T00:00:00+00:00 [queued]>
[2025-01-13T05:23:28.346+0000] {taskinstance.py:2866} INFO - Starting attempt 2 of 2
[2025-01-13T05:23:28.496+0000] {taskinstance.py:2889} INFO - Executing <Task(PythonOperator): fetch_book_data> on 2024-06-22 00:00:00+00:00
[2025-01-13T05:23:28.510+0000] {warnings.py:112} WARNING - /home/***/.local/lib/python3.12/site-packages/***/task/task_runner/standard_task_runner.py:70: DeprecationWarning: This process (pid=620) is multi-threaded, use of fork() may lead to deadlocks in the child.
  pid = os.fork()

[2025-01-13T05:23:28.512+0000] {standard_task_runner.py:72} INFO - Started process 643 to run task
[2025-01-13T05:23:28.514+0000] {standard_task_runner.py:104} INFO - Running: ['***', 'tasks', 'run', 'fetch_and_store_amazon_books', 'fetch_book_data', 'scheduled__2024-06-22T00:00:00+00:00', '--job-id', '40', '--raw', '--subdir', 'DAGS_FOLDER/app.py', '--cfg-path', '/tmp/tmpa1pq33e2']
[2025-01-13T05:23:28.515+0000] {standard_task_runner.py:105} INFO - Job 40: Subtask fetch_book_data
[2025-01-13T05:23:28.679+0000] {task_command.py:467} INFO - Running <TaskInstance: fetch_and_store_amazon_books.fetch_book_data scheduled__2024-06-22T00:00:00+00:00 [running]> on host 9620d6bb5a4b
[2025-01-13T05:23:28.912+0000] {taskinstance.py:3132} INFO - Exporting env vars: AIRFLOW_CTX_DAG_OWNER='***' AIRFLOW_CTX_DAG_ID='fetch_and_store_amazon_books' AIRFLOW_CTX_TASK_ID='fetch_book_data' AIRFLOW_CTX_EXECUTION_DATE='2024-06-22T00:00:00+00:00' AIRFLOW_CTX_TRY_NUMBER='2' AIRFLOW_CTX_DAG_RUN_ID='scheduled__2024-06-22T00:00:00+00:00'
[2025-01-13T05:23:28.914+0000] {logging_mixin.py:190} INFO - Task instance is in running state
[2025-01-13T05:23:28.915+0000] {logging_mixin.py:190} INFO -  Previous state of the Task instance: queued
[2025-01-13T05:23:28.915+0000] {logging_mixin.py:190} INFO - Current task name:fetch_book_data state:running start_date:2025-01-13 05:23:28.337458+00:00
[2025-01-13T05:23:28.916+0000] {logging_mixin.py:190} INFO - Dag name:fetch_and_store_amazon_books and current dag run status:running
[2025-01-13T05:23:28.916+0000] {taskinstance.py:731} INFO - ::endgroup::
[2025-01-13T05:25:19.222+0000] {logging_mixin.py:190} INFO - Failed to retrieve the page
[2025-01-13T05:25:19.435+0000] {python.py:240} INFO - Done. Returned value was: None
[2025-01-13T05:25:19.450+0000] {taskinstance.py:340} INFO - ::group::Post task execution logs
[2025-01-13T05:25:19.451+0000] {taskinstance.py:352} INFO - Marking task as SUCCESS. dag_id=fetch_and_store_amazon_books, task_id=fetch_book_data, run_id=scheduled__2024-06-22T00:00:00+00:00, execution_date=20240622T000000, start_date=20250113T052328, end_date=20250113T052519
[2025-01-13T05:25:19.698+0000] {logging_mixin.py:190} INFO - Task instance in success state
[2025-01-13T05:25:19.700+0000] {logging_mixin.py:190} INFO -  Previous state of the Task instance: running
[2025-01-13T05:25:19.701+0000] {logging_mixin.py:190} INFO - Dag name:fetch_and_store_amazon_books queued_at:2025-01-13 05:15:02.839131+00:00
[2025-01-13T05:25:19.702+0000] {logging_mixin.py:190} INFO - Task hostname:9620d6bb5a4b operator:PythonOperator
[2025-01-13T05:25:19.779+0000] {local_task_job_runner.py:266} INFO - Task exited with return code 0
[2025-01-13T05:25:19.793+0000] {local_task_job_runner.py:245} INFO - ::endgroup::
