[2025-01-13T05:30:27.334+0000] {local_task_job_runner.py:123} INFO - ::group::Pre task execution logs
[2025-01-13T05:30:27.363+0000] {taskinstance.py:2613} INFO - Dependencies all met for dep_context=non-requeueable deps ti=<TaskInstance: fetch_and_store_amazon_books.fetch_book_data scheduled__2024-07-06T00:00:00+00:00 [queued]>
[2025-01-13T05:30:27.378+0000] {taskinstance.py:2613} INFO - Dependencies all met for dep_context=requeueable deps ti=<TaskInstance: fetch_and_store_amazon_books.fetch_book_data scheduled__2024-07-06T00:00:00+00:00 [queued]>
[2025-01-13T05:30:27.405+0000] {taskinstance.py:2866} INFO - Starting attempt 1 of 2
[2025-01-13T05:30:27.637+0000] {taskinstance.py:2889} INFO - Executing <Task(PythonOperator): fetch_book_data> on 2024-07-06 00:00:00+00:00
[2025-01-13T05:30:27.647+0000] {warnings.py:112} WARNING - /home/***/.local/lib/python3.12/site-packages/***/task/task_runner/standard_task_runner.py:70: DeprecationWarning: This process (pid=766) is multi-threaded, use of fork() may lead to deadlocks in the child.
  pid = os.fork()

[2025-01-13T05:30:27.650+0000] {standard_task_runner.py:72} INFO - Started process 774 to run task
[2025-01-13T05:30:27.651+0000] {standard_task_runner.py:104} INFO - Running: ['***', 'tasks', 'run', 'fetch_and_store_amazon_books', 'fetch_book_data', 'scheduled__2024-07-06T00:00:00+00:00', '--job-id', '48', '--raw', '--subdir', 'DAGS_FOLDER/app.py', '--cfg-path', '/tmp/tmpxmrilwl1']
[2025-01-13T05:30:27.653+0000] {standard_task_runner.py:105} INFO - Job 48: Subtask fetch_book_data
[2025-01-13T05:30:27.927+0000] {task_command.py:467} INFO - Running <TaskInstance: fetch_and_store_amazon_books.fetch_book_data scheduled__2024-07-06T00:00:00+00:00 [running]> on host 9620d6bb5a4b
[2025-01-13T05:30:28.763+0000] {taskinstance.py:3132} INFO - Exporting env vars: AIRFLOW_CTX_DAG_OWNER='***' AIRFLOW_CTX_DAG_ID='fetch_and_store_amazon_books' AIRFLOW_CTX_TASK_ID='fetch_book_data' AIRFLOW_CTX_EXECUTION_DATE='2024-07-06T00:00:00+00:00' AIRFLOW_CTX_TRY_NUMBER='1' AIRFLOW_CTX_DAG_RUN_ID='scheduled__2024-07-06T00:00:00+00:00'
[2025-01-13T05:30:28.768+0000] {logging_mixin.py:190} INFO - Task instance is in running state
[2025-01-13T05:30:28.769+0000] {logging_mixin.py:190} INFO -  Previous state of the Task instance: queued
[2025-01-13T05:30:28.769+0000] {logging_mixin.py:190} INFO - Current task name:fetch_book_data state:running start_date:2025-01-13 05:30:27.364269+00:00
[2025-01-13T05:30:28.770+0000] {logging_mixin.py:190} INFO - Dag name:fetch_and_store_amazon_books and current dag run status:running
[2025-01-13T05:30:28.771+0000] {taskinstance.py:731} INFO - ::endgroup::
[2025-01-13T05:30:29.235+0000] {logging_mixin.py:190} INFO - Failed to retrieve the page
[2025-01-13T05:30:29.582+0000] {python.py:240} INFO - Done. Returned value was: None
[2025-01-13T05:30:29.597+0000] {taskinstance.py:340} INFO - ::group::Post task execution logs
[2025-01-13T05:30:29.598+0000] {taskinstance.py:352} INFO - Marking task as SUCCESS. dag_id=fetch_and_store_amazon_books, task_id=fetch_book_data, run_id=scheduled__2024-07-06T00:00:00+00:00, execution_date=20240706T000000, start_date=20250113T053027, end_date=20250113T053029
[2025-01-13T05:30:29.962+0000] {logging_mixin.py:190} INFO - Task instance in success state
[2025-01-13T05:30:29.963+0000] {logging_mixin.py:190} INFO -  Previous state of the Task instance: running
[2025-01-13T05:30:29.965+0000] {logging_mixin.py:190} INFO - Dag name:fetch_and_store_amazon_books queued_at:2025-01-13 05:30:23.343895+00:00
[2025-01-13T05:30:29.966+0000] {logging_mixin.py:190} INFO - Task hostname:9620d6bb5a4b operator:PythonOperator
[2025-01-13T05:30:29.994+0000] {local_task_job_runner.py:266} INFO - Task exited with return code 0
[2025-01-13T05:30:30.041+0000] {taskinstance.py:3895} INFO - 1 downstream tasks scheduled from follow-on schedule check
[2025-01-13T05:30:30.157+0000] {local_task_job_runner.py:245} INFO - ::endgroup::
